[0.150s] DEBUG:colcon:Command line arguments: ['/usr/bin/colcon', 'build']
[0.150s] DEBUG:colcon:Parsed command line arguments: Namespace(allow_overriding=[], ament_cmake_args=None, base_paths=['.'], build_base='build', catkin_cmake_args=None, catkin_skip_building_tests=False, cmake_args=None, cmake_clean_cache=False, cmake_clean_first=False, cmake_force_configure=False, cmake_target=None, cmake_target_skip_unavailable=False, continue_on_error=False, event_handlers=None, executor='parallel', ignore_user_meta=False, install_base='install', log_base=None, log_level=None, main=<bound method BuildVerb.main of <colcon_core.verb.build.BuildVerb object at 0x7f7b4ca3c130>>, merge_install=False, metas=['./colcon.meta'], packages_above=None, packages_above_and_dependencies=None, packages_above_depth=None, packages_end=None, packages_ignore=None, packages_ignore_regex=None, packages_select=None, packages_select_build_failed=False, packages_select_by_dep=None, packages_select_regex=None, packages_select_test_failures=False, packages_skip=None, packages_skip_build_finished=False, packages_skip_by_dep=None, packages_skip_regex=None, packages_skip_test_passed=False, packages_skip_up_to=None, packages_start=None, packages_up_to=None, packages_up_to_regex=None, parallel_workers=12, paths=None, symlink_install=False, test_result_base=None, verb_extension=<colcon_core.verb.build.BuildVerb object at 0x7f7b4ca3c130>, verb_name='build', verb_parser=<colcon_defaults.argument_parser.defaults.DefaultArgumentsDecorator object at 0x7f7b4ca3c610>)
[0.271s] Level 1:colcon.colcon_core.package_discovery:discover_packages(colcon_meta) check parameters
[0.271s] Level 1:colcon.colcon_core.package_discovery:discover_packages(recursive) check parameters
[0.272s] Level 1:colcon.colcon_core.package_discovery:discover_packages(ignore) check parameters
[0.272s] Level 1:colcon.colcon_core.package_discovery:discover_packages(path) check parameters
[0.272s] Level 1:colcon.colcon_core.package_discovery:discover_packages(colcon_meta) discover
[0.272s] Level 1:colcon.colcon_core.package_discovery:discover_packages(recursive) discover
[0.272s] INFO:colcon.colcon_core.package_discovery:Crawling recursively for packages in '/home/u20/ros2_ws'
[0.272s] Level 1:colcon.colcon_core.package_identification:_identify(.) by extensions ['ignore', 'ignore_ament_install']
[0.272s] Level 1:colcon.colcon_core.package_identification:_identify(.) by extension 'ignore'
[0.272s] Level 1:colcon.colcon_core.package_identification:_identify(.) by extension 'ignore_ament_install'
[0.272s] Level 1:colcon.colcon_core.package_identification:_identify(.) by extensions ['colcon_pkg']
[0.272s] Level 1:colcon.colcon_core.package_identification:_identify(.) by extension 'colcon_pkg'
[0.272s] Level 1:colcon.colcon_core.package_identification:_identify(.) by extensions ['colcon_meta']
[0.272s] Level 1:colcon.colcon_core.package_identification:_identify(.) by extension 'colcon_meta'
[0.272s] Level 1:colcon.colcon_core.package_identification:_identify(.) by extensions ['ros']
[0.272s] Level 1:colcon.colcon_core.package_identification:_identify(.) by extension 'ros'
[0.281s] Level 1:colcon.colcon_core.package_identification:_identify(.) by extensions ['cmake', 'python']
[0.281s] Level 1:colcon.colcon_core.package_identification:_identify(.) by extension 'cmake'
[0.281s] Level 1:colcon.colcon_core.package_identification:_identify(.) by extension 'python'
[0.281s] Level 1:colcon.colcon_core.package_identification:_identify(.) by extensions ['python_setup_py']
[0.281s] Level 1:colcon.colcon_core.package_identification:_identify(.) by extension 'python_setup_py'
[0.281s] Level 1:colcon.colcon_core.package_identification:_identify(build) by extensions ['ignore', 'ignore_ament_install']
[0.281s] Level 1:colcon.colcon_core.package_identification:_identify(build) by extension 'ignore'
[0.281s] Level 1:colcon.colcon_core.package_identification:_identify(build) ignored
[0.282s] Level 1:colcon.colcon_core.package_identification:_identify(install) by extensions ['ignore', 'ignore_ament_install']
[0.282s] Level 1:colcon.colcon_core.package_identification:_identify(install) by extension 'ignore'
[0.282s] Level 1:colcon.colcon_core.package_identification:_identify(install) ignored
[0.282s] Level 1:colcon.colcon_core.package_identification:_identify(log) by extensions ['ignore', 'ignore_ament_install']
[0.282s] Level 1:colcon.colcon_core.package_identification:_identify(log) by extension 'ignore'
[0.282s] Level 1:colcon.colcon_core.package_identification:_identify(log) ignored
[0.282s] Level 1:colcon.colcon_core.package_identification:_identify(src) by extensions ['ignore', 'ignore_ament_install']
[0.282s] Level 1:colcon.colcon_core.package_identification:_identify(src) by extension 'ignore'
[0.282s] Level 1:colcon.colcon_core.package_identification:_identify(src) by extension 'ignore_ament_install'
[0.282s] Level 1:colcon.colcon_core.package_identification:_identify(src) by extensions ['colcon_pkg']
[0.282s] Level 1:colcon.colcon_core.package_identification:_identify(src) by extension 'colcon_pkg'
[0.282s] Level 1:colcon.colcon_core.package_identification:_identify(src) by extensions ['colcon_meta']
[0.282s] Level 1:colcon.colcon_core.package_identification:_identify(src) by extension 'colcon_meta'
[0.282s] Level 1:colcon.colcon_core.package_identification:_identify(src) by extensions ['ros']
[0.282s] Level 1:colcon.colcon_core.package_identification:_identify(src) by extension 'ros'
[0.282s] Level 1:colcon.colcon_core.package_identification:_identify(src) by extensions ['cmake', 'python']
[0.282s] Level 1:colcon.colcon_core.package_identification:_identify(src) by extension 'cmake'
[0.282s] Level 1:colcon.colcon_core.package_identification:_identify(src) by extension 'python'
[0.283s] Level 1:colcon.colcon_core.package_identification:_identify(src) by extensions ['python_setup_py']
[0.283s] Level 1:colcon.colcon_core.package_identification:_identify(src) by extension 'python_setup_py'
[0.283s] Level 1:colcon.colcon_core.package_identification:_identify(src/communication_interfaces_topic) by extensions ['ignore', 'ignore_ament_install']
[0.283s] Level 1:colcon.colcon_core.package_identification:_identify(src/communication_interfaces_topic) by extension 'ignore'
[0.283s] Level 1:colcon.colcon_core.package_identification:_identify(src/communication_interfaces_topic) by extension 'ignore_ament_install'
[0.283s] Level 1:colcon.colcon_core.package_identification:_identify(src/communication_interfaces_topic) by extensions ['colcon_pkg']
[0.283s] Level 1:colcon.colcon_core.package_identification:_identify(src/communication_interfaces_topic) by extension 'colcon_pkg'
[0.283s] Level 1:colcon.colcon_core.package_identification:_identify(src/communication_interfaces_topic) by extensions ['colcon_meta']
[0.283s] Level 1:colcon.colcon_core.package_identification:_identify(src/communication_interfaces_topic) by extension 'colcon_meta'
[0.283s] Level 1:colcon.colcon_core.package_identification:_identify(src/communication_interfaces_topic) by extensions ['ros']
[0.283s] Level 1:colcon.colcon_core.package_identification:_identify(src/communication_interfaces_topic) by extension 'ros'
[0.285s] DEBUG:colcon.colcon_core.package_identification:Package 'src/communication_interfaces_topic' with type 'ros.ament_cmake' and name 'communication_interfaces_topic'
[0.285s] Level 1:colcon.colcon_core.package_identification:_identify(src/communication_topic) by extensions ['ignore', 'ignore_ament_install']
[0.285s] Level 1:colcon.colcon_core.package_identification:_identify(src/communication_topic) by extension 'ignore'
[0.285s] Level 1:colcon.colcon_core.package_identification:_identify(src/communication_topic) by extension 'ignore_ament_install'
[0.285s] Level 1:colcon.colcon_core.package_identification:_identify(src/communication_topic) by extensions ['colcon_pkg']
[0.285s] Level 1:colcon.colcon_core.package_identification:_identify(src/communication_topic) by extension 'colcon_pkg'
[0.285s] Level 1:colcon.colcon_core.package_identification:_identify(src/communication_topic) by extensions ['colcon_meta']
[0.285s] Level 1:colcon.colcon_core.package_identification:_identify(src/communication_topic) by extension 'colcon_meta'
[0.285s] Level 1:colcon.colcon_core.package_identification:_identify(src/communication_topic) by extensions ['ros']
[0.286s] Level 1:colcon.colcon_core.package_identification:_identify(src/communication_topic) by extension 'ros'
[0.286s] DEBUG:colcon.colcon_core.package_identification:Package 'src/communication_topic' with type 'ros.ament_python' and name 'communication_topic'
[0.286s] Level 1:colcon.colcon_core.package_discovery:discover_packages(recursive) using defaults
[0.286s] Level 1:colcon.colcon_core.package_discovery:discover_packages(ignore) discover
[0.286s] Level 1:colcon.colcon_core.package_discovery:discover_packages(ignore) using defaults
[0.286s] Level 1:colcon.colcon_core.package_discovery:discover_packages(path) discover
[0.286s] Level 1:colcon.colcon_core.package_discovery:discover_packages(path) using defaults
[0.299s] Level 1:colcon.colcon_core.package_discovery:discover_packages(prefix_path) check parameters
[0.299s] Level 1:colcon.colcon_core.package_discovery:discover_packages(prefix_path) discover
[0.300s] WARNING:colcon.colcon_ros.prefix_path.ament:The path '/home/u20/ros2_ws/install/communication_topic' in the environment variable AMENT_PREFIX_PATH doesn't exist
[0.300s] DEBUG:colcon.colcon_installed_package_information.package_discovery:Found 1 installed packages in /home/u20/ros2_ws/install
[0.301s] DEBUG:colcon.colcon_installed_package_information.package_discovery:Found 256 installed packages in /opt/ros/foxy
[0.302s] Level 1:colcon.colcon_core.package_discovery:discover_packages(prefix_path) using defaults
[0.359s] Level 5:colcon.colcon_core.verb:set package 'communication_interfaces_topic' build argument 'cmake_args' from command line to 'None'
[0.359s] Level 5:colcon.colcon_core.verb:set package 'communication_interfaces_topic' build argument 'cmake_target' from command line to 'None'
[0.359s] Level 5:colcon.colcon_core.verb:set package 'communication_interfaces_topic' build argument 'cmake_target_skip_unavailable' from command line to 'False'
[0.359s] Level 5:colcon.colcon_core.verb:set package 'communication_interfaces_topic' build argument 'cmake_clean_cache' from command line to 'False'
[0.359s] Level 5:colcon.colcon_core.verb:set package 'communication_interfaces_topic' build argument 'cmake_clean_first' from command line to 'False'
[0.359s] Level 5:colcon.colcon_core.verb:set package 'communication_interfaces_topic' build argument 'cmake_force_configure' from command line to 'False'
[0.359s] Level 5:colcon.colcon_core.verb:set package 'communication_interfaces_topic' build argument 'ament_cmake_args' from command line to 'None'
[0.359s] Level 5:colcon.colcon_core.verb:set package 'communication_interfaces_topic' build argument 'catkin_cmake_args' from command line to 'None'
[0.359s] Level 5:colcon.colcon_core.verb:set package 'communication_interfaces_topic' build argument 'catkin_skip_building_tests' from command line to 'False'
[0.360s] DEBUG:colcon.colcon_core.verb:Building package 'communication_interfaces_topic' with the following arguments: {'ament_cmake_args': None, 'build_base': '/home/u20/ros2_ws/build/communication_interfaces_topic', 'catkin_cmake_args': None, 'catkin_skip_building_tests': False, 'cmake_args': None, 'cmake_clean_cache': False, 'cmake_clean_first': False, 'cmake_force_configure': False, 'cmake_target': None, 'cmake_target_skip_unavailable': False, 'install_base': '/home/u20/ros2_ws/install/communication_interfaces_topic', 'merge_install': False, 'path': '/home/u20/ros2_ws/src/communication_interfaces_topic', 'symlink_install': False, 'test_result_base': None}
[0.360s] Level 5:colcon.colcon_core.verb:set package 'communication_topic' build argument 'cmake_args' from command line to 'None'
[0.360s] Level 5:colcon.colcon_core.verb:set package 'communication_topic' build argument 'cmake_target' from command line to 'None'
[0.360s] Level 5:colcon.colcon_core.verb:set package 'communication_topic' build argument 'cmake_target_skip_unavailable' from command line to 'False'
[0.360s] Level 5:colcon.colcon_core.verb:set package 'communication_topic' build argument 'cmake_clean_cache' from command line to 'False'
[0.360s] Level 5:colcon.colcon_core.verb:set package 'communication_topic' build argument 'cmake_clean_first' from command line to 'False'
[0.360s] Level 5:colcon.colcon_core.verb:set package 'communication_topic' build argument 'cmake_force_configure' from command line to 'False'
[0.360s] Level 5:colcon.colcon_core.verb:set package 'communication_topic' build argument 'ament_cmake_args' from command line to 'None'
[0.360s] Level 5:colcon.colcon_core.verb:set package 'communication_topic' build argument 'catkin_cmake_args' from command line to 'None'
[0.360s] Level 5:colcon.colcon_core.verb:set package 'communication_topic' build argument 'catkin_skip_building_tests' from command line to 'False'
[0.360s] DEBUG:colcon.colcon_core.verb:Building package 'communication_topic' with the following arguments: {'ament_cmake_args': None, 'build_base': '/home/u20/ros2_ws/build/communication_topic', 'catkin_cmake_args': None, 'catkin_skip_building_tests': False, 'cmake_args': None, 'cmake_clean_cache': False, 'cmake_clean_first': False, 'cmake_force_configure': False, 'cmake_target': None, 'cmake_target_skip_unavailable': False, 'install_base': '/home/u20/ros2_ws/install/communication_topic', 'merge_install': False, 'path': '/home/u20/ros2_ws/src/communication_topic', 'symlink_install': False, 'test_result_base': None}
[0.360s] INFO:colcon.colcon_core.executor:Executing jobs using 'parallel' executor
[0.361s] DEBUG:colcon.colcon_parallel_executor.executor.parallel:run_until_complete
[0.361s] INFO:colcon.colcon_ros.task.ament_cmake.build:Building ROS package in '/home/u20/ros2_ws/src/communication_interfaces_topic' with build type 'ament_cmake'
[0.361s] INFO:colcon.colcon_cmake.task.cmake.build:Building CMake package in '/home/u20/ros2_ws/src/communication_interfaces_topic'
[0.363s] INFO:colcon.colcon_core.plugin_system:Skipping extension 'colcon_core.shell.bat': Not used on non-Windows systems
[0.363s] INFO:colcon.colcon_core.shell:Skip shell extension 'powershell' for command environment: Not usable outside of PowerShell
[0.363s] DEBUG:colcon.colcon_core.shell:Skip shell extension 'dsv' for command environment
[0.372s] DEBUG:colcon.colcon_core.event_handler.log_command:Invoking command in '/home/u20/ros2_ws/build/communication_interfaces_topic': CMAKE_PREFIX_PATH=${CMAKE_PREFIX_PATH}:/home/u20/ros2_ws/install/communication_topic:/opt/ros/foxy /usr/bin/cmake --build /home/u20/ros2_ws/build/communication_interfaces_topic -- -j12 -l12
[0.567s] DEBUG:colcon.colcon_core.event_handler.log_command:Invoked command in '/home/u20/ros2_ws/build/communication_interfaces_topic' returned '0': CMAKE_PREFIX_PATH=${CMAKE_PREFIX_PATH}:/home/u20/ros2_ws/install/communication_topic:/opt/ros/foxy /usr/bin/cmake --build /home/u20/ros2_ws/build/communication_interfaces_topic -- -j12 -l12
[0.579s] DEBUG:colcon.colcon_core.event_handler.log_command:Invoking command in '/home/u20/ros2_ws/build/communication_interfaces_topic': CMAKE_PREFIX_PATH=${CMAKE_PREFIX_PATH}:/home/u20/ros2_ws/install/communication_topic:/opt/ros/foxy /usr/bin/cmake --install /home/u20/ros2_ws/build/communication_interfaces_topic
[0.629s] Level 1:colcon.colcon_core.environment:create_environment_scripts_only(communication_interfaces_topic)
[0.630s] DEBUG:colcon.colcon_core.event_handler.log_command:Invoked command in '/home/u20/ros2_ws/build/communication_interfaces_topic' returned '0': CMAKE_PREFIX_PATH=${CMAKE_PREFIX_PATH}:/home/u20/ros2_ws/install/communication_topic:/opt/ros/foxy /usr/bin/cmake --install /home/u20/ros2_ws/build/communication_interfaces_topic
[0.632s] Level 1:colcon.colcon_core.environment:checking '/home/u20/ros2_ws/install/communication_interfaces_topic' for CMake module files
[0.632s] Level 1:colcon.colcon_core.environment:checking '/home/u20/ros2_ws/install/communication_interfaces_topic' for CMake config files
[0.633s] Level 1:colcon.colcon_core.shell:create_environment_hook('communication_interfaces_topic', 'cmake_prefix_path')
[0.633s] INFO:colcon.colcon_core.shell:Creating environment hook '/home/u20/ros2_ws/install/communication_interfaces_topic/share/communication_interfaces_topic/hook/cmake_prefix_path.ps1'
[0.633s] INFO:colcon.colcon_core.shell:Creating environment descriptor '/home/u20/ros2_ws/install/communication_interfaces_topic/share/communication_interfaces_topic/hook/cmake_prefix_path.dsv'
[0.634s] INFO:colcon.colcon_core.shell:Creating environment hook '/home/u20/ros2_ws/install/communication_interfaces_topic/share/communication_interfaces_topic/hook/cmake_prefix_path.sh'
[0.635s] Level 1:colcon.colcon_core.environment:checking '/home/u20/ros2_ws/install/communication_interfaces_topic/lib'
[0.635s] Level 1:colcon.colcon_core.shell:create_environment_hook('communication_interfaces_topic', 'ld_library_path_lib')
[0.635s] INFO:colcon.colcon_core.shell:Creating environment hook '/home/u20/ros2_ws/install/communication_interfaces_topic/share/communication_interfaces_topic/hook/ld_library_path_lib.ps1'
[0.635s] INFO:colcon.colcon_core.shell:Creating environment descriptor '/home/u20/ros2_ws/install/communication_interfaces_topic/share/communication_interfaces_topic/hook/ld_library_path_lib.dsv'
[0.635s] INFO:colcon.colcon_core.shell:Creating environment hook '/home/u20/ros2_ws/install/communication_interfaces_topic/share/communication_interfaces_topic/hook/ld_library_path_lib.sh'
[0.636s] Level 1:colcon.colcon_core.environment:checking '/home/u20/ros2_ws/install/communication_interfaces_topic/bin'
[0.636s] Level 1:colcon.colcon_core.environment:checking '/home/u20/ros2_ws/install/communication_interfaces_topic/lib/pkgconfig/communication_interfaces_topic.pc'
[0.636s] Level 1:colcon.colcon_core.environment:checking '/home/u20/ros2_ws/install/communication_interfaces_topic/lib/python3.8/site-packages'
[0.636s] Level 1:colcon.colcon_core.shell:create_environment_hook('communication_interfaces_topic', 'pythonpath')
[0.636s] INFO:colcon.colcon_core.shell:Creating environment hook '/home/u20/ros2_ws/install/communication_interfaces_topic/share/communication_interfaces_topic/hook/pythonpath.ps1'
[0.637s] INFO:colcon.colcon_core.shell:Creating environment descriptor '/home/u20/ros2_ws/install/communication_interfaces_topic/share/communication_interfaces_topic/hook/pythonpath.dsv'
[0.637s] INFO:colcon.colcon_core.shell:Creating environment hook '/home/u20/ros2_ws/install/communication_interfaces_topic/share/communication_interfaces_topic/hook/pythonpath.sh'
[0.637s] Level 1:colcon.colcon_core.environment:checking '/home/u20/ros2_ws/install/communication_interfaces_topic/bin'
[0.637s] INFO:colcon.colcon_core.shell:Creating package script '/home/u20/ros2_ws/install/communication_interfaces_topic/share/communication_interfaces_topic/package.ps1'
[0.638s] INFO:colcon.colcon_core.shell:Creating package descriptor '/home/u20/ros2_ws/install/communication_interfaces_topic/share/communication_interfaces_topic/package.dsv'
[0.639s] INFO:colcon.colcon_core.shell:Creating package script '/home/u20/ros2_ws/install/communication_interfaces_topic/share/communication_interfaces_topic/package.sh'
[0.639s] INFO:colcon.colcon_core.shell:Creating package script '/home/u20/ros2_ws/install/communication_interfaces_topic/share/communication_interfaces_topic/package.bash'
[0.640s] INFO:colcon.colcon_core.shell:Creating package script '/home/u20/ros2_ws/install/communication_interfaces_topic/share/communication_interfaces_topic/package.zsh'
[0.640s] Level 1:colcon.colcon_core.environment:create_file_with_runtime_dependencies(/home/u20/ros2_ws/install/communication_interfaces_topic/share/colcon-core/packages/communication_interfaces_topic)
[0.641s] Level 1:colcon.colcon_core.environment:create_environment_scripts_only(communication_interfaces_topic)
[0.641s] Level 1:colcon.colcon_core.environment:checking '/home/u20/ros2_ws/install/communication_interfaces_topic' for CMake module files
[0.642s] Level 1:colcon.colcon_core.environment:checking '/home/u20/ros2_ws/install/communication_interfaces_topic' for CMake config files
[0.642s] Level 1:colcon.colcon_core.shell:create_environment_hook('communication_interfaces_topic', 'cmake_prefix_path')
[0.642s] INFO:colcon.colcon_core.shell:Creating environment hook '/home/u20/ros2_ws/install/communication_interfaces_topic/share/communication_interfaces_topic/hook/cmake_prefix_path.ps1'
[0.642s] INFO:colcon.colcon_core.shell:Creating environment descriptor '/home/u20/ros2_ws/install/communication_interfaces_topic/share/communication_interfaces_topic/hook/cmake_prefix_path.dsv'
[0.643s] INFO:colcon.colcon_core.shell:Creating environment hook '/home/u20/ros2_ws/install/communication_interfaces_topic/share/communication_interfaces_topic/hook/cmake_prefix_path.sh'
[0.643s] Level 1:colcon.colcon_core.environment:checking '/home/u20/ros2_ws/install/communication_interfaces_topic/lib'
[0.643s] Level 1:colcon.colcon_core.shell:create_environment_hook('communication_interfaces_topic', 'ld_library_path_lib')
[0.643s] INFO:colcon.colcon_core.shell:Creating environment hook '/home/u20/ros2_ws/install/communication_interfaces_topic/share/communication_interfaces_topic/hook/ld_library_path_lib.ps1'
[0.643s] INFO:colcon.colcon_core.shell:Creating environment descriptor '/home/u20/ros2_ws/install/communication_interfaces_topic/share/communication_interfaces_topic/hook/ld_library_path_lib.dsv'
[0.644s] INFO:colcon.colcon_core.shell:Creating environment hook '/home/u20/ros2_ws/install/communication_interfaces_topic/share/communication_interfaces_topic/hook/ld_library_path_lib.sh'
[0.644s] Level 1:colcon.colcon_core.environment:checking '/home/u20/ros2_ws/install/communication_interfaces_topic/bin'
[0.644s] Level 1:colcon.colcon_core.environment:checking '/home/u20/ros2_ws/install/communication_interfaces_topic/lib/pkgconfig/communication_interfaces_topic.pc'
[0.644s] Level 1:colcon.colcon_core.environment:checking '/home/u20/ros2_ws/install/communication_interfaces_topic/lib/python3.8/site-packages'
[0.644s] Level 1:colcon.colcon_core.shell:create_environment_hook('communication_interfaces_topic', 'pythonpath')
[0.644s] INFO:colcon.colcon_core.shell:Creating environment hook '/home/u20/ros2_ws/install/communication_interfaces_topic/share/communication_interfaces_topic/hook/pythonpath.ps1'
[0.645s] INFO:colcon.colcon_core.shell:Creating environment descriptor '/home/u20/ros2_ws/install/communication_interfaces_topic/share/communication_interfaces_topic/hook/pythonpath.dsv'
[0.645s] INFO:colcon.colcon_core.shell:Creating environment hook '/home/u20/ros2_ws/install/communication_interfaces_topic/share/communication_interfaces_topic/hook/pythonpath.sh'
[0.645s] Level 1:colcon.colcon_core.environment:checking '/home/u20/ros2_ws/install/communication_interfaces_topic/bin'
[0.646s] INFO:colcon.colcon_core.shell:Creating package script '/home/u20/ros2_ws/install/communication_interfaces_topic/share/communication_interfaces_topic/package.ps1'
[0.646s] INFO:colcon.colcon_core.shell:Creating package descriptor '/home/u20/ros2_ws/install/communication_interfaces_topic/share/communication_interfaces_topic/package.dsv'
[0.646s] INFO:colcon.colcon_core.shell:Creating package script '/home/u20/ros2_ws/install/communication_interfaces_topic/share/communication_interfaces_topic/package.sh'
[0.647s] INFO:colcon.colcon_core.shell:Creating package script '/home/u20/ros2_ws/install/communication_interfaces_topic/share/communication_interfaces_topic/package.bash'
[0.647s] INFO:colcon.colcon_core.shell:Creating package script '/home/u20/ros2_ws/install/communication_interfaces_topic/share/communication_interfaces_topic/package.zsh'
[0.648s] Level 1:colcon.colcon_core.environment:create_file_with_runtime_dependencies(/home/u20/ros2_ws/install/communication_interfaces_topic/share/colcon-core/packages/communication_interfaces_topic)
[0.648s] INFO:colcon.colcon_ros.task.ament_python.build:Building ROS package in '/home/u20/ros2_ws/src/communication_topic' with build type 'ament_python'
[0.648s] Level 1:colcon.colcon_core.shell:create_environment_hook('communication_topic', 'ament_prefix_path')
[0.648s] INFO:colcon.colcon_core.shell:Creating environment hook '/home/u20/ros2_ws/install/communication_topic/share/communication_topic/hook/ament_prefix_path.ps1'
[0.649s] INFO:colcon.colcon_core.shell:Creating environment descriptor '/home/u20/ros2_ws/install/communication_topic/share/communication_topic/hook/ament_prefix_path.dsv'
[0.649s] INFO:colcon.colcon_core.shell:Creating environment hook '/home/u20/ros2_ws/install/communication_topic/share/communication_topic/hook/ament_prefix_path.sh'
[0.650s] INFO:colcon.colcon_core.shell:Skip shell extension 'powershell' for command environment: Not usable outside of PowerShell
[0.650s] DEBUG:colcon.colcon_core.shell:Skip shell extension 'dsv' for command environment
[0.908s] INFO:colcon.colcon_core.task.python.build:Building Python package in '/home/u20/ros2_ws/src/communication_topic'
[0.908s] INFO:colcon.colcon_core.shell:Skip shell extension 'powershell' for command environment: Not usable outside of PowerShell
[0.909s] DEBUG:colcon.colcon_core.shell:Skip shell extension 'dsv' for command environment
[1.214s] DEBUG:colcon.colcon_core.event_handler.log_command:Invoking command in '/home/u20/ros2_ws/src/communication_topic': PYTHONPATH=/home/u20/ros2_ws/build/communication_topic/prefix_override:/usr/lib/python3/dist-packages/colcon_core/task/python/colcon_distutils_commands:/home/u20/ros2_ws/install/communication_topic/lib/python3.8/site-packages:/home/u20/ros2_ws/install/communication_interfaces_topic/lib/python3.8/site-packages:/home/u20/ros2_ws/install/communication_topic/lib/python3.8/site-packages:/opt/ros/foxy/lib/python3.8/site-packages /usr/bin/python3 -W ignore:setup.py install is deprecated -W ignore:easy_install command is deprecated setup.py egg_info --egg-base ../../build/communication_topic build --build-base /home/u20/ros2_ws/build/communication_topic/build install --record /home/u20/ros2_ws/build/communication_topic/install.log --install-scripts $base/lib/communication_topic --single-version-externally-managed install_data
[1.520s] Level 1:colcon.colcon_core.environment:checking '/home/u20/ros2_ws/install/communication_topic' for CMake module files
[1.521s] DEBUG:colcon.colcon_core.event_handler.log_command:Invoked command in '/home/u20/ros2_ws/src/communication_topic' returned '0': PYTHONPATH=/home/u20/ros2_ws/build/communication_topic/prefix_override:/usr/lib/python3/dist-packages/colcon_core/task/python/colcon_distutils_commands:/home/u20/ros2_ws/install/communication_topic/lib/python3.8/site-packages:/home/u20/ros2_ws/install/communication_interfaces_topic/lib/python3.8/site-packages:/home/u20/ros2_ws/install/communication_topic/lib/python3.8/site-packages:/opt/ros/foxy/lib/python3.8/site-packages /usr/bin/python3 -W ignore:setup.py install is deprecated -W ignore:easy_install command is deprecated setup.py egg_info --egg-base ../../build/communication_topic build --build-base /home/u20/ros2_ws/build/communication_topic/build install --record /home/u20/ros2_ws/build/communication_topic/install.log --install-scripts $base/lib/communication_topic --single-version-externally-managed install_data
[1.521s] Level 1:colcon.colcon_core.environment:checking '/home/u20/ros2_ws/install/communication_topic' for CMake config files
[1.521s] Level 1:colcon.colcon_core.environment:checking '/home/u20/ros2_ws/install/communication_topic/lib'
[1.522s] Level 1:colcon.colcon_core.environment:checking '/home/u20/ros2_ws/install/communication_topic/bin'
[1.522s] Level 1:colcon.colcon_core.environment:checking '/home/u20/ros2_ws/install/communication_topic/lib/pkgconfig/communication_topic.pc'
[1.522s] Level 1:colcon.colcon_core.environment:checking '/home/u20/ros2_ws/install/communication_topic/lib/python3.8/site-packages'
[1.522s] Level 1:colcon.colcon_core.shell:create_environment_hook('communication_topic', 'pythonpath')
[1.522s] INFO:colcon.colcon_core.shell:Creating environment hook '/home/u20/ros2_ws/install/communication_topic/share/communication_topic/hook/pythonpath.ps1'
[1.523s] INFO:colcon.colcon_core.shell:Creating environment descriptor '/home/u20/ros2_ws/install/communication_topic/share/communication_topic/hook/pythonpath.dsv'
[1.523s] INFO:colcon.colcon_core.shell:Creating environment hook '/home/u20/ros2_ws/install/communication_topic/share/communication_topic/hook/pythonpath.sh'
[1.523s] Level 1:colcon.colcon_core.environment:checking '/home/u20/ros2_ws/install/communication_topic/bin'
[1.524s] Level 1:colcon.colcon_core.environment:create_environment_scripts_only(communication_topic)
[1.524s] INFO:colcon.colcon_core.shell:Creating package script '/home/u20/ros2_ws/install/communication_topic/share/communication_topic/package.ps1'
[1.525s] INFO:colcon.colcon_core.shell:Creating package descriptor '/home/u20/ros2_ws/install/communication_topic/share/communication_topic/package.dsv'
[1.525s] INFO:colcon.colcon_core.shell:Creating package script '/home/u20/ros2_ws/install/communication_topic/share/communication_topic/package.sh'
[1.526s] INFO:colcon.colcon_core.shell:Creating package script '/home/u20/ros2_ws/install/communication_topic/share/communication_topic/package.bash'
[1.526s] INFO:colcon.colcon_core.shell:Creating package script '/home/u20/ros2_ws/install/communication_topic/share/communication_topic/package.zsh'
[1.527s] Level 1:colcon.colcon_core.environment:create_file_with_runtime_dependencies(/home/u20/ros2_ws/install/communication_topic/share/colcon-core/packages/communication_topic)
[1.527s] DEBUG:colcon.colcon_parallel_executor.executor.parallel:closing loop
[1.528s] DEBUG:colcon.colcon_parallel_executor.executor.parallel:loop closed
[1.528s] DEBUG:colcon.colcon_parallel_executor.executor.parallel:run_until_complete finished with '0'
[1.528s] DEBUG:colcon.colcon_core.event_reactor:joining thread
[1.535s] INFO:colcon.colcon_core.plugin_system:Skipping extension 'colcon_notification.desktop_notification.terminal_notifier': Not used on non-Darwin systems
[1.535s] INFO:colcon.colcon_core.plugin_system:Skipping extension 'colcon_notification.desktop_notification.win32': Not used on non-Windows systems
[1.535s] INFO:colcon.colcon_notification.desktop_notification:Sending desktop notification using 'notify2'
[1.553s] DEBUG:colcon.colcon_core.event_reactor:joined thread
[1.553s] INFO:colcon.colcon_core.shell:Creating prefix script '/home/u20/ros2_ws/install/local_setup.ps1'
[1.554s] INFO:colcon.colcon_core.shell:Creating prefix util module '/home/u20/ros2_ws/install/_local_setup_util_ps1.py'
[1.555s] INFO:colcon.colcon_core.shell:Creating prefix chain script '/home/u20/ros2_ws/install/setup.ps1'
[1.556s] INFO:colcon.colcon_core.shell:Creating prefix script '/home/u20/ros2_ws/install/local_setup.sh'
[1.557s] INFO:colcon.colcon_core.shell:Creating prefix util module '/home/u20/ros2_ws/install/_local_setup_util_sh.py'
[1.558s] INFO:colcon.colcon_core.shell:Creating prefix chain script '/home/u20/ros2_ws/install/setup.sh'
[1.559s] INFO:colcon.colcon_core.shell:Creating prefix script '/home/u20/ros2_ws/install/local_setup.bash'
[1.560s] INFO:colcon.colcon_core.shell:Creating prefix chain script '/home/u20/ros2_ws/install/setup.bash'
[1.560s] INFO:colcon.colcon_core.shell:Creating prefix script '/home/u20/ros2_ws/install/local_setup.zsh'
[1.561s] INFO:colcon.colcon_core.shell:Creating prefix chain script '/home/u20/ros2_ws/install/setup.zsh'
