[0.136s] DEBUG:colcon:Command line arguments: ['/usr/bin/colcon', 'build', '--packages-select', 'services1']
[0.136s] DEBUG:colcon:Parsed command line arguments: Namespace(log_base=None, log_level=None, verb_name='build', build_base='build', install_base='install', merge_install=False, symlink_install=False, test_result_base=None, continue_on_error=False, executor='parallel', parallel_workers=20, event_handlers=None, ignore_user_meta=False, metas=['./colcon.meta'], base_paths=['.'], packages_ignore=None, packages_ignore_regex=None, paths=None, packages_up_to=None, packages_up_to_regex=None, packages_above=None, packages_above_and_dependencies=None, packages_above_depth=None, packages_select_by_dep=None, packages_skip_by_dep=None, packages_skip_up_to=None, packages_select_build_failed=False, packages_skip_build_finished=False, packages_select_test_failures=False, packages_skip_test_passed=False, packages_select=['services1'], packages_skip=None, packages_select_regex=None, packages_skip_regex=None, packages_start=None, packages_end=None, allow_overriding=[], cmake_args=None, cmake_target=None, cmake_target_skip_unavailable=False, cmake_clean_cache=False, cmake_clean_first=False, cmake_force_configure=False, ament_cmake_args=None, catkin_cmake_args=None, catkin_skip_building_tests=False, verb_parser=<colcon_defaults.argument_parser.defaults.DefaultArgumentsDecorator object at 0x7c36120fb910>, verb_extension=<colcon_core.verb.build.BuildVerb object at 0x7c3612040430>, main=<bound method BuildVerb.main of <colcon_core.verb.build.BuildVerb object at 0x7c3612040430>>)
[0.323s] Level 1:colcon.colcon_core.package_discovery:discover_packages(colcon_meta) check parameters
[0.323s] Level 1:colcon.colcon_core.package_discovery:discover_packages(recursive) check parameters
[0.323s] Level 1:colcon.colcon_core.package_discovery:discover_packages(ignore) check parameters
[0.323s] Level 1:colcon.colcon_core.package_discovery:discover_packages(path) check parameters
[0.323s] Level 1:colcon.colcon_core.package_discovery:discover_packages(colcon_meta) discover
[0.323s] Level 1:colcon.colcon_core.package_discovery:discover_packages(recursive) discover
[0.323s] INFO:colcon.colcon_core.package_discovery:Crawling recursively for packages in '/home/gy/changshu/B-ROS2-chapter1/colcon_ws'
[0.323s] Level 1:colcon.colcon_core.package_identification:_identify(.) by extensions ['ignore', 'ignore_ament_install']
[0.323s] Level 1:colcon.colcon_core.package_identification:_identify(.) by extension 'ignore'
[0.323s] Level 1:colcon.colcon_core.package_identification:_identify(.) by extension 'ignore_ament_install'
[0.323s] Level 1:colcon.colcon_core.package_identification:_identify(.) by extensions ['colcon_pkg']
[0.323s] Level 1:colcon.colcon_core.package_identification:_identify(.) by extension 'colcon_pkg'
[0.323s] Level 1:colcon.colcon_core.package_identification:_identify(.) by extensions ['colcon_meta']
[0.324s] Level 1:colcon.colcon_core.package_identification:_identify(.) by extension 'colcon_meta'
[0.324s] Level 1:colcon.colcon_core.package_identification:_identify(.) by extensions ['ros']
[0.324s] Level 1:colcon.colcon_core.package_identification:_identify(.) by extension 'ros'
[0.339s] Level 1:colcon.colcon_core.package_identification:_identify(.) by extensions ['cmake', 'python']
[0.339s] Level 1:colcon.colcon_core.package_identification:_identify(.) by extension 'cmake'
[0.339s] Level 1:colcon.colcon_core.package_identification:_identify(.) by extension 'python'
[0.339s] Level 1:colcon.colcon_core.package_identification:_identify(.) by extensions ['python_setup_py']
[0.339s] Level 1:colcon.colcon_core.package_identification:_identify(.) by extension 'python_setup_py'
[0.339s] Level 1:colcon.colcon_core.package_identification:_identify(build) by extensions ['ignore', 'ignore_ament_install']
[0.339s] Level 1:colcon.colcon_core.package_identification:_identify(build) by extension 'ignore'
[0.339s] Level 1:colcon.colcon_core.package_identification:_identify(build) ignored
[0.339s] Level 1:colcon.colcon_core.package_identification:_identify(install) by extensions ['ignore', 'ignore_ament_install']
[0.340s] Level 1:colcon.colcon_core.package_identification:_identify(install) by extension 'ignore'
[0.340s] Level 1:colcon.colcon_core.package_identification:_identify(install) ignored
[0.340s] Level 1:colcon.colcon_core.package_identification:_identify(log) by extensions ['ignore', 'ignore_ament_install']
[0.340s] Level 1:colcon.colcon_core.package_identification:_identify(log) by extension 'ignore'
[0.340s] Level 1:colcon.colcon_core.package_identification:_identify(log) ignored
[0.340s] Level 1:colcon.colcon_core.package_identification:_identify(src) by extensions ['ignore', 'ignore_ament_install']
[0.340s] Level 1:colcon.colcon_core.package_identification:_identify(src) by extension 'ignore'
[0.340s] Level 1:colcon.colcon_core.package_identification:_identify(src) by extension 'ignore_ament_install'
[0.340s] Level 1:colcon.colcon_core.package_identification:_identify(src) by extensions ['colcon_pkg']
[0.340s] Level 1:colcon.colcon_core.package_identification:_identify(src) by extension 'colcon_pkg'
[0.340s] Level 1:colcon.colcon_core.package_identification:_identify(src) by extensions ['colcon_meta']
[0.340s] Level 1:colcon.colcon_core.package_identification:_identify(src) by extension 'colcon_meta'
[0.340s] Level 1:colcon.colcon_core.package_identification:_identify(src) by extensions ['ros']
[0.340s] Level 1:colcon.colcon_core.package_identification:_identify(src) by extension 'ros'
[0.340s] Level 1:colcon.colcon_core.package_identification:_identify(src) by extensions ['cmake', 'python']
[0.340s] Level 1:colcon.colcon_core.package_identification:_identify(src) by extension 'cmake'
[0.340s] Level 1:colcon.colcon_core.package_identification:_identify(src) by extension 'python'
[0.341s] Level 1:colcon.colcon_core.package_identification:_identify(src) by extensions ['python_setup_py']
[0.341s] Level 1:colcon.colcon_core.package_identification:_identify(src) by extension 'python_setup_py'
[0.341s] Level 1:colcon.colcon_core.package_identification:_identify(src/interfaces1) by extensions ['ignore', 'ignore_ament_install']
[0.341s] Level 1:colcon.colcon_core.package_identification:_identify(src/interfaces1) by extension 'ignore'
[0.341s] Level 1:colcon.colcon_core.package_identification:_identify(src/interfaces1) by extension 'ignore_ament_install'
[0.341s] Level 1:colcon.colcon_core.package_identification:_identify(src/interfaces1) by extensions ['colcon_pkg']
[0.341s] Level 1:colcon.colcon_core.package_identification:_identify(src/interfaces1) by extension 'colcon_pkg'
[0.341s] Level 1:colcon.colcon_core.package_identification:_identify(src/interfaces1) by extensions ['colcon_meta']
[0.341s] Level 1:colcon.colcon_core.package_identification:_identify(src/interfaces1) by extension 'colcon_meta'
[0.341s] Level 1:colcon.colcon_core.package_identification:_identify(src/interfaces1) by extensions ['ros']
[0.341s] Level 1:colcon.colcon_core.package_identification:_identify(src/interfaces1) by extension 'ros'
[0.344s] DEBUG:colcon.colcon_core.package_identification:Package 'src/interfaces1' with type 'ros.ament_cmake' and name 'interfaces1'
[0.345s] Level 1:colcon.colcon_core.package_identification:_identify(src/services1) by extensions ['ignore', 'ignore_ament_install']
[0.345s] Level 1:colcon.colcon_core.package_identification:_identify(src/services1) by extension 'ignore'
[0.345s] Level 1:colcon.colcon_core.package_identification:_identify(src/services1) by extension 'ignore_ament_install'
[0.345s] Level 1:colcon.colcon_core.package_identification:_identify(src/services1) by extensions ['colcon_pkg']
[0.345s] Level 1:colcon.colcon_core.package_identification:_identify(src/services1) by extension 'colcon_pkg'
[0.345s] Level 1:colcon.colcon_core.package_identification:_identify(src/services1) by extensions ['colcon_meta']
[0.345s] Level 1:colcon.colcon_core.package_identification:_identify(src/services1) by extension 'colcon_meta'
[0.345s] Level 1:colcon.colcon_core.package_identification:_identify(src/services1) by extensions ['ros']
[0.345s] Level 1:colcon.colcon_core.package_identification:_identify(src/services1) by extension 'ros'
[0.346s] DEBUG:colcon.colcon_core.package_identification:Package 'src/services1' with type 'ros.ament_cmake' and name 'services1'
[0.346s] Level 1:colcon.colcon_core.package_identification:_identify(src/topic1) by extensions ['ignore', 'ignore_ament_install']
[0.346s] Level 1:colcon.colcon_core.package_identification:_identify(src/topic1) by extension 'ignore'
[0.346s] Level 1:colcon.colcon_core.package_identification:_identify(src/topic1) by extension 'ignore_ament_install'
[0.346s] Level 1:colcon.colcon_core.package_identification:_identify(src/topic1) by extensions ['colcon_pkg']
[0.346s] Level 1:colcon.colcon_core.package_identification:_identify(src/topic1) by extension 'colcon_pkg'
[0.346s] Level 1:colcon.colcon_core.package_identification:_identify(src/topic1) by extensions ['colcon_meta']
[0.346s] Level 1:colcon.colcon_core.package_identification:_identify(src/topic1) by extension 'colcon_meta'
[0.346s] Level 1:colcon.colcon_core.package_identification:_identify(src/topic1) by extensions ['ros']
[0.346s] Level 1:colcon.colcon_core.package_identification:_identify(src/topic1) by extension 'ros'
[0.347s] DEBUG:colcon.colcon_core.package_identification:Package 'src/topic1' with type 'ros.ament_cmake' and name 'topic1'
[0.347s] Level 1:colcon.colcon_core.package_discovery:discover_packages(recursive) using defaults
[0.347s] Level 1:colcon.colcon_core.package_discovery:discover_packages(ignore) discover
[0.347s] Level 1:colcon.colcon_core.package_discovery:discover_packages(ignore) using defaults
[0.347s] Level 1:colcon.colcon_core.package_discovery:discover_packages(path) discover
[0.347s] Level 1:colcon.colcon_core.package_discovery:discover_packages(path) using defaults
[0.372s] INFO:colcon.colcon_core.package_selection:Skipping not selected package 'interfaces1' in 'src/interfaces1'
[0.372s] INFO:colcon.colcon_core.package_selection:Skipping not selected package 'topic1' in 'src/topic1'
[0.372s] Level 1:colcon.colcon_core.package_discovery:discover_packages(prefix_path) check parameters
[0.372s] Level 1:colcon.colcon_core.package_discovery:discover_packages(prefix_path) discover
[0.374s] DEBUG:colcon.colcon_installed_package_information.package_discovery:Found 3 installed packages in /home/gy/changshu/B-ROS2-chapter1/colcon_ws/install
[0.376s] DEBUG:colcon.colcon_installed_package_information.package_discovery:Found 270 installed packages in /opt/ros/humble
[0.378s] Level 1:colcon.colcon_core.package_discovery:discover_packages(prefix_path) using defaults
[0.443s] Level 5:colcon.colcon_core.verb:set package 'services1' build argument 'cmake_args' from command line to 'None'
[0.443s] Level 5:colcon.colcon_core.verb:set package 'services1' build argument 'cmake_target' from command line to 'None'
[0.443s] Level 5:colcon.colcon_core.verb:set package 'services1' build argument 'cmake_target_skip_unavailable' from command line to 'False'
[0.443s] Level 5:colcon.colcon_core.verb:set package 'services1' build argument 'cmake_clean_cache' from command line to 'False'
[0.443s] Level 5:colcon.colcon_core.verb:set package 'services1' build argument 'cmake_clean_first' from command line to 'False'
[0.443s] Level 5:colcon.colcon_core.verb:set package 'services1' build argument 'cmake_force_configure' from command line to 'False'
[0.443s] Level 5:colcon.colcon_core.verb:set package 'services1' build argument 'ament_cmake_args' from command line to 'None'
[0.443s] Level 5:colcon.colcon_core.verb:set package 'services1' build argument 'catkin_cmake_args' from command line to 'None'
[0.443s] Level 5:colcon.colcon_core.verb:set package 'services1' build argument 'catkin_skip_building_tests' from command line to 'False'
[0.443s] DEBUG:colcon.colcon_core.verb:Building package 'services1' with the following arguments: {'ament_cmake_args': None, 'build_base': '/home/gy/changshu/B-ROS2-chapter1/colcon_ws/build/services1', 'catkin_cmake_args': None, 'catkin_skip_building_tests': False, 'cmake_args': None, 'cmake_clean_cache': False, 'cmake_clean_first': False, 'cmake_force_configure': False, 'cmake_target': None, 'cmake_target_skip_unavailable': False, 'install_base': '/home/gy/changshu/B-ROS2-chapter1/colcon_ws/install/services1', 'merge_install': False, 'path': '/home/gy/changshu/B-ROS2-chapter1/colcon_ws/src/services1', 'symlink_install': False, 'test_result_base': None}
[0.443s] INFO:colcon.colcon_core.executor:Executing jobs using 'parallel' executor
[0.444s] DEBUG:colcon.colcon_parallel_executor.executor.parallel:run_until_complete
[0.445s] INFO:colcon.colcon_ros.task.ament_cmake.build:Building ROS package in '/home/gy/changshu/B-ROS2-chapter1/colcon_ws/src/services1' with build type 'ament_cmake'
[0.445s] INFO:colcon.colcon_cmake.task.cmake.build:Building CMake package in '/home/gy/changshu/B-ROS2-chapter1/colcon_ws/src/services1'
[0.447s] INFO:colcon.colcon_core.plugin_system:Skipping extension 'colcon_core.shell.bat': Not used on non-Windows systems
[0.447s] INFO:colcon.colcon_core.shell:Skip shell extension 'powershell' for command environment: Not usable outside of PowerShell
[0.447s] DEBUG:colcon.colcon_core.shell:Skip shell extension 'dsv' for command environment
[0.461s] DEBUG:colcon.colcon_core.event_handler.log_command:Invoking command in '/home/gy/changshu/B-ROS2-chapter1/colcon_ws/build/services1': CMAKE_PREFIX_PATH=/home/gy/changshu/B-ROS2-chapter1/colcon_ws/install/interfaces1:/home/gy/changshu/B-ROS2-chapter1/colcon_ws/install/topic1:/opt/ros/humble LD_LIBRARY_PATH=/home/gy/changshu/B-ROS2-chapter1/colcon_ws/install/interfaces1/lib:/opt/ros/humble/opt/rviz_ogre_vendor/lib:/opt/ros/humble/lib/x86_64-linux-gnu:/opt/ros/humble/lib:/usr/local/cuda-11.7/lib64:/usr/local/cuda-11.7/lib64 /usr/bin/cmake /home/gy/changshu/B-ROS2-chapter1/colcon_ws/src/services1 -DCMAKE_INSTALL_PREFIX=/home/gy/changshu/B-ROS2-chapter1/colcon_ws/install/services1
[1.307s] DEBUG:colcon.colcon_core.event_handler.log_command:Invoked command in '/home/gy/changshu/B-ROS2-chapter1/colcon_ws/build/services1' returned '1': CMAKE_PREFIX_PATH=/home/gy/changshu/B-ROS2-chapter1/colcon_ws/install/interfaces1:/home/gy/changshu/B-ROS2-chapter1/colcon_ws/install/topic1:/opt/ros/humble LD_LIBRARY_PATH=/home/gy/changshu/B-ROS2-chapter1/colcon_ws/install/interfaces1/lib:/opt/ros/humble/opt/rviz_ogre_vendor/lib:/opt/ros/humble/lib/x86_64-linux-gnu:/opt/ros/humble/lib:/usr/local/cuda-11.7/lib64:/usr/local/cuda-11.7/lib64 /usr/bin/cmake /home/gy/changshu/B-ROS2-chapter1/colcon_ws/src/services1 -DCMAKE_INSTALL_PREFIX=/home/gy/changshu/B-ROS2-chapter1/colcon_ws/install/services1
[1.323s] Level 1:colcon.colcon_core.environment:create_environment_scripts_only(services1)
[1.326s] Level 1:colcon.colcon_core.environment:checking '/home/gy/changshu/B-ROS2-chapter1/colcon_ws/install/services1' for CMake module files
[1.327s] Level 1:colcon.colcon_core.environment:checking '/home/gy/changshu/B-ROS2-chapter1/colcon_ws/install/services1' for CMake config files
[1.327s] Level 1:colcon.colcon_core.environment:checking '/home/gy/changshu/B-ROS2-chapter1/colcon_ws/install/services1/bin'
[1.327s] Level 1:colcon.colcon_core.environment:checking '/home/gy/changshu/B-ROS2-chapter1/colcon_ws/install/services1/lib/pkgconfig/services1.pc'
[1.328s] Level 1:colcon.colcon_core.environment:checking '/home/gy/changshu/B-ROS2-chapter1/colcon_ws/install/services1/lib/python3.10/site-packages'
[1.328s] Level 1:colcon.colcon_core.environment:checking '/home/gy/changshu/B-ROS2-chapter1/colcon_ws/install/services1/bin'
[1.328s] INFO:colcon.colcon_core.shell:Creating package script '/home/gy/changshu/B-ROS2-chapter1/colcon_ws/install/services1/share/services1/package.ps1'
[1.329s] INFO:colcon.colcon_core.shell:Creating package descriptor '/home/gy/changshu/B-ROS2-chapter1/colcon_ws/install/services1/share/services1/package.dsv'
[1.330s] INFO:colcon.colcon_core.shell:Creating package script '/home/gy/changshu/B-ROS2-chapter1/colcon_ws/install/services1/share/services1/package.sh'
[1.330s] INFO:colcon.colcon_core.shell:Creating package script '/home/gy/changshu/B-ROS2-chapter1/colcon_ws/install/services1/share/services1/package.bash'
[1.331s] INFO:colcon.colcon_core.shell:Creating package script '/home/gy/changshu/B-ROS2-chapter1/colcon_ws/install/services1/share/services1/package.zsh'
[1.332s] Level 1:colcon.colcon_core.environment:create_file_with_runtime_dependencies(/home/gy/changshu/B-ROS2-chapter1/colcon_ws/install/services1/share/colcon-core/packages/services1)
[1.342s] DEBUG:colcon.colcon_parallel_executor.executor.parallel:closing loop
[1.343s] DEBUG:colcon.colcon_parallel_executor.executor.parallel:loop closed
[1.343s] DEBUG:colcon.colcon_parallel_executor.executor.parallel:run_until_complete finished with '1'
[1.343s] DEBUG:colcon.colcon_core.event_reactor:joining thread
[1.351s] INFO:colcon.colcon_core.plugin_system:Skipping extension 'colcon_notification.desktop_notification.terminal_notifier': Not used on non-Darwin systems
[1.351s] INFO:colcon.colcon_core.plugin_system:Skipping extension 'colcon_notification.desktop_notification.win32': Not used on non-Windows systems
[1.351s] INFO:colcon.colcon_notification.desktop_notification:Sending desktop notification using 'notify2'
[1.371s] DEBUG:colcon.colcon_core.event_reactor:joined thread
[1.372s] INFO:colcon.colcon_core.shell:Creating prefix script '/home/gy/changshu/B-ROS2-chapter1/colcon_ws/install/local_setup.ps1'
[1.374s] INFO:colcon.colcon_core.shell:Creating prefix util module '/home/gy/changshu/B-ROS2-chapter1/colcon_ws/install/_local_setup_util_ps1.py'
[1.376s] INFO:colcon.colcon_core.shell:Creating prefix chain script '/home/gy/changshu/B-ROS2-chapter1/colcon_ws/install/setup.ps1'
[1.378s] INFO:colcon.colcon_core.shell:Creating prefix script '/home/gy/changshu/B-ROS2-chapter1/colcon_ws/install/local_setup.sh'
[1.378s] INFO:colcon.colcon_core.shell:Creating prefix util module '/home/gy/changshu/B-ROS2-chapter1/colcon_ws/install/_local_setup_util_sh.py'
[1.379s] INFO:colcon.colcon_core.shell:Creating prefix chain script '/home/gy/changshu/B-ROS2-chapter1/colcon_ws/install/setup.sh'
[1.380s] INFO:colcon.colcon_core.shell:Creating prefix script '/home/gy/changshu/B-ROS2-chapter1/colcon_ws/install/local_setup.bash'
[1.381s] INFO:colcon.colcon_core.shell:Creating prefix chain script '/home/gy/changshu/B-ROS2-chapter1/colcon_ws/install/setup.bash'
[1.382s] INFO:colcon.colcon_core.shell:Creating prefix script '/home/gy/changshu/B-ROS2-chapter1/colcon_ws/install/local_setup.zsh'
[1.383s] INFO:colcon.colcon_core.shell:Creating prefix chain script '/home/gy/changshu/B-ROS2-chapter1/colcon_ws/install/setup.zsh'
