[0.009s] Invoking command in '/home/gy/ROS2_Coming/02carto/colcon_ws/build/fishbot_navigation2': CMAKE_PREFIX_PATH=/opt/ros/humble /usr/bin/cmake /home/gy/ROS2_Coming/02carto/colcon_ws/src/fishbot_navigation2 -DCMAKE_INSTALL_PREFIX=/home/gy/ROS2_Coming/02carto/colcon_ws/install/fishbot_navigation2
[0.021s] -- Found ament_cmake: 1.3.10 (/opt/ros/humble/share/ament_cmake/cmake)
[0.140s] -- Found nav2_bringup: 1.1.17 (/opt/ros/humble/share/nav2_bringup/cmake)
[0.140s] -- Found ament_lint_auto: 0.12.11 (/opt/ros/humble/share/ament_lint_auto/cmake)
[0.221s] -- Added test 'flake8' to check Python code syntax and style conventions
[0.222s] -- Added test 'lint_cmake' to check CMake code style
[0.223s] -- Added test 'pep257' to check Python code against some of the docstring style conventions in PEP 257
[0.224s] -- Added test 'xmllint' to check XML markup files
[0.226s] -- Configuring done
[0.229s] -- Generating done
[0.230s] -- Build files have been written to: /home/gy/ROS2_Coming/02carto/colcon_ws/build/fishbot_navigation2
[0.234s] Invoked command in '/home/gy/ROS2_Coming/02carto/colcon_ws/build/fishbot_navigation2' returned '0': CMAKE_PREFIX_PATH=/opt/ros/humble /usr/bin/cmake /home/gy/ROS2_Coming/02carto/colcon_ws/src/fishbot_navigation2 -DCMAKE_INSTALL_PREFIX=/home/gy/ROS2_Coming/02carto/colcon_ws/install/fishbot_navigation2
[0.236s] Invoking command in '/home/gy/ROS2_Coming/02carto/colcon_ws/build/fishbot_navigation2': CMAKE_PREFIX_PATH=/opt/ros/humble /usr/bin/cmake --build /home/gy/ROS2_Coming/02carto/colcon_ws/build/fishbot_navigation2 -- -j12 -l12
[0.273s] Invoked command in '/home/gy/ROS2_Coming/02carto/colcon_ws/build/fishbot_navigation2' returned '0': CMAKE_PREFIX_PATH=/opt/ros/humble /usr/bin/cmake --build /home/gy/ROS2_Coming/02carto/colcon_ws/build/fishbot_navigation2 -- -j12 -l12
[0.303s] Invoking command in '/home/gy/ROS2_Coming/02carto/colcon_ws/build/fishbot_navigation2': CMAKE_PREFIX_PATH=/opt/ros/humble /usr/bin/cmake --install /home/gy/ROS2_Coming/02carto/colcon_ws/build/fishbot_navigation2
[0.310s] -- Install configuration: ""
[0.310s] -- Installing: /home/gy/ROS2_Coming/02carto/colcon_ws/install/fishbot_navigation2/share/fishbot_navigation2/launch
[0.310s] -- Installing: /home/gy/ROS2_Coming/02carto/colcon_ws/install/fishbot_navigation2/share/fishbot_navigation2/launch/navigation2.launch.py
[0.310s] -- Installing: /home/gy/ROS2_Coming/02carto/colcon_ws/install/fishbot_navigation2/share/fishbot_navigation2/param
[0.310s] -- Installing: /home/gy/ROS2_Coming/02carto/colcon_ws/install/fishbot_navigation2/share/fishbot_navigation2/param/fishbot_nav2.yaml
[0.310s] -- Installing: /home/gy/ROS2_Coming/02carto/colcon_ws/install/fishbot_navigation2/share/fishbot_navigation2/maps
[0.310s] -- Installing: /home/gy/ROS2_Coming/02carto/colcon_ws/install/fishbot_navigation2/share/fishbot_navigation2/maps/fishbot_map.pgm
[0.311s] -- Installing: /home/gy/ROS2_Coming/02carto/colcon_ws/install/fishbot_navigation2/share/fishbot_navigation2/maps/fishbot_map.yaml
[0.311s] -- Installing: /home/gy/ROS2_Coming/02carto/colcon_ws/install/fishbot_navigation2/share/ament_index/resource_index/package_run_dependencies/fishbot_navigation2
[0.311s] -- Installing: /home/gy/ROS2_Coming/02carto/colcon_ws/install/fishbot_navigation2/share/ament_index/resource_index/parent_prefix_path/fishbot_navigation2
[0.311s] -- Installing: /home/gy/ROS2_Coming/02carto/colcon_ws/install/fishbot_navigation2/share/fishbot_navigation2/environment/ament_prefix_path.sh
[0.311s] -- Installing: /home/gy/ROS2_Coming/02carto/colcon_ws/install/fishbot_navigation2/share/fishbot_navigation2/environment/ament_prefix_path.dsv
[0.312s] -- Installing: /home/gy/ROS2_Coming/02carto/colcon_ws/install/fishbot_navigation2/share/fishbot_navigation2/environment/path.sh
[0.312s] -- Installing: /home/gy/ROS2_Coming/02carto/colcon_ws/install/fishbot_navigation2/share/fishbot_navigation2/environment/path.dsv
[0.312s] -- Installing: /home/gy/ROS2_Coming/02carto/colcon_ws/install/fishbot_navigation2/share/fishbot_navigation2/local_setup.bash
[0.312s] -- Installing: /home/gy/ROS2_Coming/02carto/colcon_ws/install/fishbot_navigation2/share/fishbot_navigation2/local_setup.sh
[0.312s] -- Installing: /home/gy/ROS2_Coming/02carto/colcon_ws/install/fishbot_navigation2/share/fishbot_navigation2/local_setup.zsh
[0.312s] -- Installing: /home/gy/ROS2_Coming/02carto/colcon_ws/install/fishbot_navigation2/share/fishbot_navigation2/local_setup.dsv
[0.312s] -- Installing: /home/gy/ROS2_Coming/02carto/colcon_ws/install/fishbot_navigation2/share/fishbot_navigation2/package.dsv
[0.313s] -- Installing: /home/gy/ROS2_Coming/02carto/colcon_ws/install/fishbot_navigation2/share/ament_index/resource_index/packages/fishbot_navigation2
[0.313s] -- Installing: /home/gy/ROS2_Coming/02carto/colcon_ws/install/fishbot_navigation2/share/fishbot_navigation2/cmake/fishbot_navigation2Config.cmake
[0.313s] -- Installing: /home/gy/ROS2_Coming/02carto/colcon_ws/install/fishbot_navigation2/share/fishbot_navigation2/cmake/fishbot_navigation2Config-version.cmake
[0.313s] -- Installing: /home/gy/ROS2_Coming/02carto/colcon_ws/install/fishbot_navigation2/share/fishbot_navigation2/package.xml
[0.315s] Invoked command in '/home/gy/ROS2_Coming/02carto/colcon_ws/build/fishbot_navigation2' returned '0': CMAKE_PREFIX_PATH=/opt/ros/humble /usr/bin/cmake --install /home/gy/ROS2_Coming/02carto/colcon_ws/build/fishbot_navigation2
