[0.027s] Invoking command in '/home/u20/u20/ros2_topic_ws/build/communication_interfaces': CMAKE_PREFIX_PATH=${CMAKE_PREFIX_PATH}:/home/u20/u20/ros2_topic_ws/install/pc_status:/opt/ros/foxy /usr/bin/cmake --build /home/u20/u20/ros2_topic_ws/build/communication_interfaces -- -j12 -l12
[0.116s] [  9%] Built target communication_interfaces__cpp
[0.117s] [ 12%] Built target communication_interfaces__rosidl_generator_c
[0.157s] [ 51%] Built target communication_interfaces__rosidl_typesupport_introspection_c
[0.157s] [ 51%] Built target communication_interfaces__rosidl_typesupport_introspection_cpp
[0.158s] [ 51%] Built target communication_interfaces__rosidl_typesupport_cpp
[0.158s] [ 51%] Built target communication_interfaces__rosidl_typesupport_c
[0.165s] [ 61%] Built target communication_interfaces__rosidl_typesupport_fastrtps_cpp
[0.203s] [ 70%] Built target communication_interfaces__rosidl_typesupport_fastrtps_c
[0.237s] [ 70%] Built target communication_interfaces
[0.269s] [ 74%] Built target communication_interfaces__py
[0.301s] [ 80%] Built target communication_interfaces__python
[0.339s] [ 93%] Built target communication_interfaces__rosidl_typesupport_introspection_c__pyext
[0.340s] [ 96%] Built target communication_interfaces__rosidl_typesupport_fastrtps_c__pyext
[0.340s] [100%] Built target communication_interfaces__rosidl_typesupport_c__pyext
[0.361s] Invoked command in '/home/u20/u20/ros2_topic_ws/build/communication_interfaces' returned '0': CMAKE_PREFIX_PATH=${CMAKE_PREFIX_PATH}:/home/u20/u20/ros2_topic_ws/install/pc_status:/opt/ros/foxy /usr/bin/cmake --build /home/u20/u20/ros2_topic_ws/build/communication_interfaces -- -j12 -l12
[0.380s] Invoking command in '/home/u20/u20/ros2_topic_ws/build/communication_interfaces': CMAKE_PREFIX_PATH=${CMAKE_PREFIX_PATH}:/home/u20/u20/ros2_topic_ws/install/pc_status:/opt/ros/foxy /usr/bin/cmake --install /home/u20/u20/ros2_topic_ws/build/communication_interfaces
[0.392s] -- Install configuration: ""
[0.393s] -- Up-to-date: /home/u20/u20/ros2_topic_ws/install/communication_interfaces/share/ament_index/resource_index/rosidl_interfaces/communication_interfaces
[0.393s] -- Up-to-date: /home/u20/u20/ros2_topic_ws/install/communication_interfaces/include/communication_interfaces
[0.393s] -- Up-to-date: /home/u20/u20/ros2_topic_ws/install/communication_interfaces/include/communication_interfaces/msg
[0.393s] -- Up-to-date: /home/u20/u20/ros2_topic_ws/install/communication_interfaces/include/communication_interfaces/msg/detail
[0.393s] -- Up-to-date: /home/u20/u20/ros2_topic_ws/install/communication_interfaces/include/communication_interfaces/msg/detail/system_status__functions.h
[0.393s] -- Up-to-date: /home/u20/u20/ros2_topic_ws/install/communication_interfaces/include/communication_interfaces/msg/detail/system_status__functions.c
[0.393s] -- Up-to-date: /home/u20/u20/ros2_topic_ws/install/communication_interfaces/include/communication_interfaces/msg/detail/system_status__struct.h
[0.393s] -- Up-to-date: /home/u20/u20/ros2_topic_ws/install/communication_interfaces/include/communication_interfaces/msg/detail/system_status__type_support.h
[0.393s] -- Up-to-date: /home/u20/u20/ros2_topic_ws/install/communication_interfaces/include/communication_interfaces/msg/system_status.h
[0.393s] -- Up-to-date: /home/u20/u20/ros2_topic_ws/install/communication_interfaces/include/communication_interfaces/msg/rosidl_generator_c__visibility_control.h
[0.394s] -- Up-to-date: /home/u20/u20/ros2_topic_ws/install/communication_interfaces/share/communication_interfaces/environment/library_path.sh
[0.394s] -- Up-to-date: /home/u20/u20/ros2_topic_ws/install/communication_interfaces/share/communication_interfaces/environment/library_path.dsv
[0.394s] -- Up-to-date: /home/u20/u20/ros2_topic_ws/install/communication_interfaces/lib/libcommunication_interfaces__rosidl_generator_c.so
[0.394s] -- Up-to-date: /home/u20/u20/ros2_topic_ws/install/communication_interfaces/include/communication_interfaces
[0.394s] -- Up-to-date: /home/u20/u20/ros2_topic_ws/install/communication_interfaces/include/communication_interfaces/msg
[0.394s] -- Up-to-date: /home/u20/u20/ros2_topic_ws/install/communication_interfaces/include/communication_interfaces/msg/rosidl_typesupport_fastrtps_c__visibility_control.h
[0.394s] -- Up-to-date: /home/u20/u20/ros2_topic_ws/install/communication_interfaces/include/communication_interfaces/msg/detail
[0.394s] -- Up-to-date: /home/u20/u20/ros2_topic_ws/install/communication_interfaces/include/communication_interfaces/msg/detail/system_status__rosidl_typesupport_fastrtps_c.h
[0.394s] -- Up-to-date: /home/u20/u20/ros2_topic_ws/install/communication_interfaces/lib/libcommunication_interfaces__rosidl_typesupport_fastrtps_c.so
[0.394s] -- Up-to-date: /home/u20/u20/ros2_topic_ws/install/communication_interfaces/include/communication_interfaces
[0.395s] -- Up-to-date: /home/u20/u20/ros2_topic_ws/install/communication_interfaces/include/communication_interfaces/msg
[0.395s] -- Up-to-date: /home/u20/u20/ros2_topic_ws/install/communication_interfaces/include/communication_interfaces/msg/detail
[0.395s] -- Up-to-date: /home/u20/u20/ros2_topic_ws/install/communication_interfaces/include/communication_interfaces/msg/detail/system_status__rosidl_typesupport_fastrtps_cpp.hpp
[0.395s] -- Up-to-date: /home/u20/u20/ros2_topic_ws/install/communication_interfaces/include/communication_interfaces/msg/detail/dds_fastrtps
[0.395s] -- Up-to-date: /home/u20/u20/ros2_topic_ws/install/communication_interfaces/include/communication_interfaces/msg/rosidl_typesupport_fastrtps_cpp__visibility_control.h
[0.395s] -- Up-to-date: /home/u20/u20/ros2_topic_ws/install/communication_interfaces/lib/libcommunication_interfaces__rosidl_typesupport_fastrtps_cpp.so
[0.395s] -- Up-to-date: /home/u20/u20/ros2_topic_ws/install/communication_interfaces/include/communication_interfaces
[0.396s] -- Up-to-date: /home/u20/u20/ros2_topic_ws/install/communication_interfaces/include/communication_interfaces/msg
[0.396s] -- Up-to-date: /home/u20/u20/ros2_topic_ws/install/communication_interfaces/include/communication_interfaces/msg/rosidl_typesupport_introspection_c__visibility_control.h
[0.396s] -- Up-to-date: /home/u20/u20/ros2_topic_ws/install/communication_interfaces/include/communication_interfaces/msg/detail
[0.396s] -- Up-to-date: /home/u20/u20/ros2_topic_ws/install/communication_interfaces/include/communication_interfaces/msg/detail/system_status__type_support.c
[0.396s] -- Up-to-date: /home/u20/u20/ros2_topic_ws/install/communication_interfaces/include/communication_interfaces/msg/detail/system_status__rosidl_typesupport_introspection_c.h
[0.396s] -- Up-to-date: /home/u20/u20/ros2_topic_ws/install/communication_interfaces/lib/libcommunication_interfaces__rosidl_typesupport_introspection_c.so
[0.396s] -- Up-to-date: /home/u20/u20/ros2_topic_ws/install/communication_interfaces/lib/libcommunication_interfaces__rosidl_typesupport_c.so
[0.397s] -- Up-to-date: /home/u20/u20/ros2_topic_ws/install/communication_interfaces/include/communication_interfaces
[0.397s] -- Up-to-date: /home/u20/u20/ros2_topic_ws/install/communication_interfaces/include/communication_interfaces/msg
[0.397s] -- Up-to-date: /home/u20/u20/ros2_topic_ws/install/communication_interfaces/include/communication_interfaces/msg/system_status.hpp
[0.397s] -- Up-to-date: /home/u20/u20/ros2_topic_ws/install/communication_interfaces/include/communication_interfaces/msg/detail
[0.397s] -- Up-to-date: /home/u20/u20/ros2_topic_ws/install/communication_interfaces/include/communication_interfaces/msg/detail/system_status__struct.hpp
[0.398s] -- Up-to-date: /home/u20/u20/ros2_topic_ws/install/communication_interfaces/include/communication_interfaces/msg/detail/system_status__traits.hpp
[0.398s] -- Up-to-date: /home/u20/u20/ros2_topic_ws/install/communication_interfaces/include/communication_interfaces/msg/detail/system_status__builder.hpp
[0.398s] -- Up-to-date: /home/u20/u20/ros2_topic_ws/install/communication_interfaces/include/communication_interfaces/msg/detail/system_status__type_support.hpp
[0.398s] -- Up-to-date: /home/u20/u20/ros2_topic_ws/install/communication_interfaces/include/communication_interfaces/msg/rosidl_generator_cpp__visibility_control.hpp
[0.398s] -- Up-to-date: /home/u20/u20/ros2_topic_ws/install/communication_interfaces/include/communication_interfaces
[0.398s] -- Up-to-date: /home/u20/u20/ros2_topic_ws/install/communication_interfaces/include/communication_interfaces/msg
[0.398s] -- Up-to-date: /home/u20/u20/ros2_topic_ws/install/communication_interfaces/include/communication_interfaces/msg/detail
[0.398s] -- Up-to-date: /home/u20/u20/ros2_topic_ws/install/communication_interfaces/include/communication_interfaces/msg/detail/system_status__rosidl_typesupport_introspection_cpp.hpp
[0.398s] -- Up-to-date: /home/u20/u20/ros2_topic_ws/install/communication_interfaces/include/communication_interfaces/msg/detail/system_status__type_support.cpp
[0.399s] -- Up-to-date: /home/u20/u20/ros2_topic_ws/install/communication_interfaces/lib/libcommunication_interfaces__rosidl_typesupport_introspection_cpp.so
[0.399s] -- Up-to-date: /home/u20/u20/ros2_topic_ws/install/communication_interfaces/lib/libcommunication_interfaces__rosidl_typesupport_cpp.so
[0.399s] -- Up-to-date: /home/u20/u20/ros2_topic_ws/install/communication_interfaces/share/communication_interfaces/environment/pythonpath.sh
[0.399s] -- Up-to-date: /home/u20/u20/ros2_topic_ws/install/communication_interfaces/share/communication_interfaces/environment/pythonpath.dsv
[0.399s] -- Up-to-date: /home/u20/u20/ros2_topic_ws/install/communication_interfaces/lib/python3.8/site-packages/communication_interfaces/__init__.py
[0.450s] -- Up-to-date: /home/u20/u20/ros2_topic_ws/install/communication_interfaces/lib/python3.8/site-packages/communication_interfaces/msg
[0.451s] -- Up-to-date: /home/u20/u20/ros2_topic_ws/install/communication_interfaces/lib/python3.8/site-packages/communication_interfaces/msg/_system_status_s.c
[0.451s] -- Up-to-date: /home/u20/u20/ros2_topic_ws/install/communication_interfaces/lib/python3.8/site-packages/communication_interfaces/msg/__init__.py
[0.451s] -- Up-to-date: /home/u20/u20/ros2_topic_ws/install/communication_interfaces/lib/python3.8/site-packages/communication_interfaces/msg/_system_status.py
[0.451s] -- Up-to-date: /home/u20/u20/ros2_topic_ws/install/communication_interfaces/lib/python3.8/site-packages/communication_interfaces/communication_interfaces_s__rosidl_typesupport_fastrtps_c.cpython-38-x86_64-linux-gnu.so
[0.452s] -- Up-to-date: /home/u20/u20/ros2_topic_ws/install/communication_interfaces/lib/python3.8/site-packages/communication_interfaces/communication_interfaces_s__rosidl_typesupport_introspection_c.cpython-38-x86_64-linux-gnu.so
[0.453s] -- Up-to-date: /home/u20/u20/ros2_topic_ws/install/communication_interfaces/lib/python3.8/site-packages/communication_interfaces/communication_interfaces_s__rosidl_typesupport_c.cpython-38-x86_64-linux-gnu.so
[0.454s] -- Up-to-date: /home/u20/u20/ros2_topic_ws/install/communication_interfaces/lib/libcommunication_interfaces__python.so
[0.454s] -- Up-to-date: /home/u20/u20/ros2_topic_ws/install/communication_interfaces/share/communication_interfaces/msg/SystemStatus.idl
[0.454s] -- Up-to-date: /home/u20/u20/ros2_topic_ws/install/communication_interfaces/share/communication_interfaces/msg/SystemStatus.msg
[0.454s] -- Up-to-date: /home/u20/u20/ros2_topic_ws/install/communication_interfaces/share/ament_index/resource_index/package_run_dependencies/communication_interfaces
[0.454s] -- Up-to-date: /home/u20/u20/ros2_topic_ws/install/communication_interfaces/share/ament_index/resource_index/parent_prefix_path/communication_interfaces
[0.455s] -- Up-to-date: /home/u20/u20/ros2_topic_ws/install/communication_interfaces/share/communication_interfaces/environment/ament_prefix_path.sh
[0.455s] -- Up-to-date: /home/u20/u20/ros2_topic_ws/install/communication_interfaces/share/communication_interfaces/environment/ament_prefix_path.dsv
[0.455s] -- Up-to-date: /home/u20/u20/ros2_topic_ws/install/communication_interfaces/share/communication_interfaces/environment/path.sh
[0.455s] -- Up-to-date: /home/u20/u20/ros2_topic_ws/install/communication_interfaces/share/communication_interfaces/environment/path.dsv
[0.455s] -- Up-to-date: /home/u20/u20/ros2_topic_ws/install/communication_interfaces/share/communication_interfaces/local_setup.bash
[0.455s] -- Up-to-date: /home/u20/u20/ros2_topic_ws/install/communication_interfaces/share/communication_interfaces/local_setup.sh
[0.455s] -- Up-to-date: /home/u20/u20/ros2_topic_ws/install/communication_interfaces/share/communication_interfaces/local_setup.zsh
[0.456s] -- Up-to-date: /home/u20/u20/ros2_topic_ws/install/communication_interfaces/share/communication_interfaces/local_setup.dsv
[0.456s] -- Installing: /home/u20/u20/ros2_topic_ws/install/communication_interfaces/share/communication_interfaces/package.dsv
[0.456s] -- Up-to-date: /home/u20/u20/ros2_topic_ws/install/communication_interfaces/share/ament_index/resource_index/packages/communication_interfaces
[0.456s] -- Up-to-date: /home/u20/u20/ros2_topic_ws/install/communication_interfaces/share/communication_interfaces/cmake/communication_interfaces__rosidl_generator_cExport.cmake
[0.456s] -- Up-to-date: /home/u20/u20/ros2_topic_ws/install/communication_interfaces/share/communication_interfaces/cmake/communication_interfaces__rosidl_generator_cExport-noconfig.cmake
[0.456s] -- Up-to-date: /home/u20/u20/ros2_topic_ws/install/communication_interfaces/share/communication_interfaces/cmake/communication_interfaces__rosidl_typesupport_introspection_cExport.cmake
[0.456s] -- Up-to-date: /home/u20/u20/ros2_topic_ws/install/communication_interfaces/share/communication_interfaces/cmake/communication_interfaces__rosidl_typesupport_introspection_cExport-noconfig.cmake
[0.457s] -- Up-to-date: /home/u20/u20/ros2_topic_ws/install/communication_interfaces/share/communication_interfaces/cmake/communication_interfaces__rosidl_typesupport_cExport.cmake
[0.457s] -- Up-to-date: /home/u20/u20/ros2_topic_ws/install/communication_interfaces/share/communication_interfaces/cmake/communication_interfaces__rosidl_typesupport_cExport-noconfig.cmake
[0.457s] -- Up-to-date: /home/u20/u20/ros2_topic_ws/install/communication_interfaces/share/communication_interfaces/cmake/communication_interfaces__rosidl_generator_cppExport.cmake
[0.457s] -- Up-to-date: /home/u20/u20/ros2_topic_ws/install/communication_interfaces/share/communication_interfaces/cmake/communication_interfaces__rosidl_typesupport_introspection_cppExport.cmake
[0.457s] -- Up-to-date: /home/u20/u20/ros2_topic_ws/install/communication_interfaces/share/communication_interfaces/cmake/communication_interfaces__rosidl_typesupport_introspection_cppExport-noconfig.cmake
[0.457s] -- Up-to-date: /home/u20/u20/ros2_topic_ws/install/communication_interfaces/share/communication_interfaces/cmake/communication_interfaces__rosidl_typesupport_cppExport.cmake
[0.458s] -- Up-to-date: /home/u20/u20/ros2_topic_ws/install/communication_interfaces/share/communication_interfaces/cmake/communication_interfaces__rosidl_typesupport_cppExport-noconfig.cmake
[0.458s] -- Up-to-date: /home/u20/u20/ros2_topic_ws/install/communication_interfaces/share/communication_interfaces/cmake/rosidl_cmake-extras.cmake
[0.458s] -- Up-to-date: /home/u20/u20/ros2_topic_ws/install/communication_interfaces/share/communication_interfaces/cmake/ament_cmake_export_dependencies-extras.cmake
[0.458s] -- Up-to-date: /home/u20/u20/ros2_topic_ws/install/communication_interfaces/share/communication_interfaces/cmake/ament_cmake_export_libraries-extras.cmake
[0.458s] -- Up-to-date: /home/u20/u20/ros2_topic_ws/install/communication_interfaces/share/communication_interfaces/cmake/ament_cmake_export_targets-extras.cmake
[0.458s] -- Up-to-date: /home/u20/u20/ros2_topic_ws/install/communication_interfaces/share/communication_interfaces/cmake/ament_cmake_export_include_directories-extras.cmake
[0.458s] -- Up-to-date: /home/u20/u20/ros2_topic_ws/install/communication_interfaces/share/communication_interfaces/cmake/rosidl_cmake_export_typesupport_libraries-extras.cmake
[0.458s] -- Up-to-date: /home/u20/u20/ros2_topic_ws/install/communication_interfaces/share/communication_interfaces/cmake/rosidl_cmake_export_typesupport_targets-extras.cmake
[0.458s] -- Up-to-date: /home/u20/u20/ros2_topic_ws/install/communication_interfaces/share/communication_interfaces/cmake/communication_interfacesConfig.cmake
[0.459s] -- Up-to-date: /home/u20/u20/ros2_topic_ws/install/communication_interfaces/share/communication_interfaces/cmake/communication_interfacesConfig-version.cmake
[0.459s] -- Up-to-date: /home/u20/u20/ros2_topic_ws/install/communication_interfaces/share/communication_interfaces/package.xml
[0.462s] Invoked command in '/home/u20/u20/ros2_topic_ws/build/communication_interfaces' returned '0': CMAKE_PREFIX_PATH=${CMAKE_PREFIX_PATH}:/home/u20/u20/ros2_topic_ws/install/pc_status:/opt/ros/foxy /usr/bin/cmake --install /home/u20/u20/ros2_topic_ws/build/communication_interfaces
