running egg_info
writing ../../build/pc_status/pc_status.egg-info/PKG-INFO
writing dependency_links to ../../build/pc_status/pc_status.egg-info/dependency_links.txt
writing entry points to ../../build/pc_status/pc_status.egg-info/entry_points.txt
writing requirements to ../../build/pc_status/pc_status.egg-info/requires.txt
writing top-level names to ../../build/pc_status/pc_status.egg-info/top_level.txt
reading manifest file '../../build/pc_status/pc_status.egg-info/SOURCES.txt'
writing manifest file '../../build/pc_status/pc_status.egg-info/SOURCES.txt'
running build
running build_py
copying pc_status/sys_sub.py -> /home/u20/u20/ros2_topic_ws/build/pc_status/build/lib/pc_status
running install
running install_lib
copying /home/u20/u20/ros2_topic_ws/build/pc_status/build/lib/pc_status/sys_sub.py -> /home/u20/u20/ros2_topic_ws/install/pc_status/lib/python3.8/site-packages/pc_status
byte-compiling /home/u20/u20/ros2_topic_ws/install/pc_status/lib/python3.8/site-packages/pc_status/sys_sub.py to sys_sub.cpython-38.pyc
running install_data
running install_egg_info
removing '/home/u20/u20/ros2_topic_ws/install/pc_status/lib/python3.8/site-packages/pc_status-0.0.0-py3.8.egg-info' (and everything under it)
Copying ../../build/pc_status/pc_status.egg-info to /home/u20/u20/ros2_topic_ws/install/pc_status/lib/python3.8/site-packages/pc_status-0.0.0-py3.8.egg-info
running install_scripts
Installing system_status_visualizer script to /home/u20/u20/ros2_topic_ws/install/pc_status/lib/pc_status
writing list of installed files to '/home/u20/u20/ros2_topic_ws/build/pc_status/install.log'
