[0.587s] Invoking command in '/home/u20/u20/ros2_topic_ws/src/pc_status': PYTHONPATH=/home/u20/u20/ros2_topic_ws/build/pc_status/prefix_override:/usr/lib/python3/dist-packages/colcon_core/task/python/colcon_distutils_commands:/home/u20/u20/ros2_topic_ws/install/pc_status/lib/python3.8/site-packages:/home/u20/u20/ros2_topic_ws/install/communication_interfaces/lib/python3.8/site-packages:/home/u20/u20/ros2_topic_ws/install/pc_status/lib/python3.8/site-packages:/opt/ros/foxy/lib/python3.8/site-packages /usr/bin/python3 -W ignore:setup.py install is deprecated -W ignore:easy_install command is deprecated setup.py egg_info --egg-base ../../build/pc_status build --build-base /home/u20/u20/ros2_topic_ws/build/pc_status/build install --record /home/u20/u20/ros2_topic_ws/build/pc_status/install.log --install-scripts $base/lib/pc_status --single-version-externally-managed install_data
[0.769s] running egg_info
[0.770s] writing ../../build/pc_status/pc_status.egg-info/PKG-INFO
[0.771s] writing dependency_links to ../../build/pc_status/pc_status.egg-info/dependency_links.txt
[0.771s] writing entry points to ../../build/pc_status/pc_status.egg-info/entry_points.txt
[0.771s] writing requirements to ../../build/pc_status/pc_status.egg-info/requires.txt
[0.771s] writing top-level names to ../../build/pc_status/pc_status.egg-info/top_level.txt
[0.799s] reading manifest file '../../build/pc_status/pc_status.egg-info/SOURCES.txt'
[0.800s] writing manifest file '../../build/pc_status/pc_status.egg-info/SOURCES.txt'
[0.800s] running build
[0.800s] running build_py
[0.801s] copying pc_status/sys_sub.py -> /home/u20/u20/ros2_topic_ws/build/pc_status/build/lib/pc_status
[0.801s] running install
[0.801s] running install_lib
[0.802s] copying /home/u20/u20/ros2_topic_ws/build/pc_status/build/lib/pc_status/sys_sub.py -> /home/u20/u20/ros2_topic_ws/install/pc_status/lib/python3.8/site-packages/pc_status
[0.803s] byte-compiling /home/u20/u20/ros2_topic_ws/install/pc_status/lib/python3.8/site-packages/pc_status/sys_sub.py to sys_sub.cpython-38.pyc
[0.806s] running install_data
[0.807s] running install_egg_info
[0.809s] removing '/home/u20/u20/ros2_topic_ws/install/pc_status/lib/python3.8/site-packages/pc_status-0.0.0-py3.8.egg-info' (and everything under it)
[0.809s] Copying ../../build/pc_status/pc_status.egg-info to /home/u20/u20/ros2_topic_ws/install/pc_status/lib/python3.8/site-packages/pc_status-0.0.0-py3.8.egg-info
[0.810s] running install_scripts
[0.831s] Installing system_status_visualizer script to /home/u20/u20/ros2_topic_ws/install/pc_status/lib/pc_status
[0.831s] writing list of installed files to '/home/u20/u20/ros2_topic_ws/build/pc_status/install.log'
[0.850s] Invoked command in '/home/u20/u20/ros2_topic_ws/src/pc_status' returned '0': PYTHONPATH=/home/u20/u20/ros2_topic_ws/build/pc_status/prefix_override:/usr/lib/python3/dist-packages/colcon_core/task/python/colcon_distutils_commands:/home/u20/u20/ros2_topic_ws/install/pc_status/lib/python3.8/site-packages:/home/u20/u20/ros2_topic_ws/install/communication_interfaces/lib/python3.8/site-packages:/home/u20/u20/ros2_topic_ws/install/pc_status/lib/python3.8/site-packages:/opt/ros/foxy/lib/python3.8/site-packages /usr/bin/python3 -W ignore:setup.py install is deprecated -W ignore:easy_install command is deprecated setup.py egg_info --egg-base ../../build/pc_status build --build-base /home/u20/u20/ros2_topic_ws/build/pc_status/build install --record /home/u20/u20/ros2_topic_ws/build/pc_status/install.log --install-scripts $base/lib/pc_status --single-version-externally-managed install_data
