[0.009s] Invoking command in '/home/gy/ROS2_Coming/00ROS2/B-ROS2-chapter1/colcon_ws/build/topic1': CMAKE_PREFIX_PATH=/opt/ros/humble /usr/bin/cmake /home/gy/ROS2_Coming/00ROS2/B-ROS2-chapter1/colcon_ws/src/topic1 -DCMAKE_INSTALL_PREFIX=/home/gy/ROS2_Coming/00ROS2/B-ROS2-chapter1/colcon_ws/install/topic1
[0.064s] -- The C compiler identification is GNU 11.4.0
[0.124s] -- The CXX compiler identification is GNU 11.4.0
[0.133s] -- Detecting C compiler ABI info
[0.201s] -- Detecting C compiler ABI info - done
[0.208s] -- Check for working C compiler: /usr/bin/cc - skipped
[0.208s] -- Detecting C compile features
[0.208s] -- Detecting C compile features - done
[0.212s] -- Detecting CXX compiler ABI info
[0.294s] -- Detecting CXX compiler ABI info - done
[0.303s] -- Check for working CXX compiler: /usr/bin/c++ - skipped
[0.304s] -- Detecting CXX compile features
[0.304s] -- Detecting CXX compile features - done
[0.306s] -- Found ament_cmake: 1.3.10 (/opt/ros/humble/share/ament_cmake/cmake)
[0.538s] -- Found Python3: /usr/bin/python3 (found version "3.10.12") found components: Interpreter 
[0.623s] -- Found rclcpp: 16.0.10 (/opt/ros/humble/share/rclcpp/cmake)
[0.660s] -- Found rosidl_generator_c: 3.1.5 (/opt/ros/humble/share/rosidl_generator_c/cmake)
[0.663s] -- Found rosidl_adapter: 3.1.5 (/opt/ros/humble/share/rosidl_adapter/cmake)
[0.670s] -- Found rosidl_generator_cpp: 3.1.5 (/opt/ros/humble/share/rosidl_generator_cpp/cmake)
[0.681s] -- Using all available rosidl_typesupport_c: rosidl_typesupport_fastrtps_c;rosidl_typesupport_introspection_c
[0.696s] -- Using all available rosidl_typesupport_cpp: rosidl_typesupport_fastrtps_cpp;rosidl_typesupport_introspection_cpp
[0.735s] -- Found rmw_implementation_cmake: 6.1.2 (/opt/ros/humble/share/rmw_implementation_cmake/cmake)
[0.737s] -- Found rmw_fastrtps_cpp: 6.2.7 (/opt/ros/humble/share/rmw_fastrtps_cpp/cmake)
[0.811s] -- Found OpenSSL: /usr/lib/x86_64-linux-gnu/libcrypto.so (found version "3.0.2")  
[0.841s] -- Found FastRTPS: /opt/ros/humble/include  
[0.879s] -- Using RMW implementation 'rmw_fastrtps_cpp' as default
[0.896s] -- Looking for pthread.h
[0.970s] -- Looking for pthread.h - found
[0.970s] -- Performing Test CMAKE_HAVE_LIBC_PTHREAD
[1.045s] -- Performing Test CMAKE_HAVE_LIBC_PTHREAD - Success
[1.046s] -- Found Threads: TRUE  
[1.094s] -- Found ament_lint_auto: 0.12.11 (/opt/ros/humble/share/ament_lint_auto/cmake)
[1.171s] -- Added test 'cppcheck' to perform static code analysis on C / C++ code
[1.171s] -- Configured cppcheck include dirs: 
[1.171s] -- Configured cppcheck exclude dirs and/or files: 
[1.172s] -- Added test 'lint_cmake' to check CMake code style
[1.173s] -- Added test 'uncrustify' to check C / C++ code style
[1.173s] -- Configured uncrustify additional arguments: 
[1.174s] -- Added test 'xmllint' to check XML markup files
[1.177s] -- Configuring done
[1.189s] -- Generating done
[1.190s] -- Build files have been written to: /home/gy/ROS2_Coming/00ROS2/B-ROS2-chapter1/colcon_ws/build/topic1
[1.200s] Invoked command in '/home/gy/ROS2_Coming/00ROS2/B-ROS2-chapter1/colcon_ws/build/topic1' returned '0': CMAKE_PREFIX_PATH=/opt/ros/humble /usr/bin/cmake /home/gy/ROS2_Coming/00ROS2/B-ROS2-chapter1/colcon_ws/src/topic1 -DCMAKE_INSTALL_PREFIX=/home/gy/ROS2_Coming/00ROS2/B-ROS2-chapter1/colcon_ws/install/topic1
[1.200s] Invoking command in '/home/gy/ROS2_Coming/00ROS2/B-ROS2-chapter1/colcon_ws/build/topic1': CMAKE_PREFIX_PATH=/opt/ros/humble /usr/bin/cmake --build /home/gy/ROS2_Coming/00ROS2/B-ROS2-chapter1/colcon_ws/build/topic1 -- -j12 -l12
[1.249s] [ 50%] [32mBuilding CXX object CMakeFiles/pub.dir/src/pub.cpp.o[0m
[1.249s] [ 50%] [32mBuilding CXX object CMakeFiles/sub.dir/src/sub.cpp.o[0m
[6.296s] [ 75%] [32m[1mLinking CXX executable pub[0m
[6.553s] [ 75%] Built target pub
[9.918s] [100%] [32m[1mLinking CXX executable sub[0m
[10.293s] [100%] Built target sub
[10.305s] Invoked command in '/home/gy/ROS2_Coming/00ROS2/B-ROS2-chapter1/colcon_ws/build/topic1' returned '0': CMAKE_PREFIX_PATH=/opt/ros/humble /usr/bin/cmake --build /home/gy/ROS2_Coming/00ROS2/B-ROS2-chapter1/colcon_ws/build/topic1 -- -j12 -l12
[10.339s] Invoking command in '/home/gy/ROS2_Coming/00ROS2/B-ROS2-chapter1/colcon_ws/build/topic1': CMAKE_PREFIX_PATH=/opt/ros/humble /usr/bin/cmake --install /home/gy/ROS2_Coming/00ROS2/B-ROS2-chapter1/colcon_ws/build/topic1
[10.347s] -- Install configuration: ""
[10.347s] -- Installing: /home/gy/ROS2_Coming/00ROS2/B-ROS2-chapter1/colcon_ws/install/topic1/share/ament_index/resource_index/package_run_dependencies/topic1
[10.348s] -- Installing: /home/gy/ROS2_Coming/00ROS2/B-ROS2-chapter1/colcon_ws/install/topic1/share/ament_index/resource_index/parent_prefix_path/topic1
[10.348s] -- Installing: /home/gy/ROS2_Coming/00ROS2/B-ROS2-chapter1/colcon_ws/install/topic1/share/topic1/environment/ament_prefix_path.sh
[10.348s] -- Installing: /home/gy/ROS2_Coming/00ROS2/B-ROS2-chapter1/colcon_ws/install/topic1/share/topic1/environment/ament_prefix_path.dsv
[10.348s] -- Installing: /home/gy/ROS2_Coming/00ROS2/B-ROS2-chapter1/colcon_ws/install/topic1/share/topic1/environment/path.sh
[10.348s] -- Installing: /home/gy/ROS2_Coming/00ROS2/B-ROS2-chapter1/colcon_ws/install/topic1/share/topic1/environment/path.dsv
[10.348s] -- Installing: /home/gy/ROS2_Coming/00ROS2/B-ROS2-chapter1/colcon_ws/install/topic1/share/topic1/local_setup.bash
[10.348s] -- Installing: /home/gy/ROS2_Coming/00ROS2/B-ROS2-chapter1/colcon_ws/install/topic1/share/topic1/local_setup.sh
[10.349s] -- Installing: /home/gy/ROS2_Coming/00ROS2/B-ROS2-chapter1/colcon_ws/install/topic1/share/topic1/local_setup.zsh
[10.349s] -- Installing: /home/gy/ROS2_Coming/00ROS2/B-ROS2-chapter1/colcon_ws/install/topic1/share/topic1/local_setup.dsv
[10.349s] -- Installing: /home/gy/ROS2_Coming/00ROS2/B-ROS2-chapter1/colcon_ws/install/topic1/share/topic1/package.dsv
[10.349s] -- Installing: /home/gy/ROS2_Coming/00ROS2/B-ROS2-chapter1/colcon_ws/install/topic1/share/ament_index/resource_index/packages/topic1
[10.349s] -- Installing: /home/gy/ROS2_Coming/00ROS2/B-ROS2-chapter1/colcon_ws/install/topic1/share/topic1/cmake/topic1Config.cmake
[10.349s] -- Installing: /home/gy/ROS2_Coming/00ROS2/B-ROS2-chapter1/colcon_ws/install/topic1/share/topic1/cmake/topic1Config-version.cmake
[10.349s] -- Installing: /home/gy/ROS2_Coming/00ROS2/B-ROS2-chapter1/colcon_ws/install/topic1/share/topic1/package.xml
[10.350s] -- Installing: /home/gy/ROS2_Coming/00ROS2/B-ROS2-chapter1/colcon_ws/install/topic1/lib/topic1/pub
[10.351s] -- Set runtime path of "/home/gy/ROS2_Coming/00ROS2/B-ROS2-chapter1/colcon_ws/install/topic1/lib/topic1/pub" to ""
[10.351s] -- Installing: /home/gy/ROS2_Coming/00ROS2/B-ROS2-chapter1/colcon_ws/install/topic1/lib/topic1/sub
[10.355s] -- Set runtime path of "/home/gy/ROS2_Coming/00ROS2/B-ROS2-chapter1/colcon_ws/install/topic1/lib/topic1/sub" to ""
[10.357s] Invoked command in '/home/gy/ROS2_Coming/00ROS2/B-ROS2-chapter1/colcon_ws/build/topic1' returned '0': CMAKE_PREFIX_PATH=/opt/ros/humble /usr/bin/cmake --install /home/gy/ROS2_Coming/00ROS2/B-ROS2-chapter1/colcon_ws/build/topic1
