[35m[1mConsolidate compiler generated dependencies of target ser[0m
[35m[1mConsolidate compiler generated dependencies of target cli[0m
[ 50%] Built target cli
[ 75%] [32mBuilding CXX object CMakeFiles/ser.dir/src/ser.cpp.o[0m
[100%] [32m[1mLinking CXX executable ser[0m
[100%] Built target ser
-- Install configuration: ""
-- Installing: /home/gy/changshu/B-ROS2-chapter1/colcon_ws/install/services1/share/ament_index/resource_index/package_run_dependencies/services1
-- Installing: /home/gy/changshu/B-ROS2-chapter1/colcon_ws/install/services1/share/ament_index/resource_index/parent_prefix_path/services1
-- Installing: /home/gy/changshu/B-ROS2-chapter1/colcon_ws/install/services1/share/services1/environment/ament_prefix_path.sh
-- Installing: /home/gy/changshu/B-ROS2-chapter1/colcon_ws/install/services1/share/services1/environment/ament_prefix_path.dsv
-- Installing: /home/gy/changshu/B-ROS2-chapter1/colcon_ws/install/services1/share/services1/environment/path.sh
-- Installing: /home/gy/changshu/B-ROS2-chapter1/colcon_ws/install/services1/share/services1/environment/path.dsv
-- Installing: /home/gy/changshu/B-ROS2-chapter1/colcon_ws/install/services1/share/services1/local_setup.bash
-- Installing: /home/gy/changshu/B-ROS2-chapter1/colcon_ws/install/services1/share/services1/local_setup.sh
-- Installing: /home/gy/changshu/B-ROS2-chapter1/colcon_ws/install/services1/share/services1/local_setup.zsh
-- Installing: /home/gy/changshu/B-ROS2-chapter1/colcon_ws/install/services1/share/services1/local_setup.dsv
-- Installing: /home/gy/changshu/B-ROS2-chapter1/colcon_ws/install/services1/share/services1/package.dsv
-- Installing: /home/gy/changshu/B-ROS2-chapter1/colcon_ws/install/services1/share/ament_index/resource_index/packages/services1
-- Installing: /home/gy/changshu/B-ROS2-chapter1/colcon_ws/install/services1/share/services1/cmake/services1Config.cmake
-- Installing: /home/gy/changshu/B-ROS2-chapter1/colcon_ws/install/services1/share/services1/cmake/services1Config-version.cmake
-- Installing: /home/gy/changshu/B-ROS2-chapter1/colcon_ws/install/services1/share/services1/package.xml
-- Installing: /home/gy/changshu/B-ROS2-chapter1/colcon_ws/install/services1/lib/services1/ser
-- Set runtime path of "/home/gy/changshu/B-ROS2-chapter1/colcon_ws/install/services1/lib/services1/ser" to ""
-- Installing: /home/gy/changshu/B-ROS2-chapter1/colcon_ws/install/services1/lib/services1/cli
-- Set runtime path of "/home/gy/changshu/B-ROS2-chapter1/colcon_ws/install/services1/lib/services1/cli" to ""
