[0.575s] Invoking command in '/home/u20/rov-ros-2/ROS2_Coming/ros2_ws/src/usm_node': AMENT_PREFIX_PATH=/home/u20/rov-ros-2/ROS2_Coming/ros2_ws/install/usm_interface:/home/u20/rov-ros-2/ROS2_Coming/ros2_ws/install/communication_interfaces:${AMENT_PREFIX_PATH} CMAKE_PREFIX_PATH=/home/u20/rov-ros-2/ROS2_Coming/ros2_ws/install/usm_interface:/home/u20/rov-ros-2/ROS2_Coming/ros2_ws/install/communication_interfaces LD_LIBRARY_PATH=/home/u20/rov-ros-2/ROS2_Coming/ros2_ws/install/usm_interface/lib:/home/u20/rov-ros-2/ROS2_Coming/ros2_ws/install/communication_interfaces/lib:${LD_LIBRARY_PATH} PYTHONPATH=/home/u20/rov-ros-2/ROS2_Coming/ros2_ws/build/usm_node/prefix_override:/usr/lib/python3/dist-packages/colcon_core/task/python/colcon_distutils_commands:/home/u20/rov-ros-2/ROS2_Coming/ros2_ws/install/usm_node/lib/python3.8/site-packages:/home/u20/rov-ros-2/ROS2_Coming/ros2_ws/install/usm_interface/lib/python3.8/site-packages:/home/u20/rov-ros-2/ROS2_Coming/ros2_ws/install/communication_interfaces/lib/python3.8/site-packages:${PYTHONPATH} /usr/bin/python3 -W ignore:setup.py install is deprecated -W ignore:easy_install command is deprecated setup.py egg_info --egg-base ../../build/usm_node build --build-base /home/u20/rov-ros-2/ROS2_Coming/ros2_ws/build/usm_node/build install --record /home/u20/rov-ros-2/ROS2_Coming/ros2_ws/build/usm_node/install.log --install-scripts $base/lib/usm_node --single-version-externally-managed install_data
[0.754s] running egg_info
[0.754s] creating ../../build/usm_node/usm_node.egg-info
[0.755s] writing ../../build/usm_node/usm_node.egg-info/PKG-INFO
[0.755s] writing dependency_links to ../../build/usm_node/usm_node.egg-info/dependency_links.txt
[0.755s] writing entry points to ../../build/usm_node/usm_node.egg-info/entry_points.txt
[0.755s] writing requirements to ../../build/usm_node/usm_node.egg-info/requires.txt
[0.755s] writing top-level names to ../../build/usm_node/usm_node.egg-info/top_level.txt
[0.764s] writing manifest file '../../build/usm_node/usm_node.egg-info/SOURCES.txt'
[0.790s] reading manifest file '../../build/usm_node/usm_node.egg-info/SOURCES.txt'
[0.791s] writing manifest file '../../build/usm_node/usm_node.egg-info/SOURCES.txt'
[0.791s] running build
[0.791s] running build_py
[0.791s] creating /home/u20/rov-ros-2/ROS2_Coming/ros2_ws/build/usm_node/build
[0.791s] creating /home/u20/rov-ros-2/ROS2_Coming/ros2_ws/build/usm_node/build/lib
[0.792s] creating /home/u20/rov-ros-2/ROS2_Coming/ros2_ws/build/usm_node/build/lib/usm_node
[0.792s] copying usm_node/cabins_publisher.py -> /home/u20/rov-ros-2/ROS2_Coming/ros2_ws/build/usm_node/build/lib/usm_node
[0.792s] copying usm_node/cabins_subscriber.py -> /home/u20/rov-ros-2/ROS2_Coming/ros2_ws/build/usm_node/build/lib/usm_node
[0.792s] copying usm_node/__init__.py -> /home/u20/rov-ros-2/ROS2_Coming/ros2_ws/build/usm_node/build/lib/usm_node
[0.792s] running install
[0.792s] running install_lib
[0.793s] creating /home/u20/rov-ros-2/ROS2_Coming/ros2_ws/install/usm_node/lib/python3.8/site-packages/usm_node
[0.793s] copying /home/u20/rov-ros-2/ROS2_Coming/ros2_ws/build/usm_node/build/lib/usm_node/cabins_publisher.py -> /home/u20/rov-ros-2/ROS2_Coming/ros2_ws/install/usm_node/lib/python3.8/site-packages/usm_node
[0.793s] copying /home/u20/rov-ros-2/ROS2_Coming/ros2_ws/build/usm_node/build/lib/usm_node/cabins_subscriber.py -> /home/u20/rov-ros-2/ROS2_Coming/ros2_ws/install/usm_node/lib/python3.8/site-packages/usm_node
[0.793s] copying /home/u20/rov-ros-2/ROS2_Coming/ros2_ws/build/usm_node/build/lib/usm_node/__init__.py -> /home/u20/rov-ros-2/ROS2_Coming/ros2_ws/install/usm_node/lib/python3.8/site-packages/usm_node
[0.794s] byte-compiling /home/u20/rov-ros-2/ROS2_Coming/ros2_ws/install/usm_node/lib/python3.8/site-packages/usm_node/cabins_publisher.py to cabins_publisher.cpython-38.pyc
[0.795s] byte-compiling /home/u20/rov-ros-2/ROS2_Coming/ros2_ws/install/usm_node/lib/python3.8/site-packages/usm_node/cabins_subscriber.py to cabins_subscriber.cpython-38.pyc
[0.795s] byte-compiling /home/u20/rov-ros-2/ROS2_Coming/ros2_ws/install/usm_node/lib/python3.8/site-packages/usm_node/__init__.py to __init__.cpython-38.pyc
[0.795s] running install_data
[0.795s] creating /home/u20/rov-ros-2/ROS2_Coming/ros2_ws/install/usm_node/share/ament_index
[0.795s] creating /home/u20/rov-ros-2/ROS2_Coming/ros2_ws/install/usm_node/share/ament_index/resource_index
[0.796s] creating /home/u20/rov-ros-2/ROS2_Coming/ros2_ws/install/usm_node/share/ament_index/resource_index/packages
[0.796s] copying resource/usm_node -> /home/u20/rov-ros-2/ROS2_Coming/ros2_ws/install/usm_node/share/ament_index/resource_index/packages
[0.796s] copying package.xml -> /home/u20/rov-ros-2/ROS2_Coming/ros2_ws/install/usm_node/share/usm_node
[0.796s] running install_egg_info
[0.797s] Copying ../../build/usm_node/usm_node.egg-info to /home/u20/rov-ros-2/ROS2_Coming/ros2_ws/install/usm_node/lib/python3.8/site-packages/usm_node-0.0.0-py3.8.egg-info
[0.797s] running install_scripts
[0.813s] Installing all_cabins_publisher script to /home/u20/rov-ros-2/ROS2_Coming/ros2_ws/install/usm_node/lib/usm_node
[0.813s] Installing all_cabins_subscriber script to /home/u20/rov-ros-2/ROS2_Coming/ros2_ws/install/usm_node/lib/usm_node
[0.813s] writing list of installed files to '/home/u20/rov-ros-2/ROS2_Coming/ros2_ws/build/usm_node/install.log'
[0.838s] Invoked command in '/home/u20/rov-ros-2/ROS2_Coming/ros2_ws/src/usm_node' returned '0': AMENT_PREFIX_PATH=/home/u20/rov-ros-2/ROS2_Coming/ros2_ws/install/usm_interface:/home/u20/rov-ros-2/ROS2_Coming/ros2_ws/install/communication_interfaces:${AMENT_PREFIX_PATH} CMAKE_PREFIX_PATH=/home/u20/rov-ros-2/ROS2_Coming/ros2_ws/install/usm_interface:/home/u20/rov-ros-2/ROS2_Coming/ros2_ws/install/communication_interfaces LD_LIBRARY_PATH=/home/u20/rov-ros-2/ROS2_Coming/ros2_ws/install/usm_interface/lib:/home/u20/rov-ros-2/ROS2_Coming/ros2_ws/install/communication_interfaces/lib:${LD_LIBRARY_PATH} PYTHONPATH=/home/u20/rov-ros-2/ROS2_Coming/ros2_ws/build/usm_node/prefix_override:/usr/lib/python3/dist-packages/colcon_core/task/python/colcon_distutils_commands:/home/u20/rov-ros-2/ROS2_Coming/ros2_ws/install/usm_node/lib/python3.8/site-packages:/home/u20/rov-ros-2/ROS2_Coming/ros2_ws/install/usm_interface/lib/python3.8/site-packages:/home/u20/rov-ros-2/ROS2_Coming/ros2_ws/install/communication_interfaces/lib/python3.8/site-packages:${PYTHONPATH} /usr/bin/python3 -W ignore:setup.py install is deprecated -W ignore:easy_install command is deprecated setup.py egg_info --egg-base ../../build/usm_node build --build-base /home/u20/rov-ros-2/ROS2_Coming/ros2_ws/build/usm_node/build install --record /home/u20/rov-ros-2/ROS2_Coming/ros2_ws/build/usm_node/install.log --install-scripts $base/lib/usm_node --single-version-externally-managed install_data
