[0.011s] Invoking command in '/home/u20/ros2_ws/build/communication_interfaces_topic': CMAKE_PREFIX_PATH=${CMAKE_PREFIX_PATH}:/home/u20/ros2_ws/install/communication_topic:/opt/ros/foxy /usr/bin/cmake --build /home/u20/ros2_ws/build/communication_interfaces_topic -- -j12 -l12
[0.060s] [  1%] Built target communication_interfaces_topic__cpp
[0.061s] [ 12%] Built target communication_interfaces_topic__rosidl_generator_c
[0.081s] [ 45%] Built target communication_interfaces_topic__rosidl_typesupport_introspection_cpp
[0.081s] [ 45%] Built target communication_interfaces_topic__rosidl_typesupport_c
[0.082s] [ 46%] Built target communication_interfaces_topic__rosidl_typesupport_cpp
[0.082s] [ 58%] Built target communication_interfaces_topic__rosidl_typesupport_introspection_c
[0.085s] [ 69%] Built target communication_interfaces_topic__rosidl_typesupport_fastrtps_cpp
[0.108s] [ 81%] Built target communication_interfaces_topic__rosidl_typesupport_fastrtps_c
[0.127s] [ 81%] Built target communication_interfaces_topic
[0.145s] [ 82%] Built target communication_interfaces_topic__py
[0.173s] [ 92%] Built target communication_interfaces_topic__python
[0.201s] [100%] Built target communication_interfaces_topic__rosidl_typesupport_fastrtps_c__pyext
[0.201s] [100%] Built target communication_interfaces_topic__rosidl_typesupport_introspection_c__pyext
[0.201s] [100%] Built target communication_interfaces_topic__rosidl_typesupport_c__pyext
[0.214s] Invoked command in '/home/u20/ros2_ws/build/communication_interfaces_topic' returned '0': CMAKE_PREFIX_PATH=${CMAKE_PREFIX_PATH}:/home/u20/ros2_ws/install/communication_topic:/opt/ros/foxy /usr/bin/cmake --build /home/u20/ros2_ws/build/communication_interfaces_topic -- -j12 -l12
[0.228s] Invoking command in '/home/u20/ros2_ws/build/communication_interfaces_topic': CMAKE_PREFIX_PATH=${CMAKE_PREFIX_PATH}:/home/u20/ros2_ws/install/communication_topic:/opt/ros/foxy /usr/bin/cmake --install /home/u20/ros2_ws/build/communication_interfaces_topic
[0.237s] -- Install configuration: ""
[0.238s] -- Up-to-date: /home/u20/ros2_ws/install/communication_interfaces_topic/share/ament_index/resource_index/rosidl_interfaces/communication_interfaces_topic
[0.238s] -- Up-to-date: /home/u20/ros2_ws/install/communication_interfaces_topic/include/communication_interfaces_topic
[0.238s] -- Up-to-date: /home/u20/ros2_ws/install/communication_interfaces_topic/include/communication_interfaces_topic/srv
[0.238s] -- Up-to-date: /home/u20/ros2_ws/install/communication_interfaces_topic/include/communication_interfaces_topic/srv/detail
[0.238s] -- Up-to-date: /home/u20/ros2_ws/install/communication_interfaces_topic/include/communication_interfaces_topic/srv/detail/get_ahrs__functions.h
[0.238s] -- Up-to-date: /home/u20/ros2_ws/install/communication_interfaces_topic/include/communication_interfaces_topic/srv/detail/get_ahrs__functions.c
[0.238s] -- Up-to-date: /home/u20/ros2_ws/install/communication_interfaces_topic/include/communication_interfaces_topic/srv/detail/get_ahrs__type_support.h
[0.238s] -- Up-to-date: /home/u20/ros2_ws/install/communication_interfaces_topic/include/communication_interfaces_topic/srv/detail/get_ahrs__struct.h
[0.238s] -- Up-to-date: /home/u20/ros2_ws/install/communication_interfaces_topic/include/communication_interfaces_topic/srv/get_ahrs.h
[0.239s] -- Up-to-date: /home/u20/ros2_ws/install/communication_interfaces_topic/include/communication_interfaces_topic/msg
[0.239s] -- Up-to-date: /home/u20/ros2_ws/install/communication_interfaces_topic/include/communication_interfaces_topic/msg/pose.h
[0.239s] -- Up-to-date: /home/u20/ros2_ws/install/communication_interfaces_topic/include/communication_interfaces_topic/msg/detail
[0.239s] -- Up-to-date: /home/u20/ros2_ws/install/communication_interfaces_topic/include/communication_interfaces_topic/msg/detail/altitude__functions.h
[0.239s] -- Up-to-date: /home/u20/ros2_ws/install/communication_interfaces_topic/include/communication_interfaces_topic/msg/detail/pose__functions.c
[0.239s] -- Up-to-date: /home/u20/ros2_ws/install/communication_interfaces_topic/include/communication_interfaces_topic/msg/detail/dvl__functions.c
[0.239s] -- Up-to-date: /home/u20/ros2_ws/install/communication_interfaces_topic/include/communication_interfaces_topic/msg/detail/ahrs__functions.h
[0.239s] -- Up-to-date: /home/u20/ros2_ws/install/communication_interfaces_topic/include/communication_interfaces_topic/msg/detail/altitude__functions.c
[0.239s] -- Up-to-date: /home/u20/ros2_ws/install/communication_interfaces_topic/include/communication_interfaces_topic/msg/detail/altitude__struct.h
[0.239s] -- Up-to-date: /home/u20/ros2_ws/install/communication_interfaces_topic/include/communication_interfaces_topic/msg/detail/altitude__type_support.h
[0.240s] -- Up-to-date: /home/u20/ros2_ws/install/communication_interfaces_topic/include/communication_interfaces_topic/msg/detail/depth__functions.h
[0.240s] -- Up-to-date: /home/u20/ros2_ws/install/communication_interfaces_topic/include/communication_interfaces_topic/msg/detail/thrust__functions.c
[0.240s] -- Up-to-date: /home/u20/ros2_ws/install/communication_interfaces_topic/include/communication_interfaces_topic/msg/detail/pose__struct.h
[0.240s] -- Up-to-date: /home/u20/ros2_ws/install/communication_interfaces_topic/include/communication_interfaces_topic/msg/detail/depth__functions.c
[0.240s] -- Up-to-date: /home/u20/ros2_ws/install/communication_interfaces_topic/include/communication_interfaces_topic/msg/detail/pose__functions.h
[0.240s] -- Up-to-date: /home/u20/ros2_ws/install/communication_interfaces_topic/include/communication_interfaces_topic/msg/detail/ahrs__functions.c
[0.240s] -- Up-to-date: /home/u20/ros2_ws/install/communication_interfaces_topic/include/communication_interfaces_topic/msg/detail/ahrs__struct.h
[0.240s] -- Up-to-date: /home/u20/ros2_ws/install/communication_interfaces_topic/include/communication_interfaces_topic/msg/detail/thrust__type_support.h
[0.240s] -- Up-to-date: /home/u20/ros2_ws/install/communication_interfaces_topic/include/communication_interfaces_topic/msg/detail/dvl__functions.h
[0.240s] -- Up-to-date: /home/u20/ros2_ws/install/communication_interfaces_topic/include/communication_interfaces_topic/msg/detail/dvl__type_support.h
[0.240s] -- Up-to-date: /home/u20/ros2_ws/install/communication_interfaces_topic/include/communication_interfaces_topic/msg/detail/pose__type_support.h
[0.241s] -- Up-to-date: /home/u20/ros2_ws/install/communication_interfaces_topic/include/communication_interfaces_topic/msg/detail/thrust__struct.h
[0.241s] -- Up-to-date: /home/u20/ros2_ws/install/communication_interfaces_topic/include/communication_interfaces_topic/msg/detail/depth__type_support.h
[0.241s] -- Up-to-date: /home/u20/ros2_ws/install/communication_interfaces_topic/include/communication_interfaces_topic/msg/detail/depth__struct.h
[0.241s] -- Up-to-date: /home/u20/ros2_ws/install/communication_interfaces_topic/include/communication_interfaces_topic/msg/detail/thrust__functions.h
[0.241s] -- Up-to-date: /home/u20/ros2_ws/install/communication_interfaces_topic/include/communication_interfaces_topic/msg/detail/ahrs__type_support.h
[0.241s] -- Up-to-date: /home/u20/ros2_ws/install/communication_interfaces_topic/include/communication_interfaces_topic/msg/detail/dvl__struct.h
[0.241s] -- Up-to-date: /home/u20/ros2_ws/install/communication_interfaces_topic/include/communication_interfaces_topic/msg/ahrs.h
[0.241s] -- Up-to-date: /home/u20/ros2_ws/install/communication_interfaces_topic/include/communication_interfaces_topic/msg/dvl.h
[0.242s] -- Up-to-date: /home/u20/ros2_ws/install/communication_interfaces_topic/include/communication_interfaces_topic/msg/rosidl_generator_c__visibility_control.h
[0.242s] -- Up-to-date: /home/u20/ros2_ws/install/communication_interfaces_topic/include/communication_interfaces_topic/msg/thrust.h
[0.242s] -- Up-to-date: /home/u20/ros2_ws/install/communication_interfaces_topic/include/communication_interfaces_topic/msg/depth.h
[0.242s] -- Up-to-date: /home/u20/ros2_ws/install/communication_interfaces_topic/include/communication_interfaces_topic/msg/altitude.h
[0.242s] -- Up-to-date: /home/u20/ros2_ws/install/communication_interfaces_topic/share/communication_interfaces_topic/environment/library_path.sh
[0.242s] -- Up-to-date: /home/u20/ros2_ws/install/communication_interfaces_topic/share/communication_interfaces_topic/environment/library_path.dsv
[0.242s] -- Up-to-date: /home/u20/ros2_ws/install/communication_interfaces_topic/lib/libcommunication_interfaces_topic__rosidl_generator_c.so
[0.242s] -- Up-to-date: /home/u20/ros2_ws/install/communication_interfaces_topic/include/communication_interfaces_topic
[0.242s] -- Up-to-date: /home/u20/ros2_ws/install/communication_interfaces_topic/include/communication_interfaces_topic/srv
[0.242s] -- Up-to-date: /home/u20/ros2_ws/install/communication_interfaces_topic/include/communication_interfaces_topic/srv/detail
[0.242s] -- Up-to-date: /home/u20/ros2_ws/install/communication_interfaces_topic/include/communication_interfaces_topic/srv/detail/get_ahrs__rosidl_typesupport_fastrtps_c.h
[0.243s] -- Up-to-date: /home/u20/ros2_ws/install/communication_interfaces_topic/include/communication_interfaces_topic/msg
[0.243s] -- Up-to-date: /home/u20/ros2_ws/install/communication_interfaces_topic/include/communication_interfaces_topic/msg/rosidl_typesupport_fastrtps_c__visibility_control.h
[0.243s] -- Up-to-date: /home/u20/ros2_ws/install/communication_interfaces_topic/include/communication_interfaces_topic/msg/detail
[0.243s] -- Up-to-date: /home/u20/ros2_ws/install/communication_interfaces_topic/include/communication_interfaces_topic/msg/detail/ahrs__rosidl_typesupport_fastrtps_c.h
[0.243s] -- Up-to-date: /home/u20/ros2_ws/install/communication_interfaces_topic/include/communication_interfaces_topic/msg/detail/dvl__rosidl_typesupport_fastrtps_c.h
[0.243s] -- Up-to-date: /home/u20/ros2_ws/install/communication_interfaces_topic/include/communication_interfaces_topic/msg/detail/thrust__rosidl_typesupport_fastrtps_c.h
[0.243s] -- Up-to-date: /home/u20/ros2_ws/install/communication_interfaces_topic/include/communication_interfaces_topic/msg/detail/pose__rosidl_typesupport_fastrtps_c.h
[0.244s] -- Up-to-date: /home/u20/ros2_ws/install/communication_interfaces_topic/include/communication_interfaces_topic/msg/detail/depth__rosidl_typesupport_fastrtps_c.h
[0.244s] -- Up-to-date: /home/u20/ros2_ws/install/communication_interfaces_topic/include/communication_interfaces_topic/msg/detail/altitude__rosidl_typesupport_fastrtps_c.h
[0.244s] -- Up-to-date: /home/u20/ros2_ws/install/communication_interfaces_topic/lib/libcommunication_interfaces_topic__rosidl_typesupport_fastrtps_c.so
[0.244s] -- Up-to-date: /home/u20/ros2_ws/install/communication_interfaces_topic/include/communication_interfaces_topic
[0.244s] -- Up-to-date: /home/u20/ros2_ws/install/communication_interfaces_topic/include/communication_interfaces_topic/srv
[0.244s] -- Up-to-date: /home/u20/ros2_ws/install/communication_interfaces_topic/include/communication_interfaces_topic/srv/detail
[0.245s] -- Up-to-date: /home/u20/ros2_ws/install/communication_interfaces_topic/include/communication_interfaces_topic/srv/detail/dds_fastrtps
[0.245s] -- Up-to-date: /home/u20/ros2_ws/install/communication_interfaces_topic/include/communication_interfaces_topic/srv/detail/get_ahrs__rosidl_typesupport_fastrtps_cpp.hpp
[0.245s] -- Up-to-date: /home/u20/ros2_ws/install/communication_interfaces_topic/include/communication_interfaces_topic/msg
[0.245s] -- Up-to-date: /home/u20/ros2_ws/install/communication_interfaces_topic/include/communication_interfaces_topic/msg/detail
[0.245s] -- Up-to-date: /home/u20/ros2_ws/install/communication_interfaces_topic/include/communication_interfaces_topic/msg/detail/depth__rosidl_typesupport_fastrtps_cpp.hpp
[0.245s] -- Up-to-date: /home/u20/ros2_ws/install/communication_interfaces_topic/include/communication_interfaces_topic/msg/detail/ahrs__rosidl_typesupport_fastrtps_cpp.hpp
[0.245s] -- Up-to-date: /home/u20/ros2_ws/install/communication_interfaces_topic/include/communication_interfaces_topic/msg/detail/dvl__rosidl_typesupport_fastrtps_cpp.hpp
[0.245s] -- Up-to-date: /home/u20/ros2_ws/install/communication_interfaces_topic/include/communication_interfaces_topic/msg/detail/pose__rosidl_typesupport_fastrtps_cpp.hpp
[0.245s] -- Up-to-date: /home/u20/ros2_ws/install/communication_interfaces_topic/include/communication_interfaces_topic/msg/detail/thrust__rosidl_typesupport_fastrtps_cpp.hpp
[0.245s] -- Up-to-date: /home/u20/ros2_ws/install/communication_interfaces_topic/include/communication_interfaces_topic/msg/detail/altitude__rosidl_typesupport_fastrtps_cpp.hpp
[0.245s] -- Up-to-date: /home/u20/ros2_ws/install/communication_interfaces_topic/include/communication_interfaces_topic/msg/detail/dds_fastrtps
[0.245s] -- Up-to-date: /home/u20/ros2_ws/install/communication_interfaces_topic/include/communication_interfaces_topic/msg/rosidl_typesupport_fastrtps_cpp__visibility_control.h
[0.245s] -- Up-to-date: /home/u20/ros2_ws/install/communication_interfaces_topic/lib/libcommunication_interfaces_topic__rosidl_typesupport_fastrtps_cpp.so
[0.246s] -- Up-to-date: /home/u20/ros2_ws/install/communication_interfaces_topic/include/communication_interfaces_topic
[0.246s] -- Up-to-date: /home/u20/ros2_ws/install/communication_interfaces_topic/include/communication_interfaces_topic/srv
[0.246s] -- Up-to-date: /home/u20/ros2_ws/install/communication_interfaces_topic/include/communication_interfaces_topic/srv/detail
[0.246s] -- Up-to-date: /home/u20/ros2_ws/install/communication_interfaces_topic/include/communication_interfaces_topic/srv/detail/get_ahrs__type_support.c
[0.246s] -- Up-to-date: /home/u20/ros2_ws/install/communication_interfaces_topic/include/communication_interfaces_topic/srv/detail/get_ahrs__rosidl_typesupport_introspection_c.h
[0.246s] -- Up-to-date: /home/u20/ros2_ws/install/communication_interfaces_topic/include/communication_interfaces_topic/msg
[0.246s] -- Up-to-date: /home/u20/ros2_ws/install/communication_interfaces_topic/include/communication_interfaces_topic/msg/rosidl_typesupport_introspection_c__visibility_control.h
[0.246s] -- Up-to-date: /home/u20/ros2_ws/install/communication_interfaces_topic/include/communication_interfaces_topic/msg/detail
[0.246s] -- Up-to-date: /home/u20/ros2_ws/install/communication_interfaces_topic/include/communication_interfaces_topic/msg/detail/depth__type_support.c
[0.246s] -- Up-to-date: /home/u20/ros2_ws/install/communication_interfaces_topic/include/communication_interfaces_topic/msg/detail/depth__rosidl_typesupport_introspection_c.h
[0.246s] -- Up-to-date: /home/u20/ros2_ws/install/communication_interfaces_topic/include/communication_interfaces_topic/msg/detail/pose__type_support.c
[0.246s] -- Up-to-date: /home/u20/ros2_ws/install/communication_interfaces_topic/include/communication_interfaces_topic/msg/detail/pose__rosidl_typesupport_introspection_c.h
[0.246s] -- Up-to-date: /home/u20/ros2_ws/install/communication_interfaces_topic/include/communication_interfaces_topic/msg/detail/thrust__rosidl_typesupport_introspection_c.h
[0.246s] -- Up-to-date: /home/u20/ros2_ws/install/communication_interfaces_topic/include/communication_interfaces_topic/msg/detail/altitude__rosidl_typesupport_introspection_c.h
[0.246s] -- Up-to-date: /home/u20/ros2_ws/install/communication_interfaces_topic/include/communication_interfaces_topic/msg/detail/altitude__type_support.c
[0.246s] -- Up-to-date: /home/u20/ros2_ws/install/communication_interfaces_topic/include/communication_interfaces_topic/msg/detail/dvl__rosidl_typesupport_introspection_c.h
[0.247s] -- Up-to-date: /home/u20/ros2_ws/install/communication_interfaces_topic/include/communication_interfaces_topic/msg/detail/thrust__type_support.c
[0.247s] -- Up-to-date: /home/u20/ros2_ws/install/communication_interfaces_topic/include/communication_interfaces_topic/msg/detail/dvl__type_support.c
[0.247s] -- Up-to-date: /home/u20/ros2_ws/install/communication_interfaces_topic/include/communication_interfaces_topic/msg/detail/ahrs__rosidl_typesupport_introspection_c.h
[0.247s] -- Up-to-date: /home/u20/ros2_ws/install/communication_interfaces_topic/include/communication_interfaces_topic/msg/detail/ahrs__type_support.c
[0.247s] -- Up-to-date: /home/u20/ros2_ws/install/communication_interfaces_topic/lib/libcommunication_interfaces_topic__rosidl_typesupport_introspection_c.so
[0.247s] -- Up-to-date: /home/u20/ros2_ws/install/communication_interfaces_topic/lib/libcommunication_interfaces_topic__rosidl_typesupport_c.so
[0.247s] -- Up-to-date: /home/u20/ros2_ws/install/communication_interfaces_topic/include/communication_interfaces_topic
[0.247s] -- Up-to-date: /home/u20/ros2_ws/install/communication_interfaces_topic/include/communication_interfaces_topic/srv
[0.247s] -- Up-to-date: /home/u20/ros2_ws/install/communication_interfaces_topic/include/communication_interfaces_topic/srv/get_ahrs.hpp
[0.247s] -- Up-to-date: /home/u20/ros2_ws/install/communication_interfaces_topic/include/communication_interfaces_topic/srv/detail
[0.247s] -- Up-to-date: /home/u20/ros2_ws/install/communication_interfaces_topic/include/communication_interfaces_topic/srv/detail/get_ahrs__struct.hpp
[0.247s] -- Up-to-date: /home/u20/ros2_ws/install/communication_interfaces_topic/include/communication_interfaces_topic/srv/detail/get_ahrs__type_support.hpp
[0.247s] -- Up-to-date: /home/u20/ros2_ws/install/communication_interfaces_topic/include/communication_interfaces_topic/srv/detail/get_ahrs__builder.hpp
[0.247s] -- Up-to-date: /home/u20/ros2_ws/install/communication_interfaces_topic/include/communication_interfaces_topic/srv/detail/get_ahrs__traits.hpp
[0.247s] -- Up-to-date: /home/u20/ros2_ws/install/communication_interfaces_topic/include/communication_interfaces_topic/msg
[0.247s] -- Up-to-date: /home/u20/ros2_ws/install/communication_interfaces_topic/include/communication_interfaces_topic/msg/depth.hpp
[0.248s] -- Up-to-date: /home/u20/ros2_ws/install/communication_interfaces_topic/include/communication_interfaces_topic/msg/dvl.hpp
[0.248s] -- Up-to-date: /home/u20/ros2_ws/install/communication_interfaces_topic/include/communication_interfaces_topic/msg/pose.hpp
[0.248s] -- Up-to-date: /home/u20/ros2_ws/install/communication_interfaces_topic/include/communication_interfaces_topic/msg/detail
[0.248s] -- Up-to-date: /home/u20/ros2_ws/install/communication_interfaces_topic/include/communication_interfaces_topic/msg/detail/depth__traits.hpp
[0.248s] -- Up-to-date: /home/u20/ros2_ws/install/communication_interfaces_topic/include/communication_interfaces_topic/msg/detail/thrust__traits.hpp
[0.248s] -- Up-to-date: /home/u20/ros2_ws/install/communication_interfaces_topic/include/communication_interfaces_topic/msg/detail/depth__struct.hpp
[0.248s] -- Up-to-date: /home/u20/ros2_ws/install/communication_interfaces_topic/include/communication_interfaces_topic/msg/detail/altitude__type_support.hpp
[0.248s] -- Up-to-date: /home/u20/ros2_ws/install/communication_interfaces_topic/include/communication_interfaces_topic/msg/detail/pose__traits.hpp
[0.248s] -- Up-to-date: /home/u20/ros2_ws/install/communication_interfaces_topic/include/communication_interfaces_topic/msg/detail/dvl__struct.hpp
[0.248s] -- Up-to-date: /home/u20/ros2_ws/install/communication_interfaces_topic/include/communication_interfaces_topic/msg/detail/dvl__builder.hpp
[0.248s] -- Up-to-date: /home/u20/ros2_ws/install/communication_interfaces_topic/include/communication_interfaces_topic/msg/detail/thrust__struct.hpp
[0.248s] -- Up-to-date: /home/u20/ros2_ws/install/communication_interfaces_topic/include/communication_interfaces_topic/msg/detail/pose__struct.hpp
[0.248s] -- Up-to-date: /home/u20/ros2_ws/install/communication_interfaces_topic/include/communication_interfaces_topic/msg/detail/ahrs__struct.hpp
[0.248s] -- Up-to-date: /home/u20/ros2_ws/install/communication_interfaces_topic/include/communication_interfaces_topic/msg/detail/thrust__builder.hpp
[0.248s] -- Up-to-date: /home/u20/ros2_ws/install/communication_interfaces_topic/include/communication_interfaces_topic/msg/detail/ahrs__type_support.hpp
[0.249s] -- Up-to-date: /home/u20/ros2_ws/install/communication_interfaces_topic/include/communication_interfaces_topic/msg/detail/depth__builder.hpp
[0.249s] -- Up-to-date: /home/u20/ros2_ws/install/communication_interfaces_topic/include/communication_interfaces_topic/msg/detail/altitude__builder.hpp
[0.249s] -- Up-to-date: /home/u20/ros2_ws/install/communication_interfaces_topic/include/communication_interfaces_topic/msg/detail/ahrs__traits.hpp
[0.249s] -- Up-to-date: /home/u20/ros2_ws/install/communication_interfaces_topic/include/communication_interfaces_topic/msg/detail/pose__type_support.hpp
[0.249s] -- Up-to-date: /home/u20/ros2_ws/install/communication_interfaces_topic/include/communication_interfaces_topic/msg/detail/depth__type_support.hpp
[0.249s] -- Up-to-date: /home/u20/ros2_ws/install/communication_interfaces_topic/include/communication_interfaces_topic/msg/detail/thrust__type_support.hpp
[0.249s] -- Up-to-date: /home/u20/ros2_ws/install/communication_interfaces_topic/include/communication_interfaces_topic/msg/detail/altitude__traits.hpp
[0.249s] -- Up-to-date: /home/u20/ros2_ws/install/communication_interfaces_topic/include/communication_interfaces_topic/msg/detail/dvl__type_support.hpp
[0.249s] -- Up-to-date: /home/u20/ros2_ws/install/communication_interfaces_topic/include/communication_interfaces_topic/msg/detail/ahrs__builder.hpp
[0.249s] -- Up-to-date: /home/u20/ros2_ws/install/communication_interfaces_topic/include/communication_interfaces_topic/msg/detail/pose__builder.hpp
[0.249s] -- Up-to-date: /home/u20/ros2_ws/install/communication_interfaces_topic/include/communication_interfaces_topic/msg/detail/dvl__traits.hpp
[0.249s] -- Up-to-date: /home/u20/ros2_ws/install/communication_interfaces_topic/include/communication_interfaces_topic/msg/detail/altitude__struct.hpp
[0.249s] -- Up-to-date: /home/u20/ros2_ws/install/communication_interfaces_topic/include/communication_interfaces_topic/msg/thrust.hpp
[0.249s] -- Up-to-date: /home/u20/ros2_ws/install/communication_interfaces_topic/include/communication_interfaces_topic/msg/rosidl_generator_cpp__visibility_control.hpp
[0.249s] -- Up-to-date: /home/u20/ros2_ws/install/communication_interfaces_topic/include/communication_interfaces_topic/msg/ahrs.hpp
[0.249s] -- Up-to-date: /home/u20/ros2_ws/install/communication_interfaces_topic/include/communication_interfaces_topic/msg/altitude.hpp
[0.250s] -- Up-to-date: /home/u20/ros2_ws/install/communication_interfaces_topic/include/communication_interfaces_topic
[0.250s] -- Up-to-date: /home/u20/ros2_ws/install/communication_interfaces_topic/include/communication_interfaces_topic/srv
[0.250s] -- Up-to-date: /home/u20/ros2_ws/install/communication_interfaces_topic/include/communication_interfaces_topic/srv/detail
[0.250s] -- Up-to-date: /home/u20/ros2_ws/install/communication_interfaces_topic/include/communication_interfaces_topic/srv/detail/get_ahrs__type_support.cpp
[0.250s] -- Up-to-date: /home/u20/ros2_ws/install/communication_interfaces_topic/include/communication_interfaces_topic/srv/detail/get_ahrs__rosidl_typesupport_introspection_cpp.hpp
[0.250s] -- Up-to-date: /home/u20/ros2_ws/install/communication_interfaces_topic/include/communication_interfaces_topic/msg
[0.250s] -- Up-to-date: /home/u20/ros2_ws/install/communication_interfaces_topic/include/communication_interfaces_topic/msg/detail
[0.250s] -- Up-to-date: /home/u20/ros2_ws/install/communication_interfaces_topic/include/communication_interfaces_topic/msg/detail/ahrs__type_support.cpp
[0.250s] -- Up-to-date: /home/u20/ros2_ws/install/communication_interfaces_topic/include/communication_interfaces_topic/msg/detail/altitude__rosidl_typesupport_introspection_cpp.hpp
[0.250s] -- Up-to-date: /home/u20/ros2_ws/install/communication_interfaces_topic/include/communication_interfaces_topic/msg/detail/depth__rosidl_typesupport_introspection_cpp.hpp
[0.250s] -- Up-to-date: /home/u20/ros2_ws/install/communication_interfaces_topic/include/communication_interfaces_topic/msg/detail/dvl__type_support.cpp
[0.250s] -- Up-to-date: /home/u20/ros2_ws/install/communication_interfaces_topic/include/communication_interfaces_topic/msg/detail/dvl__rosidl_typesupport_introspection_cpp.hpp
[0.250s] -- Up-to-date: /home/u20/ros2_ws/install/communication_interfaces_topic/include/communication_interfaces_topic/msg/detail/thrust__type_support.cpp
[0.250s] -- Up-to-date: /home/u20/ros2_ws/install/communication_interfaces_topic/include/communication_interfaces_topic/msg/detail/pose__rosidl_typesupport_introspection_cpp.hpp
[0.250s] -- Up-to-date: /home/u20/ros2_ws/install/communication_interfaces_topic/include/communication_interfaces_topic/msg/detail/thrust__rosidl_typesupport_introspection_cpp.hpp
[0.250s] -- Up-to-date: /home/u20/ros2_ws/install/communication_interfaces_topic/include/communication_interfaces_topic/msg/detail/altitude__type_support.cpp
[0.251s] -- Up-to-date: /home/u20/ros2_ws/install/communication_interfaces_topic/include/communication_interfaces_topic/msg/detail/depth__type_support.cpp
[0.251s] -- Up-to-date: /home/u20/ros2_ws/install/communication_interfaces_topic/include/communication_interfaces_topic/msg/detail/pose__type_support.cpp
[0.251s] -- Up-to-date: /home/u20/ros2_ws/install/communication_interfaces_topic/include/communication_interfaces_topic/msg/detail/ahrs__rosidl_typesupport_introspection_cpp.hpp
[0.251s] -- Up-to-date: /home/u20/ros2_ws/install/communication_interfaces_topic/lib/libcommunication_interfaces_topic__rosidl_typesupport_introspection_cpp.so
[0.251s] -- Up-to-date: /home/u20/ros2_ws/install/communication_interfaces_topic/lib/libcommunication_interfaces_topic__rosidl_typesupport_cpp.so
[0.251s] -- Up-to-date: /home/u20/ros2_ws/install/communication_interfaces_topic/share/communication_interfaces_topic/environment/pythonpath.sh
[0.251s] -- Up-to-date: /home/u20/ros2_ws/install/communication_interfaces_topic/share/communication_interfaces_topic/environment/pythonpath.dsv
[0.251s] -- Up-to-date: /home/u20/ros2_ws/install/communication_interfaces_topic/lib/python3.8/site-packages/communication_interfaces_topic/__init__.py
[0.274s] -- Up-to-date: /home/u20/ros2_ws/install/communication_interfaces_topic/lib/python3.8/site-packages/communication_interfaces_topic/msg
[0.274s] -- Up-to-date: /home/u20/ros2_ws/install/communication_interfaces_topic/lib/python3.8/site-packages/communication_interfaces_topic/msg/_thrust_s.c
[0.274s] -- Up-to-date: /home/u20/ros2_ws/install/communication_interfaces_topic/lib/python3.8/site-packages/communication_interfaces_topic/msg/_depth_s.c
[0.274s] -- Up-to-date: /home/u20/ros2_ws/install/communication_interfaces_topic/lib/python3.8/site-packages/communication_interfaces_topic/msg/_pose.py
[0.274s] -- Up-to-date: /home/u20/ros2_ws/install/communication_interfaces_topic/lib/python3.8/site-packages/communication_interfaces_topic/msg/_altitude.py
[0.274s] -- Up-to-date: /home/u20/ros2_ws/install/communication_interfaces_topic/lib/python3.8/site-packages/communication_interfaces_topic/msg/_pose_s.c
[0.275s] -- Up-to-date: /home/u20/ros2_ws/install/communication_interfaces_topic/lib/python3.8/site-packages/communication_interfaces_topic/msg/_ahrs.py
[0.275s] -- Up-to-date: /home/u20/ros2_ws/install/communication_interfaces_topic/lib/python3.8/site-packages/communication_interfaces_topic/msg/_dvl.py
[0.275s] -- Up-to-date: /home/u20/ros2_ws/install/communication_interfaces_topic/lib/python3.8/site-packages/communication_interfaces_topic/msg/_altitude_s.c
[0.275s] -- Up-to-date: /home/u20/ros2_ws/install/communication_interfaces_topic/lib/python3.8/site-packages/communication_interfaces_topic/msg/_ahrs_s.c
[0.275s] -- Up-to-date: /home/u20/ros2_ws/install/communication_interfaces_topic/lib/python3.8/site-packages/communication_interfaces_topic/msg/_thrust.py
[0.275s] -- Up-to-date: /home/u20/ros2_ws/install/communication_interfaces_topic/lib/python3.8/site-packages/communication_interfaces_topic/msg/_dvl_s.c
[0.275s] -- Up-to-date: /home/u20/ros2_ws/install/communication_interfaces_topic/lib/python3.8/site-packages/communication_interfaces_topic/msg/_depth.py
[0.275s] -- Up-to-date: /home/u20/ros2_ws/install/communication_interfaces_topic/lib/python3.8/site-packages/communication_interfaces_topic/msg/__init__.py
[0.275s] -- Up-to-date: /home/u20/ros2_ws/install/communication_interfaces_topic/lib/python3.8/site-packages/communication_interfaces_topic/srv
[0.275s] -- Up-to-date: /home/u20/ros2_ws/install/communication_interfaces_topic/lib/python3.8/site-packages/communication_interfaces_topic/srv/_get_ahrs.py
[0.275s] -- Up-to-date: /home/u20/ros2_ws/install/communication_interfaces_topic/lib/python3.8/site-packages/communication_interfaces_topic/srv/_get_ahrs_s.c
[0.275s] -- Up-to-date: /home/u20/ros2_ws/install/communication_interfaces_topic/lib/python3.8/site-packages/communication_interfaces_topic/srv/__init__.py
[0.275s] -- Up-to-date: /home/u20/ros2_ws/install/communication_interfaces_topic/lib/python3.8/site-packages/communication_interfaces_topic/communication_interfaces_topic_s__rosidl_typesupport_fastrtps_c.cpython-38-x86_64-linux-gnu.so
[0.275s] -- Up-to-date: /home/u20/ros2_ws/install/communication_interfaces_topic/lib/python3.8/site-packages/communication_interfaces_topic/communication_interfaces_topic_s__rosidl_typesupport_introspection_c.cpython-38-x86_64-linux-gnu.so
[0.276s] -- Up-to-date: /home/u20/ros2_ws/install/communication_interfaces_topic/lib/python3.8/site-packages/communication_interfaces_topic/communication_interfaces_topic_s__rosidl_typesupport_c.cpython-38-x86_64-linux-gnu.so
[0.276s] -- Up-to-date: /home/u20/ros2_ws/install/communication_interfaces_topic/lib/libcommunication_interfaces_topic__python.so
[0.277s] -- Up-to-date: /home/u20/ros2_ws/install/communication_interfaces_topic/share/communication_interfaces_topic/msg/AHRS.idl
[0.277s] -- Up-to-date: /home/u20/ros2_ws/install/communication_interfaces_topic/share/communication_interfaces_topic/msg/Altitude.idl
[0.277s] -- Up-to-date: /home/u20/ros2_ws/install/communication_interfaces_topic/share/communication_interfaces_topic/msg/Depth.idl
[0.277s] -- Up-to-date: /home/u20/ros2_ws/install/communication_interfaces_topic/share/communication_interfaces_topic/msg/DVL.idl
[0.277s] -- Up-to-date: /home/u20/ros2_ws/install/communication_interfaces_topic/share/communication_interfaces_topic/msg/Pose.idl
[0.278s] -- Up-to-date: /home/u20/ros2_ws/install/communication_interfaces_topic/share/communication_interfaces_topic/msg/Thrust.idl
[0.278s] -- Up-to-date: /home/u20/ros2_ws/install/communication_interfaces_topic/share/communication_interfaces_topic/srv/GetAHRS.idl
[0.278s] -- Up-to-date: /home/u20/ros2_ws/install/communication_interfaces_topic/share/communication_interfaces_topic/msg/AHRS.msg
[0.278s] -- Up-to-date: /home/u20/ros2_ws/install/communication_interfaces_topic/share/communication_interfaces_topic/msg/Altitude.msg
[0.278s] -- Up-to-date: /home/u20/ros2_ws/install/communication_interfaces_topic/share/communication_interfaces_topic/msg/Depth.msg
[0.278s] -- Up-to-date: /home/u20/ros2_ws/install/communication_interfaces_topic/share/communication_interfaces_topic/msg/DVL.msg
[0.278s] -- Up-to-date: /home/u20/ros2_ws/install/communication_interfaces_topic/share/communication_interfaces_topic/msg/Pose.msg
[0.278s] -- Up-to-date: /home/u20/ros2_ws/install/communication_interfaces_topic/share/communication_interfaces_topic/msg/Thrust.msg
[0.279s] -- Up-to-date: /home/u20/ros2_ws/install/communication_interfaces_topic/share/communication_interfaces_topic/srv/GetAHRS.srv
[0.279s] -- Up-to-date: /home/u20/ros2_ws/install/communication_interfaces_topic/share/communication_interfaces_topic/srv/GetAHRS_Request.msg
[0.279s] -- Up-to-date: /home/u20/ros2_ws/install/communication_interfaces_topic/share/communication_interfaces_topic/srv/GetAHRS_Response.msg
[0.279s] -- Up-to-date: /home/u20/ros2_ws/install/communication_interfaces_topic/share/ament_index/resource_index/package_run_dependencies/communication_interfaces_topic
[0.279s] -- Up-to-date: /home/u20/ros2_ws/install/communication_interfaces_topic/share/ament_index/resource_index/parent_prefix_path/communication_interfaces_topic
[0.279s] -- Up-to-date: /home/u20/ros2_ws/install/communication_interfaces_topic/share/communication_interfaces_topic/environment/ament_prefix_path.sh
[0.279s] -- Up-to-date: /home/u20/ros2_ws/install/communication_interfaces_topic/share/communication_interfaces_topic/environment/ament_prefix_path.dsv
[0.279s] -- Up-to-date: /home/u20/ros2_ws/install/communication_interfaces_topic/share/communication_interfaces_topic/environment/path.sh
[0.279s] -- Up-to-date: /home/u20/ros2_ws/install/communication_interfaces_topic/share/communication_interfaces_topic/environment/path.dsv
[0.279s] -- Up-to-date: /home/u20/ros2_ws/install/communication_interfaces_topic/share/communication_interfaces_topic/local_setup.bash
[0.280s] -- Up-to-date: /home/u20/ros2_ws/install/communication_interfaces_topic/share/communication_interfaces_topic/local_setup.sh
[0.280s] -- Up-to-date: /home/u20/ros2_ws/install/communication_interfaces_topic/share/communication_interfaces_topic/local_setup.zsh
[0.280s] -- Up-to-date: /home/u20/ros2_ws/install/communication_interfaces_topic/share/communication_interfaces_topic/local_setup.dsv
[0.280s] -- Installing: /home/u20/ros2_ws/install/communication_interfaces_topic/share/communication_interfaces_topic/package.dsv
[0.280s] -- Up-to-date: /home/u20/ros2_ws/install/communication_interfaces_topic/share/ament_index/resource_index/packages/communication_interfaces_topic
[0.280s] -- Up-to-date: /home/u20/ros2_ws/install/communication_interfaces_topic/share/communication_interfaces_topic/cmake/communication_interfaces_topic__rosidl_generator_cExport.cmake
[0.280s] -- Up-to-date: /home/u20/ros2_ws/install/communication_interfaces_topic/share/communication_interfaces_topic/cmake/communication_interfaces_topic__rosidl_generator_cExport-noconfig.cmake
[0.280s] -- Up-to-date: /home/u20/ros2_ws/install/communication_interfaces_topic/share/communication_interfaces_topic/cmake/communication_interfaces_topic__rosidl_typesupport_introspection_cExport.cmake
[0.280s] -- Up-to-date: /home/u20/ros2_ws/install/communication_interfaces_topic/share/communication_interfaces_topic/cmake/communication_interfaces_topic__rosidl_typesupport_introspection_cExport-noconfig.cmake
[0.281s] -- Up-to-date: /home/u20/ros2_ws/install/communication_interfaces_topic/share/communication_interfaces_topic/cmake/communication_interfaces_topic__rosidl_typesupport_cExport.cmake
[0.281s] -- Up-to-date: /home/u20/ros2_ws/install/communication_interfaces_topic/share/communication_interfaces_topic/cmake/communication_interfaces_topic__rosidl_typesupport_cExport-noconfig.cmake
[0.281s] -- Up-to-date: /home/u20/ros2_ws/install/communication_interfaces_topic/share/communication_interfaces_topic/cmake/communication_interfaces_topic__rosidl_generator_cppExport.cmake
[0.281s] -- Up-to-date: /home/u20/ros2_ws/install/communication_interfaces_topic/share/communication_interfaces_topic/cmake/communication_interfaces_topic__rosidl_typesupport_introspection_cppExport.cmake
[0.281s] -- Up-to-date: /home/u20/ros2_ws/install/communication_interfaces_topic/share/communication_interfaces_topic/cmake/communication_interfaces_topic__rosidl_typesupport_introspection_cppExport-noconfig.cmake
[0.281s] -- Up-to-date: /home/u20/ros2_ws/install/communication_interfaces_topic/share/communication_interfaces_topic/cmake/communication_interfaces_topic__rosidl_typesupport_cppExport.cmake
[0.281s] -- Up-to-date: /home/u20/ros2_ws/install/communication_interfaces_topic/share/communication_interfaces_topic/cmake/communication_interfaces_topic__rosidl_typesupport_cppExport-noconfig.cmake
[0.281s] -- Up-to-date: /home/u20/ros2_ws/install/communication_interfaces_topic/share/communication_interfaces_topic/cmake/rosidl_cmake-extras.cmake
[0.282s] -- Up-to-date: /home/u20/ros2_ws/install/communication_interfaces_topic/share/communication_interfaces_topic/cmake/ament_cmake_export_dependencies-extras.cmake
[0.282s] -- Up-to-date: /home/u20/ros2_ws/install/communication_interfaces_topic/share/communication_interfaces_topic/cmake/ament_cmake_export_libraries-extras.cmake
[0.282s] -- Up-to-date: /home/u20/ros2_ws/install/communication_interfaces_topic/share/communication_interfaces_topic/cmake/ament_cmake_export_targets-extras.cmake
[0.283s] -- Up-to-date: /home/u20/ros2_ws/install/communication_interfaces_topic/share/communication_interfaces_topic/cmake/ament_cmake_export_include_directories-extras.cmake
[0.283s] -- Up-to-date: /home/u20/ros2_ws/install/communication_interfaces_topic/share/communication_interfaces_topic/cmake/rosidl_cmake_export_typesupport_libraries-extras.cmake
[0.284s] -- Up-to-date: /home/u20/ros2_ws/install/communication_interfaces_topic/share/communication_interfaces_topic/cmake/rosidl_cmake_export_typesupport_targets-extras.cmake
[0.284s] -- Up-to-date: /home/u20/ros2_ws/install/communication_interfaces_topic/share/communication_interfaces_topic/cmake/communication_interfaces_topicConfig.cmake
[0.284s] -- Up-to-date: /home/u20/ros2_ws/install/communication_interfaces_topic/share/communication_interfaces_topic/cmake/communication_interfaces_topicConfig-version.cmake
[0.284s] -- Up-to-date: /home/u20/ros2_ws/install/communication_interfaces_topic/share/communication_interfaces_topic/package.xml
[0.285s] Invoked command in '/home/u20/ros2_ws/build/communication_interfaces_topic' returned '0': CMAKE_PREFIX_PATH=${CMAKE_PREFIX_PATH}:/home/u20/ros2_ws/install/communication_topic:/opt/ros/foxy /usr/bin/cmake --install /home/u20/ros2_ws/build/communication_interfaces_topic
