[2.262s] Invoking command in '/home/gy/ROS2_Coming/01gazebo/colcon_ws/src/fishbot_description': PYTHONPATH=/home/gy/ROS2_Coming/01gazebo/colcon_ws/build/fishbot_description/prefix_override:/usr/lib/python3/dist-packages/colcon_core/task/python/colcon_distutils_commands:/home/gy/ROS2_Coming/01gazebo/colcon_ws/install/fishbot_description/lib/python3.10/site-packages:${PYTHONPATH} /usr/bin/python3 -W ignore:setup.py install is deprecated setup.py egg_info --egg-base ../../build/fishbot_description build --build-base /home/gy/ROS2_Coming/01gazebo/colcon_ws/build/fishbot_description/build install --record /home/gy/ROS2_Coming/01gazebo/colcon_ws/build/fishbot_description/install.log --single-version-externally-managed install_data
[2.795s] running egg_info
[2.796s] writing ../../build/fishbot_description/fishbot_description.egg-info/PKG-INFO
[2.797s] writing dependency_links to ../../build/fishbot_description/fishbot_description.egg-info/dependency_links.txt
[2.797s] writing entry points to ../../build/fishbot_description/fishbot_description.egg-info/entry_points.txt
[2.797s] writing requirements to ../../build/fishbot_description/fishbot_description.egg-info/requires.txt
[2.797s] writing top-level names to ../../build/fishbot_description/fishbot_description.egg-info/top_level.txt
[2.807s] reading manifest file '../../build/fishbot_description/fishbot_description.egg-info/SOURCES.txt'
[2.810s] writing manifest file '../../build/fishbot_description/fishbot_description.egg-info/SOURCES.txt'
[2.810s] running build
[2.810s] running build_py
[2.810s] running install
[2.811s] running install_lib
[2.817s] running install_data
[2.818s] copying urdf/fishbot_base.urdf -> /home/gy/ROS2_Coming/01gazebo/colcon_ws/install/fishbot_description/share/fishbot_description/urdf
[2.818s] running install_egg_info
[2.821s] removing '/home/gy/ROS2_Coming/01gazebo/colcon_ws/install/fishbot_description/lib/python3.10/site-packages/fishbot_description-0.0.0-py3.10.egg-info' (and everything under it)
[2.821s] Copying ../../build/fishbot_description/fishbot_description.egg-info to /home/gy/ROS2_Coming/01gazebo/colcon_ws/install/fishbot_description/lib/python3.10/site-packages/fishbot_description-0.0.0-py3.10.egg-info
[2.821s] running install_scripts
[2.896s] writing list of installed files to '/home/gy/ROS2_Coming/01gazebo/colcon_ws/build/fishbot_description/install.log'
