[0.010s] Invoking command in '/home/gy/ROS2_Coming/00ROS2/B-ROS2-lidar/colcon_ws/build/read_pcd': CMAKE_PREFIX_PATH=/opt/ros/humble /usr/bin/cmake --build /home/gy/ROS2_Coming/00ROS2/B-ROS2-lidar/colcon_ws/build/read_pcd -- -j12 -l12
[0.040s] -- Found ament_cmake: 1.3.10 (/opt/ros/humble/share/ament_cmake/cmake)
[0.160s] -- Found pcl_conversions: 2.4.5 (/opt/ros/humble/share/pcl_conversions/cmake)
[0.206s] -- Found rosidl_generator_c: 3.1.5 (/opt/ros/humble/share/rosidl_generator_c/cmake)
[0.208s] -- Found rosidl_adapter: 3.1.5 (/opt/ros/humble/share/rosidl_adapter/cmake)
[0.213s] -- Found rosidl_generator_cpp: 3.1.5 (/opt/ros/humble/share/rosidl_generator_cpp/cmake)
[0.222s] -- Using all available rosidl_typesupport_c: rosidl_typesupport_fastrtps_c;rosidl_typesupport_introspection_c
[0.236s] -- Using all available rosidl_typesupport_cpp: rosidl_typesupport_fastrtps_cpp;rosidl_typesupport_introspection_cpp
[0.285s] -- Found rmw_implementation_cmake: 6.1.2 (/opt/ros/humble/share/rmw_implementation_cmake/cmake)
[0.287s] -- Found rmw_fastrtps_cpp: 6.2.7 (/opt/ros/humble/share/rmw_fastrtps_cpp/cmake)
[0.421s] -- Using RMW implementation 'rmw_fastrtps_cpp' as default
[0.569s] -- Eigen found (include: /usr/include/eigen3, version: 3.4.0)
[0.598s] -- FLANN found (include: /usr/include, lib: /usr/lib/x86_64-linux-gnu/libflann_cpp.so)
[0.880s] -- OpenNI found (version: 1.5.4.0, include: /usr/include/ni, lib: /usr/lib/libOpenNI.so;libusb::libusb)
[0.885s] -- OpenNI2 found (version: 2.2.0.33, include: /usr/include/openni2, lib: /usr/lib/x86_64-linux-gnu/libOpenNI2.so;libusb::libusb)
[1.034s] -- Eigen found (include: /usr/include/eigen3, version: 3.4.0)
[1.042s] -- OpenNI found (version: 1.5.4.0, include: /usr/include/ni, lib: /usr/lib/libOpenNI.so;libusb::libusb)
[1.048s] -- OpenNI2 found (version: 2.2.0.33, include: /usr/include/openni2, lib: /usr/lib/x86_64-linux-gnu/libOpenNI2.so;libusb::libusb)
[1.187s] -- Found Qhull version 8.0.2
[1.338s] -- OpenNI found (version: 1.5.4.0, include: /usr/include/ni, lib: /usr/lib/libOpenNI.so;libusb::libusb)
[1.488s] -- Found pcl_ros: 2.4.5 (/opt/ros/humble/share/pcl_ros/cmake)
[1.503s] -- Found eigen3_cmake_module: 0.1.1 (/opt/ros/humble/share/eigen3_cmake_module/cmake)
[1.504s] -- Ensuring Eigen3 include directory is part of orocos-kdl CMake target
[1.586s] -- Found ament_lint_auto: 0.12.11 (/opt/ros/humble/share/ament_lint_auto/cmake)
[1.657s] -- Added test 'cppcheck' to perform static code analysis on C / C++ code
[1.657s] -- Configured cppcheck include dirs: 
[1.657s] -- Configured cppcheck exclude dirs and/or files: 
[1.658s] -- Added test 'lint_cmake' to check CMake code style
[1.659s] -- Added test 'uncrustify' to check C / C++ code style
[1.659s] -- Configured uncrustify additional arguments: 
[1.659s] -- Added test 'xmllint' to check XML markup files
[1.660s] -- Configuring done
[1.688s] -- Generating done
[1.691s] -- Build files have been written to: /home/gy/ROS2_Coming/00ROS2/B-ROS2-lidar/colcon_ws/build/read_pcd
[1.735s] [ 50%] [32mBuilding CXX object CMakeFiles/read_pcd.dir/src/read_pcd.cpp.o[0m
[2.018s] [01m[K/home/gy/ROS2_Coming/00ROS2/B-ROS2-lidar/colcon_ws/src/read_pcd/src/read_pcd.cpp:2:10:[m[K [01;31m[Kfatal error: [m[Ksensor_msgs/msg/point_cloud2.hpp: 没有那个文件或目录
[2.018s]     2 | #include [01;31m[K"sensor_msgs/msg/point_cloud2.hpp"[m[K
[2.019s]       |          [01;31m[K^~~~~~~~~~~~~~~~~~~~~~~~~~~~~~~~~~[m[K
[2.019s] compilation terminated.
[2.030s] gmake[2]: *** [CMakeFiles/read_pcd.dir/build.make:76：CMakeFiles/read_pcd.dir/src/read_pcd.cpp.o] 错误 1
[2.030s] gmake[1]: *** [CMakeFiles/Makefile2:137：CMakeFiles/read_pcd.dir/all] 错误 2
[2.030s] gmake: *** [Makefile:146：all] 错误 2
[2.035s] Invoked command in '/home/gy/ROS2_Coming/00ROS2/B-ROS2-lidar/colcon_ws/build/read_pcd' returned '2': CMAKE_PREFIX_PATH=/opt/ros/humble /usr/bin/cmake --build /home/gy/ROS2_Coming/00ROS2/B-ROS2-lidar/colcon_ws/build/read_pcd -- -j12 -l12
