running egg_info
creating ../../build/pc_status/pc_status.egg-info
writing ../../build/pc_status/pc_status.egg-info/PKG-INFO
writing dependency_links to ../../build/pc_status/pc_status.egg-info/dependency_links.txt
writing entry points to ../../build/pc_status/pc_status.egg-info/entry_points.txt
writing requirements to ../../build/pc_status/pc_status.egg-info/requires.txt
writing top-level names to ../../build/pc_status/pc_status.egg-info/top_level.txt
writing manifest file '../../build/pc_status/pc_status.egg-info/SOURCES.txt'
reading manifest file '../../build/pc_status/pc_status.egg-info/SOURCES.txt'
writing manifest file '../../build/pc_status/pc_status.egg-info/SOURCES.txt'
running build
running build_py
creating /home/u20/u20/ros2_topic_ws/build/pc_status/build
creating /home/u20/u20/ros2_topic_ws/build/pc_status/build/lib
creating /home/u20/u20/ros2_topic_ws/build/pc_status/build/lib/pc_status
copying pc_status/sys_sub.py -> /home/u20/u20/ros2_topic_ws/build/pc_status/build/lib/pc_status
copying pc_status/__init__.py -> /home/u20/u20/ros2_topic_ws/build/pc_status/build/lib/pc_status
running install
running install_lib
creating /home/u20/u20/ros2_topic_ws/install/pc_status/lib/python3.8/site-packages/pc_status
copying /home/u20/u20/ros2_topic_ws/build/pc_status/build/lib/pc_status/sys_sub.py -> /home/u20/u20/ros2_topic_ws/install/pc_status/lib/python3.8/site-packages/pc_status
copying /home/u20/u20/ros2_topic_ws/build/pc_status/build/lib/pc_status/__init__.py -> /home/u20/u20/ros2_topic_ws/install/pc_status/lib/python3.8/site-packages/pc_status
byte-compiling /home/u20/u20/ros2_topic_ws/install/pc_status/lib/python3.8/site-packages/pc_status/sys_sub.py to sys_sub.cpython-38.pyc
byte-compiling /home/u20/u20/ros2_topic_ws/install/pc_status/lib/python3.8/site-packages/pc_status/__init__.py to __init__.cpython-38.pyc
running install_data
creating /home/u20/u20/ros2_topic_ws/install/pc_status/share/ament_index
creating /home/u20/u20/ros2_topic_ws/install/pc_status/share/ament_index/resource_index
creating /home/u20/u20/ros2_topic_ws/install/pc_status/share/ament_index/resource_index/packages
copying resource/pc_status -> /home/u20/u20/ros2_topic_ws/install/pc_status/share/ament_index/resource_index/packages
copying package.xml -> /home/u20/u20/ros2_topic_ws/install/pc_status/share/pc_status
running install_egg_info
Copying ../../build/pc_status/pc_status.egg-info to /home/u20/u20/ros2_topic_ws/install/pc_status/lib/python3.8/site-packages/pc_status-0.0.0-py3.8.egg-info
running install_scripts
writing list of installed files to '/home/u20/u20/ros2_topic_ws/build/pc_status/install.log'
