[0.520s] Invoking command in '/home/u20/u20/ros2_topic_ws/src/pc_status': AMENT_PREFIX_PATH=/home/u20/u20/ros2_topic_ws/install/communication_interfaces:${AMENT_PREFIX_PATH} CMAKE_PREFIX_PATH=/home/u20/u20/ros2_topic_ws/install/communication_interfaces LD_LIBRARY_PATH=/home/u20/u20/ros2_topic_ws/install/communication_interfaces/lib:${LD_LIBRARY_PATH} PYTHONPATH=/home/u20/u20/ros2_topic_ws/build/pc_status/prefix_override:/usr/lib/python3/dist-packages/colcon_core/task/python/colcon_distutils_commands:/home/u20/u20/ros2_topic_ws/install/pc_status/lib/python3.8/site-packages:/home/u20/u20/ros2_topic_ws/install/communication_interfaces/lib/python3.8/site-packages:${PYTHONPATH} /usr/bin/python3 -W ignore:setup.py install is deprecated -W ignore:easy_install command is deprecated setup.py egg_info --egg-base ../../build/pc_status build --build-base /home/u20/u20/ros2_topic_ws/build/pc_status/build install --record /home/u20/u20/ros2_topic_ws/build/pc_status/install.log --install-scripts $base/lib/pc_status --single-version-externally-managed install_data
[0.706s] running egg_info
[0.707s] creating ../../build/pc_status/pc_status.egg-info
[0.707s] writing ../../build/pc_status/pc_status.egg-info/PKG-INFO
[0.707s] writing dependency_links to ../../build/pc_status/pc_status.egg-info/dependency_links.txt
[0.707s] writing entry points to ../../build/pc_status/pc_status.egg-info/entry_points.txt
[0.707s] writing requirements to ../../build/pc_status/pc_status.egg-info/requires.txt
[0.707s] writing top-level names to ../../build/pc_status/pc_status.egg-info/top_level.txt
[0.708s] writing manifest file '../../build/pc_status/pc_status.egg-info/SOURCES.txt'
[0.737s] reading manifest file '../../build/pc_status/pc_status.egg-info/SOURCES.txt'
[0.737s] writing manifest file '../../build/pc_status/pc_status.egg-info/SOURCES.txt'
[0.737s] running build
[0.737s] running build_py
[0.737s] creating /home/u20/u20/ros2_topic_ws/build/pc_status/build
[0.738s] creating /home/u20/u20/ros2_topic_ws/build/pc_status/build/lib
[0.738s] creating /home/u20/u20/ros2_topic_ws/build/pc_status/build/lib/pc_status
[0.738s] copying pc_status/sys_sub.py -> /home/u20/u20/ros2_topic_ws/build/pc_status/build/lib/pc_status
[0.738s] copying pc_status/__init__.py -> /home/u20/u20/ros2_topic_ws/build/pc_status/build/lib/pc_status
[0.738s] running install
[0.738s] running install_lib
[0.739s] creating /home/u20/u20/ros2_topic_ws/install/pc_status/lib/python3.8/site-packages/pc_status
[0.739s] copying /home/u20/u20/ros2_topic_ws/build/pc_status/build/lib/pc_status/sys_sub.py -> /home/u20/u20/ros2_topic_ws/install/pc_status/lib/python3.8/site-packages/pc_status
[0.739s] copying /home/u20/u20/ros2_topic_ws/build/pc_status/build/lib/pc_status/__init__.py -> /home/u20/u20/ros2_topic_ws/install/pc_status/lib/python3.8/site-packages/pc_status
[0.739s] byte-compiling /home/u20/u20/ros2_topic_ws/install/pc_status/lib/python3.8/site-packages/pc_status/sys_sub.py to sys_sub.cpython-38.pyc
[0.741s] byte-compiling /home/u20/u20/ros2_topic_ws/install/pc_status/lib/python3.8/site-packages/pc_status/__init__.py to __init__.cpython-38.pyc
[0.741s] running install_data
[0.741s] creating /home/u20/u20/ros2_topic_ws/install/pc_status/share/ament_index
[0.741s] creating /home/u20/u20/ros2_topic_ws/install/pc_status/share/ament_index/resource_index
[0.741s] creating /home/u20/u20/ros2_topic_ws/install/pc_status/share/ament_index/resource_index/packages
[0.741s] copying resource/pc_status -> /home/u20/u20/ros2_topic_ws/install/pc_status/share/ament_index/resource_index/packages
[0.741s] copying package.xml -> /home/u20/u20/ros2_topic_ws/install/pc_status/share/pc_status
[0.742s] running install_egg_info
[0.742s] Copying ../../build/pc_status/pc_status.egg-info to /home/u20/u20/ros2_topic_ws/install/pc_status/lib/python3.8/site-packages/pc_status-0.0.0-py3.8.egg-info
[0.743s] running install_scripts
[0.756s] writing list of installed files to '/home/u20/u20/ros2_topic_ws/build/pc_status/install.log'
[0.772s] Invoked command in '/home/u20/u20/ros2_topic_ws/src/pc_status' returned '0': AMENT_PREFIX_PATH=/home/u20/u20/ros2_topic_ws/install/communication_interfaces:${AMENT_PREFIX_PATH} CMAKE_PREFIX_PATH=/home/u20/u20/ros2_topic_ws/install/communication_interfaces LD_LIBRARY_PATH=/home/u20/u20/ros2_topic_ws/install/communication_interfaces/lib:${LD_LIBRARY_PATH} PYTHONPATH=/home/u20/u20/ros2_topic_ws/build/pc_status/prefix_override:/usr/lib/python3/dist-packages/colcon_core/task/python/colcon_distutils_commands:/home/u20/u20/ros2_topic_ws/install/pc_status/lib/python3.8/site-packages:/home/u20/u20/ros2_topic_ws/install/communication_interfaces/lib/python3.8/site-packages:${PYTHONPATH} /usr/bin/python3 -W ignore:setup.py install is deprecated -W ignore:easy_install command is deprecated setup.py egg_info --egg-base ../../build/pc_status build --build-base /home/u20/u20/ros2_topic_ws/build/pc_status/build install --record /home/u20/u20/ros2_topic_ws/build/pc_status/install.log --install-scripts $base/lib/pc_status --single-version-externally-managed install_data
