/home/u20/ros2_ws/install/communication_topic/lib/python3.8/site-packages/communication_topic/AHRS_sub.py
/home/u20/ros2_ws/install/communication_topic/lib/python3.8/site-packages/communication_topic/AHRS_cli.py
/home/u20/ros2_ws/install/communication_topic/lib/python3.8/site-packages/communication_topic/AHRS_pub.py
/home/u20/ros2_ws/install/communication_topic/lib/python3.8/site-packages/communication_topic/AHRS_ser.py
/home/u20/ros2_ws/install/communication_topic/lib/python3.8/site-packages/communication_topic/__init__.py
/home/u20/ros2_ws/install/communication_topic/lib/python3.8/site-packages/communication_topic/__pycache__/AHRS_sub.cpython-38.pyc
/home/u20/ros2_ws/install/communication_topic/lib/python3.8/site-packages/communication_topic/__pycache__/AHRS_cli.cpython-38.pyc
/home/u20/ros2_ws/install/communication_topic/lib/python3.8/site-packages/communication_topic/__pycache__/AHRS_pub.cpython-38.pyc
/home/u20/ros2_ws/install/communication_topic/lib/python3.8/site-packages/communication_topic/__pycache__/AHRS_ser.cpython-38.pyc
/home/u20/ros2_ws/install/communication_topic/lib/python3.8/site-packages/communication_topic/__pycache__/__init__.cpython-38.pyc
/home/u20/ros2_ws/install/communication_topic/share/ament_index/resource_index/packages/communication_topic
/home/u20/ros2_ws/install/communication_topic/share/communication_topic/package.xml
/home/u20/ros2_ws/install/communication_topic/lib/python3.8/site-packages/communication_topic-0.0.0-py3.8.egg-info/requires.txt
/home/u20/ros2_ws/install/communication_topic/lib/python3.8/site-packages/communication_topic-0.0.0-py3.8.egg-info/PKG-INFO
/home/u20/ros2_ws/install/communication_topic/lib/python3.8/site-packages/communication_topic-0.0.0-py3.8.egg-info/top_level.txt
/home/u20/ros2_ws/install/communication_topic/lib/python3.8/site-packages/communication_topic-0.0.0-py3.8.egg-info/dependency_links.txt
/home/u20/ros2_ws/install/communication_topic/lib/python3.8/site-packages/communication_topic-0.0.0-py3.8.egg-info/zip-safe
/home/u20/ros2_ws/install/communication_topic/lib/python3.8/site-packages/communication_topic-0.0.0-py3.8.egg-info/SOURCES.txt
/home/u20/ros2_ws/install/communication_topic/lib/python3.8/site-packages/communication_topic-0.0.0-py3.8.egg-info/entry_points.txt
/home/u20/ros2_ws/install/communication_topic/lib/communication_topic/ahrs_data_client
/home/u20/ros2_ws/install/communication_topic/lib/communication_topic/ahrs_data_server
/home/u20/ros2_ws/install/communication_topic/lib/communication_topic/ahrs_publisher_node
/home/u20/ros2_ws/install/communication_topic/lib/communication_topic/ahrs_subscriber_node
