[0.020s] Invoking command in '/home/u20/u20/ros2_topic_ws/build/status_sub': CMAKE_PREFIX_PATH=/home/u20/u20/ros2_topic_ws/install/communication_interfaces:/home/u20/u20/ros2_topic_ws/install/status_sub:/home/u20/u20/ros2_topic_ws/install/pc_status:/opt/ros/foxy PYTHONPATH=/home/u20/u20/ros2_topic_ws/install/communication_interfaces/lib/python3.8/site-packages:/home/u20/u20/ros2_topic_ws/install/pc_status/lib/python3.8/site-packages:/opt/ros/foxy/lib/python3.8/site-packages /usr/bin/cmake --build /home/u20/u20/ros2_topic_ws/build/status_sub -- -j12 -l12
[0.089s] [35m[1mScanning dependencies of target status_ui[0m
[0.144s] [ 50%] [32mBuilding CXX object CMakeFiles/status_ui.dir/src/status_ui.cpp.o[0m
[6.328s] [100%] [32m[1mLinking CXX executable status_ui[0m
[8.324s] [100%] Built target status_ui
[8.339s] Invoked command in '/home/u20/u20/ros2_topic_ws/build/status_sub' returned '0': CMAKE_PREFIX_PATH=/home/u20/u20/ros2_topic_ws/install/communication_interfaces:/home/u20/u20/ros2_topic_ws/install/status_sub:/home/u20/u20/ros2_topic_ws/install/pc_status:/opt/ros/foxy PYTHONPATH=/home/u20/u20/ros2_topic_ws/install/communication_interfaces/lib/python3.8/site-packages:/home/u20/u20/ros2_topic_ws/install/pc_status/lib/python3.8/site-packages:/opt/ros/foxy/lib/python3.8/site-packages /usr/bin/cmake --build /home/u20/u20/ros2_topic_ws/build/status_sub -- -j12 -l12
[8.343s] Invoking command in '/home/u20/u20/ros2_topic_ws/build/status_sub': CMAKE_PREFIX_PATH=/home/u20/u20/ros2_topic_ws/install/communication_interfaces:/home/u20/u20/ros2_topic_ws/install/status_sub:/home/u20/u20/ros2_topic_ws/install/pc_status:/opt/ros/foxy PYTHONPATH=/home/u20/u20/ros2_topic_ws/install/communication_interfaces/lib/python3.8/site-packages:/home/u20/u20/ros2_topic_ws/install/pc_status/lib/python3.8/site-packages:/opt/ros/foxy/lib/python3.8/site-packages /usr/bin/cmake --install /home/u20/u20/ros2_topic_ws/build/status_sub
[8.354s] -- Install configuration: ""
[8.354s] -- Installing: /home/u20/u20/ros2_topic_ws/install/status_sub/lib/status_sub/status_ui
[8.356s] -- Set runtime path of "/home/u20/u20/ros2_topic_ws/install/status_sub/lib/status_sub/status_ui" to ""
[8.357s] -- Up-to-date: /home/u20/u20/ros2_topic_ws/install/status_sub/share/ament_index/resource_index/package_run_dependencies/status_sub
[8.357s] -- Up-to-date: /home/u20/u20/ros2_topic_ws/install/status_sub/share/ament_index/resource_index/parent_prefix_path/status_sub
[8.357s] -- Up-to-date: /home/u20/u20/ros2_topic_ws/install/status_sub/share/status_sub/environment/ament_prefix_path.sh
[8.357s] -- Up-to-date: /home/u20/u20/ros2_topic_ws/install/status_sub/share/status_sub/environment/ament_prefix_path.dsv
[8.357s] -- Up-to-date: /home/u20/u20/ros2_topic_ws/install/status_sub/share/status_sub/environment/path.sh
[8.357s] -- Up-to-date: /home/u20/u20/ros2_topic_ws/install/status_sub/share/status_sub/environment/path.dsv
[8.357s] -- Up-to-date: /home/u20/u20/ros2_topic_ws/install/status_sub/share/status_sub/local_setup.bash
[8.357s] -- Up-to-date: /home/u20/u20/ros2_topic_ws/install/status_sub/share/status_sub/local_setup.sh
[8.358s] -- Up-to-date: /home/u20/u20/ros2_topic_ws/install/status_sub/share/status_sub/local_setup.zsh
[8.358s] -- Up-to-date: /home/u20/u20/ros2_topic_ws/install/status_sub/share/status_sub/local_setup.dsv
[8.358s] -- Installing: /home/u20/u20/ros2_topic_ws/install/status_sub/share/status_sub/package.dsv
[8.358s] -- Up-to-date: /home/u20/u20/ros2_topic_ws/install/status_sub/share/ament_index/resource_index/packages/status_sub
[8.358s] -- Up-to-date: /home/u20/u20/ros2_topic_ws/install/status_sub/share/status_sub/cmake/status_subConfig.cmake
[8.358s] -- Up-to-date: /home/u20/u20/ros2_topic_ws/install/status_sub/share/status_sub/cmake/status_subConfig-version.cmake
[8.358s] -- Up-to-date: /home/u20/u20/ros2_topic_ws/install/status_sub/share/status_sub/package.xml
[8.362s] Invoked command in '/home/u20/u20/ros2_topic_ws/build/status_sub' returned '0': CMAKE_PREFIX_PATH=/home/u20/u20/ros2_topic_ws/install/communication_interfaces:/home/u20/u20/ros2_topic_ws/install/status_sub:/home/u20/u20/ros2_topic_ws/install/pc_status:/opt/ros/foxy PYTHONPATH=/home/u20/u20/ros2_topic_ws/install/communication_interfaces/lib/python3.8/site-packages:/home/u20/u20/ros2_topic_ws/install/pc_status/lib/python3.8/site-packages:/opt/ros/foxy/lib/python3.8/site-packages /usr/bin/cmake --install /home/u20/u20/ros2_topic_ws/build/status_sub
