[0.289s] DEBUG:colcon:Command line arguments: ['/usr/bin/colcon', 'build']
[0.289s] DEBUG:colcon:Parsed command line arguments: Namespace(allow_overriding=[], ament_cmake_args=None, base_paths=['.'], build_base='build', catkin_cmake_args=None, catkin_skip_building_tests=False, cmake_args=None, cmake_clean_cache=False, cmake_clean_first=False, cmake_force_configure=False, cmake_target=None, cmake_target_skip_unavailable=False, continue_on_error=False, event_handlers=None, executor='parallel', ignore_user_meta=False, install_base='install', log_base=None, log_level=None, main=<bound method BuildVerb.main of <colcon_core.verb.build.BuildVerb object at 0x7fa6d5eb5400>>, merge_install=False, metas=['./colcon.meta'], packages_above=None, packages_above_and_dependencies=None, packages_above_depth=None, packages_end=None, packages_ignore=None, packages_ignore_regex=None, packages_select=None, packages_select_build_failed=False, packages_select_by_dep=None, packages_select_regex=None, packages_select_test_failures=False, packages_skip=None, packages_skip_build_finished=False, packages_skip_by_dep=None, packages_skip_regex=None, packages_skip_test_passed=False, packages_skip_up_to=None, packages_start=None, packages_up_to=None, packages_up_to_regex=None, parallel_workers=12, paths=None, symlink_install=False, test_result_base=None, verb_extension=<colcon_core.verb.build.BuildVerb object at 0x7fa6d5eb5400>, verb_name='build', verb_parser=<colcon_defaults.argument_parser.defaults.DefaultArgumentsDecorator object at 0x7fa6d5eb58e0>)
[0.568s] Level 1:colcon.colcon_core.package_discovery:discover_packages(colcon_meta) check parameters
[0.568s] Level 1:colcon.colcon_core.package_discovery:discover_packages(recursive) check parameters
[0.568s] Level 1:colcon.colcon_core.package_discovery:discover_packages(ignore) check parameters
[0.569s] Level 1:colcon.colcon_core.package_discovery:discover_packages(path) check parameters
[0.569s] Level 1:colcon.colcon_core.package_discovery:discover_packages(colcon_meta) discover
[0.569s] Level 1:colcon.colcon_core.package_discovery:discover_packages(recursive) discover
[0.569s] INFO:colcon.colcon_core.package_discovery:Crawling recursively for packages in '/home/u20/u20/ros2_topic_ws'
[0.569s] Level 1:colcon.colcon_core.package_identification:_identify(.) by extensions ['ignore', 'ignore_ament_install']
[0.569s] Level 1:colcon.colcon_core.package_identification:_identify(.) by extension 'ignore'
[0.570s] Level 1:colcon.colcon_core.package_identification:_identify(.) by extension 'ignore_ament_install'
[0.570s] Level 1:colcon.colcon_core.package_identification:_identify(.) by extensions ['colcon_pkg']
[0.570s] Level 1:colcon.colcon_core.package_identification:_identify(.) by extension 'colcon_pkg'
[0.570s] Level 1:colcon.colcon_core.package_identification:_identify(.) by extensions ['colcon_meta']
[0.570s] Level 1:colcon.colcon_core.package_identification:_identify(.) by extension 'colcon_meta'
[0.570s] Level 1:colcon.colcon_core.package_identification:_identify(.) by extensions ['ros']
[0.570s] Level 1:colcon.colcon_core.package_identification:_identify(.) by extension 'ros'
[0.598s] Level 1:colcon.colcon_core.package_identification:_identify(.) by extensions ['cmake', 'python']
[0.599s] Level 1:colcon.colcon_core.package_identification:_identify(.) by extension 'cmake'
[0.599s] Level 1:colcon.colcon_core.package_identification:_identify(.) by extension 'python'
[0.599s] Level 1:colcon.colcon_core.package_identification:_identify(.) by extensions ['python_setup_py']
[0.599s] Level 1:colcon.colcon_core.package_identification:_identify(.) by extension 'python_setup_py'
[0.599s] Level 1:colcon.colcon_core.package_identification:_identify(build) by extensions ['ignore', 'ignore_ament_install']
[0.599s] Level 1:colcon.colcon_core.package_identification:_identify(build) by extension 'ignore'
[0.600s] Level 1:colcon.colcon_core.package_identification:_identify(build) ignored
[0.600s] Level 1:colcon.colcon_core.package_identification:_identify(install) by extensions ['ignore', 'ignore_ament_install']
[0.600s] Level 1:colcon.colcon_core.package_identification:_identify(install) by extension 'ignore'
[0.600s] Level 1:colcon.colcon_core.package_identification:_identify(install) ignored
[0.600s] Level 1:colcon.colcon_core.package_identification:_identify(log) by extensions ['ignore', 'ignore_ament_install']
[0.600s] Level 1:colcon.colcon_core.package_identification:_identify(log) by extension 'ignore'
[0.600s] Level 1:colcon.colcon_core.package_identification:_identify(log) ignored
[0.601s] Level 1:colcon.colcon_core.package_identification:_identify(src) by extensions ['ignore', 'ignore_ament_install']
[0.601s] Level 1:colcon.colcon_core.package_identification:_identify(src) by extension 'ignore'
[0.601s] Level 1:colcon.colcon_core.package_identification:_identify(src) by extension 'ignore_ament_install'
[0.601s] Level 1:colcon.colcon_core.package_identification:_identify(src) by extensions ['colcon_pkg']
[0.601s] Level 1:colcon.colcon_core.package_identification:_identify(src) by extension 'colcon_pkg'
[0.601s] Level 1:colcon.colcon_core.package_identification:_identify(src) by extensions ['colcon_meta']
[0.601s] Level 1:colcon.colcon_core.package_identification:_identify(src) by extension 'colcon_meta'
[0.601s] Level 1:colcon.colcon_core.package_identification:_identify(src) by extensions ['ros']
[0.601s] Level 1:colcon.colcon_core.package_identification:_identify(src) by extension 'ros'
[0.601s] Level 1:colcon.colcon_core.package_identification:_identify(src) by extensions ['cmake', 'python']
[0.602s] Level 1:colcon.colcon_core.package_identification:_identify(src) by extension 'cmake'
[0.602s] Level 1:colcon.colcon_core.package_identification:_identify(src) by extension 'python'
[0.602s] Level 1:colcon.colcon_core.package_identification:_identify(src) by extensions ['python_setup_py']
[0.602s] Level 1:colcon.colcon_core.package_identification:_identify(src) by extension 'python_setup_py'
[0.602s] Level 1:colcon.colcon_core.package_identification:_identify(src/communication_interfaces) by extensions ['ignore', 'ignore_ament_install']
[0.602s] Level 1:colcon.colcon_core.package_identification:_identify(src/communication_interfaces) by extension 'ignore'
[0.602s] Level 1:colcon.colcon_core.package_identification:_identify(src/communication_interfaces) by extension 'ignore_ament_install'
[0.602s] Level 1:colcon.colcon_core.package_identification:_identify(src/communication_interfaces) by extensions ['colcon_pkg']
[0.602s] Level 1:colcon.colcon_core.package_identification:_identify(src/communication_interfaces) by extension 'colcon_pkg'
[0.602s] Level 1:colcon.colcon_core.package_identification:_identify(src/communication_interfaces) by extensions ['colcon_meta']
[0.602s] Level 1:colcon.colcon_core.package_identification:_identify(src/communication_interfaces) by extension 'colcon_meta'
[0.602s] Level 1:colcon.colcon_core.package_identification:_identify(src/communication_interfaces) by extensions ['ros']
[0.602s] Level 1:colcon.colcon_core.package_identification:_identify(src/communication_interfaces) by extension 'ros'
[0.607s] DEBUG:colcon.colcon_core.package_identification:Package 'src/communication_interfaces' with type 'ros.ament_cmake' and name 'communication_interfaces'
[0.609s] Level 1:colcon.colcon_core.package_identification:_identify(src/status_sub) by extensions ['ignore', 'ignore_ament_install']
[0.610s] Level 1:colcon.colcon_core.package_identification:_identify(src/status_sub) by extension 'ignore'
[0.610s] Level 1:colcon.colcon_core.package_identification:_identify(src/status_sub) by extension 'ignore_ament_install'
[0.611s] Level 1:colcon.colcon_core.package_identification:_identify(src/status_sub) by extensions ['colcon_pkg']
[0.611s] Level 1:colcon.colcon_core.package_identification:_identify(src/status_sub) by extension 'colcon_pkg'
[0.611s] Level 1:colcon.colcon_core.package_identification:_identify(src/status_sub) by extensions ['colcon_meta']
[0.611s] Level 1:colcon.colcon_core.package_identification:_identify(src/status_sub) by extension 'colcon_meta'
[0.612s] Level 1:colcon.colcon_core.package_identification:_identify(src/status_sub) by extensions ['ros']
[0.612s] Level 1:colcon.colcon_core.package_identification:_identify(src/status_sub) by extension 'ros'
[0.614s] DEBUG:colcon.colcon_core.package_identification:Package 'src/status_sub' with type 'ros.ament_cmake' and name 'status_sub'
[0.614s] Level 1:colcon.colcon_core.package_discovery:discover_packages(recursive) using defaults
[0.615s] Level 1:colcon.colcon_core.package_discovery:discover_packages(ignore) discover
[0.615s] Level 1:colcon.colcon_core.package_discovery:discover_packages(ignore) using defaults
[0.615s] Level 1:colcon.colcon_core.package_discovery:discover_packages(path) discover
[0.615s] Level 1:colcon.colcon_core.package_discovery:discover_packages(path) using defaults
[0.644s] Level 1:colcon.colcon_core.package_discovery:discover_packages(prefix_path) check parameters
[0.644s] Level 1:colcon.colcon_core.package_discovery:discover_packages(prefix_path) discover
[0.648s] DEBUG:colcon.colcon_installed_package_information.package_discovery:Found 3 installed packages in /home/u20/u20/ros2_topic_ws/install
[0.651s] DEBUG:colcon.colcon_installed_package_information.package_discovery:Found 256 installed packages in /opt/ros/foxy
[0.655s] Level 1:colcon.colcon_core.package_discovery:discover_packages(prefix_path) using defaults
[0.818s] WARNING:colcon.colcon_core.package_selection:Some selected packages are already built in one or more underlay workspaces:
	'communication_interfaces' is in: /home/u20/u20/ros2_topic_ws/install/communication_interfaces
If a package in a merged underlay workspace is overridden and it installs headers, then all packages in the overlay must sort their include directories by workspace order. Failure to do so may result in build failures or undefined behavior at run time.
If the overridden package is used by another package in any underlay, then the overriding package in the overlay must be API and ABI compatible or undefined behavior at run time may occur.

If you understand the risks and want to override a package anyways, add the following to the command line:
	--allow-overriding communication_interfaces

This may be promoted to an error in a future release of colcon-override-check.
[0.821s] Level 5:colcon.colcon_core.verb:set package 'communication_interfaces' build argument 'cmake_args' from command line to 'None'
[0.821s] Level 5:colcon.colcon_core.verb:set package 'communication_interfaces' build argument 'cmake_target' from command line to 'None'
[0.821s] Level 5:colcon.colcon_core.verb:set package 'communication_interfaces' build argument 'cmake_target_skip_unavailable' from command line to 'False'
[0.821s] Level 5:colcon.colcon_core.verb:set package 'communication_interfaces' build argument 'cmake_clean_cache' from command line to 'False'
[0.821s] Level 5:colcon.colcon_core.verb:set package 'communication_interfaces' build argument 'cmake_clean_first' from command line to 'False'
[0.821s] Level 5:colcon.colcon_core.verb:set package 'communication_interfaces' build argument 'cmake_force_configure' from command line to 'False'
[0.821s] Level 5:colcon.colcon_core.verb:set package 'communication_interfaces' build argument 'ament_cmake_args' from command line to 'None'
[0.821s] Level 5:colcon.colcon_core.verb:set package 'communication_interfaces' build argument 'catkin_cmake_args' from command line to 'None'
[0.821s] Level 5:colcon.colcon_core.verb:set package 'communication_interfaces' build argument 'catkin_skip_building_tests' from command line to 'False'
[0.821s] DEBUG:colcon.colcon_core.verb:Building package 'communication_interfaces' with the following arguments: {'ament_cmake_args': None, 'build_base': '/home/u20/u20/ros2_topic_ws/build/communication_interfaces', 'catkin_cmake_args': None, 'catkin_skip_building_tests': False, 'cmake_args': None, 'cmake_clean_cache': False, 'cmake_clean_first': False, 'cmake_force_configure': False, 'cmake_target': None, 'cmake_target_skip_unavailable': False, 'install_base': '/home/u20/u20/ros2_topic_ws/install/communication_interfaces', 'merge_install': False, 'path': '/home/u20/u20/ros2_topic_ws/src/communication_interfaces', 'symlink_install': False, 'test_result_base': None}
[0.822s] Level 5:colcon.colcon_core.verb:set package 'status_sub' build argument 'cmake_args' from command line to 'None'
[0.822s] Level 5:colcon.colcon_core.verb:set package 'status_sub' build argument 'cmake_target' from command line to 'None'
[0.822s] Level 5:colcon.colcon_core.verb:set package 'status_sub' build argument 'cmake_target_skip_unavailable' from command line to 'False'
[0.822s] Level 5:colcon.colcon_core.verb:set package 'status_sub' build argument 'cmake_clean_cache' from command line to 'False'
[0.822s] Level 5:colcon.colcon_core.verb:set package 'status_sub' build argument 'cmake_clean_first' from command line to 'False'
[0.822s] Level 5:colcon.colcon_core.verb:set package 'status_sub' build argument 'cmake_force_configure' from command line to 'False'
[0.822s] Level 5:colcon.colcon_core.verb:set package 'status_sub' build argument 'ament_cmake_args' from command line to 'None'
[0.822s] Level 5:colcon.colcon_core.verb:set package 'status_sub' build argument 'catkin_cmake_args' from command line to 'None'
[0.822s] Level 5:colcon.colcon_core.verb:set package 'status_sub' build argument 'catkin_skip_building_tests' from command line to 'False'
[0.822s] DEBUG:colcon.colcon_core.verb:Building package 'status_sub' with the following arguments: {'ament_cmake_args': None, 'build_base': '/home/u20/u20/ros2_topic_ws/build/status_sub', 'catkin_cmake_args': None, 'catkin_skip_building_tests': False, 'cmake_args': None, 'cmake_clean_cache': False, 'cmake_clean_first': False, 'cmake_force_configure': False, 'cmake_target': None, 'cmake_target_skip_unavailable': False, 'install_base': '/home/u20/u20/ros2_topic_ws/install/status_sub', 'merge_install': False, 'path': '/home/u20/u20/ros2_topic_ws/src/status_sub', 'symlink_install': False, 'test_result_base': None}
[0.822s] INFO:colcon.colcon_core.executor:Executing jobs using 'parallel' executor
[0.826s] DEBUG:colcon.colcon_parallel_executor.executor.parallel:run_until_complete
[0.827s] INFO:colcon.colcon_ros.task.ament_cmake.build:Building ROS package in '/home/u20/u20/ros2_topic_ws/src/communication_interfaces' with build type 'ament_cmake'
[0.827s] INFO:colcon.colcon_cmake.task.cmake.build:Building CMake package in '/home/u20/u20/ros2_topic_ws/src/communication_interfaces'
[0.830s] INFO:colcon.colcon_core.plugin_system:Skipping extension 'colcon_core.shell.bat': Not used on non-Windows systems
[0.830s] INFO:colcon.colcon_core.shell:Skip shell extension 'powershell' for command environment: Not usable outside of PowerShell
[0.830s] DEBUG:colcon.colcon_core.shell:Skip shell extension 'dsv' for command environment
[0.856s] DEBUG:colcon.colcon_core.event_handler.log_command:Invoking command in '/home/u20/u20/ros2_topic_ws/build/communication_interfaces': CMAKE_PREFIX_PATH=${CMAKE_PREFIX_PATH}:/home/u20/u20/ros2_topic_ws/install/pc_status:/opt/ros/foxy /usr/bin/cmake --build /home/u20/u20/ros2_topic_ws/build/communication_interfaces -- -j12 -l12
[1.536s] DEBUG:colcon.colcon_core.event_handler.log_command:Invoked command in '/home/u20/u20/ros2_topic_ws/build/communication_interfaces' returned '0': CMAKE_PREFIX_PATH=${CMAKE_PREFIX_PATH}:/home/u20/u20/ros2_topic_ws/install/pc_status:/opt/ros/foxy /usr/bin/cmake --build /home/u20/u20/ros2_topic_ws/build/communication_interfaces -- -j12 -l12
[1.575s] DEBUG:colcon.colcon_core.event_handler.log_command:Invoking command in '/home/u20/u20/ros2_topic_ws/build/communication_interfaces': CMAKE_PREFIX_PATH=${CMAKE_PREFIX_PATH}:/home/u20/u20/ros2_topic_ws/install/pc_status:/opt/ros/foxy /usr/bin/cmake --install /home/u20/u20/ros2_topic_ws/build/communication_interfaces
[1.719s] Level 1:colcon.colcon_core.environment:create_environment_scripts_only(communication_interfaces)
[1.720s] DEBUG:colcon.colcon_core.event_handler.log_command:Invoked command in '/home/u20/u20/ros2_topic_ws/build/communication_interfaces' returned '0': CMAKE_PREFIX_PATH=${CMAKE_PREFIX_PATH}:/home/u20/u20/ros2_topic_ws/install/pc_status:/opt/ros/foxy /usr/bin/cmake --install /home/u20/u20/ros2_topic_ws/build/communication_interfaces
[1.726s] Level 1:colcon.colcon_core.environment:checking '/home/u20/u20/ros2_topic_ws/install/communication_interfaces' for CMake module files
[1.727s] Level 1:colcon.colcon_core.environment:checking '/home/u20/u20/ros2_topic_ws/install/communication_interfaces' for CMake config files
[1.727s] Level 1:colcon.colcon_core.shell:create_environment_hook('communication_interfaces', 'cmake_prefix_path')
[1.728s] INFO:colcon.colcon_core.shell:Creating environment hook '/home/u20/u20/ros2_topic_ws/install/communication_interfaces/share/communication_interfaces/hook/cmake_prefix_path.ps1'
[1.729s] INFO:colcon.colcon_core.shell:Creating environment descriptor '/home/u20/u20/ros2_topic_ws/install/communication_interfaces/share/communication_interfaces/hook/cmake_prefix_path.dsv'
[1.730s] INFO:colcon.colcon_core.shell:Creating environment hook '/home/u20/u20/ros2_topic_ws/install/communication_interfaces/share/communication_interfaces/hook/cmake_prefix_path.sh'
[1.732s] Level 1:colcon.colcon_core.environment:checking '/home/u20/u20/ros2_topic_ws/install/communication_interfaces/lib'
[1.732s] Level 1:colcon.colcon_core.shell:create_environment_hook('communication_interfaces', 'ld_library_path_lib')
[1.733s] INFO:colcon.colcon_core.shell:Creating environment hook '/home/u20/u20/ros2_topic_ws/install/communication_interfaces/share/communication_interfaces/hook/ld_library_path_lib.ps1'
[1.733s] INFO:colcon.colcon_core.shell:Creating environment descriptor '/home/u20/u20/ros2_topic_ws/install/communication_interfaces/share/communication_interfaces/hook/ld_library_path_lib.dsv'
[1.734s] INFO:colcon.colcon_core.shell:Creating environment hook '/home/u20/u20/ros2_topic_ws/install/communication_interfaces/share/communication_interfaces/hook/ld_library_path_lib.sh'
[1.734s] Level 1:colcon.colcon_core.environment:checking '/home/u20/u20/ros2_topic_ws/install/communication_interfaces/bin'
[1.735s] Level 1:colcon.colcon_core.environment:checking '/home/u20/u20/ros2_topic_ws/install/communication_interfaces/lib/pkgconfig/communication_interfaces.pc'
[1.735s] Level 1:colcon.colcon_core.environment:checking '/home/u20/u20/ros2_topic_ws/install/communication_interfaces/lib/python3.8/site-packages'
[1.735s] Level 1:colcon.colcon_core.shell:create_environment_hook('communication_interfaces', 'pythonpath')
[1.735s] INFO:colcon.colcon_core.shell:Creating environment hook '/home/u20/u20/ros2_topic_ws/install/communication_interfaces/share/communication_interfaces/hook/pythonpath.ps1'
[1.737s] INFO:colcon.colcon_core.shell:Creating environment descriptor '/home/u20/u20/ros2_topic_ws/install/communication_interfaces/share/communication_interfaces/hook/pythonpath.dsv'
[1.737s] INFO:colcon.colcon_core.shell:Creating environment hook '/home/u20/u20/ros2_topic_ws/install/communication_interfaces/share/communication_interfaces/hook/pythonpath.sh'
[1.738s] Level 1:colcon.colcon_core.environment:checking '/home/u20/u20/ros2_topic_ws/install/communication_interfaces/bin'
[1.739s] INFO:colcon.colcon_core.shell:Creating package script '/home/u20/u20/ros2_topic_ws/install/communication_interfaces/share/communication_interfaces/package.ps1'
[1.740s] INFO:colcon.colcon_core.shell:Creating package descriptor '/home/u20/u20/ros2_topic_ws/install/communication_interfaces/share/communication_interfaces/package.dsv'
[1.742s] INFO:colcon.colcon_core.shell:Creating package script '/home/u20/u20/ros2_topic_ws/install/communication_interfaces/share/communication_interfaces/package.sh'
[1.745s] INFO:colcon.colcon_core.shell:Creating package script '/home/u20/u20/ros2_topic_ws/install/communication_interfaces/share/communication_interfaces/package.bash'
[1.747s] INFO:colcon.colcon_core.shell:Creating package script '/home/u20/u20/ros2_topic_ws/install/communication_interfaces/share/communication_interfaces/package.zsh'
[1.749s] Level 1:colcon.colcon_core.environment:create_file_with_runtime_dependencies(/home/u20/u20/ros2_topic_ws/install/communication_interfaces/share/colcon-core/packages/communication_interfaces)
[1.752s] Level 1:colcon.colcon_core.environment:create_environment_scripts_only(communication_interfaces)
[1.752s] Level 1:colcon.colcon_core.environment:checking '/home/u20/u20/ros2_topic_ws/install/communication_interfaces' for CMake module files
[1.753s] Level 1:colcon.colcon_core.environment:checking '/home/u20/u20/ros2_topic_ws/install/communication_interfaces' for CMake config files
[1.753s] Level 1:colcon.colcon_core.shell:create_environment_hook('communication_interfaces', 'cmake_prefix_path')
[1.754s] INFO:colcon.colcon_core.shell:Creating environment hook '/home/u20/u20/ros2_topic_ws/install/communication_interfaces/share/communication_interfaces/hook/cmake_prefix_path.ps1'
[1.754s] INFO:colcon.colcon_core.shell:Creating environment descriptor '/home/u20/u20/ros2_topic_ws/install/communication_interfaces/share/communication_interfaces/hook/cmake_prefix_path.dsv'
[1.755s] INFO:colcon.colcon_core.shell:Creating environment hook '/home/u20/u20/ros2_topic_ws/install/communication_interfaces/share/communication_interfaces/hook/cmake_prefix_path.sh'
[1.756s] Level 1:colcon.colcon_core.environment:checking '/home/u20/u20/ros2_topic_ws/install/communication_interfaces/lib'
[1.756s] Level 1:colcon.colcon_core.shell:create_environment_hook('communication_interfaces', 'ld_library_path_lib')
[1.756s] INFO:colcon.colcon_core.shell:Creating environment hook '/home/u20/u20/ros2_topic_ws/install/communication_interfaces/share/communication_interfaces/hook/ld_library_path_lib.ps1'
[1.758s] INFO:colcon.colcon_core.shell:Creating environment descriptor '/home/u20/u20/ros2_topic_ws/install/communication_interfaces/share/communication_interfaces/hook/ld_library_path_lib.dsv'
[1.759s] INFO:colcon.colcon_core.shell:Creating environment hook '/home/u20/u20/ros2_topic_ws/install/communication_interfaces/share/communication_interfaces/hook/ld_library_path_lib.sh'
[1.759s] Level 1:colcon.colcon_core.environment:checking '/home/u20/u20/ros2_topic_ws/install/communication_interfaces/bin'
[1.759s] Level 1:colcon.colcon_core.environment:checking '/home/u20/u20/ros2_topic_ws/install/communication_interfaces/lib/pkgconfig/communication_interfaces.pc'
[1.760s] Level 1:colcon.colcon_core.environment:checking '/home/u20/u20/ros2_topic_ws/install/communication_interfaces/lib/python3.8/site-packages'
[1.760s] Level 1:colcon.colcon_core.shell:create_environment_hook('communication_interfaces', 'pythonpath')
[1.760s] INFO:colcon.colcon_core.shell:Creating environment hook '/home/u20/u20/ros2_topic_ws/install/communication_interfaces/share/communication_interfaces/hook/pythonpath.ps1'
[1.761s] INFO:colcon.colcon_core.shell:Creating environment descriptor '/home/u20/u20/ros2_topic_ws/install/communication_interfaces/share/communication_interfaces/hook/pythonpath.dsv'
[1.761s] INFO:colcon.colcon_core.shell:Creating environment hook '/home/u20/u20/ros2_topic_ws/install/communication_interfaces/share/communication_interfaces/hook/pythonpath.sh'
[1.762s] Level 1:colcon.colcon_core.environment:checking '/home/u20/u20/ros2_topic_ws/install/communication_interfaces/bin'
[1.762s] INFO:colcon.colcon_core.shell:Creating package script '/home/u20/u20/ros2_topic_ws/install/communication_interfaces/share/communication_interfaces/package.ps1'
[1.763s] INFO:colcon.colcon_core.shell:Creating package descriptor '/home/u20/u20/ros2_topic_ws/install/communication_interfaces/share/communication_interfaces/package.dsv'
[1.763s] INFO:colcon.colcon_core.shell:Creating package script '/home/u20/u20/ros2_topic_ws/install/communication_interfaces/share/communication_interfaces/package.sh'
[1.763s] INFO:colcon.colcon_core.shell:Creating package script '/home/u20/u20/ros2_topic_ws/install/communication_interfaces/share/communication_interfaces/package.bash'
[1.764s] INFO:colcon.colcon_core.shell:Creating package script '/home/u20/u20/ros2_topic_ws/install/communication_interfaces/share/communication_interfaces/package.zsh'
[1.765s] Level 1:colcon.colcon_core.environment:create_file_with_runtime_dependencies(/home/u20/u20/ros2_topic_ws/install/communication_interfaces/share/colcon-core/packages/communication_interfaces)
[1.765s] INFO:colcon.colcon_ros.task.ament_cmake.build:Building ROS package in '/home/u20/u20/ros2_topic_ws/src/status_sub' with build type 'ament_cmake'
[1.766s] INFO:colcon.colcon_cmake.task.cmake.build:Building CMake package in '/home/u20/u20/ros2_topic_ws/src/status_sub'
[1.766s] INFO:colcon.colcon_core.shell:Skip shell extension 'powershell' for command environment: Not usable outside of PowerShell
[1.766s] DEBUG:colcon.colcon_core.shell:Skip shell extension 'dsv' for command environment
[1.799s] DEBUG:colcon.colcon_core.event_handler.log_command:Invoking command in '/home/u20/u20/ros2_topic_ws/build/status_sub': CMAKE_PREFIX_PATH=/home/u20/u20/ros2_topic_ws/install/communication_interfaces:/home/u20/u20/ros2_topic_ws/install/status_sub:/home/u20/u20/ros2_topic_ws/install/pc_status:/opt/ros/foxy PYTHONPATH=/home/u20/u20/ros2_topic_ws/install/communication_interfaces/lib/python3.8/site-packages:/home/u20/u20/ros2_topic_ws/install/pc_status/lib/python3.8/site-packages:/opt/ros/foxy/lib/python3.8/site-packages /usr/bin/cmake --build /home/u20/u20/ros2_topic_ws/build/status_sub -- -j12 -l12
[12.382s] DEBUG:colcon.colcon_core.event_handler.log_command:Invoked command in '/home/u20/u20/ros2_topic_ws/build/status_sub' returned '0': CMAKE_PREFIX_PATH=/home/u20/u20/ros2_topic_ws/install/communication_interfaces:/home/u20/u20/ros2_topic_ws/install/status_sub:/home/u20/u20/ros2_topic_ws/install/pc_status:/opt/ros/foxy PYTHONPATH=/home/u20/u20/ros2_topic_ws/install/communication_interfaces/lib/python3.8/site-packages:/home/u20/u20/ros2_topic_ws/install/pc_status/lib/python3.8/site-packages:/opt/ros/foxy/lib/python3.8/site-packages /usr/bin/cmake --build /home/u20/u20/ros2_topic_ws/build/status_sub -- -j12 -l12
[12.384s] DEBUG:colcon.colcon_core.event_handler.log_command:Invoking command in '/home/u20/u20/ros2_topic_ws/build/status_sub': CMAKE_PREFIX_PATH=/home/u20/u20/ros2_topic_ws/install/communication_interfaces:/home/u20/u20/ros2_topic_ws/install/status_sub:/home/u20/u20/ros2_topic_ws/install/pc_status:/opt/ros/foxy PYTHONPATH=/home/u20/u20/ros2_topic_ws/install/communication_interfaces/lib/python3.8/site-packages:/home/u20/u20/ros2_topic_ws/install/pc_status/lib/python3.8/site-packages:/opt/ros/foxy/lib/python3.8/site-packages /usr/bin/cmake --install /home/u20/u20/ros2_topic_ws/build/status_sub
[12.395s] Level 1:colcon.colcon_core.environment:create_environment_scripts_only(status_sub)
[12.396s] Level 1:colcon.colcon_core.environment:checking '/home/u20/u20/ros2_topic_ws/install/status_sub' for CMake module files
[12.396s] DEBUG:colcon.colcon_core.event_handler.log_command:Invoked command in '/home/u20/u20/ros2_topic_ws/build/status_sub' returned '0': CMAKE_PREFIX_PATH=/home/u20/u20/ros2_topic_ws/install/communication_interfaces:/home/u20/u20/ros2_topic_ws/install/status_sub:/home/u20/u20/ros2_topic_ws/install/pc_status:/opt/ros/foxy PYTHONPATH=/home/u20/u20/ros2_topic_ws/install/communication_interfaces/lib/python3.8/site-packages:/home/u20/u20/ros2_topic_ws/install/pc_status/lib/python3.8/site-packages:/opt/ros/foxy/lib/python3.8/site-packages /usr/bin/cmake --install /home/u20/u20/ros2_topic_ws/build/status_sub
[12.397s] Level 1:colcon.colcon_core.environment:checking '/home/u20/u20/ros2_topic_ws/install/status_sub' for CMake config files
[12.397s] Level 1:colcon.colcon_core.shell:create_environment_hook('status_sub', 'cmake_prefix_path')
[12.397s] INFO:colcon.colcon_core.shell:Creating environment hook '/home/u20/u20/ros2_topic_ws/install/status_sub/share/status_sub/hook/cmake_prefix_path.ps1'
[12.398s] INFO:colcon.colcon_core.shell:Creating environment descriptor '/home/u20/u20/ros2_topic_ws/install/status_sub/share/status_sub/hook/cmake_prefix_path.dsv'
[12.398s] INFO:colcon.colcon_core.shell:Creating environment hook '/home/u20/u20/ros2_topic_ws/install/status_sub/share/status_sub/hook/cmake_prefix_path.sh'
[12.398s] Level 1:colcon.colcon_core.environment:checking '/home/u20/u20/ros2_topic_ws/install/status_sub/lib'
[12.398s] Level 1:colcon.colcon_core.environment:checking '/home/u20/u20/ros2_topic_ws/install/status_sub/bin'
[12.399s] Level 1:colcon.colcon_core.environment:checking '/home/u20/u20/ros2_topic_ws/install/status_sub/lib/pkgconfig/status_sub.pc'
[12.399s] Level 1:colcon.colcon_core.environment:checking '/home/u20/u20/ros2_topic_ws/install/status_sub/lib/python3.8/site-packages'
[12.399s] Level 1:colcon.colcon_core.environment:checking '/home/u20/u20/ros2_topic_ws/install/status_sub/bin'
[12.399s] INFO:colcon.colcon_core.shell:Creating package script '/home/u20/u20/ros2_topic_ws/install/status_sub/share/status_sub/package.ps1'
[12.400s] INFO:colcon.colcon_core.shell:Creating package descriptor '/home/u20/u20/ros2_topic_ws/install/status_sub/share/status_sub/package.dsv'
[12.400s] INFO:colcon.colcon_core.shell:Creating package script '/home/u20/u20/ros2_topic_ws/install/status_sub/share/status_sub/package.sh'
[12.400s] INFO:colcon.colcon_core.shell:Creating package script '/home/u20/u20/ros2_topic_ws/install/status_sub/share/status_sub/package.bash'
[12.401s] INFO:colcon.colcon_core.shell:Creating package script '/home/u20/u20/ros2_topic_ws/install/status_sub/share/status_sub/package.zsh'
[12.401s] Level 1:colcon.colcon_core.environment:create_file_with_runtime_dependencies(/home/u20/u20/ros2_topic_ws/install/status_sub/share/colcon-core/packages/status_sub)
[12.401s] Level 1:colcon.colcon_core.environment:create_environment_scripts_only(status_sub)
[12.401s] Level 1:colcon.colcon_core.environment:checking '/home/u20/u20/ros2_topic_ws/install/status_sub' for CMake module files
[12.402s] Level 1:colcon.colcon_core.environment:checking '/home/u20/u20/ros2_topic_ws/install/status_sub' for CMake config files
[12.402s] Level 1:colcon.colcon_core.shell:create_environment_hook('status_sub', 'cmake_prefix_path')
[12.402s] INFO:colcon.colcon_core.shell:Creating environment hook '/home/u20/u20/ros2_topic_ws/install/status_sub/share/status_sub/hook/cmake_prefix_path.ps1'
[12.402s] INFO:colcon.colcon_core.shell:Creating environment descriptor '/home/u20/u20/ros2_topic_ws/install/status_sub/share/status_sub/hook/cmake_prefix_path.dsv'
[12.403s] INFO:colcon.colcon_core.shell:Creating environment hook '/home/u20/u20/ros2_topic_ws/install/status_sub/share/status_sub/hook/cmake_prefix_path.sh'
[12.403s] Level 1:colcon.colcon_core.environment:checking '/home/u20/u20/ros2_topic_ws/install/status_sub/lib'
[12.403s] Level 1:colcon.colcon_core.environment:checking '/home/u20/u20/ros2_topic_ws/install/status_sub/bin'
[12.403s] Level 1:colcon.colcon_core.environment:checking '/home/u20/u20/ros2_topic_ws/install/status_sub/lib/pkgconfig/status_sub.pc'
[12.404s] Level 1:colcon.colcon_core.environment:checking '/home/u20/u20/ros2_topic_ws/install/status_sub/lib/python3.8/site-packages'
[12.404s] Level 1:colcon.colcon_core.environment:checking '/home/u20/u20/ros2_topic_ws/install/status_sub/bin'
[12.404s] INFO:colcon.colcon_core.shell:Creating package script '/home/u20/u20/ros2_topic_ws/install/status_sub/share/status_sub/package.ps1'
[12.404s] INFO:colcon.colcon_core.shell:Creating package descriptor '/home/u20/u20/ros2_topic_ws/install/status_sub/share/status_sub/package.dsv'
[12.405s] INFO:colcon.colcon_core.shell:Creating package script '/home/u20/u20/ros2_topic_ws/install/status_sub/share/status_sub/package.sh'
[12.405s] INFO:colcon.colcon_core.shell:Creating package script '/home/u20/u20/ros2_topic_ws/install/status_sub/share/status_sub/package.bash'
[12.405s] INFO:colcon.colcon_core.shell:Creating package script '/home/u20/u20/ros2_topic_ws/install/status_sub/share/status_sub/package.zsh'
[12.406s] Level 1:colcon.colcon_core.environment:create_file_with_runtime_dependencies(/home/u20/u20/ros2_topic_ws/install/status_sub/share/colcon-core/packages/status_sub)
[12.406s] DEBUG:colcon.colcon_parallel_executor.executor.parallel:closing loop
[12.406s] DEBUG:colcon.colcon_parallel_executor.executor.parallel:loop closed
[12.406s] DEBUG:colcon.colcon_parallel_executor.executor.parallel:run_until_complete finished with '0'
[12.406s] DEBUG:colcon.colcon_core.event_reactor:joining thread
[12.412s] INFO:colcon.colcon_core.plugin_system:Skipping extension 'colcon_notification.desktop_notification.terminal_notifier': Not used on non-Darwin systems
[12.412s] INFO:colcon.colcon_core.plugin_system:Skipping extension 'colcon_notification.desktop_notification.win32': Not used on non-Windows systems
[12.412s] INFO:colcon.colcon_notification.desktop_notification:Sending desktop notification using 'notify2'
[12.431s] DEBUG:colcon.colcon_core.event_reactor:joined thread
[12.431s] INFO:colcon.colcon_core.shell:Creating prefix script '/home/u20/u20/ros2_topic_ws/install/local_setup.ps1'
[12.432s] INFO:colcon.colcon_core.shell:Creating prefix util module '/home/u20/u20/ros2_topic_ws/install/_local_setup_util_ps1.py'
[12.433s] INFO:colcon.colcon_core.shell:Creating prefix chain script '/home/u20/u20/ros2_topic_ws/install/setup.ps1'
[12.434s] INFO:colcon.colcon_core.shell:Creating prefix script '/home/u20/u20/ros2_topic_ws/install/local_setup.sh'
[12.435s] INFO:colcon.colcon_core.shell:Creating prefix util module '/home/u20/u20/ros2_topic_ws/install/_local_setup_util_sh.py'
[12.435s] INFO:colcon.colcon_core.shell:Creating prefix chain script '/home/u20/u20/ros2_topic_ws/install/setup.sh'
[12.437s] INFO:colcon.colcon_core.shell:Creating prefix script '/home/u20/u20/ros2_topic_ws/install/local_setup.bash'
[12.437s] INFO:colcon.colcon_core.shell:Creating prefix chain script '/home/u20/u20/ros2_topic_ws/install/setup.bash'
[12.438s] INFO:colcon.colcon_core.shell:Creating prefix script '/home/u20/u20/ros2_topic_ws/install/local_setup.zsh'
[12.439s] INFO:colcon.colcon_core.shell:Creating prefix chain script '/home/u20/u20/ros2_topic_ws/install/setup.zsh'
