[0.009s] Invoking command in '/home/gy/ROS2_Coming/00ROS2/B-ROS2-lidar/colcon_ws/build/read_pcd': CMAKE_PREFIX_PATH=/opt/ros/humble /usr/bin/cmake /home/gy/ROS2_Coming/00ROS2/B-ROS2-lidar/colcon_ws/src/read_pcd -DCMAKE_INSTALL_PREFIX=/home/gy/ROS2_Coming/00ROS2/B-ROS2-lidar/colcon_ws/install/read_pcd
[0.023s] -- Found ament_cmake: 1.3.10 (/opt/ros/humble/share/ament_cmake/cmake)
[0.143s] -- Found pcl_conversions: 2.4.5 (/opt/ros/humble/share/pcl_conversions/cmake)
[0.174s] -- Found rosidl_generator_c: 3.1.5 (/opt/ros/humble/share/rosidl_generator_c/cmake)
[0.177s] -- Found rosidl_adapter: 3.1.5 (/opt/ros/humble/share/rosidl_adapter/cmake)
[0.183s] -- Found rosidl_generator_cpp: 3.1.5 (/opt/ros/humble/share/rosidl_generator_cpp/cmake)
[0.192s] -- Using all available rosidl_typesupport_c: rosidl_typesupport_fastrtps_c;rosidl_typesupport_introspection_c
[0.205s] -- Using all available rosidl_typesupport_cpp: rosidl_typesupport_fastrtps_cpp;rosidl_typesupport_introspection_cpp
[0.238s] -- Found rmw_implementation_cmake: 6.1.2 (/opt/ros/humble/share/rmw_implementation_cmake/cmake)
[0.239s] -- Found rmw_fastrtps_cpp: 6.2.7 (/opt/ros/humble/share/rmw_fastrtps_cpp/cmake)
[0.338s] -- Using RMW implementation 'rmw_fastrtps_cpp' as default
[0.454s] -- Eigen found (include: /usr/include/eigen3, version: 3.4.0)
[0.481s] -- FLANN found (include: /usr/include, lib: /usr/lib/x86_64-linux-gnu/libflann_cpp.so)
[0.765s] -- OpenNI found (version: 1.5.4.0, include: /usr/include/ni, lib: /usr/lib/libOpenNI.so;libusb::libusb)
[0.771s] -- OpenNI2 found (version: 2.2.0.33, include: /usr/include/openni2, lib: /usr/lib/x86_64-linux-gnu/libOpenNI2.so;libusb::libusb)
[0.913s] -- Eigen found (include: /usr/include/eigen3, version: 3.4.0)
[0.919s] -- OpenNI found (version: 1.5.4.0, include: /usr/include/ni, lib: /usr/lib/libOpenNI.so;libusb::libusb)
[0.925s] -- OpenNI2 found (version: 2.2.0.33, include: /usr/include/openni2, lib: /usr/lib/x86_64-linux-gnu/libOpenNI2.so;libusb::libusb)
[1.057s] -- Found Qhull version 8.0.2
[1.215s] -- OpenNI found (version: 1.5.4.0, include: /usr/include/ni, lib: /usr/lib/libOpenNI.so;libusb::libusb)
[1.371s] -- Found pcl_ros: 2.4.5 (/opt/ros/humble/share/pcl_ros/cmake)
[1.416s] -- Found eigen3_cmake_module: 0.1.1 (/opt/ros/humble/share/eigen3_cmake_module/cmake)
[1.418s] -- Found Eigen3: TRUE (found version "3.4.0") 
[1.418s] -- Ensuring Eigen3 include directory is part of orocos-kdl CMake target
[1.535s] [31mCMake Error at CMakeLists.txt:12 (find_package):
[1.535s]   By not providing "Findroscpp.cmake" in CMAKE_MODULE_PATH this project has
[1.535s]   asked CMake to find a package configuration file provided by "roscpp", but
[1.535s]   CMake did not find one.
[1.535s] 
[1.535s]   Could not find a package configuration file provided by "roscpp" with any
[1.535s]   of the following names:
[1.535s] 
[1.535s]     roscppConfig.cmake
[1.535s]     roscpp-config.cmake
[1.535s] 
[1.535s]   Add the installation prefix of "roscpp" to CMAKE_PREFIX_PATH or set
[1.535s]   "roscpp_DIR" to a directory containing one of the above files.  If "roscpp"
[1.536s]   provides a separate development package or SDK, be sure it has been
[1.536s]   installed.
[1.536s] 
[1.536s] [0m
[1.536s] -- Configuring incomplete, errors occurred!
[1.536s] See also "/home/gy/ROS2_Coming/00ROS2/B-ROS2-lidar/colcon_ws/build/read_pcd/CMakeFiles/CMakeOutput.log".
[1.554s] Invoked command in '/home/gy/ROS2_Coming/00ROS2/B-ROS2-lidar/colcon_ws/build/read_pcd' returned '1': CMAKE_PREFIX_PATH=/opt/ros/humble /usr/bin/cmake /home/gy/ROS2_Coming/00ROS2/B-ROS2-lidar/colcon_ws/src/read_pcd -DCMAKE_INSTALL_PREFIX=/home/gy/ROS2_Coming/00ROS2/B-ROS2-lidar/colcon_ws/install/read_pcd
