running egg_info
writing ../../build/communication_topic/communication_topic.egg-info/PKG-INFO
writing dependency_links to ../../build/communication_topic/communication_topic.egg-info/dependency_links.txt
writing entry points to ../../build/communication_topic/communication_topic.egg-info/entry_points.txt
writing requirements to ../../build/communication_topic/communication_topic.egg-info/requires.txt
writing top-level names to ../../build/communication_topic/communication_topic.egg-info/top_level.txt
reading manifest file '../../build/communication_topic/communication_topic.egg-info/SOURCES.txt'
writing manifest file '../../build/communication_topic/communication_topic.egg-info/SOURCES.txt'
running build
running build_py
running install
running install_lib
running install_data
running install_egg_info
removing '/home/u20/ros2_ws/install/communication_topic/lib/python3.8/site-packages/communication_topic-0.0.0-py3.8.egg-info' (and everything under it)
Copying ../../build/communication_topic/communication_topic.egg-info to /home/u20/ros2_ws/install/communication_topic/lib/python3.8/site-packages/communication_topic-0.0.0-py3.8.egg-info
running install_scripts
Installing ahrs_data_client script to /home/u20/ros2_ws/install/communication_topic/lib/communication_topic
Installing ahrs_data_server script to /home/u20/ros2_ws/install/communication_topic/lib/communication_topic
Installing ahrs_publisher_node script to /home/u20/ros2_ws/install/communication_topic/lib/communication_topic
Installing ahrs_subscriber_node script to /home/u20/ros2_ws/install/communication_topic/lib/communication_topic
writing list of installed files to '/home/u20/ros2_ws/build/communication_topic/install.log'
