[0.522s] Invoking command in '/home/u20/ros2_ws/src/communication_topic': PYTHONPATH=/home/u20/ros2_ws/build/communication_topic/prefix_override:/usr/lib/python3/dist-packages/colcon_core/task/python/colcon_distutils_commands:/home/u20/ros2_ws/install/communication_topic/lib/python3.8/site-packages:/home/u20/ros2_ws/install/communication_interfaces_topic/lib/python3.8/site-packages:/home/u20/ros2_ws/install/communication_topic/lib/python3.8/site-packages:/opt/ros/foxy/lib/python3.8/site-packages /usr/bin/python3 -W ignore:setup.py install is deprecated -W ignore:easy_install command is deprecated setup.py egg_info --egg-base ../../build/communication_topic build --build-base /home/u20/ros2_ws/build/communication_topic/build install --record /home/u20/ros2_ws/build/communication_topic/install.log --install-scripts $base/lib/communication_topic --single-version-externally-managed install_data
[0.689s] running egg_info
[0.689s] writing ../../build/communication_topic/communication_topic.egg-info/PKG-INFO
[0.689s] writing dependency_links to ../../build/communication_topic/communication_topic.egg-info/dependency_links.txt
[0.690s] writing entry points to ../../build/communication_topic/communication_topic.egg-info/entry_points.txt
[0.690s] writing requirements to ../../build/communication_topic/communication_topic.egg-info/requires.txt
[0.690s] writing top-level names to ../../build/communication_topic/communication_topic.egg-info/top_level.txt
[0.717s] reading manifest file '../../build/communication_topic/communication_topic.egg-info/SOURCES.txt'
[0.717s] writing manifest file '../../build/communication_topic/communication_topic.egg-info/SOURCES.txt'
[0.717s] running build
[0.717s] running build_py
[0.718s] running install
[0.718s] running install_lib
[0.720s] running install_data
[0.720s] running install_egg_info
[0.721s] removing '/home/u20/ros2_ws/install/communication_topic/lib/python3.8/site-packages/communication_topic-0.0.0-py3.8.egg-info' (and everything under it)
[0.721s] Copying ../../build/communication_topic/communication_topic.egg-info to /home/u20/ros2_ws/install/communication_topic/lib/python3.8/site-packages/communication_topic-0.0.0-py3.8.egg-info
[0.722s] running install_scripts
[0.735s] Installing ahrs_data_client script to /home/u20/ros2_ws/install/communication_topic/lib/communication_topic
[0.736s] Installing ahrs_data_server script to /home/u20/ros2_ws/install/communication_topic/lib/communication_topic
[0.736s] Installing ahrs_publisher_node script to /home/u20/ros2_ws/install/communication_topic/lib/communication_topic
[0.736s] Installing ahrs_subscriber_node script to /home/u20/ros2_ws/install/communication_topic/lib/communication_topic
[0.736s] writing list of installed files to '/home/u20/ros2_ws/build/communication_topic/install.log'
[0.753s] Invoked command in '/home/u20/ros2_ws/src/communication_topic' returned '0': PYTHONPATH=/home/u20/ros2_ws/build/communication_topic/prefix_override:/usr/lib/python3/dist-packages/colcon_core/task/python/colcon_distutils_commands:/home/u20/ros2_ws/install/communication_topic/lib/python3.8/site-packages:/home/u20/ros2_ws/install/communication_interfaces_topic/lib/python3.8/site-packages:/home/u20/ros2_ws/install/communication_topic/lib/python3.8/site-packages:/opt/ros/foxy/lib/python3.8/site-packages /usr/bin/python3 -W ignore:setup.py install is deprecated -W ignore:easy_install command is deprecated setup.py egg_info --egg-base ../../build/communication_topic build --build-base /home/u20/ros2_ws/build/communication_topic/build install --record /home/u20/ros2_ws/build/communication_topic/install.log --install-scripts $base/lib/communication_topic --single-version-externally-managed install_data
