-- The C compiler identification is GNU 9.4.0
-- The CXX compiler identification is GNU 9.4.0
-- Check for working C compiler: /usr/bin/cc
-- Check for working C compiler: /usr/bin/cc -- works
-- Detecting C compiler ABI info
-- Detecting C compiler ABI info - done
-- Detecting C compile features
-- Detecting C compile features - done
-- Check for working CXX compiler: /usr/bin/c++
-- Check for working CXX compiler: /usr/bin/c++ -- works
-- Detecting CXX compiler ABI info
-- Detecting CXX compiler ABI info - done
-- Detecting CXX compile features
-- Detecting CXX compile features - done
-- Found ament_cmake: 0.9.12 (/opt/ros/foxy/share/ament_cmake/cmake)
-- Found PythonInterp: /usr/bin/python3 (found suitable version "3.8.10", minimum required is "3") 
-- Using PYTHON_EXECUTABLE: /usr/bin/python3
-- Found rclpy: 1.0.13 (/opt/ros/foxy/share/rclpy/cmake)
-- Found std_msgs: 2.0.5 (/opt/ros/foxy/share/std_msgs/cmake)
-- Using all available rosidl_typesupport_c: rosidl_typesupport_fastrtps_c;rosidl_typesupport_introspection_c
-- Found rosidl_adapter: 1.3.1 (/opt/ros/foxy/share/rosidl_adapter/cmake)
-- Found OpenSSL: /usr/lib/x86_64-linux-gnu/libcrypto.so (found version "1.1.1f")  
-- Found FastRTPS: /opt/ros/foxy/include  
-- Using all available rosidl_typesupport_cpp: rosidl_typesupport_fastrtps_cpp;rosidl_typesupport_introspection_cpp
-- Found sensor_msgs: 2.0.5 (/opt/ros/foxy/share/sensor_msgs/cmake)
-- Found rosidl_default_generators: 1.0.1 (/opt/ros/foxy/share/rosidl_default_generators/cmake)
-- Found PythonInterp: /usr/bin/python3 (found version "3.8.10") 
-- Found ament_cmake_ros: 0.9.2 (/opt/ros/foxy/share/ament_cmake_ros/cmake)
-- Using all available rosidl_typesupport_c: rosidl_typesupport_fastrtps_c;rosidl_typesupport_introspection_c
-- Using all available rosidl_typesupport_cpp: rosidl_typesupport_fastrtps_cpp;rosidl_typesupport_introspection_cpp
-- Found PythonInterp: /usr/bin/python3 (found suitable version "3.8.10", minimum required is "3.5") 
-- Found python_cmake_module: 0.8.1 (/opt/ros/foxy/share/python_cmake_module/cmake)
-- Found PythonLibs: /usr/lib/x86_64-linux-gnu/libpython3.8.so (found suitable version "3.8.10", minimum required is "3.5") 
-- Using PYTHON_EXECUTABLE: /usr/bin/python3
-- Using PYTHON_INCLUDE_DIRS: /usr/include/python3.8
-- Using PYTHON_LIBRARIES: /usr/lib/x86_64-linux-gnu/libpython3.8.so
-- Found PythonExtra: .so  
-- Found ament_lint_auto: 0.9.8 (/opt/ros/foxy/share/ament_lint_auto/cmake)
-- Added test 'copyright' to check source files copyright and LICENSE
-- Added test 'lint_cmake' to check CMake code style
-- Added test 'xmllint' to check XML markup files
-- Configuring done
-- Generating done
-- Build files have been written to: /home/u20/ros2_ws/build/communication_interfaces_topic
[  1%] [34m[1mGenerating C code for ROS interfaces[0m
[35m[1mScanning dependencies of target communication_interfaces_topic__cpp[0m
[  2%] [34m[1mGenerating C++ code for ROS interfaces[0m
[  2%] Built target communication_interfaces_topic__cpp
[  5%] [34m[1mGenerating C++ type support dispatch for ROS interfaces[0m
[  5%] [34m[1mGenerating C++ type support for eProsima Fast-RTPS[0m
[  6%] [34m[1mGenerating C++ introspection for ROS interfaces[0m
[35m[1mScanning dependencies of target communication_interfaces_topic__rosidl_generator_c[0m
[  8%] [32mBuilding C object CMakeFiles/communication_interfaces_topic__rosidl_generator_c.dir/rosidl_generator_c/communication_interfaces_topic/msg/detail/depth__functions.c.o[0m
[  8%] [32mBuilding C object CMakeFiles/communication_interfaces_topic__rosidl_generator_c.dir/rosidl_generator_c/communication_interfaces_topic/msg/detail/dvl__functions.c.o[0m
[ 10%] [32mBuilding C object CMakeFiles/communication_interfaces_topic__rosidl_generator_c.dir/rosidl_generator_c/communication_interfaces_topic/msg/detail/pose__functions.c.o[0m
[ 11%] [32mBuilding C object CMakeFiles/communication_interfaces_topic__rosidl_generator_c.dir/rosidl_generator_c/communication_interfaces_topic/srv/detail/get_ahrs__functions.c.o[0m
[ 12%] [32mBuilding C object CMakeFiles/communication_interfaces_topic__rosidl_generator_c.dir/rosidl_generator_c/communication_interfaces_topic/msg/detail/thrust__functions.c.o[0m
[ 13%] [32mBuilding C object CMakeFiles/communication_interfaces_topic__rosidl_generator_c.dir/rosidl_generator_c/communication_interfaces_topic/msg/detail/altitude__functions.c.o[0m
[ 15%] [32mBuilding C object CMakeFiles/communication_interfaces_topic__rosidl_generator_c.dir/rosidl_generator_c/communication_interfaces_topic/msg/detail/ahrs__functions.c.o[0m
[ 16%] [32m[1mLinking C shared library libcommunication_interfaces_topic__rosidl_generator_c.so[0m
[ 16%] Built target communication_interfaces_topic__rosidl_generator_c
[ 18%] [34m[1mGenerating C introspection for ROS interfaces[0m
[ 18%] [34m[1mGenerating C type support dispatch for ROS interfaces[0m
[35m[1mScanning dependencies of target communication_interfaces_topic__rosidl_typesupport_introspection_cpp[0m
[ 25%] [32mBuilding CXX object CMakeFiles/communication_interfaces_topic__rosidl_typesupport_introspection_cpp.dir/rosidl_typesupport_introspection_cpp/communication_interfaces_topic/msg/detail/depth__type_support.cpp.o[0m
[ 25%] [32mBuilding CXX object CMakeFiles/communication_interfaces_topic__rosidl_typesupport_introspection_cpp.dir/rosidl_typesupport_introspection_cpp/communication_interfaces_topic/msg/detail/pose__type_support.cpp.o[0m
[ 25%] [32mBuilding CXX object CMakeFiles/communication_interfaces_topic__rosidl_typesupport_introspection_cpp.dir/rosidl_typesupport_introspection_cpp/communication_interfaces_topic/msg/detail/altitude__type_support.cpp.o[0m
[ 25%] [32mBuilding CXX object CMakeFiles/communication_interfaces_topic__rosidl_typesupport_introspection_cpp.dir/rosidl_typesupport_introspection_cpp/communication_interfaces_topic/msg/detail/dvl__type_support.cpp.o[0m
[ 25%] [32mBuilding CXX object CMakeFiles/communication_interfaces_topic__rosidl_typesupport_introspection_cpp.dir/rosidl_typesupport_introspection_cpp/communication_interfaces_topic/msg/detail/ahrs__type_support.cpp.o[0m
[ 26%] [32mBuilding CXX object CMakeFiles/communication_interfaces_topic__rosidl_typesupport_introspection_cpp.dir/rosidl_typesupport_introspection_cpp/communication_interfaces_topic/msg/detail/thrust__type_support.cpp.o[0m
[ 27%] [32mBuilding CXX object CMakeFiles/communication_interfaces_topic__rosidl_typesupport_introspection_cpp.dir/rosidl_typesupport_introspection_cpp/communication_interfaces_topic/srv/detail/get_ahrs__type_support.cpp.o[0m
[35m[1mScanning dependencies of target communication_interfaces_topic__rosidl_typesupport_cpp[0m
[ 29%] [32mBuilding CXX object CMakeFiles/communication_interfaces_topic__rosidl_typesupport_cpp.dir/rosidl_typesupport_cpp/communication_interfaces_topic/msg/ahrs__type_support.cpp.o[0m
[ 30%] [32mBuilding CXX object CMakeFiles/communication_interfaces_topic__rosidl_typesupport_cpp.dir/rosidl_typesupport_cpp/communication_interfaces_topic/msg/altitude__type_support.cpp.o[0m
[35m[1mScanning dependencies of target communication_interfaces_topic__rosidl_typesupport_c[0m
[ 31%] [32mBuilding CXX object CMakeFiles/communication_interfaces_topic__rosidl_typesupport_c.dir/rosidl_typesupport_c/communication_interfaces_topic/msg/ahrs__type_support.cpp.o[0m
[ 32%] [32mBuilding CXX object CMakeFiles/communication_interfaces_topic__rosidl_typesupport_c.dir/rosidl_typesupport_c/communication_interfaces_topic/msg/altitude__type_support.cpp.o[0m
[ 34%] [32mBuilding CXX object CMakeFiles/communication_interfaces_topic__rosidl_typesupport_cpp.dir/rosidl_typesupport_cpp/communication_interfaces_topic/msg/depth__type_support.cpp.o[0m
[35m[1mScanning dependencies of target communication_interfaces_topic__rosidl_typesupport_introspection_c[0m
[35m[1mScanning dependencies of target communication_interfaces_topic__rosidl_typesupport_fastrtps_cpp[0m
[ 35%] [32mBuilding CXX object CMakeFiles/communication_interfaces_topic__rosidl_typesupport_cpp.dir/rosidl_typesupport_cpp/communication_interfaces_topic/msg/dvl__type_support.cpp.o[0m
[ 36%] [32mBuilding C object CMakeFiles/communication_interfaces_topic__rosidl_typesupport_introspection_c.dir/rosidl_typesupport_introspection_c/communication_interfaces_topic/msg/detail/ahrs__type_support.c.o[0m
[ 37%] [32mBuilding CXX object CMakeFiles/communication_interfaces_topic__rosidl_typesupport_cpp.dir/rosidl_typesupport_cpp/communication_interfaces_topic/msg/thrust__type_support.cpp.o[0m
[ 39%] [32mBuilding CXX object CMakeFiles/communication_interfaces_topic__rosidl_typesupport_cpp.dir/rosidl_typesupport_cpp/communication_interfaces_topic/msg/pose__type_support.cpp.o[0m
[ 41%] [32mBuilding C object CMakeFiles/communication_interfaces_topic__rosidl_typesupport_introspection_c.dir/rosidl_typesupport_introspection_c/communication_interfaces_topic/msg/detail/altitude__type_support.c.o[0m
[ 41%] [32mBuilding CXX object CMakeFiles/communication_interfaces_topic__rosidl_typesupport_c.dir/rosidl_typesupport_c/communication_interfaces_topic/msg/depth__type_support.cpp.o[0m
[ 43%] [32mBuilding CXX object CMakeFiles/communication_interfaces_topic__rosidl_typesupport_fastrtps_cpp.dir/rosidl_typesupport_fastrtps_cpp/communication_interfaces_topic/msg/detail/dds_fastrtps/ahrs__type_support.cpp.o[0m
[ 44%] [32mBuilding CXX object CMakeFiles/communication_interfaces_topic__rosidl_typesupport_cpp.dir/rosidl_typesupport_cpp/communication_interfaces_topic/srv/get_ahrs__type_support.cpp.o[0m
[ 45%] [32m[1mLinking CXX shared library libcommunication_interfaces_topic__rosidl_typesupport_introspection_cpp.so[0m
[ 46%] [32mBuilding C object CMakeFiles/communication_interfaces_topic__rosidl_typesupport_introspection_c.dir/rosidl_typesupport_introspection_c/communication_interfaces_topic/msg/detail/depth__type_support.c.o[0m
[ 48%] [32mBuilding CXX object CMakeFiles/communication_interfaces_topic__rosidl_typesupport_c.dir/rosidl_typesupport_c/communication_interfaces_topic/msg/dvl__type_support.cpp.o[0m
[ 49%] [32mBuilding C object CMakeFiles/communication_interfaces_topic__rosidl_typesupport_introspection_c.dir/rosidl_typesupport_introspection_c/communication_interfaces_topic/msg/detail/dvl__type_support.c.o[0m
[ 50%] [32mBuilding CXX object CMakeFiles/communication_interfaces_topic__rosidl_typesupport_c.dir/rosidl_typesupport_c/communication_interfaces_topic/msg/pose__type_support.cpp.o[0m
[ 51%] [32mBuilding C object CMakeFiles/communication_interfaces_topic__rosidl_typesupport_introspection_c.dir/rosidl_typesupport_introspection_c/communication_interfaces_topic/msg/detail/pose__type_support.c.o[0m
[ 53%] [32mBuilding C object CMakeFiles/communication_interfaces_topic__rosidl_typesupport_introspection_c.dir/rosidl_typesupport_introspection_c/communication_interfaces_topic/msg/detail/thrust__type_support.c.o[0m
[ 54%] [32mBuilding CXX object CMakeFiles/communication_interfaces_topic__rosidl_typesupport_c.dir/rosidl_typesupport_c/communication_interfaces_topic/msg/thrust__type_support.cpp.o[0m
[ 55%] [32mBuilding CXX object CMakeFiles/communication_interfaces_topic__rosidl_typesupport_fastrtps_cpp.dir/rosidl_typesupport_fastrtps_cpp/communication_interfaces_topic/msg/detail/dds_fastrtps/altitude__type_support.cpp.o[0m
[ 56%] [32mBuilding CXX object CMakeFiles/communication_interfaces_topic__rosidl_typesupport_c.dir/rosidl_typesupport_c/communication_interfaces_topic/srv/get_ahrs__type_support.cpp.o[0m
[ 58%] [32mBuilding C object CMakeFiles/communication_interfaces_topic__rosidl_typesupport_introspection_c.dir/rosidl_typesupport_introspection_c/communication_interfaces_topic/srv/detail/get_ahrs__type_support.c.o[0m
[ 59%] [32mBuilding CXX object CMakeFiles/communication_interfaces_topic__rosidl_typesupport_fastrtps_cpp.dir/rosidl_typesupport_fastrtps_cpp/communication_interfaces_topic/msg/detail/dds_fastrtps/depth__type_support.cpp.o[0m
[ 59%] Built target communication_interfaces_topic__rosidl_typesupport_introspection_cpp
[ 60%] [32mBuilding CXX object CMakeFiles/communication_interfaces_topic__rosidl_typesupport_fastrtps_cpp.dir/rosidl_typesupport_fastrtps_cpp/communication_interfaces_topic/msg/detail/dds_fastrtps/dvl__type_support.cpp.o[0m
[ 62%] [32mBuilding CXX object CMakeFiles/communication_interfaces_topic__rosidl_typesupport_fastrtps_cpp.dir/rosidl_typesupport_fastrtps_cpp/communication_interfaces_topic/msg/detail/dds_fastrtps/pose__type_support.cpp.o[0m
[ 63%] [32m[1mLinking CXX shared library libcommunication_interfaces_topic__rosidl_typesupport_c.so[0m
[ 64%] [32m[1mLinking C shared library libcommunication_interfaces_topic__rosidl_typesupport_introspection_c.so[0m
[ 64%] Built target communication_interfaces_topic__rosidl_typesupport_c
[ 65%] [32mBuilding CXX object CMakeFiles/communication_interfaces_topic__rosidl_typesupport_fastrtps_cpp.dir/rosidl_typesupport_fastrtps_cpp/communication_interfaces_topic/msg/detail/dds_fastrtps/thrust__type_support.cpp.o[0m
[ 65%] Built target communication_interfaces_topic__rosidl_typesupport_introspection_c
[ 67%] [32mBuilding CXX object CMakeFiles/communication_interfaces_topic__rosidl_typesupport_fastrtps_cpp.dir/rosidl_typesupport_fastrtps_cpp/communication_interfaces_topic/srv/detail/dds_fastrtps/get_ahrs__type_support.cpp.o[0m
[ 68%] [32m[1mLinking CXX shared library libcommunication_interfaces_topic__rosidl_typesupport_cpp.so[0m
[ 68%] Built target communication_interfaces_topic__rosidl_typesupport_cpp
[ 69%] [32m[1mLinking CXX shared library libcommunication_interfaces_topic__rosidl_typesupport_fastrtps_cpp.so[0m
[ 69%] Built target communication_interfaces_topic__rosidl_typesupport_fastrtps_cpp
[ 70%] [34m[1mGenerating C type support for eProsima Fast-RTPS[0m
[35m[1mScanning dependencies of target communication_interfaces_topic__rosidl_typesupport_fastrtps_c[0m
[ 72%] [32mBuilding CXX object CMakeFiles/communication_interfaces_topic__rosidl_typesupport_fastrtps_c.dir/rosidl_typesupport_fastrtps_c/communication_interfaces_topic/msg/detail/altitude__type_support_c.cpp.o[0m
[ 73%] [32mBuilding CXX object CMakeFiles/communication_interfaces_topic__rosidl_typesupport_fastrtps_c.dir/rosidl_typesupport_fastrtps_c/communication_interfaces_topic/msg/detail/dvl__type_support_c.cpp.o[0m
[ 74%] [32mBuilding CXX object CMakeFiles/communication_interfaces_topic__rosidl_typesupport_fastrtps_c.dir/rosidl_typesupport_fastrtps_c/communication_interfaces_topic/msg/detail/ahrs__type_support_c.cpp.o[0m
[ 75%] [32mBuilding CXX object CMakeFiles/communication_interfaces_topic__rosidl_typesupport_fastrtps_c.dir/rosidl_typesupport_fastrtps_c/communication_interfaces_topic/msg/detail/depth__type_support_c.cpp.o[0m
[ 77%] [32mBuilding CXX object CMakeFiles/communication_interfaces_topic__rosidl_typesupport_fastrtps_c.dir/rosidl_typesupport_fastrtps_c/communication_interfaces_topic/srv/detail/get_ahrs__type_support_c.cpp.o[0m
[ 78%] [32mBuilding CXX object CMakeFiles/communication_interfaces_topic__rosidl_typesupport_fastrtps_c.dir/rosidl_typesupport_fastrtps_c/communication_interfaces_topic/msg/detail/pose__type_support_c.cpp.o[0m
[ 79%] [32mBuilding CXX object CMakeFiles/communication_interfaces_topic__rosidl_typesupport_fastrtps_c.dir/rosidl_typesupport_fastrtps_c/communication_interfaces_topic/msg/detail/thrust__type_support_c.cpp.o[0m
[ 81%] [32m[1mLinking CXX shared library libcommunication_interfaces_topic__rosidl_typesupport_fastrtps_c.so[0m
[ 81%] Built target communication_interfaces_topic__rosidl_typesupport_fastrtps_c
[35m[1mScanning dependencies of target communication_interfaces_topic[0m
[ 81%] Built target communication_interfaces_topic
[35m[1mScanning dependencies of target communication_interfaces_topic__py[0m
[ 82%] [34m[1mGenerating Python code for ROS interfaces[0m
[ 82%] Built target communication_interfaces_topic__py
[35m[1mScanning dependencies of target communication_interfaces_topic__python[0m
[ 86%] [32mBuilding C object CMakeFiles/communication_interfaces_topic__python.dir/rosidl_generator_py/communication_interfaces_topic/msg/_ahrs_s.c.o[0m
[ 86%] [32mBuilding C object CMakeFiles/communication_interfaces_topic__python.dir/rosidl_generator_py/communication_interfaces_topic/msg/_pose_s.c.o[0m
[ 86%] [32mBuilding C object CMakeFiles/communication_interfaces_topic__python.dir/rosidl_generator_py/communication_interfaces_topic/msg/_depth_s.c.o[0m
[ 87%] [32mBuilding C object CMakeFiles/communication_interfaces_topic__python.dir/rosidl_generator_py/communication_interfaces_topic/msg/_dvl_s.c.o[0m
[ 88%] [32mBuilding C object CMakeFiles/communication_interfaces_topic__python.dir/rosidl_generator_py/communication_interfaces_topic/msg/_altitude_s.c.o[0m
[ 89%] [32mBuilding C object CMakeFiles/communication_interfaces_topic__python.dir/rosidl_generator_py/communication_interfaces_topic/srv/_get_ahrs_s.c.o[0m
[ 91%] [32mBuilding C object CMakeFiles/communication_interfaces_topic__python.dir/rosidl_generator_py/communication_interfaces_topic/msg/_thrust_s.c.o[0m
[ 92%] [32m[1mLinking C shared library rosidl_generator_py/communication_interfaces_topic/libcommunication_interfaces_topic__python.so[0m
[ 92%] Built target communication_interfaces_topic__python
[35m[1mScanning dependencies of target communication_interfaces_topic__rosidl_typesupport_introspection_c__pyext[0m
[35m[1mScanning dependencies of target communication_interfaces_topic__rosidl_typesupport_c__pyext[0m
[35m[1mScanning dependencies of target communication_interfaces_topic__rosidl_typesupport_fastrtps_c__pyext[0m
[ 94%] [32mBuilding C object CMakeFiles/communication_interfaces_topic__rosidl_typesupport_introspection_c__pyext.dir/rosidl_generator_py/communication_interfaces_topic/_communication_interfaces_topic_s.ep.rosidl_typesupport_introspection_c.c.o[0m
[ 94%] [32mBuilding C object CMakeFiles/communication_interfaces_topic__rosidl_typesupport_c__pyext.dir/rosidl_generator_py/communication_interfaces_topic/_communication_interfaces_topic_s.ep.rosidl_typesupport_c.c.o[0m
[ 96%] [32mBuilding C object CMakeFiles/communication_interfaces_topic__rosidl_typesupport_fastrtps_c__pyext.dir/rosidl_generator_py/communication_interfaces_topic/_communication_interfaces_topic_s.ep.rosidl_typesupport_fastrtps_c.c.o[0m
[ 98%] [32m[1mLinking C shared library rosidl_generator_py/communication_interfaces_topic/communication_interfaces_topic_s__rosidl_typesupport_c.cpython-38-x86_64-linux-gnu.so[0m
[ 98%] [32m[1mLinking C shared library rosidl_generator_py/communication_interfaces_topic/communication_interfaces_topic_s__rosidl_typesupport_introspection_c.cpython-38-x86_64-linux-gnu.so[0m
[100%] [32m[1mLinking CXX shared library rosidl_generator_py/communication_interfaces_topic/communication_interfaces_topic_s__rosidl_typesupport_fastrtps_c.cpython-38-x86_64-linux-gnu.so[0m
[100%] Built target communication_interfaces_topic__rosidl_typesupport_c__pyext
[100%] Built target communication_interfaces_topic__rosidl_typesupport_introspection_c__pyext
[100%] Built target communication_interfaces_topic__rosidl_typesupport_fastrtps_c__pyext
-- Install configuration: ""
-- Installing: /home/u20/ros2_ws/install/communication_interfaces_topic/share/ament_index/resource_index/rosidl_interfaces/communication_interfaces_topic
-- Installing: /home/u20/ros2_ws/install/communication_interfaces_topic/include/communication_interfaces_topic
-- Installing: /home/u20/ros2_ws/install/communication_interfaces_topic/include/communication_interfaces_topic/srv
-- Installing: /home/u20/ros2_ws/install/communication_interfaces_topic/include/communication_interfaces_topic/srv/detail
-- Installing: /home/u20/ros2_ws/install/communication_interfaces_topic/include/communication_interfaces_topic/srv/detail/get_ahrs__functions.h
-- Installing: /home/u20/ros2_ws/install/communication_interfaces_topic/include/communication_interfaces_topic/srv/detail/get_ahrs__functions.c
-- Installing: /home/u20/ros2_ws/install/communication_interfaces_topic/include/communication_interfaces_topic/srv/detail/get_ahrs__type_support.h
-- Installing: /home/u20/ros2_ws/install/communication_interfaces_topic/include/communication_interfaces_topic/srv/detail/get_ahrs__struct.h
-- Installing: /home/u20/ros2_ws/install/communication_interfaces_topic/include/communication_interfaces_topic/srv/get_ahrs.h
-- Installing: /home/u20/ros2_ws/install/communication_interfaces_topic/include/communication_interfaces_topic/msg
-- Installing: /home/u20/ros2_ws/install/communication_interfaces_topic/include/communication_interfaces_topic/msg/pose.h
-- Installing: /home/u20/ros2_ws/install/communication_interfaces_topic/include/communication_interfaces_topic/msg/detail
-- Installing: /home/u20/ros2_ws/install/communication_interfaces_topic/include/communication_interfaces_topic/msg/detail/altitude__functions.h
-- Installing: /home/u20/ros2_ws/install/communication_interfaces_topic/include/communication_interfaces_topic/msg/detail/pose__functions.c
-- Installing: /home/u20/ros2_ws/install/communication_interfaces_topic/include/communication_interfaces_topic/msg/detail/dvl__functions.c
-- Installing: /home/u20/ros2_ws/install/communication_interfaces_topic/include/communication_interfaces_topic/msg/detail/ahrs__functions.h
-- Installing: /home/u20/ros2_ws/install/communication_interfaces_topic/include/communication_interfaces_topic/msg/detail/altitude__functions.c
-- Installing: /home/u20/ros2_ws/install/communication_interfaces_topic/include/communication_interfaces_topic/msg/detail/altitude__struct.h
-- Installing: /home/u20/ros2_ws/install/communication_interfaces_topic/include/communication_interfaces_topic/msg/detail/altitude__type_support.h
-- Installing: /home/u20/ros2_ws/install/communication_interfaces_topic/include/communication_interfaces_topic/msg/detail/depth__functions.h
-- Installing: /home/u20/ros2_ws/install/communication_interfaces_topic/include/communication_interfaces_topic/msg/detail/thrust__functions.c
-- Installing: /home/u20/ros2_ws/install/communication_interfaces_topic/include/communication_interfaces_topic/msg/detail/pose__struct.h
-- Installing: /home/u20/ros2_ws/install/communication_interfaces_topic/include/communication_interfaces_topic/msg/detail/depth__functions.c
-- Installing: /home/u20/ros2_ws/install/communication_interfaces_topic/include/communication_interfaces_topic/msg/detail/pose__functions.h
-- Installing: /home/u20/ros2_ws/install/communication_interfaces_topic/include/communication_interfaces_topic/msg/detail/ahrs__functions.c
-- Installing: /home/u20/ros2_ws/install/communication_interfaces_topic/include/communication_interfaces_topic/msg/detail/ahrs__struct.h
-- Installing: /home/u20/ros2_ws/install/communication_interfaces_topic/include/communication_interfaces_topic/msg/detail/thrust__type_support.h
-- Installing: /home/u20/ros2_ws/install/communication_interfaces_topic/include/communication_interfaces_topic/msg/detail/dvl__functions.h
-- Installing: /home/u20/ros2_ws/install/communication_interfaces_topic/include/communication_interfaces_topic/msg/detail/dvl__type_support.h
-- Installing: /home/u20/ros2_ws/install/communication_interfaces_topic/include/communication_interfaces_topic/msg/detail/pose__type_support.h
-- Installing: /home/u20/ros2_ws/install/communication_interfaces_topic/include/communication_interfaces_topic/msg/detail/thrust__struct.h
-- Installing: /home/u20/ros2_ws/install/communication_interfaces_topic/include/communication_interfaces_topic/msg/detail/depth__type_support.h
-- Installing: /home/u20/ros2_ws/install/communication_interfaces_topic/include/communication_interfaces_topic/msg/detail/depth__struct.h
-- Installing: /home/u20/ros2_ws/install/communication_interfaces_topic/include/communication_interfaces_topic/msg/detail/thrust__functions.h
-- Installing: /home/u20/ros2_ws/install/communication_interfaces_topic/include/communication_interfaces_topic/msg/detail/ahrs__type_support.h
-- Installing: /home/u20/ros2_ws/install/communication_interfaces_topic/include/communication_interfaces_topic/msg/detail/dvl__struct.h
-- Installing: /home/u20/ros2_ws/install/communication_interfaces_topic/include/communication_interfaces_topic/msg/ahrs.h
-- Installing: /home/u20/ros2_ws/install/communication_interfaces_topic/include/communication_interfaces_topic/msg/dvl.h
-- Installing: /home/u20/ros2_ws/install/communication_interfaces_topic/include/communication_interfaces_topic/msg/rosidl_generator_c__visibility_control.h
-- Installing: /home/u20/ros2_ws/install/communication_interfaces_topic/include/communication_interfaces_topic/msg/thrust.h
-- Installing: /home/u20/ros2_ws/install/communication_interfaces_topic/include/communication_interfaces_topic/msg/depth.h
-- Installing: /home/u20/ros2_ws/install/communication_interfaces_topic/include/communication_interfaces_topic/msg/altitude.h
-- Installing: /home/u20/ros2_ws/install/communication_interfaces_topic/share/communication_interfaces_topic/environment/library_path.sh
-- Installing: /home/u20/ros2_ws/install/communication_interfaces_topic/share/communication_interfaces_topic/environment/library_path.dsv
-- Installing: /home/u20/ros2_ws/install/communication_interfaces_topic/lib/libcommunication_interfaces_topic__rosidl_generator_c.so
-- Set runtime path of "/home/u20/ros2_ws/install/communication_interfaces_topic/lib/libcommunication_interfaces_topic__rosidl_generator_c.so" to ""
-- Up-to-date: /home/u20/ros2_ws/install/communication_interfaces_topic/include/communication_interfaces_topic
-- Up-to-date: /home/u20/ros2_ws/install/communication_interfaces_topic/include/communication_interfaces_topic/srv
-- Up-to-date: /home/u20/ros2_ws/install/communication_interfaces_topic/include/communication_interfaces_topic/srv/detail
-- Installing: /home/u20/ros2_ws/install/communication_interfaces_topic/include/communication_interfaces_topic/srv/detail/get_ahrs__rosidl_typesupport_fastrtps_c.h
-- Up-to-date: /home/u20/ros2_ws/install/communication_interfaces_topic/include/communication_interfaces_topic/msg
-- Installing: /home/u20/ros2_ws/install/communication_interfaces_topic/include/communication_interfaces_topic/msg/rosidl_typesupport_fastrtps_c__visibility_control.h
-- Up-to-date: /home/u20/ros2_ws/install/communication_interfaces_topic/include/communication_interfaces_topic/msg/detail
-- Installing: /home/u20/ros2_ws/install/communication_interfaces_topic/include/communication_interfaces_topic/msg/detail/ahrs__rosidl_typesupport_fastrtps_c.h
-- Installing: /home/u20/ros2_ws/install/communication_interfaces_topic/include/communication_interfaces_topic/msg/detail/dvl__rosidl_typesupport_fastrtps_c.h
-- Installing: /home/u20/ros2_ws/install/communication_interfaces_topic/include/communication_interfaces_topic/msg/detail/thrust__rosidl_typesupport_fastrtps_c.h
-- Installing: /home/u20/ros2_ws/install/communication_interfaces_topic/include/communication_interfaces_topic/msg/detail/pose__rosidl_typesupport_fastrtps_c.h
-- Installing: /home/u20/ros2_ws/install/communication_interfaces_topic/include/communication_interfaces_topic/msg/detail/depth__rosidl_typesupport_fastrtps_c.h
-- Installing: /home/u20/ros2_ws/install/communication_interfaces_topic/include/communication_interfaces_topic/msg/detail/altitude__rosidl_typesupport_fastrtps_c.h
-- Installing: /home/u20/ros2_ws/install/communication_interfaces_topic/lib/libcommunication_interfaces_topic__rosidl_typesupport_fastrtps_c.so
-- Set runtime path of "/home/u20/ros2_ws/install/communication_interfaces_topic/lib/libcommunication_interfaces_topic__rosidl_typesupport_fastrtps_c.so" to ""
-- Up-to-date: /home/u20/ros2_ws/install/communication_interfaces_topic/include/communication_interfaces_topic
-- Up-to-date: /home/u20/ros2_ws/install/communication_interfaces_topic/include/communication_interfaces_topic/srv
-- Up-to-date: /home/u20/ros2_ws/install/communication_interfaces_topic/include/communication_interfaces_topic/srv/detail
-- Installing: /home/u20/ros2_ws/install/communication_interfaces_topic/include/communication_interfaces_topic/srv/detail/dds_fastrtps
-- Installing: /home/u20/ros2_ws/install/communication_interfaces_topic/include/communication_interfaces_topic/srv/detail/get_ahrs__rosidl_typesupport_fastrtps_cpp.hpp
-- Up-to-date: /home/u20/ros2_ws/install/communication_interfaces_topic/include/communication_interfaces_topic/msg
-- Up-to-date: /home/u20/ros2_ws/install/communication_interfaces_topic/include/communication_interfaces_topic/msg/detail
-- Installing: /home/u20/ros2_ws/install/communication_interfaces_topic/include/communication_interfaces_topic/msg/detail/depth__rosidl_typesupport_fastrtps_cpp.hpp
-- Installing: /home/u20/ros2_ws/install/communication_interfaces_topic/include/communication_interfaces_topic/msg/detail/ahrs__rosidl_typesupport_fastrtps_cpp.hpp
-- Installing: /home/u20/ros2_ws/install/communication_interfaces_topic/include/communication_interfaces_topic/msg/detail/dvl__rosidl_typesupport_fastrtps_cpp.hpp
-- Installing: /home/u20/ros2_ws/install/communication_interfaces_topic/include/communication_interfaces_topic/msg/detail/pose__rosidl_typesupport_fastrtps_cpp.hpp
-- Installing: /home/u20/ros2_ws/install/communication_interfaces_topic/include/communication_interfaces_topic/msg/detail/thrust__rosidl_typesupport_fastrtps_cpp.hpp
-- Installing: /home/u20/ros2_ws/install/communication_interfaces_topic/include/communication_interfaces_topic/msg/detail/altitude__rosidl_typesupport_fastrtps_cpp.hpp
-- Installing: /home/u20/ros2_ws/install/communication_interfaces_topic/include/communication_interfaces_topic/msg/detail/dds_fastrtps
-- Installing: /home/u20/ros2_ws/install/communication_interfaces_topic/include/communication_interfaces_topic/msg/rosidl_typesupport_fastrtps_cpp__visibility_control.h
-- Installing: /home/u20/ros2_ws/install/communication_interfaces_topic/lib/libcommunication_interfaces_topic__rosidl_typesupport_fastrtps_cpp.so
-- Set runtime path of "/home/u20/ros2_ws/install/communication_interfaces_topic/lib/libcommunication_interfaces_topic__rosidl_typesupport_fastrtps_cpp.so" to ""
-- Up-to-date: /home/u20/ros2_ws/install/communication_interfaces_topic/include/communication_interfaces_topic
-- Up-to-date: /home/u20/ros2_ws/install/communication_interfaces_topic/include/communication_interfaces_topic/srv
-- Up-to-date: /home/u20/ros2_ws/install/communication_interfaces_topic/include/communication_interfaces_topic/srv/detail
-- Installing: /home/u20/ros2_ws/install/communication_interfaces_topic/include/communication_interfaces_topic/srv/detail/get_ahrs__type_support.c
-- Installing: /home/u20/ros2_ws/install/communication_interfaces_topic/include/communication_interfaces_topic/srv/detail/get_ahrs__rosidl_typesupport_introspection_c.h
-- Up-to-date: /home/u20/ros2_ws/install/communication_interfaces_topic/include/communication_interfaces_topic/msg
-- Installing: /home/u20/ros2_ws/install/communication_interfaces_topic/include/communication_interfaces_topic/msg/rosidl_typesupport_introspection_c__visibility_control.h
-- Up-to-date: /home/u20/ros2_ws/install/communication_interfaces_topic/include/communication_interfaces_topic/msg/detail
-- Installing: /home/u20/ros2_ws/install/communication_interfaces_topic/include/communication_interfaces_topic/msg/detail/depth__type_support.c
-- Installing: /home/u20/ros2_ws/install/communication_interfaces_topic/include/communication_interfaces_topic/msg/detail/depth__rosidl_typesupport_introspection_c.h
-- Installing: /home/u20/ros2_ws/install/communication_interfaces_topic/include/communication_interfaces_topic/msg/detail/pose__type_support.c
-- Installing: /home/u20/ros2_ws/install/communication_interfaces_topic/include/communication_interfaces_topic/msg/detail/pose__rosidl_typesupport_introspection_c.h
-- Installing: /home/u20/ros2_ws/install/communication_interfaces_topic/include/communication_interfaces_topic/msg/detail/thrust__rosidl_typesupport_introspection_c.h
-- Installing: /home/u20/ros2_ws/install/communication_interfaces_topic/include/communication_interfaces_topic/msg/detail/altitude__rosidl_typesupport_introspection_c.h
-- Installing: /home/u20/ros2_ws/install/communication_interfaces_topic/include/communication_interfaces_topic/msg/detail/altitude__type_support.c
-- Installing: /home/u20/ros2_ws/install/communication_interfaces_topic/include/communication_interfaces_topic/msg/detail/dvl__rosidl_typesupport_introspection_c.h
-- Installing: /home/u20/ros2_ws/install/communication_interfaces_topic/include/communication_interfaces_topic/msg/detail/thrust__type_support.c
-- Installing: /home/u20/ros2_ws/install/communication_interfaces_topic/include/communication_interfaces_topic/msg/detail/dvl__type_support.c
-- Installing: /home/u20/ros2_ws/install/communication_interfaces_topic/include/communication_interfaces_topic/msg/detail/ahrs__rosidl_typesupport_introspection_c.h
-- Installing: /home/u20/ros2_ws/install/communication_interfaces_topic/include/communication_interfaces_topic/msg/detail/ahrs__type_support.c
-- Installing: /home/u20/ros2_ws/install/communication_interfaces_topic/lib/libcommunication_interfaces_topic__rosidl_typesupport_introspection_c.so
-- Set runtime path of "/home/u20/ros2_ws/install/communication_interfaces_topic/lib/libcommunication_interfaces_topic__rosidl_typesupport_introspection_c.so" to ""
-- Installing: /home/u20/ros2_ws/install/communication_interfaces_topic/lib/libcommunication_interfaces_topic__rosidl_typesupport_c.so
-- Set runtime path of "/home/u20/ros2_ws/install/communication_interfaces_topic/lib/libcommunication_interfaces_topic__rosidl_typesupport_c.so" to ""
-- Up-to-date: /home/u20/ros2_ws/install/communication_interfaces_topic/include/communication_interfaces_topic
-- Up-to-date: /home/u20/ros2_ws/install/communication_interfaces_topic/include/communication_interfaces_topic/srv
-- Installing: /home/u20/ros2_ws/install/communication_interfaces_topic/include/communication_interfaces_topic/srv/get_ahrs.hpp
-- Up-to-date: /home/u20/ros2_ws/install/communication_interfaces_topic/include/communication_interfaces_topic/srv/detail
-- Installing: /home/u20/ros2_ws/install/communication_interfaces_topic/include/communication_interfaces_topic/srv/detail/get_ahrs__struct.hpp
-- Installing: /home/u20/ros2_ws/install/communication_interfaces_topic/include/communication_interfaces_topic/srv/detail/get_ahrs__type_support.hpp
-- Installing: /home/u20/ros2_ws/install/communication_interfaces_topic/include/communication_interfaces_topic/srv/detail/get_ahrs__builder.hpp
-- Installing: /home/u20/ros2_ws/install/communication_interfaces_topic/include/communication_interfaces_topic/srv/detail/get_ahrs__traits.hpp
-- Up-to-date: /home/u20/ros2_ws/install/communication_interfaces_topic/include/communication_interfaces_topic/msg
-- Installing: /home/u20/ros2_ws/install/communication_interfaces_topic/include/communication_interfaces_topic/msg/depth.hpp
-- Installing: /home/u20/ros2_ws/install/communication_interfaces_topic/include/communication_interfaces_topic/msg/dvl.hpp
-- Installing: /home/u20/ros2_ws/install/communication_interfaces_topic/include/communication_interfaces_topic/msg/pose.hpp
-- Up-to-date: /home/u20/ros2_ws/install/communication_interfaces_topic/include/communication_interfaces_topic/msg/detail
-- Installing: /home/u20/ros2_ws/install/communication_interfaces_topic/include/communication_interfaces_topic/msg/detail/depth__traits.hpp
-- Installing: /home/u20/ros2_ws/install/communication_interfaces_topic/include/communication_interfaces_topic/msg/detail/thrust__traits.hpp
-- Installing: /home/u20/ros2_ws/install/communication_interfaces_topic/include/communication_interfaces_topic/msg/detail/depth__struct.hpp
-- Installing: /home/u20/ros2_ws/install/communication_interfaces_topic/include/communication_interfaces_topic/msg/detail/altitude__type_support.hpp
-- Installing: /home/u20/ros2_ws/install/communication_interfaces_topic/include/communication_interfaces_topic/msg/detail/pose__traits.hpp
-- Installing: /home/u20/ros2_ws/install/communication_interfaces_topic/include/communication_interfaces_topic/msg/detail/dvl__struct.hpp
-- Installing: /home/u20/ros2_ws/install/communication_interfaces_topic/include/communication_interfaces_topic/msg/detail/dvl__builder.hpp
-- Installing: /home/u20/ros2_ws/install/communication_interfaces_topic/include/communication_interfaces_topic/msg/detail/thrust__struct.hpp
-- Installing: /home/u20/ros2_ws/install/communication_interfaces_topic/include/communication_interfaces_topic/msg/detail/pose__struct.hpp
-- Installing: /home/u20/ros2_ws/install/communication_interfaces_topic/include/communication_interfaces_topic/msg/detail/ahrs__struct.hpp
-- Installing: /home/u20/ros2_ws/install/communication_interfaces_topic/include/communication_interfaces_topic/msg/detail/thrust__builder.hpp
-- Installing: /home/u20/ros2_ws/install/communication_interfaces_topic/include/communication_interfaces_topic/msg/detail/ahrs__type_support.hpp
-- Installing: /home/u20/ros2_ws/install/communication_interfaces_topic/include/communication_interfaces_topic/msg/detail/depth__builder.hpp
-- Installing: /home/u20/ros2_ws/install/communication_interfaces_topic/include/communication_interfaces_topic/msg/detail/altitude__builder.hpp
-- Installing: /home/u20/ros2_ws/install/communication_interfaces_topic/include/communication_interfaces_topic/msg/detail/ahrs__traits.hpp
-- Installing: /home/u20/ros2_ws/install/communication_interfaces_topic/include/communication_interfaces_topic/msg/detail/pose__type_support.hpp
-- Installing: /home/u20/ros2_ws/install/communication_interfaces_topic/include/communication_interfaces_topic/msg/detail/depth__type_support.hpp
-- Installing: /home/u20/ros2_ws/install/communication_interfaces_topic/include/communication_interfaces_topic/msg/detail/thrust__type_support.hpp
-- Installing: /home/u20/ros2_ws/install/communication_interfaces_topic/include/communication_interfaces_topic/msg/detail/altitude__traits.hpp
-- Installing: /home/u20/ros2_ws/install/communication_interfaces_topic/include/communication_interfaces_topic/msg/detail/dvl__type_support.hpp
-- Installing: /home/u20/ros2_ws/install/communication_interfaces_topic/include/communication_interfaces_topic/msg/detail/ahrs__builder.hpp
-- Installing: /home/u20/ros2_ws/install/communication_interfaces_topic/include/communication_interfaces_topic/msg/detail/pose__builder.hpp
-- Installing: /home/u20/ros2_ws/install/communication_interfaces_topic/include/communication_interfaces_topic/msg/detail/dvl__traits.hpp
-- Installing: /home/u20/ros2_ws/install/communication_interfaces_topic/include/communication_interfaces_topic/msg/detail/altitude__struct.hpp
-- Installing: /home/u20/ros2_ws/install/communication_interfaces_topic/include/communication_interfaces_topic/msg/thrust.hpp
-- Installing: /home/u20/ros2_ws/install/communication_interfaces_topic/include/communication_interfaces_topic/msg/rosidl_generator_cpp__visibility_control.hpp
-- Installing: /home/u20/ros2_ws/install/communication_interfaces_topic/include/communication_interfaces_topic/msg/ahrs.hpp
-- Installing: /home/u20/ros2_ws/install/communication_interfaces_topic/include/communication_interfaces_topic/msg/altitude.hpp
-- Up-to-date: /home/u20/ros2_ws/install/communication_interfaces_topic/include/communication_interfaces_topic
-- Up-to-date: /home/u20/ros2_ws/install/communication_interfaces_topic/include/communication_interfaces_topic/srv
-- Up-to-date: /home/u20/ros2_ws/install/communication_interfaces_topic/include/communication_interfaces_topic/srv/detail
-- Installing: /home/u20/ros2_ws/install/communication_interfaces_topic/include/communication_interfaces_topic/srv/detail/get_ahrs__type_support.cpp
-- Installing: /home/u20/ros2_ws/install/communication_interfaces_topic/include/communication_interfaces_topic/srv/detail/get_ahrs__rosidl_typesupport_introspection_cpp.hpp
-- Up-to-date: /home/u20/ros2_ws/install/communication_interfaces_topic/include/communication_interfaces_topic/msg
-- Up-to-date: /home/u20/ros2_ws/install/communication_interfaces_topic/include/communication_interfaces_topic/msg/detail
-- Installing: /home/u20/ros2_ws/install/communication_interfaces_topic/include/communication_interfaces_topic/msg/detail/ahrs__type_support.cpp
-- Installing: /home/u20/ros2_ws/install/communication_interfaces_topic/include/communication_interfaces_topic/msg/detail/altitude__rosidl_typesupport_introspection_cpp.hpp
-- Installing: /home/u20/ros2_ws/install/communication_interfaces_topic/include/communication_interfaces_topic/msg/detail/depth__rosidl_typesupport_introspection_cpp.hpp
-- Installing: /home/u20/ros2_ws/install/communication_interfaces_topic/include/communication_interfaces_topic/msg/detail/dvl__type_support.cpp
-- Installing: /home/u20/ros2_ws/install/communication_interfaces_topic/include/communication_interfaces_topic/msg/detail/dvl__rosidl_typesupport_introspection_cpp.hpp
-- Installing: /home/u20/ros2_ws/install/communication_interfaces_topic/include/communication_interfaces_topic/msg/detail/thrust__type_support.cpp
-- Installing: /home/u20/ros2_ws/install/communication_interfaces_topic/include/communication_interfaces_topic/msg/detail/pose__rosidl_typesupport_introspection_cpp.hpp
-- Installing: /home/u20/ros2_ws/install/communication_interfaces_topic/include/communication_interfaces_topic/msg/detail/thrust__rosidl_typesupport_introspection_cpp.hpp
-- Installing: /home/u20/ros2_ws/install/communication_interfaces_topic/include/communication_interfaces_topic/msg/detail/altitude__type_support.cpp
-- Installing: /home/u20/ros2_ws/install/communication_interfaces_topic/include/communication_interfaces_topic/msg/detail/depth__type_support.cpp
-- Installing: /home/u20/ros2_ws/install/communication_interfaces_topic/include/communication_interfaces_topic/msg/detail/pose__type_support.cpp
-- Installing: /home/u20/ros2_ws/install/communication_interfaces_topic/include/communication_interfaces_topic/msg/detail/ahrs__rosidl_typesupport_introspection_cpp.hpp
-- Installing: /home/u20/ros2_ws/install/communication_interfaces_topic/lib/libcommunication_interfaces_topic__rosidl_typesupport_introspection_cpp.so
-- Set runtime path of "/home/u20/ros2_ws/install/communication_interfaces_topic/lib/libcommunication_interfaces_topic__rosidl_typesupport_introspection_cpp.so" to ""
-- Installing: /home/u20/ros2_ws/install/communication_interfaces_topic/lib/libcommunication_interfaces_topic__rosidl_typesupport_cpp.so
-- Set runtime path of "/home/u20/ros2_ws/install/communication_interfaces_topic/lib/libcommunication_interfaces_topic__rosidl_typesupport_cpp.so" to ""
-- Installing: /home/u20/ros2_ws/install/communication_interfaces_topic/share/communication_interfaces_topic/environment/pythonpath.sh
-- Installing: /home/u20/ros2_ws/install/communication_interfaces_topic/share/communication_interfaces_topic/environment/pythonpath.dsv
-- Installing: /home/u20/ros2_ws/install/communication_interfaces_topic/lib/python3.8/site-packages/communication_interfaces_topic/__init__.py
Compiling '/home/u20/ros2_ws/install/communication_interfaces_topic/lib/python3.8/site-packages/communication_interfaces_topic/__init__.py'...
-- Installing: /home/u20/ros2_ws/install/communication_interfaces_topic/lib/python3.8/site-packages/communication_interfaces_topic/msg
-- Installing: /home/u20/ros2_ws/install/communication_interfaces_topic/lib/python3.8/site-packages/communication_interfaces_topic/msg/_thrust_s.c
-- Installing: /home/u20/ros2_ws/install/communication_interfaces_topic/lib/python3.8/site-packages/communication_interfaces_topic/msg/_depth_s.c
-- Installing: /home/u20/ros2_ws/install/communication_interfaces_topic/lib/python3.8/site-packages/communication_interfaces_topic/msg/_pose.py
-- Installing: /home/u20/ros2_ws/install/communication_interfaces_topic/lib/python3.8/site-packages/communication_interfaces_topic/msg/_altitude.py
-- Installing: /home/u20/ros2_ws/install/communication_interfaces_topic/lib/python3.8/site-packages/communication_interfaces_topic/msg/_pose_s.c
-- Installing: /home/u20/ros2_ws/install/communication_interfaces_topic/lib/python3.8/site-packages/communication_interfaces_topic/msg/_ahrs.py
-- Installing: /home/u20/ros2_ws/install/communication_interfaces_topic/lib/python3.8/site-packages/communication_interfaces_topic/msg/_dvl.py
-- Installing: /home/u20/ros2_ws/install/communication_interfaces_topic/lib/python3.8/site-packages/communication_interfaces_topic/msg/_altitude_s.c
-- Installing: /home/u20/ros2_ws/install/communication_interfaces_topic/lib/python3.8/site-packages/communication_interfaces_topic/msg/_ahrs_s.c
-- Installing: /home/u20/ros2_ws/install/communication_interfaces_topic/lib/python3.8/site-packages/communication_interfaces_topic/msg/_thrust.py
-- Installing: /home/u20/ros2_ws/install/communication_interfaces_topic/lib/python3.8/site-packages/communication_interfaces_topic/msg/_dvl_s.c
-- Installing: /home/u20/ros2_ws/install/communication_interfaces_topic/lib/python3.8/site-packages/communication_interfaces_topic/msg/_depth.py
-- Installing: /home/u20/ros2_ws/install/communication_interfaces_topic/lib/python3.8/site-packages/communication_interfaces_topic/msg/__init__.py
-- Installing: /home/u20/ros2_ws/install/communication_interfaces_topic/lib/python3.8/site-packages/communication_interfaces_topic/srv
-- Installing: /home/u20/ros2_ws/install/communication_interfaces_topic/lib/python3.8/site-packages/communication_interfaces_topic/srv/_get_ahrs.py
-- Installing: /home/u20/ros2_ws/install/communication_interfaces_topic/lib/python3.8/site-packages/communication_interfaces_topic/srv/_get_ahrs_s.c
-- Installing: /home/u20/ros2_ws/install/communication_interfaces_topic/lib/python3.8/site-packages/communication_interfaces_topic/srv/__init__.py
-- Installing: /home/u20/ros2_ws/install/communication_interfaces_topic/lib/python3.8/site-packages/communication_interfaces_topic/communication_interfaces_topic_s__rosidl_typesupport_fastrtps_c.cpython-38-x86_64-linux-gnu.so
-- Set runtime path of "/home/u20/ros2_ws/install/communication_interfaces_topic/lib/python3.8/site-packages/communication_interfaces_topic/communication_interfaces_topic_s__rosidl_typesupport_fastrtps_c.cpython-38-x86_64-linux-gnu.so" to ""
-- Installing: /home/u20/ros2_ws/install/communication_interfaces_topic/lib/python3.8/site-packages/communication_interfaces_topic/communication_interfaces_topic_s__rosidl_typesupport_introspection_c.cpython-38-x86_64-linux-gnu.so
-- Set runtime path of "/home/u20/ros2_ws/install/communication_interfaces_topic/lib/python3.8/site-packages/communication_interfaces_topic/communication_interfaces_topic_s__rosidl_typesupport_introspection_c.cpython-38-x86_64-linux-gnu.so" to ""
-- Installing: /home/u20/ros2_ws/install/communication_interfaces_topic/lib/python3.8/site-packages/communication_interfaces_topic/communication_interfaces_topic_s__rosidl_typesupport_c.cpython-38-x86_64-linux-gnu.so
-- Set runtime path of "/home/u20/ros2_ws/install/communication_interfaces_topic/lib/python3.8/site-packages/communication_interfaces_topic/communication_interfaces_topic_s__rosidl_typesupport_c.cpython-38-x86_64-linux-gnu.so" to ""
-- Installing: /home/u20/ros2_ws/install/communication_interfaces_topic/lib/libcommunication_interfaces_topic__python.so
-- Set runtime path of "/home/u20/ros2_ws/install/communication_interfaces_topic/lib/libcommunication_interfaces_topic__python.so" to ""
-- Installing: /home/u20/ros2_ws/install/communication_interfaces_topic/share/communication_interfaces_topic/msg/AHRS.idl
-- Installing: /home/u20/ros2_ws/install/communication_interfaces_topic/share/communication_interfaces_topic/msg/Altitude.idl
-- Installing: /home/u20/ros2_ws/install/communication_interfaces_topic/share/communication_interfaces_topic/msg/Depth.idl
-- Installing: /home/u20/ros2_ws/install/communication_interfaces_topic/share/communication_interfaces_topic/msg/DVL.idl
-- Installing: /home/u20/ros2_ws/install/communication_interfaces_topic/share/communication_interfaces_topic/msg/Pose.idl
-- Installing: /home/u20/ros2_ws/install/communication_interfaces_topic/share/communication_interfaces_topic/msg/Thrust.idl
-- Installing: /home/u20/ros2_ws/install/communication_interfaces_topic/share/communication_interfaces_topic/srv/GetAHRS.idl
-- Installing: /home/u20/ros2_ws/install/communication_interfaces_topic/share/communication_interfaces_topic/msg/AHRS.msg
-- Installing: /home/u20/ros2_ws/install/communication_interfaces_topic/share/communication_interfaces_topic/msg/Altitude.msg
-- Installing: /home/u20/ros2_ws/install/communication_interfaces_topic/share/communication_interfaces_topic/msg/Depth.msg
-- Installing: /home/u20/ros2_ws/install/communication_interfaces_topic/share/communication_interfaces_topic/msg/DVL.msg
-- Installing: /home/u20/ros2_ws/install/communication_interfaces_topic/share/communication_interfaces_topic/msg/Pose.msg
-- Installing: /home/u20/ros2_ws/install/communication_interfaces_topic/share/communication_interfaces_topic/msg/Thrust.msg
-- Installing: /home/u20/ros2_ws/install/communication_interfaces_topic/share/communication_interfaces_topic/srv/GetAHRS.srv
-- Installing: /home/u20/ros2_ws/install/communication_interfaces_topic/share/communication_interfaces_topic/srv/GetAHRS_Request.msg
-- Installing: /home/u20/ros2_ws/install/communication_interfaces_topic/share/communication_interfaces_topic/srv/GetAHRS_Response.msg
-- Installing: /home/u20/ros2_ws/install/communication_interfaces_topic/share/ament_index/resource_index/package_run_dependencies/communication_interfaces_topic
-- Installing: /home/u20/ros2_ws/install/communication_interfaces_topic/share/ament_index/resource_index/parent_prefix_path/communication_interfaces_topic
-- Installing: /home/u20/ros2_ws/install/communication_interfaces_topic/share/communication_interfaces_topic/environment/ament_prefix_path.sh
-- Installing: /home/u20/ros2_ws/install/communication_interfaces_topic/share/communication_interfaces_topic/environment/ament_prefix_path.dsv
-- Installing: /home/u20/ros2_ws/install/communication_interfaces_topic/share/communication_interfaces_topic/environment/path.sh
-- Installing: /home/u20/ros2_ws/install/communication_interfaces_topic/share/communication_interfaces_topic/environment/path.dsv
-- Installing: /home/u20/ros2_ws/install/communication_interfaces_topic/share/communication_interfaces_topic/local_setup.bash
-- Installing: /home/u20/ros2_ws/install/communication_interfaces_topic/share/communication_interfaces_topic/local_setup.sh
-- Installing: /home/u20/ros2_ws/install/communication_interfaces_topic/share/communication_interfaces_topic/local_setup.zsh
-- Installing: /home/u20/ros2_ws/install/communication_interfaces_topic/share/communication_interfaces_topic/local_setup.dsv
-- Installing: /home/u20/ros2_ws/install/communication_interfaces_topic/share/communication_interfaces_topic/package.dsv
-- Installing: /home/u20/ros2_ws/install/communication_interfaces_topic/share/ament_index/resource_index/packages/communication_interfaces_topic
-- Installing: /home/u20/ros2_ws/install/communication_interfaces_topic/share/communication_interfaces_topic/cmake/communication_interfaces_topic__rosidl_generator_cExport.cmake
-- Installing: /home/u20/ros2_ws/install/communication_interfaces_topic/share/communication_interfaces_topic/cmake/communication_interfaces_topic__rosidl_generator_cExport-noconfig.cmake
-- Installing: /home/u20/ros2_ws/install/communication_interfaces_topic/share/communication_interfaces_topic/cmake/communication_interfaces_topic__rosidl_typesupport_introspection_cExport.cmake
-- Installing: /home/u20/ros2_ws/install/communication_interfaces_topic/share/communication_interfaces_topic/cmake/communication_interfaces_topic__rosidl_typesupport_introspection_cExport-noconfig.cmake
-- Installing: /home/u20/ros2_ws/install/communication_interfaces_topic/share/communication_interfaces_topic/cmake/communication_interfaces_topic__rosidl_typesupport_cExport.cmake
-- Installing: /home/u20/ros2_ws/install/communication_interfaces_topic/share/communication_interfaces_topic/cmake/communication_interfaces_topic__rosidl_typesupport_cExport-noconfig.cmake
-- Installing: /home/u20/ros2_ws/install/communication_interfaces_topic/share/communication_interfaces_topic/cmake/communication_interfaces_topic__rosidl_generator_cppExport.cmake
-- Installing: /home/u20/ros2_ws/install/communication_interfaces_topic/share/communication_interfaces_topic/cmake/communication_interfaces_topic__rosidl_typesupport_introspection_cppExport.cmake
-- Installing: /home/u20/ros2_ws/install/communication_interfaces_topic/share/communication_interfaces_topic/cmake/communication_interfaces_topic__rosidl_typesupport_introspection_cppExport-noconfig.cmake
-- Installing: /home/u20/ros2_ws/install/communication_interfaces_topic/share/communication_interfaces_topic/cmake/communication_interfaces_topic__rosidl_typesupport_cppExport.cmake
-- Installing: /home/u20/ros2_ws/install/communication_interfaces_topic/share/communication_interfaces_topic/cmake/communication_interfaces_topic__rosidl_typesupport_cppExport-noconfig.cmake
-- Installing: /home/u20/ros2_ws/install/communication_interfaces_topic/share/communication_interfaces_topic/cmake/rosidl_cmake-extras.cmake
-- Installing: /home/u20/ros2_ws/install/communication_interfaces_topic/share/communication_interfaces_topic/cmake/ament_cmake_export_dependencies-extras.cmake
-- Installing: /home/u20/ros2_ws/install/communication_interfaces_topic/share/communication_interfaces_topic/cmake/ament_cmake_export_libraries-extras.cmake
-- Installing: /home/u20/ros2_ws/install/communication_interfaces_topic/share/communication_interfaces_topic/cmake/ament_cmake_export_targets-extras.cmake
-- Installing: /home/u20/ros2_ws/install/communication_interfaces_topic/share/communication_interfaces_topic/cmake/ament_cmake_export_include_directories-extras.cmake
-- Installing: /home/u20/ros2_ws/install/communication_interfaces_topic/share/communication_interfaces_topic/cmake/rosidl_cmake_export_typesupport_libraries-extras.cmake
-- Installing: /home/u20/ros2_ws/install/communication_interfaces_topic/share/communication_interfaces_topic/cmake/rosidl_cmake_export_typesupport_targets-extras.cmake
-- Installing: /home/u20/ros2_ws/install/communication_interfaces_topic/share/communication_interfaces_topic/cmake/communication_interfaces_topicConfig.cmake
-- Installing: /home/u20/ros2_ws/install/communication_interfaces_topic/share/communication_interfaces_topic/cmake/communication_interfaces_topicConfig-version.cmake
-- Installing: /home/u20/ros2_ws/install/communication_interfaces_topic/share/communication_interfaces_topic/package.xml
