[0.009s] Invoking command in '/home/u20/ros2_ws/build/communication_interfaces_topic': CMAKE_PREFIX_PATH=${CMAKE_PREFIX_PATH}:/home/u20/ros2_ws/install/communication_topic:/opt/ros/foxy /usr/bin/cmake /home/u20/ros2_ws/src/communication_interfaces_topic -DCMAKE_INSTALL_PREFIX=/home/u20/ros2_ws/install/communication_interfaces_topic
[0.057s] -- The C compiler identification is GNU 9.4.0
[0.103s] -- The CXX compiler identification is GNU 9.4.0
[0.107s] -- Check for working C compiler: /usr/bin/cc
[0.167s] -- Check for working C compiler: /usr/bin/cc -- works
[0.168s] -- Detecting C compiler ABI info
[0.230s] -- Detecting C compiler ABI info - done
[0.251s] -- Detecting C compile features
[0.251s] -- Detecting C compile features - done
[0.255s] -- Check for working CXX compiler: /usr/bin/c++
[0.326s] -- Check for working CXX compiler: /usr/bin/c++ -- works
[0.328s] -- Detecting CXX compiler ABI info
[0.402s] -- Detecting CXX compiler ABI info - done
[0.413s] -- Detecting CXX compile features
[0.414s] -- Detecting CXX compile features - done
[0.415s] -- Found ament_cmake: 0.9.12 (/opt/ros/foxy/share/ament_cmake/cmake)
[0.436s] -- Found PythonInterp: /usr/bin/python3 (found suitable version "3.8.10", minimum required is "3") 
[0.436s] -- Using PYTHON_EXECUTABLE: /usr/bin/python3
[0.609s] -- Found rclpy: 1.0.13 (/opt/ros/foxy/share/rclpy/cmake)
[0.609s] -- Found std_msgs: 2.0.5 (/opt/ros/foxy/share/std_msgs/cmake)
[0.632s] -- Using all available rosidl_typesupport_c: rosidl_typesupport_fastrtps_c;rosidl_typesupport_introspection_c
[0.638s] -- Found rosidl_adapter: 1.3.1 (/opt/ros/foxy/share/rosidl_adapter/cmake)
[0.716s] -- Found OpenSSL: /usr/lib/x86_64-linux-gnu/libcrypto.so (found version "1.1.1f")  
[0.747s] -- Found FastRTPS: /opt/ros/foxy/include  
[0.846s] -- Using all available rosidl_typesupport_cpp: rosidl_typesupport_fastrtps_cpp;rosidl_typesupport_introspection_cpp
[0.917s] -- Found sensor_msgs: 2.0.5 (/opt/ros/foxy/share/sensor_msgs/cmake)
[1.019s] -- Found rosidl_default_generators: 1.0.1 (/opt/ros/foxy/share/rosidl_default_generators/cmake)
[1.047s] -- Found PythonInterp: /usr/bin/python3 (found version "3.8.10") 
[1.208s] -- Found ament_cmake_ros: 0.9.2 (/opt/ros/foxy/share/ament_cmake_ros/cmake)
[1.318s] -- Using all available rosidl_typesupport_c: rosidl_typesupport_fastrtps_c;rosidl_typesupport_introspection_c
[1.338s] -- Using all available rosidl_typesupport_cpp: rosidl_typesupport_fastrtps_cpp;rosidl_typesupport_introspection_cpp
[1.367s] -- Found PythonInterp: /usr/bin/python3 (found suitable version "3.8.10", minimum required is "3.5") 
[1.368s] -- Found python_cmake_module: 0.8.1 (/opt/ros/foxy/share/python_cmake_module/cmake)
[1.393s] -- Found PythonLibs: /usr/lib/x86_64-linux-gnu/libpython3.8.so (found suitable version "3.8.10", minimum required is "3.5") 
[1.393s] -- Using PYTHON_EXECUTABLE: /usr/bin/python3
[1.393s] -- Using PYTHON_INCLUDE_DIRS: /usr/include/python3.8
[1.393s] -- Using PYTHON_LIBRARIES: /usr/lib/x86_64-linux-gnu/libpython3.8.so
[1.414s] -- Found PythonExtra: .so  
[1.465s] -- Found ament_lint_auto: 0.9.8 (/opt/ros/foxy/share/ament_lint_auto/cmake)
[1.484s] -- Added test 'copyright' to check source files copyright and LICENSE
[1.486s] -- Added test 'lint_cmake' to check CMake code style
[1.488s] -- Added test 'xmllint' to check XML markup files
[1.496s] -- Configuring done
[1.562s] -- Generating done
[1.579s] -- Build files have been written to: /home/u20/ros2_ws/build/communication_interfaces_topic
[1.589s] Invoked command in '/home/u20/ros2_ws/build/communication_interfaces_topic' returned '0': CMAKE_PREFIX_PATH=${CMAKE_PREFIX_PATH}:/home/u20/ros2_ws/install/communication_topic:/opt/ros/foxy /usr/bin/cmake /home/u20/ros2_ws/src/communication_interfaces_topic -DCMAKE_INSTALL_PREFIX=/home/u20/ros2_ws/install/communication_interfaces_topic
[1.593s] Invoking command in '/home/u20/ros2_ws/build/communication_interfaces_topic': CMAKE_PREFIX_PATH=${CMAKE_PREFIX_PATH}:/home/u20/ros2_ws/install/communication_topic:/opt/ros/foxy /usr/bin/cmake --build /home/u20/ros2_ws/build/communication_interfaces_topic -- -j12 -l12
[1.631s] [  1%] [34m[1mGenerating C code for ROS interfaces[0m
[1.631s] [35m[1mScanning dependencies of target communication_interfaces_topic__cpp[0m
[1.641s] [  2%] [34m[1mGenerating C++ code for ROS interfaces[0m
[2.312s] [  2%] Built target communication_interfaces_topic__cpp
[2.361s] [  5%] [34m[1mGenerating C++ type support dispatch for ROS interfaces[0m
[2.361s] [  5%] [34m[1mGenerating C++ type support for eProsima Fast-RTPS[0m
[2.368s] [  6%] [34m[1mGenerating C++ introspection for ROS interfaces[0m
[2.429s] [35m[1mScanning dependencies of target communication_interfaces_topic__rosidl_generator_c[0m
[2.464s] [  8%] [32mBuilding C object CMakeFiles/communication_interfaces_topic__rosidl_generator_c.dir/rosidl_generator_c/communication_interfaces_topic/msg/detail/depth__functions.c.o[0m
[2.464s] [  8%] [32mBuilding C object CMakeFiles/communication_interfaces_topic__rosidl_generator_c.dir/rosidl_generator_c/communication_interfaces_topic/msg/detail/dvl__functions.c.o[0m
[2.466s] [ 10%] [32mBuilding C object CMakeFiles/communication_interfaces_topic__rosidl_generator_c.dir/rosidl_generator_c/communication_interfaces_topic/msg/detail/pose__functions.c.o[0m
[2.469s] [ 11%] [32mBuilding C object CMakeFiles/communication_interfaces_topic__rosidl_generator_c.dir/rosidl_generator_c/communication_interfaces_topic/srv/detail/get_ahrs__functions.c.o[0m
[2.472s] [ 12%] [32mBuilding C object CMakeFiles/communication_interfaces_topic__rosidl_generator_c.dir/rosidl_generator_c/communication_interfaces_topic/msg/detail/thrust__functions.c.o[0m
[2.475s] [ 13%] [32mBuilding C object CMakeFiles/communication_interfaces_topic__rosidl_generator_c.dir/rosidl_generator_c/communication_interfaces_topic/msg/detail/altitude__functions.c.o[0m
[2.481s] [ 15%] [32mBuilding C object CMakeFiles/communication_interfaces_topic__rosidl_generator_c.dir/rosidl_generator_c/communication_interfaces_topic/msg/detail/ahrs__functions.c.o[0m
[2.620s] [ 16%] [32m[1mLinking C shared library libcommunication_interfaces_topic__rosidl_generator_c.so[0m
[2.680s] [ 16%] Built target communication_interfaces_topic__rosidl_generator_c
[2.695s] [ 18%] [34m[1mGenerating C introspection for ROS interfaces[0m
[2.695s] [ 18%] [34m[1mGenerating C type support dispatch for ROS interfaces[0m
[3.001s] [35m[1mScanning dependencies of target communication_interfaces_topic__rosidl_typesupport_introspection_cpp[0m
[3.018s] [ 25%] [32mBuilding CXX object CMakeFiles/communication_interfaces_topic__rosidl_typesupport_introspection_cpp.dir/rosidl_typesupport_introspection_cpp/communication_interfaces_topic/msg/detail/depth__type_support.cpp.o[0m
[3.018s] [ 25%] [32mBuilding CXX object CMakeFiles/communication_interfaces_topic__rosidl_typesupport_introspection_cpp.dir/rosidl_typesupport_introspection_cpp/communication_interfaces_topic/msg/detail/pose__type_support.cpp.o[0m
[3.018s] [ 25%] [32mBuilding CXX object CMakeFiles/communication_interfaces_topic__rosidl_typesupport_introspection_cpp.dir/rosidl_typesupport_introspection_cpp/communication_interfaces_topic/msg/detail/altitude__type_support.cpp.o[0m
[3.018s] [ 25%] [32mBuilding CXX object CMakeFiles/communication_interfaces_topic__rosidl_typesupport_introspection_cpp.dir/rosidl_typesupport_introspection_cpp/communication_interfaces_topic/msg/detail/dvl__type_support.cpp.o[0m
[3.018s] [ 25%] [32mBuilding CXX object CMakeFiles/communication_interfaces_topic__rosidl_typesupport_introspection_cpp.dir/rosidl_typesupport_introspection_cpp/communication_interfaces_topic/msg/detail/ahrs__type_support.cpp.o[0m
[3.018s] [ 26%] [32mBuilding CXX object CMakeFiles/communication_interfaces_topic__rosidl_typesupport_introspection_cpp.dir/rosidl_typesupport_introspection_cpp/communication_interfaces_topic/msg/detail/thrust__type_support.cpp.o[0m
[3.031s] [ 27%] [32mBuilding CXX object CMakeFiles/communication_interfaces_topic__rosidl_typesupport_introspection_cpp.dir/rosidl_typesupport_introspection_cpp/communication_interfaces_topic/srv/detail/get_ahrs__type_support.cpp.o[0m
[3.119s] [35m[1mScanning dependencies of target communication_interfaces_topic__rosidl_typesupport_cpp[0m
[3.182s] [ 29%] [32mBuilding CXX object CMakeFiles/communication_interfaces_topic__rosidl_typesupport_cpp.dir/rosidl_typesupport_cpp/communication_interfaces_topic/msg/ahrs__type_support.cpp.o[0m
[3.189s] [ 30%] [32mBuilding CXX object CMakeFiles/communication_interfaces_topic__rosidl_typesupport_cpp.dir/rosidl_typesupport_cpp/communication_interfaces_topic/msg/altitude__type_support.cpp.o[0m
[3.378s] [35m[1mScanning dependencies of target communication_interfaces_topic__rosidl_typesupport_c[0m
[3.413s] [ 31%] [32mBuilding CXX object CMakeFiles/communication_interfaces_topic__rosidl_typesupport_c.dir/rosidl_typesupport_c/communication_interfaces_topic/msg/ahrs__type_support.cpp.o[0m
[3.483s] [ 32%] [32mBuilding CXX object CMakeFiles/communication_interfaces_topic__rosidl_typesupport_c.dir/rosidl_typesupport_c/communication_interfaces_topic/msg/altitude__type_support.cpp.o[0m
[3.499s] [ 34%] [32mBuilding CXX object CMakeFiles/communication_interfaces_topic__rosidl_typesupport_cpp.dir/rosidl_typesupport_cpp/communication_interfaces_topic/msg/depth__type_support.cpp.o[0m
[3.511s] [35m[1mScanning dependencies of target communication_interfaces_topic__rosidl_typesupport_introspection_c[0m
[3.529s] [35m[1mScanning dependencies of target communication_interfaces_topic__rosidl_typesupport_fastrtps_cpp[0m
[3.532s] [ 35%] [32mBuilding CXX object CMakeFiles/communication_interfaces_topic__rosidl_typesupport_cpp.dir/rosidl_typesupport_cpp/communication_interfaces_topic/msg/dvl__type_support.cpp.o[0m
[3.544s] [ 36%] [32mBuilding C object CMakeFiles/communication_interfaces_topic__rosidl_typesupport_introspection_c.dir/rosidl_typesupport_introspection_c/communication_interfaces_topic/msg/detail/ahrs__type_support.c.o[0m
[3.547s] [ 37%] [32mBuilding CXX object CMakeFiles/communication_interfaces_topic__rosidl_typesupport_cpp.dir/rosidl_typesupport_cpp/communication_interfaces_topic/msg/thrust__type_support.cpp.o[0m
[3.555s] [ 39%] [32mBuilding CXX object CMakeFiles/communication_interfaces_topic__rosidl_typesupport_cpp.dir/rosidl_typesupport_cpp/communication_interfaces_topic/msg/pose__type_support.cpp.o[0m
[3.557s] [ 41%] [32mBuilding C object CMakeFiles/communication_interfaces_topic__rosidl_typesupport_introspection_c.dir/rosidl_typesupport_introspection_c/communication_interfaces_topic/msg/detail/altitude__type_support.c.o[0m
[3.557s] [ 41%] [32mBuilding CXX object CMakeFiles/communication_interfaces_topic__rosidl_typesupport_c.dir/rosidl_typesupport_c/communication_interfaces_topic/msg/depth__type_support.cpp.o[0m
[3.570s] [ 43%] [32mBuilding CXX object CMakeFiles/communication_interfaces_topic__rosidl_typesupport_fastrtps_cpp.dir/rosidl_typesupport_fastrtps_cpp/communication_interfaces_topic/msg/detail/dds_fastrtps/ahrs__type_support.cpp.o[0m
[3.571s] [ 44%] [32mBuilding CXX object CMakeFiles/communication_interfaces_topic__rosidl_typesupport_cpp.dir/rosidl_typesupport_cpp/communication_interfaces_topic/srv/get_ahrs__type_support.cpp.o[0m
[3.600s] [ 45%] [32m[1mLinking CXX shared library libcommunication_interfaces_topic__rosidl_typesupport_introspection_cpp.so[0m
[3.601s] [ 46%] [32mBuilding C object CMakeFiles/communication_interfaces_topic__rosidl_typesupport_introspection_c.dir/rosidl_typesupport_introspection_c/communication_interfaces_topic/msg/detail/depth__type_support.c.o[0m
[3.607s] [ 48%] [32mBuilding CXX object CMakeFiles/communication_interfaces_topic__rosidl_typesupport_c.dir/rosidl_typesupport_c/communication_interfaces_topic/msg/dvl__type_support.cpp.o[0m
[3.629s] [ 49%] [32mBuilding C object CMakeFiles/communication_interfaces_topic__rosidl_typesupport_introspection_c.dir/rosidl_typesupport_introspection_c/communication_interfaces_topic/msg/detail/dvl__type_support.c.o[0m
[3.658s] [ 50%] [32mBuilding CXX object CMakeFiles/communication_interfaces_topic__rosidl_typesupport_c.dir/rosidl_typesupport_c/communication_interfaces_topic/msg/pose__type_support.cpp.o[0m
[3.686s] [ 51%] [32mBuilding C object CMakeFiles/communication_interfaces_topic__rosidl_typesupport_introspection_c.dir/rosidl_typesupport_introspection_c/communication_interfaces_topic/msg/detail/pose__type_support.c.o[0m
[3.709s] [ 53%] [32mBuilding C object CMakeFiles/communication_interfaces_topic__rosidl_typesupport_introspection_c.dir/rosidl_typesupport_introspection_c/communication_interfaces_topic/msg/detail/thrust__type_support.c.o[0m
[3.719s] [ 54%] [32mBuilding CXX object CMakeFiles/communication_interfaces_topic__rosidl_typesupport_c.dir/rosidl_typesupport_c/communication_interfaces_topic/msg/thrust__type_support.cpp.o[0m
[3.721s] [ 55%] [32mBuilding CXX object CMakeFiles/communication_interfaces_topic__rosidl_typesupport_fastrtps_cpp.dir/rosidl_typesupport_fastrtps_cpp/communication_interfaces_topic/msg/detail/dds_fastrtps/altitude__type_support.cpp.o[0m
[3.730s] [ 56%] [32mBuilding CXX object CMakeFiles/communication_interfaces_topic__rosidl_typesupport_c.dir/rosidl_typesupport_c/communication_interfaces_topic/srv/get_ahrs__type_support.cpp.o[0m
[3.758s] [ 58%] [32mBuilding C object CMakeFiles/communication_interfaces_topic__rosidl_typesupport_introspection_c.dir/rosidl_typesupport_introspection_c/communication_interfaces_topic/srv/detail/get_ahrs__type_support.c.o[0m
[3.770s] [ 59%] [32mBuilding CXX object CMakeFiles/communication_interfaces_topic__rosidl_typesupport_fastrtps_cpp.dir/rosidl_typesupport_fastrtps_cpp/communication_interfaces_topic/msg/detail/dds_fastrtps/depth__type_support.cpp.o[0m
[3.772s] [ 59%] Built target communication_interfaces_topic__rosidl_typesupport_introspection_cpp
[3.784s] [ 60%] [32mBuilding CXX object CMakeFiles/communication_interfaces_topic__rosidl_typesupport_fastrtps_cpp.dir/rosidl_typesupport_fastrtps_cpp/communication_interfaces_topic/msg/detail/dds_fastrtps/dvl__type_support.cpp.o[0m
[3.785s] [ 62%] [32mBuilding CXX object CMakeFiles/communication_interfaces_topic__rosidl_typesupport_fastrtps_cpp.dir/rosidl_typesupport_fastrtps_cpp/communication_interfaces_topic/msg/detail/dds_fastrtps/pose__type_support.cpp.o[0m
[3.802s] [ 63%] [32m[1mLinking CXX shared library libcommunication_interfaces_topic__rosidl_typesupport_c.so[0m
[3.830s] [ 64%] [32m[1mLinking C shared library libcommunication_interfaces_topic__rosidl_typesupport_introspection_c.so[0m
[3.888s] [ 64%] Built target communication_interfaces_topic__rosidl_typesupport_c
[3.906s] [ 65%] [32mBuilding CXX object CMakeFiles/communication_interfaces_topic__rosidl_typesupport_fastrtps_cpp.dir/rosidl_typesupport_fastrtps_cpp/communication_interfaces_topic/msg/detail/dds_fastrtps/thrust__type_support.cpp.o[0m
[3.907s] [ 65%] Built target communication_interfaces_topic__rosidl_typesupport_introspection_c
[3.929s] [ 67%] [32mBuilding CXX object CMakeFiles/communication_interfaces_topic__rosidl_typesupport_fastrtps_cpp.dir/rosidl_typesupport_fastrtps_cpp/communication_interfaces_topic/srv/detail/dds_fastrtps/get_ahrs__type_support.cpp.o[0m
[4.099s] [ 68%] [32m[1mLinking CXX shared library libcommunication_interfaces_topic__rosidl_typesupport_cpp.so[0m
[4.156s] [ 68%] Built target communication_interfaces_topic__rosidl_typesupport_cpp
[4.530s] [ 69%] [32m[1mLinking CXX shared library libcommunication_interfaces_topic__rosidl_typesupport_fastrtps_cpp.so[0m
[4.605s] [ 69%] Built target communication_interfaces_topic__rosidl_typesupport_fastrtps_cpp
[4.614s] [ 70%] [34m[1mGenerating C type support for eProsima Fast-RTPS[0m
[5.023s] [35m[1mScanning dependencies of target communication_interfaces_topic__rosidl_typesupport_fastrtps_c[0m
[5.044s] [ 72%] [32mBuilding CXX object CMakeFiles/communication_interfaces_topic__rosidl_typesupport_fastrtps_c.dir/rosidl_typesupport_fastrtps_c/communication_interfaces_topic/msg/detail/altitude__type_support_c.cpp.o[0m
[5.044s] [ 73%] [32mBuilding CXX object CMakeFiles/communication_interfaces_topic__rosidl_typesupport_fastrtps_c.dir/rosidl_typesupport_fastrtps_c/communication_interfaces_topic/msg/detail/dvl__type_support_c.cpp.o[0m
[5.046s] [ 74%] [32mBuilding CXX object CMakeFiles/communication_interfaces_topic__rosidl_typesupport_fastrtps_c.dir/rosidl_typesupport_fastrtps_c/communication_interfaces_topic/msg/detail/ahrs__type_support_c.cpp.o[0m
[5.046s] [ 75%] [32mBuilding CXX object CMakeFiles/communication_interfaces_topic__rosidl_typesupport_fastrtps_c.dir/rosidl_typesupport_fastrtps_c/communication_interfaces_topic/msg/detail/depth__type_support_c.cpp.o[0m
[5.047s] [ 77%] [32mBuilding CXX object CMakeFiles/communication_interfaces_topic__rosidl_typesupport_fastrtps_c.dir/rosidl_typesupport_fastrtps_c/communication_interfaces_topic/srv/detail/get_ahrs__type_support_c.cpp.o[0m
[5.047s] [ 78%] [32mBuilding CXX object CMakeFiles/communication_interfaces_topic__rosidl_typesupport_fastrtps_c.dir/rosidl_typesupport_fastrtps_c/communication_interfaces_topic/msg/detail/pose__type_support_c.cpp.o[0m
[5.047s] [ 79%] [32mBuilding CXX object CMakeFiles/communication_interfaces_topic__rosidl_typesupport_fastrtps_c.dir/rosidl_typesupport_fastrtps_c/communication_interfaces_topic/msg/detail/thrust__type_support_c.cpp.o[0m
[5.532s] [ 81%] [32m[1mLinking CXX shared library libcommunication_interfaces_topic__rosidl_typesupport_fastrtps_c.so[0m
[5.606s] [ 81%] Built target communication_interfaces_topic__rosidl_typesupport_fastrtps_c
[5.615s] [35m[1mScanning dependencies of target communication_interfaces_topic[0m
[5.624s] [ 81%] Built target communication_interfaces_topic
[5.632s] [35m[1mScanning dependencies of target communication_interfaces_topic__py[0m
[5.642s] [ 82%] [34m[1mGenerating Python code for ROS interfaces[0m
[6.591s] [ 82%] Built target communication_interfaces_topic__py
[6.600s] [35m[1mScanning dependencies of target communication_interfaces_topic__python[0m
[6.629s] [ 86%] [32mBuilding C object CMakeFiles/communication_interfaces_topic__python.dir/rosidl_generator_py/communication_interfaces_topic/msg/_ahrs_s.c.o[0m
[6.629s] [ 86%] [32mBuilding C object CMakeFiles/communication_interfaces_topic__python.dir/rosidl_generator_py/communication_interfaces_topic/msg/_pose_s.c.o[0m
[6.629s] [ 86%] [32mBuilding C object CMakeFiles/communication_interfaces_topic__python.dir/rosidl_generator_py/communication_interfaces_topic/msg/_depth_s.c.o[0m
[6.629s] [ 87%] [32mBuilding C object CMakeFiles/communication_interfaces_topic__python.dir/rosidl_generator_py/communication_interfaces_topic/msg/_dvl_s.c.o[0m
[6.630s] [ 88%] [32mBuilding C object CMakeFiles/communication_interfaces_topic__python.dir/rosidl_generator_py/communication_interfaces_topic/msg/_altitude_s.c.o[0m
[6.631s] [ 89%] [32mBuilding C object CMakeFiles/communication_interfaces_topic__python.dir/rosidl_generator_py/communication_interfaces_topic/srv/_get_ahrs_s.c.o[0m
[6.631s] [ 91%] [32mBuilding C object CMakeFiles/communication_interfaces_topic__python.dir/rosidl_generator_py/communication_interfaces_topic/msg/_thrust_s.c.o[0m
[6.770s] [ 92%] [32m[1mLinking C shared library rosidl_generator_py/communication_interfaces_topic/libcommunication_interfaces_topic__python.so[0m
[6.807s] [ 92%] Built target communication_interfaces_topic__python
[6.816s] [35m[1mScanning dependencies of target communication_interfaces_topic__rosidl_typesupport_introspection_c__pyext[0m
[6.816s] [35m[1mScanning dependencies of target communication_interfaces_topic__rosidl_typesupport_c__pyext[0m
[6.816s] [35m[1mScanning dependencies of target communication_interfaces_topic__rosidl_typesupport_fastrtps_c__pyext[0m
[6.833s] [ 94%] [32mBuilding C object CMakeFiles/communication_interfaces_topic__rosidl_typesupport_introspection_c__pyext.dir/rosidl_generator_py/communication_interfaces_topic/_communication_interfaces_topic_s.ep.rosidl_typesupport_introspection_c.c.o[0m
[6.833s] [ 94%] [32mBuilding C object CMakeFiles/communication_interfaces_topic__rosidl_typesupport_c__pyext.dir/rosidl_generator_py/communication_interfaces_topic/_communication_interfaces_topic_s.ep.rosidl_typesupport_c.c.o[0m
[6.834s] [ 96%] [32mBuilding C object CMakeFiles/communication_interfaces_topic__rosidl_typesupport_fastrtps_c__pyext.dir/rosidl_generator_py/communication_interfaces_topic/_communication_interfaces_topic_s.ep.rosidl_typesupport_fastrtps_c.c.o[0m
[6.924s] [ 98%] [32m[1mLinking C shared library rosidl_generator_py/communication_interfaces_topic/communication_interfaces_topic_s__rosidl_typesupport_c.cpython-38-x86_64-linux-gnu.so[0m
[6.924s] [ 98%] [32m[1mLinking C shared library rosidl_generator_py/communication_interfaces_topic/communication_interfaces_topic_s__rosidl_typesupport_introspection_c.cpython-38-x86_64-linux-gnu.so[0m
[6.925s] [100%] [32m[1mLinking CXX shared library rosidl_generator_py/communication_interfaces_topic/communication_interfaces_topic_s__rosidl_typesupport_fastrtps_c.cpython-38-x86_64-linux-gnu.so[0m
[6.960s] [100%] Built target communication_interfaces_topic__rosidl_typesupport_c__pyext
[6.960s] [100%] Built target communication_interfaces_topic__rosidl_typesupport_introspection_c__pyext
[6.989s] [100%] Built target communication_interfaces_topic__rosidl_typesupport_fastrtps_c__pyext
[7.000s] Invoked command in '/home/u20/ros2_ws/build/communication_interfaces_topic' returned '0': CMAKE_PREFIX_PATH=${CMAKE_PREFIX_PATH}:/home/u20/ros2_ws/install/communication_topic:/opt/ros/foxy /usr/bin/cmake --build /home/u20/ros2_ws/build/communication_interfaces_topic -- -j12 -l12
[7.011s] Invoking command in '/home/u20/ros2_ws/build/communication_interfaces_topic': CMAKE_PREFIX_PATH=${CMAKE_PREFIX_PATH}:/home/u20/ros2_ws/install/communication_topic:/opt/ros/foxy /usr/bin/cmake --install /home/u20/ros2_ws/build/communication_interfaces_topic
[7.021s] -- Install configuration: ""
[7.021s] -- Installing: /home/u20/ros2_ws/install/communication_interfaces_topic/share/ament_index/resource_index/rosidl_interfaces/communication_interfaces_topic
[7.022s] -- Installing: /home/u20/ros2_ws/install/communication_interfaces_topic/include/communication_interfaces_topic
[7.022s] -- Installing: /home/u20/ros2_ws/install/communication_interfaces_topic/include/communication_interfaces_topic/srv
[7.022s] -- Installing: /home/u20/ros2_ws/install/communication_interfaces_topic/include/communication_interfaces_topic/srv/detail
[7.022s] -- Installing: /home/u20/ros2_ws/install/communication_interfaces_topic/include/communication_interfaces_topic/srv/detail/get_ahrs__functions.h
[7.022s] -- Installing: /home/u20/ros2_ws/install/communication_interfaces_topic/include/communication_interfaces_topic/srv/detail/get_ahrs__functions.c
[7.022s] -- Installing: /home/u20/ros2_ws/install/communication_interfaces_topic/include/communication_interfaces_topic/srv/detail/get_ahrs__type_support.h
[7.022s] -- Installing: /home/u20/ros2_ws/install/communication_interfaces_topic/include/communication_interfaces_topic/srv/detail/get_ahrs__struct.h
[7.022s] -- Installing: /home/u20/ros2_ws/install/communication_interfaces_topic/include/communication_interfaces_topic/srv/get_ahrs.h
[7.022s] -- Installing: /home/u20/ros2_ws/install/communication_interfaces_topic/include/communication_interfaces_topic/msg
[7.023s] -- Installing: /home/u20/ros2_ws/install/communication_interfaces_topic/include/communication_interfaces_topic/msg/pose.h
[7.023s] -- Installing: /home/u20/ros2_ws/install/communication_interfaces_topic/include/communication_interfaces_topic/msg/detail
[7.023s] -- Installing: /home/u20/ros2_ws/install/communication_interfaces_topic/include/communication_interfaces_topic/msg/detail/altitude__functions.h
[7.023s] -- Installing: /home/u20/ros2_ws/install/communication_interfaces_topic/include/communication_interfaces_topic/msg/detail/pose__functions.c
[7.023s] -- Installing: /home/u20/ros2_ws/install/communication_interfaces_topic/include/communication_interfaces_topic/msg/detail/dvl__functions.c
[7.023s] -- Installing: /home/u20/ros2_ws/install/communication_interfaces_topic/include/communication_interfaces_topic/msg/detail/ahrs__functions.h
[7.023s] -- Installing: /home/u20/ros2_ws/install/communication_interfaces_topic/include/communication_interfaces_topic/msg/detail/altitude__functions.c
[7.023s] -- Installing: /home/u20/ros2_ws/install/communication_interfaces_topic/include/communication_interfaces_topic/msg/detail/altitude__struct.h
[7.024s] -- Installing: /home/u20/ros2_ws/install/communication_interfaces_topic/include/communication_interfaces_topic/msg/detail/altitude__type_support.h
[7.024s] -- Installing: /home/u20/ros2_ws/install/communication_interfaces_topic/include/communication_interfaces_topic/msg/detail/depth__functions.h
[7.024s] -- Installing: /home/u20/ros2_ws/install/communication_interfaces_topic/include/communication_interfaces_topic/msg/detail/thrust__functions.c
[7.024s] -- Installing: /home/u20/ros2_ws/install/communication_interfaces_topic/include/communication_interfaces_topic/msg/detail/pose__struct.h
[7.024s] -- Installing: /home/u20/ros2_ws/install/communication_interfaces_topic/include/communication_interfaces_topic/msg/detail/depth__functions.c
[7.024s] -- Installing: /home/u20/ros2_ws/install/communication_interfaces_topic/include/communication_interfaces_topic/msg/detail/pose__functions.h
[7.024s] -- Installing: /home/u20/ros2_ws/install/communication_interfaces_topic/include/communication_interfaces_topic/msg/detail/ahrs__functions.c
[7.024s] -- Installing: /home/u20/ros2_ws/install/communication_interfaces_topic/include/communication_interfaces_topic/msg/detail/ahrs__struct.h
[7.024s] -- Installing: /home/u20/ros2_ws/install/communication_interfaces_topic/include/communication_interfaces_topic/msg/detail/thrust__type_support.h
[7.025s] -- Installing: /home/u20/ros2_ws/install/communication_interfaces_topic/include/communication_interfaces_topic/msg/detail/dvl__functions.h
[7.025s] -- Installing: /home/u20/ros2_ws/install/communication_interfaces_topic/include/communication_interfaces_topic/msg/detail/dvl__type_support.h
[7.025s] -- Installing: /home/u20/ros2_ws/install/communication_interfaces_topic/include/communication_interfaces_topic/msg/detail/pose__type_support.h
[7.025s] -- Installing: /home/u20/ros2_ws/install/communication_interfaces_topic/include/communication_interfaces_topic/msg/detail/thrust__struct.h
[7.025s] -- Installing: /home/u20/ros2_ws/install/communication_interfaces_topic/include/communication_interfaces_topic/msg/detail/depth__type_support.h
[7.025s] -- Installing: /home/u20/ros2_ws/install/communication_interfaces_topic/include/communication_interfaces_topic/msg/detail/depth__struct.h
[7.025s] -- Installing: /home/u20/ros2_ws/install/communication_interfaces_topic/include/communication_interfaces_topic/msg/detail/thrust__functions.h
[7.025s] -- Installing: /home/u20/ros2_ws/install/communication_interfaces_topic/include/communication_interfaces_topic/msg/detail/ahrs__type_support.h
[7.025s] -- Installing: /home/u20/ros2_ws/install/communication_interfaces_topic/include/communication_interfaces_topic/msg/detail/dvl__struct.h
[7.026s] -- Installing: /home/u20/ros2_ws/install/communication_interfaces_topic/include/communication_interfaces_topic/msg/ahrs.h
[7.026s] -- Installing: /home/u20/ros2_ws/install/communication_interfaces_topic/include/communication_interfaces_topic/msg/dvl.h
[7.026s] -- Installing: /home/u20/ros2_ws/install/communication_interfaces_topic/include/communication_interfaces_topic/msg/rosidl_generator_c__visibility_control.h
[7.026s] -- Installing: /home/u20/ros2_ws/install/communication_interfaces_topic/include/communication_interfaces_topic/msg/thrust.h
[7.026s] -- Installing: /home/u20/ros2_ws/install/communication_interfaces_topic/include/communication_interfaces_topic/msg/depth.h
[7.026s] -- Installing: /home/u20/ros2_ws/install/communication_interfaces_topic/include/communication_interfaces_topic/msg/altitude.h
[7.026s] -- Installing: /home/u20/ros2_ws/install/communication_interfaces_topic/share/communication_interfaces_topic/environment/library_path.sh
[7.026s] -- Installing: /home/u20/ros2_ws/install/communication_interfaces_topic/share/communication_interfaces_topic/environment/library_path.dsv
[7.026s] -- Installing: /home/u20/ros2_ws/install/communication_interfaces_topic/lib/libcommunication_interfaces_topic__rosidl_generator_c.so
[7.027s] -- Set runtime path of "/home/u20/ros2_ws/install/communication_interfaces_topic/lib/libcommunication_interfaces_topic__rosidl_generator_c.so" to ""
[7.027s] -- Up-to-date: /home/u20/ros2_ws/install/communication_interfaces_topic/include/communication_interfaces_topic
[7.027s] -- Up-to-date: /home/u20/ros2_ws/install/communication_interfaces_topic/include/communication_interfaces_topic/srv
[7.027s] -- Up-to-date: /home/u20/ros2_ws/install/communication_interfaces_topic/include/communication_interfaces_topic/srv/detail
[7.027s] -- Installing: /home/u20/ros2_ws/install/communication_interfaces_topic/include/communication_interfaces_topic/srv/detail/get_ahrs__rosidl_typesupport_fastrtps_c.h
[7.027s] -- Up-to-date: /home/u20/ros2_ws/install/communication_interfaces_topic/include/communication_interfaces_topic/msg
[7.027s] -- Installing: /home/u20/ros2_ws/install/communication_interfaces_topic/include/communication_interfaces_topic/msg/rosidl_typesupport_fastrtps_c__visibility_control.h
[7.027s] -- Up-to-date: /home/u20/ros2_ws/install/communication_interfaces_topic/include/communication_interfaces_topic/msg/detail
[7.028s] -- Installing: /home/u20/ros2_ws/install/communication_interfaces_topic/include/communication_interfaces_topic/msg/detail/ahrs__rosidl_typesupport_fastrtps_c.h
[7.028s] -- Installing: /home/u20/ros2_ws/install/communication_interfaces_topic/include/communication_interfaces_topic/msg/detail/dvl__rosidl_typesupport_fastrtps_c.h
[7.028s] -- Installing: /home/u20/ros2_ws/install/communication_interfaces_topic/include/communication_interfaces_topic/msg/detail/thrust__rosidl_typesupport_fastrtps_c.h
[7.028s] -- Installing: /home/u20/ros2_ws/install/communication_interfaces_topic/include/communication_interfaces_topic/msg/detail/pose__rosidl_typesupport_fastrtps_c.h
[7.028s] -- Installing: /home/u20/ros2_ws/install/communication_interfaces_topic/include/communication_interfaces_topic/msg/detail/depth__rosidl_typesupport_fastrtps_c.h
[7.028s] -- Installing: /home/u20/ros2_ws/install/communication_interfaces_topic/include/communication_interfaces_topic/msg/detail/altitude__rosidl_typesupport_fastrtps_c.h
[7.028s] -- Installing: /home/u20/ros2_ws/install/communication_interfaces_topic/lib/libcommunication_interfaces_topic__rosidl_typesupport_fastrtps_c.so
[7.028s] -- Set runtime path of "/home/u20/ros2_ws/install/communication_interfaces_topic/lib/libcommunication_interfaces_topic__rosidl_typesupport_fastrtps_c.so" to ""
[7.028s] -- Up-to-date: /home/u20/ros2_ws/install/communication_interfaces_topic/include/communication_interfaces_topic
[7.029s] -- Up-to-date: /home/u20/ros2_ws/install/communication_interfaces_topic/include/communication_interfaces_topic/srv
[7.029s] -- Up-to-date: /home/u20/ros2_ws/install/communication_interfaces_topic/include/communication_interfaces_topic/srv/detail
[7.029s] -- Installing: /home/u20/ros2_ws/install/communication_interfaces_topic/include/communication_interfaces_topic/srv/detail/dds_fastrtps
[7.029s] -- Installing: /home/u20/ros2_ws/install/communication_interfaces_topic/include/communication_interfaces_topic/srv/detail/get_ahrs__rosidl_typesupport_fastrtps_cpp.hpp
[7.029s] -- Up-to-date: /home/u20/ros2_ws/install/communication_interfaces_topic/include/communication_interfaces_topic/msg
[7.029s] -- Up-to-date: /home/u20/ros2_ws/install/communication_interfaces_topic/include/communication_interfaces_topic/msg/detail
[7.029s] -- Installing: /home/u20/ros2_ws/install/communication_interfaces_topic/include/communication_interfaces_topic/msg/detail/depth__rosidl_typesupport_fastrtps_cpp.hpp
[7.029s] -- Installing: /home/u20/ros2_ws/install/communication_interfaces_topic/include/communication_interfaces_topic/msg/detail/ahrs__rosidl_typesupport_fastrtps_cpp.hpp
[7.029s] -- Installing: /home/u20/ros2_ws/install/communication_interfaces_topic/include/communication_interfaces_topic/msg/detail/dvl__rosidl_typesupport_fastrtps_cpp.hpp
[7.030s] -- Installing: /home/u20/ros2_ws/install/communication_interfaces_topic/include/communication_interfaces_topic/msg/detail/pose__rosidl_typesupport_fastrtps_cpp.hpp
[7.030s] -- Installing: /home/u20/ros2_ws/install/communication_interfaces_topic/include/communication_interfaces_topic/msg/detail/thrust__rosidl_typesupport_fastrtps_cpp.hpp
[7.030s] -- Installing: /home/u20/ros2_ws/install/communication_interfaces_topic/include/communication_interfaces_topic/msg/detail/altitude__rosidl_typesupport_fastrtps_cpp.hpp
[7.030s] -- Installing: /home/u20/ros2_ws/install/communication_interfaces_topic/include/communication_interfaces_topic/msg/detail/dds_fastrtps
[7.030s] -- Installing: /home/u20/ros2_ws/install/communication_interfaces_topic/include/communication_interfaces_topic/msg/rosidl_typesupport_fastrtps_cpp__visibility_control.h
[7.030s] -- Installing: /home/u20/ros2_ws/install/communication_interfaces_topic/lib/libcommunication_interfaces_topic__rosidl_typesupport_fastrtps_cpp.so
[7.030s] -- Set runtime path of "/home/u20/ros2_ws/install/communication_interfaces_topic/lib/libcommunication_interfaces_topic__rosidl_typesupport_fastrtps_cpp.so" to ""
[7.030s] -- Up-to-date: /home/u20/ros2_ws/install/communication_interfaces_topic/include/communication_interfaces_topic
[7.030s] -- Up-to-date: /home/u20/ros2_ws/install/communication_interfaces_topic/include/communication_interfaces_topic/srv
[7.031s] -- Up-to-date: /home/u20/ros2_ws/install/communication_interfaces_topic/include/communication_interfaces_topic/srv/detail
[7.031s] -- Installing: /home/u20/ros2_ws/install/communication_interfaces_topic/include/communication_interfaces_topic/srv/detail/get_ahrs__type_support.c
[7.031s] -- Installing: /home/u20/ros2_ws/install/communication_interfaces_topic/include/communication_interfaces_topic/srv/detail/get_ahrs__rosidl_typesupport_introspection_c.h
[7.031s] -- Up-to-date: /home/u20/ros2_ws/install/communication_interfaces_topic/include/communication_interfaces_topic/msg
[7.031s] -- Installing: /home/u20/ros2_ws/install/communication_interfaces_topic/include/communication_interfaces_topic/msg/rosidl_typesupport_introspection_c__visibility_control.h
[7.031s] -- Up-to-date: /home/u20/ros2_ws/install/communication_interfaces_topic/include/communication_interfaces_topic/msg/detail
[7.031s] -- Installing: /home/u20/ros2_ws/install/communication_interfaces_topic/include/communication_interfaces_topic/msg/detail/depth__type_support.c
[7.031s] -- Installing: /home/u20/ros2_ws/install/communication_interfaces_topic/include/communication_interfaces_topic/msg/detail/depth__rosidl_typesupport_introspection_c.h
[7.031s] -- Installing: /home/u20/ros2_ws/install/communication_interfaces_topic/include/communication_interfaces_topic/msg/detail/pose__type_support.c
[7.032s] -- Installing: /home/u20/ros2_ws/install/communication_interfaces_topic/include/communication_interfaces_topic/msg/detail/pose__rosidl_typesupport_introspection_c.h
[7.032s] -- Installing: /home/u20/ros2_ws/install/communication_interfaces_topic/include/communication_interfaces_topic/msg/detail/thrust__rosidl_typesupport_introspection_c.h
[7.032s] -- Installing: /home/u20/ros2_ws/install/communication_interfaces_topic/include/communication_interfaces_topic/msg/detail/altitude__rosidl_typesupport_introspection_c.h
[7.032s] -- Installing: /home/u20/ros2_ws/install/communication_interfaces_topic/include/communication_interfaces_topic/msg/detail/altitude__type_support.c
[7.032s] -- Installing: /home/u20/ros2_ws/install/communication_interfaces_topic/include/communication_interfaces_topic/msg/detail/dvl__rosidl_typesupport_introspection_c.h
[7.032s] -- Installing: /home/u20/ros2_ws/install/communication_interfaces_topic/include/communication_interfaces_topic/msg/detail/thrust__type_support.c
[7.032s] -- Installing: /home/u20/ros2_ws/install/communication_interfaces_topic/include/communication_interfaces_topic/msg/detail/dvl__type_support.c
[7.032s] -- Installing: /home/u20/ros2_ws/install/communication_interfaces_topic/include/communication_interfaces_topic/msg/detail/ahrs__rosidl_typesupport_introspection_c.h
[7.033s] -- Installing: /home/u20/ros2_ws/install/communication_interfaces_topic/include/communication_interfaces_topic/msg/detail/ahrs__type_support.c
[7.033s] -- Installing: /home/u20/ros2_ws/install/communication_interfaces_topic/lib/libcommunication_interfaces_topic__rosidl_typesupport_introspection_c.so
[7.033s] -- Set runtime path of "/home/u20/ros2_ws/install/communication_interfaces_topic/lib/libcommunication_interfaces_topic__rosidl_typesupport_introspection_c.so" to ""
[7.033s] -- Installing: /home/u20/ros2_ws/install/communication_interfaces_topic/lib/libcommunication_interfaces_topic__rosidl_typesupport_c.so
[7.033s] -- Set runtime path of "/home/u20/ros2_ws/install/communication_interfaces_topic/lib/libcommunication_interfaces_topic__rosidl_typesupport_c.so" to ""
[7.033s] -- Up-to-date: /home/u20/ros2_ws/install/communication_interfaces_topic/include/communication_interfaces_topic
[7.033s] -- Up-to-date: /home/u20/ros2_ws/install/communication_interfaces_topic/include/communication_interfaces_topic/srv
[7.033s] -- Installing: /home/u20/ros2_ws/install/communication_interfaces_topic/include/communication_interfaces_topic/srv/get_ahrs.hpp
[7.033s] -- Up-to-date: /home/u20/ros2_ws/install/communication_interfaces_topic/include/communication_interfaces_topic/srv/detail
[7.034s] -- Installing: /home/u20/ros2_ws/install/communication_interfaces_topic/include/communication_interfaces_topic/srv/detail/get_ahrs__struct.hpp
[7.034s] -- Installing: /home/u20/ros2_ws/install/communication_interfaces_topic/include/communication_interfaces_topic/srv/detail/get_ahrs__type_support.hpp
[7.034s] -- Installing: /home/u20/ros2_ws/install/communication_interfaces_topic/include/communication_interfaces_topic/srv/detail/get_ahrs__builder.hpp
[7.034s] -- Installing: /home/u20/ros2_ws/install/communication_interfaces_topic/include/communication_interfaces_topic/srv/detail/get_ahrs__traits.hpp
[7.034s] -- Up-to-date: /home/u20/ros2_ws/install/communication_interfaces_topic/include/communication_interfaces_topic/msg
[7.034s] -- Installing: /home/u20/ros2_ws/install/communication_interfaces_topic/include/communication_interfaces_topic/msg/depth.hpp
[7.034s] -- Installing: /home/u20/ros2_ws/install/communication_interfaces_topic/include/communication_interfaces_topic/msg/dvl.hpp
[7.034s] -- Installing: /home/u20/ros2_ws/install/communication_interfaces_topic/include/communication_interfaces_topic/msg/pose.hpp
[7.034s] -- Up-to-date: /home/u20/ros2_ws/install/communication_interfaces_topic/include/communication_interfaces_topic/msg/detail
[7.035s] -- Installing: /home/u20/ros2_ws/install/communication_interfaces_topic/include/communication_interfaces_topic/msg/detail/depth__traits.hpp
[7.035s] -- Installing: /home/u20/ros2_ws/install/communication_interfaces_topic/include/communication_interfaces_topic/msg/detail/thrust__traits.hpp
[7.035s] -- Installing: /home/u20/ros2_ws/install/communication_interfaces_topic/include/communication_interfaces_topic/msg/detail/depth__struct.hpp
[7.035s] -- Installing: /home/u20/ros2_ws/install/communication_interfaces_topic/include/communication_interfaces_topic/msg/detail/altitude__type_support.hpp
[7.035s] -- Installing: /home/u20/ros2_ws/install/communication_interfaces_topic/include/communication_interfaces_topic/msg/detail/pose__traits.hpp
[7.035s] -- Installing: /home/u20/ros2_ws/install/communication_interfaces_topic/include/communication_interfaces_topic/msg/detail/dvl__struct.hpp
[7.035s] -- Installing: /home/u20/ros2_ws/install/communication_interfaces_topic/include/communication_interfaces_topic/msg/detail/dvl__builder.hpp
[7.035s] -- Installing: /home/u20/ros2_ws/install/communication_interfaces_topic/include/communication_interfaces_topic/msg/detail/thrust__struct.hpp
[7.036s] -- Installing: /home/u20/ros2_ws/install/communication_interfaces_topic/include/communication_interfaces_topic/msg/detail/pose__struct.hpp
[7.036s] -- Installing: /home/u20/ros2_ws/install/communication_interfaces_topic/include/communication_interfaces_topic/msg/detail/ahrs__struct.hpp
[7.036s] -- Installing: /home/u20/ros2_ws/install/communication_interfaces_topic/include/communication_interfaces_topic/msg/detail/thrust__builder.hpp
[7.036s] -- Installing: /home/u20/ros2_ws/install/communication_interfaces_topic/include/communication_interfaces_topic/msg/detail/ahrs__type_support.hpp
[7.036s] -- Installing: /home/u20/ros2_ws/install/communication_interfaces_topic/include/communication_interfaces_topic/msg/detail/depth__builder.hpp
[7.036s] -- Installing: /home/u20/ros2_ws/install/communication_interfaces_topic/include/communication_interfaces_topic/msg/detail/altitude__builder.hpp
[7.036s] -- Installing: /home/u20/ros2_ws/install/communication_interfaces_topic/include/communication_interfaces_topic/msg/detail/ahrs__traits.hpp
[7.036s] -- Installing: /home/u20/ros2_ws/install/communication_interfaces_topic/include/communication_interfaces_topic/msg/detail/pose__type_support.hpp
[7.037s] -- Installing: /home/u20/ros2_ws/install/communication_interfaces_topic/include/communication_interfaces_topic/msg/detail/depth__type_support.hpp
[7.037s] -- Installing: /home/u20/ros2_ws/install/communication_interfaces_topic/include/communication_interfaces_topic/msg/detail/thrust__type_support.hpp
[7.037s] -- Installing: /home/u20/ros2_ws/install/communication_interfaces_topic/include/communication_interfaces_topic/msg/detail/altitude__traits.hpp
[7.037s] -- Installing: /home/u20/ros2_ws/install/communication_interfaces_topic/include/communication_interfaces_topic/msg/detail/dvl__type_support.hpp
[7.037s] -- Installing: /home/u20/ros2_ws/install/communication_interfaces_topic/include/communication_interfaces_topic/msg/detail/ahrs__builder.hpp
[7.037s] -- Installing: /home/u20/ros2_ws/install/communication_interfaces_topic/include/communication_interfaces_topic/msg/detail/pose__builder.hpp
[7.037s] -- Installing: /home/u20/ros2_ws/install/communication_interfaces_topic/include/communication_interfaces_topic/msg/detail/dvl__traits.hpp
[7.037s] -- Installing: /home/u20/ros2_ws/install/communication_interfaces_topic/include/communication_interfaces_topic/msg/detail/altitude__struct.hpp
[7.037s] -- Installing: /home/u20/ros2_ws/install/communication_interfaces_topic/include/communication_interfaces_topic/msg/thrust.hpp
[7.037s] -- Installing: /home/u20/ros2_ws/install/communication_interfaces_topic/include/communication_interfaces_topic/msg/rosidl_generator_cpp__visibility_control.hpp
[7.038s] -- Installing: /home/u20/ros2_ws/install/communication_interfaces_topic/include/communication_interfaces_topic/msg/ahrs.hpp
[7.038s] -- Installing: /home/u20/ros2_ws/install/communication_interfaces_topic/include/communication_interfaces_topic/msg/altitude.hpp
[7.038s] -- Up-to-date: /home/u20/ros2_ws/install/communication_interfaces_topic/include/communication_interfaces_topic
[7.038s] -- Up-to-date: /home/u20/ros2_ws/install/communication_interfaces_topic/include/communication_interfaces_topic/srv
[7.038s] -- Up-to-date: /home/u20/ros2_ws/install/communication_interfaces_topic/include/communication_interfaces_topic/srv/detail
[7.038s] -- Installing: /home/u20/ros2_ws/install/communication_interfaces_topic/include/communication_interfaces_topic/srv/detail/get_ahrs__type_support.cpp
[7.038s] -- Installing: /home/u20/ros2_ws/install/communication_interfaces_topic/include/communication_interfaces_topic/srv/detail/get_ahrs__rosidl_typesupport_introspection_cpp.hpp
[7.038s] -- Up-to-date: /home/u20/ros2_ws/install/communication_interfaces_topic/include/communication_interfaces_topic/msg
[7.038s] -- Up-to-date: /home/u20/ros2_ws/install/communication_interfaces_topic/include/communication_interfaces_topic/msg/detail
[7.039s] -- Installing: /home/u20/ros2_ws/install/communication_interfaces_topic/include/communication_interfaces_topic/msg/detail/ahrs__type_support.cpp
[7.039s] -- Installing: /home/u20/ros2_ws/install/communication_interfaces_topic/include/communication_interfaces_topic/msg/detail/altitude__rosidl_typesupport_introspection_cpp.hpp
[7.039s] -- Installing: /home/u20/ros2_ws/install/communication_interfaces_topic/include/communication_interfaces_topic/msg/detail/depth__rosidl_typesupport_introspection_cpp.hpp
[7.039s] -- Installing: /home/u20/ros2_ws/install/communication_interfaces_topic/include/communication_interfaces_topic/msg/detail/dvl__type_support.cpp
[7.039s] -- Installing: /home/u20/ros2_ws/install/communication_interfaces_topic/include/communication_interfaces_topic/msg/detail/dvl__rosidl_typesupport_introspection_cpp.hpp
[7.039s] -- Installing: /home/u20/ros2_ws/install/communication_interfaces_topic/include/communication_interfaces_topic/msg/detail/thrust__type_support.cpp
[7.039s] -- Installing: /home/u20/ros2_ws/install/communication_interfaces_topic/include/communication_interfaces_topic/msg/detail/pose__rosidl_typesupport_introspection_cpp.hpp
[7.039s] -- Installing: /home/u20/ros2_ws/install/communication_interfaces_topic/include/communication_interfaces_topic/msg/detail/thrust__rosidl_typesupport_introspection_cpp.hpp
[7.039s] -- Installing: /home/u20/ros2_ws/install/communication_interfaces_topic/include/communication_interfaces_topic/msg/detail/altitude__type_support.cpp
[7.039s] -- Installing: /home/u20/ros2_ws/install/communication_interfaces_topic/include/communication_interfaces_topic/msg/detail/depth__type_support.cpp
[7.040s] -- Installing: /home/u20/ros2_ws/install/communication_interfaces_topic/include/communication_interfaces_topic/msg/detail/pose__type_support.cpp
[7.040s] -- Installing: /home/u20/ros2_ws/install/communication_interfaces_topic/include/communication_interfaces_topic/msg/detail/ahrs__rosidl_typesupport_introspection_cpp.hpp
[7.040s] -- Installing: /home/u20/ros2_ws/install/communication_interfaces_topic/lib/libcommunication_interfaces_topic__rosidl_typesupport_introspection_cpp.so
[7.040s] -- Set runtime path of "/home/u20/ros2_ws/install/communication_interfaces_topic/lib/libcommunication_interfaces_topic__rosidl_typesupport_introspection_cpp.so" to ""
[7.040s] -- Installing: /home/u20/ros2_ws/install/communication_interfaces_topic/lib/libcommunication_interfaces_topic__rosidl_typesupport_cpp.so
[7.040s] -- Set runtime path of "/home/u20/ros2_ws/install/communication_interfaces_topic/lib/libcommunication_interfaces_topic__rosidl_typesupport_cpp.so" to ""
[7.040s] -- Installing: /home/u20/ros2_ws/install/communication_interfaces_topic/share/communication_interfaces_topic/environment/pythonpath.sh
[7.040s] -- Installing: /home/u20/ros2_ws/install/communication_interfaces_topic/share/communication_interfaces_topic/environment/pythonpath.dsv
[7.040s] -- Installing: /home/u20/ros2_ws/install/communication_interfaces_topic/lib/python3.8/site-packages/communication_interfaces_topic/__init__.py
[7.066s] Compiling '/home/u20/ros2_ws/install/communication_interfaces_topic/lib/python3.8/site-packages/communication_interfaces_topic/__init__.py'...
[7.069s] -- Installing: /home/u20/ros2_ws/install/communication_interfaces_topic/lib/python3.8/site-packages/communication_interfaces_topic/msg
[7.069s] -- Installing: /home/u20/ros2_ws/install/communication_interfaces_topic/lib/python3.8/site-packages/communication_interfaces_topic/msg/_thrust_s.c
[7.069s] -- Installing: /home/u20/ros2_ws/install/communication_interfaces_topic/lib/python3.8/site-packages/communication_interfaces_topic/msg/_depth_s.c
[7.069s] -- Installing: /home/u20/ros2_ws/install/communication_interfaces_topic/lib/python3.8/site-packages/communication_interfaces_topic/msg/_pose.py
[7.069s] -- Installing: /home/u20/ros2_ws/install/communication_interfaces_topic/lib/python3.8/site-packages/communication_interfaces_topic/msg/_altitude.py
[7.070s] -- Installing: /home/u20/ros2_ws/install/communication_interfaces_topic/lib/python3.8/site-packages/communication_interfaces_topic/msg/_pose_s.c
[7.070s] -- Installing: /home/u20/ros2_ws/install/communication_interfaces_topic/lib/python3.8/site-packages/communication_interfaces_topic/msg/_ahrs.py
[7.070s] -- Installing: /home/u20/ros2_ws/install/communication_interfaces_topic/lib/python3.8/site-packages/communication_interfaces_topic/msg/_dvl.py
[7.070s] -- Installing: /home/u20/ros2_ws/install/communication_interfaces_topic/lib/python3.8/site-packages/communication_interfaces_topic/msg/_altitude_s.c
[7.070s] -- Installing: /home/u20/ros2_ws/install/communication_interfaces_topic/lib/python3.8/site-packages/communication_interfaces_topic/msg/_ahrs_s.c
[7.070s] -- Installing: /home/u20/ros2_ws/install/communication_interfaces_topic/lib/python3.8/site-packages/communication_interfaces_topic/msg/_thrust.py
[7.070s] -- Installing: /home/u20/ros2_ws/install/communication_interfaces_topic/lib/python3.8/site-packages/communication_interfaces_topic/msg/_dvl_s.c
[7.070s] -- Installing: /home/u20/ros2_ws/install/communication_interfaces_topic/lib/python3.8/site-packages/communication_interfaces_topic/msg/_depth.py
[7.070s] -- Installing: /home/u20/ros2_ws/install/communication_interfaces_topic/lib/python3.8/site-packages/communication_interfaces_topic/msg/__init__.py
[7.071s] -- Installing: /home/u20/ros2_ws/install/communication_interfaces_topic/lib/python3.8/site-packages/communication_interfaces_topic/srv
[7.071s] -- Installing: /home/u20/ros2_ws/install/communication_interfaces_topic/lib/python3.8/site-packages/communication_interfaces_topic/srv/_get_ahrs.py
[7.071s] -- Installing: /home/u20/ros2_ws/install/communication_interfaces_topic/lib/python3.8/site-packages/communication_interfaces_topic/srv/_get_ahrs_s.c
[7.071s] -- Installing: /home/u20/ros2_ws/install/communication_interfaces_topic/lib/python3.8/site-packages/communication_interfaces_topic/srv/__init__.py
[7.071s] -- Installing: /home/u20/ros2_ws/install/communication_interfaces_topic/lib/python3.8/site-packages/communication_interfaces_topic/communication_interfaces_topic_s__rosidl_typesupport_fastrtps_c.cpython-38-x86_64-linux-gnu.so
[7.071s] -- Set runtime path of "/home/u20/ros2_ws/install/communication_interfaces_topic/lib/python3.8/site-packages/communication_interfaces_topic/communication_interfaces_topic_s__rosidl_typesupport_fastrtps_c.cpython-38-x86_64-linux-gnu.so" to ""
[7.072s] -- Installing: /home/u20/ros2_ws/install/communication_interfaces_topic/lib/python3.8/site-packages/communication_interfaces_topic/communication_interfaces_topic_s__rosidl_typesupport_introspection_c.cpython-38-x86_64-linux-gnu.so
[7.072s] -- Set runtime path of "/home/u20/ros2_ws/install/communication_interfaces_topic/lib/python3.8/site-packages/communication_interfaces_topic/communication_interfaces_topic_s__rosidl_typesupport_introspection_c.cpython-38-x86_64-linux-gnu.so" to ""
[7.073s] -- Installing: /home/u20/ros2_ws/install/communication_interfaces_topic/lib/python3.8/site-packages/communication_interfaces_topic/communication_interfaces_topic_s__rosidl_typesupport_c.cpython-38-x86_64-linux-gnu.so
[7.073s] -- Set runtime path of "/home/u20/ros2_ws/install/communication_interfaces_topic/lib/python3.8/site-packages/communication_interfaces_topic/communication_interfaces_topic_s__rosidl_typesupport_c.cpython-38-x86_64-linux-gnu.so" to ""
[7.073s] -- Installing: /home/u20/ros2_ws/install/communication_interfaces_topic/lib/libcommunication_interfaces_topic__python.so
[7.074s] -- Set runtime path of "/home/u20/ros2_ws/install/communication_interfaces_topic/lib/libcommunication_interfaces_topic__python.so" to ""
[7.074s] -- Installing: /home/u20/ros2_ws/install/communication_interfaces_topic/share/communication_interfaces_topic/msg/AHRS.idl
[7.074s] -- Installing: /home/u20/ros2_ws/install/communication_interfaces_topic/share/communication_interfaces_topic/msg/Altitude.idl
[7.074s] -- Installing: /home/u20/ros2_ws/install/communication_interfaces_topic/share/communication_interfaces_topic/msg/Depth.idl
[7.074s] -- Installing: /home/u20/ros2_ws/install/communication_interfaces_topic/share/communication_interfaces_topic/msg/DVL.idl
[7.074s] -- Installing: /home/u20/ros2_ws/install/communication_interfaces_topic/share/communication_interfaces_topic/msg/Pose.idl
[7.075s] -- Installing: /home/u20/ros2_ws/install/communication_interfaces_topic/share/communication_interfaces_topic/msg/Thrust.idl
[7.075s] -- Installing: /home/u20/ros2_ws/install/communication_interfaces_topic/share/communication_interfaces_topic/srv/GetAHRS.idl
[7.075s] -- Installing: /home/u20/ros2_ws/install/communication_interfaces_topic/share/communication_interfaces_topic/msg/AHRS.msg
[7.075s] -- Installing: /home/u20/ros2_ws/install/communication_interfaces_topic/share/communication_interfaces_topic/msg/Altitude.msg
[7.075s] -- Installing: /home/u20/ros2_ws/install/communication_interfaces_topic/share/communication_interfaces_topic/msg/Depth.msg
[7.075s] -- Installing: /home/u20/ros2_ws/install/communication_interfaces_topic/share/communication_interfaces_topic/msg/DVL.msg
[7.075s] -- Installing: /home/u20/ros2_ws/install/communication_interfaces_topic/share/communication_interfaces_topic/msg/Pose.msg
[7.076s] -- Installing: /home/u20/ros2_ws/install/communication_interfaces_topic/share/communication_interfaces_topic/msg/Thrust.msg
[7.076s] -- Installing: /home/u20/ros2_ws/install/communication_interfaces_topic/share/communication_interfaces_topic/srv/GetAHRS.srv
[7.076s] -- Installing: /home/u20/ros2_ws/install/communication_interfaces_topic/share/communication_interfaces_topic/srv/GetAHRS_Request.msg
[7.076s] -- Installing: /home/u20/ros2_ws/install/communication_interfaces_topic/share/communication_interfaces_topic/srv/GetAHRS_Response.msg
[7.076s] -- Installing: /home/u20/ros2_ws/install/communication_interfaces_topic/share/ament_index/resource_index/package_run_dependencies/communication_interfaces_topic
[7.076s] -- Installing: /home/u20/ros2_ws/install/communication_interfaces_topic/share/ament_index/resource_index/parent_prefix_path/communication_interfaces_topic
[7.076s] -- Installing: /home/u20/ros2_ws/install/communication_interfaces_topic/share/communication_interfaces_topic/environment/ament_prefix_path.sh
[7.077s] -- Installing: /home/u20/ros2_ws/install/communication_interfaces_topic/share/communication_interfaces_topic/environment/ament_prefix_path.dsv
[7.077s] -- Installing: /home/u20/ros2_ws/install/communication_interfaces_topic/share/communication_interfaces_topic/environment/path.sh
[7.077s] -- Installing: /home/u20/ros2_ws/install/communication_interfaces_topic/share/communication_interfaces_topic/environment/path.dsv
[7.077s] -- Installing: /home/u20/ros2_ws/install/communication_interfaces_topic/share/communication_interfaces_topic/local_setup.bash
[7.077s] -- Installing: /home/u20/ros2_ws/install/communication_interfaces_topic/share/communication_interfaces_topic/local_setup.sh
[7.077s] -- Installing: /home/u20/ros2_ws/install/communication_interfaces_topic/share/communication_interfaces_topic/local_setup.zsh
[7.077s] -- Installing: /home/u20/ros2_ws/install/communication_interfaces_topic/share/communication_interfaces_topic/local_setup.dsv
[7.077s] -- Installing: /home/u20/ros2_ws/install/communication_interfaces_topic/share/communication_interfaces_topic/package.dsv
[7.078s] -- Installing: /home/u20/ros2_ws/install/communication_interfaces_topic/share/ament_index/resource_index/packages/communication_interfaces_topic
[7.078s] -- Installing: /home/u20/ros2_ws/install/communication_interfaces_topic/share/communication_interfaces_topic/cmake/communication_interfaces_topic__rosidl_generator_cExport.cmake
[7.078s] -- Installing: /home/u20/ros2_ws/install/communication_interfaces_topic/share/communication_interfaces_topic/cmake/communication_interfaces_topic__rosidl_generator_cExport-noconfig.cmake
[7.078s] -- Installing: /home/u20/ros2_ws/install/communication_interfaces_topic/share/communication_interfaces_topic/cmake/communication_interfaces_topic__rosidl_typesupport_introspection_cExport.cmake
[7.078s] -- Installing: /home/u20/ros2_ws/install/communication_interfaces_topic/share/communication_interfaces_topic/cmake/communication_interfaces_topic__rosidl_typesupport_introspection_cExport-noconfig.cmake
[7.079s] -- Installing: /home/u20/ros2_ws/install/communication_interfaces_topic/share/communication_interfaces_topic/cmake/communication_interfaces_topic__rosidl_typesupport_cExport.cmake
[7.079s] -- Installing: /home/u20/ros2_ws/install/communication_interfaces_topic/share/communication_interfaces_topic/cmake/communication_interfaces_topic__rosidl_typesupport_cExport-noconfig.cmake
[7.079s] -- Installing: /home/u20/ros2_ws/install/communication_interfaces_topic/share/communication_interfaces_topic/cmake/communication_interfaces_topic__rosidl_generator_cppExport.cmake
[7.079s] -- Installing: /home/u20/ros2_ws/install/communication_interfaces_topic/share/communication_interfaces_topic/cmake/communication_interfaces_topic__rosidl_typesupport_introspection_cppExport.cmake
[7.079s] -- Installing: /home/u20/ros2_ws/install/communication_interfaces_topic/share/communication_interfaces_topic/cmake/communication_interfaces_topic__rosidl_typesupport_introspection_cppExport-noconfig.cmake
[7.080s] -- Installing: /home/u20/ros2_ws/install/communication_interfaces_topic/share/communication_interfaces_topic/cmake/communication_interfaces_topic__rosidl_typesupport_cppExport.cmake
[7.080s] -- Installing: /home/u20/ros2_ws/install/communication_interfaces_topic/share/communication_interfaces_topic/cmake/communication_interfaces_topic__rosidl_typesupport_cppExport-noconfig.cmake
[7.080s] -- Installing: /home/u20/ros2_ws/install/communication_interfaces_topic/share/communication_interfaces_topic/cmake/rosidl_cmake-extras.cmake
[7.080s] -- Installing: /home/u20/ros2_ws/install/communication_interfaces_topic/share/communication_interfaces_topic/cmake/ament_cmake_export_dependencies-extras.cmake
[7.080s] -- Installing: /home/u20/ros2_ws/install/communication_interfaces_topic/share/communication_interfaces_topic/cmake/ament_cmake_export_libraries-extras.cmake
[7.080s] -- Installing: /home/u20/ros2_ws/install/communication_interfaces_topic/share/communication_interfaces_topic/cmake/ament_cmake_export_targets-extras.cmake
[7.080s] -- Installing: /home/u20/ros2_ws/install/communication_interfaces_topic/share/communication_interfaces_topic/cmake/ament_cmake_export_include_directories-extras.cmake
[7.081s] -- Installing: /home/u20/ros2_ws/install/communication_interfaces_topic/share/communication_interfaces_topic/cmake/rosidl_cmake_export_typesupport_libraries-extras.cmake
[7.081s] -- Installing: /home/u20/ros2_ws/install/communication_interfaces_topic/share/communication_interfaces_topic/cmake/rosidl_cmake_export_typesupport_targets-extras.cmake
[7.081s] -- Installing: /home/u20/ros2_ws/install/communication_interfaces_topic/share/communication_interfaces_topic/cmake/communication_interfaces_topicConfig.cmake
[7.081s] -- Installing: /home/u20/ros2_ws/install/communication_interfaces_topic/share/communication_interfaces_topic/cmake/communication_interfaces_topicConfig-version.cmake
[7.081s] -- Installing: /home/u20/ros2_ws/install/communication_interfaces_topic/share/communication_interfaces_topic/package.xml
[7.084s] Invoked command in '/home/u20/ros2_ws/build/communication_interfaces_topic' returned '0': CMAKE_PREFIX_PATH=${CMAKE_PREFIX_PATH}:/home/u20/ros2_ws/install/communication_topic:/opt/ros/foxy /usr/bin/cmake --install /home/u20/ros2_ws/build/communication_interfaces_topic
