[0.010s] Invoking command in '/home/u20/u20/ros2_topic_ws/build/communication_interfaces': CMAKE_PREFIX_PATH=/opt/ros/foxy /usr/bin/cmake /home/u20/u20/ros2_topic_ws/src/communication_interfaces -DCMAKE_INSTALL_PREFIX=/home/u20/u20/ros2_topic_ws/install/communication_interfaces
[0.065s] -- The C compiler identification is GNU 9.4.0
[0.118s] -- The CXX compiler identification is GNU 9.4.0
[0.122s] -- Check for working C compiler: /usr/bin/cc
[0.187s] -- Check for working C compiler: /usr/bin/cc -- works
[0.187s] -- Detecting C compiler ABI info
[0.255s] -- Detecting C compiler ABI info - done
[0.266s] -- Detecting C compile features
[0.266s] -- Detecting C compile features - done
[0.268s] -- Check for working CXX compiler: /usr/bin/c++
[0.342s] -- Check for working CXX compiler: /usr/bin/c++ -- works
[0.343s] -- Detecting CXX compiler ABI info
[0.415s] -- Detecting CXX compiler ABI info - done
[0.426s] -- Detecting CXX compile features
[0.427s] -- Detecting CXX compile features - done
[0.430s] -- Found ament_cmake: 0.9.12 (/opt/ros/foxy/share/ament_cmake/cmake)
[0.452s] -- Found PythonInterp: /usr/bin/python3 (found suitable version "3.8.10", minimum required is "3") 
[0.452s] -- Using PYTHON_EXECUTABLE: /usr/bin/python3
[0.632s] -- Found std_msgs: 2.0.5 (/opt/ros/foxy/share/std_msgs/cmake)
[0.660s] -- Using all available rosidl_typesupport_c: rosidl_typesupport_fastrtps_c;rosidl_typesupport_introspection_c
[0.667s] -- Found rosidl_adapter: 1.3.1 (/opt/ros/foxy/share/rosidl_adapter/cmake)
[0.746s] -- Found OpenSSL: /usr/lib/x86_64-linux-gnu/libcrypto.so (found version "1.1.1f")  
[0.770s] -- Found FastRTPS: /opt/ros/foxy/include  
[0.844s] -- Using all available rosidl_typesupport_cpp: rosidl_typesupport_fastrtps_cpp;rosidl_typesupport_introspection_cpp
[0.890s] -- Found sensor_msgs: 2.0.5 (/opt/ros/foxy/share/sensor_msgs/cmake)
[1.018s] -- Found rosidl_default_generators: 1.0.1 (/opt/ros/foxy/share/rosidl_default_generators/cmake)
[1.053s] -- Found PythonInterp: /usr/bin/python3 (found version "3.8.10") 
[1.159s] -- Found ament_cmake_ros: 0.9.2 (/opt/ros/foxy/share/ament_cmake_ros/cmake)
[1.255s] -- Using all available rosidl_typesupport_c: rosidl_typesupport_fastrtps_c;rosidl_typesupport_introspection_c
[1.266s] -- Using all available rosidl_typesupport_cpp: rosidl_typesupport_fastrtps_cpp;rosidl_typesupport_introspection_cpp
[1.285s] -- Found PythonInterp: /usr/bin/python3 (found suitable version "3.8.10", minimum required is "3.5") 
[1.287s] -- Found python_cmake_module: 0.8.1 (/opt/ros/foxy/share/python_cmake_module/cmake)
[1.310s] -- Found PythonLibs: /usr/lib/x86_64-linux-gnu/libpython3.8.so (found suitable version "3.8.10", minimum required is "3.5") 
[1.310s] -- Using PYTHON_EXECUTABLE: /usr/bin/python3
[1.310s] -- Using PYTHON_INCLUDE_DIRS: /usr/include/python3.8
[1.310s] -- Using PYTHON_LIBRARIES: /usr/lib/x86_64-linux-gnu/libpython3.8.so
[1.331s] -- Found PythonExtra: .so  
[1.368s] -- Found ament_lint_auto: 0.9.8 (/opt/ros/foxy/share/ament_lint_auto/cmake)
[1.390s] -- Added test 'copyright' to check source files copyright and LICENSE
[1.393s] -- Added test 'lint_cmake' to check CMake code style
[1.394s] -- Added test 'xmllint' to check XML markup files
[1.399s] -- Configuring done
[1.438s] -- Generating done
[1.449s] -- Build files have been written to: /home/u20/u20/ros2_topic_ws/build/communication_interfaces
[1.458s] Invoked command in '/home/u20/u20/ros2_topic_ws/build/communication_interfaces' returned '0': CMAKE_PREFIX_PATH=/opt/ros/foxy /usr/bin/cmake /home/u20/u20/ros2_topic_ws/src/communication_interfaces -DCMAKE_INSTALL_PREFIX=/home/u20/u20/ros2_topic_ws/install/communication_interfaces
[1.459s] Invoking command in '/home/u20/u20/ros2_topic_ws/build/communication_interfaces': CMAKE_PREFIX_PATH=/opt/ros/foxy /usr/bin/cmake --build /home/u20/u20/ros2_topic_ws/build/communication_interfaces -- -j12 -l12
[1.493s] [  3%] [34m[1mGenerating C code for ROS interfaces[0m
[1.493s] [35m[1mScanning dependencies of target communication_interfaces__cpp[0m
[1.502s] [  6%] [34m[1mGenerating C++ code for ROS interfaces[0m
[1.764s] [  6%] Built target communication_interfaces__cpp
[1.768s] [35m[1mScanning dependencies of target communication_interfaces__rosidl_generator_c[0m
[1.773s] [ 16%] [34m[1mGenerating C++ type support for eProsima Fast-RTPS[0m
[1.773s] [ 16%] [34m[1mGenerating C++ introspection for ROS interfaces[0m
[1.773s] [ 16%] [34m[1mGenerating C++ type support dispatch for ROS interfaces[0m
[1.781s] [ 19%] [32mBuilding C object CMakeFiles/communication_interfaces__rosidl_generator_c.dir/rosidl_generator_c/communication_interfaces/msg/detail/system_status__functions.c.o[0m
[1.849s] [ 22%] [32m[1mLinking C shared library libcommunication_interfaces__rosidl_generator_c.so[0m
[1.885s] [ 22%] Built target communication_interfaces__rosidl_generator_c
[1.894s] [ 29%] [34m[1mGenerating C type support dispatch for ROS interfaces[0m
[1.895s] [ 29%] [34m[1mGenerating C introspection for ROS interfaces[0m
[2.046s] [35m[1mScanning dependencies of target communication_interfaces__rosidl_typesupport_cpp[0m
[2.058s] [35m[1mScanning dependencies of target communication_interfaces__rosidl_typesupport_introspection_cpp[0m
[2.058s] [ 32%] [32mBuilding CXX object CMakeFiles/communication_interfaces__rosidl_typesupport_cpp.dir/rosidl_typesupport_cpp/communication_interfaces/msg/system_status__type_support.cpp.o[0m
[2.065s] [35m[1mScanning dependencies of target communication_interfaces__rosidl_typesupport_fastrtps_cpp[0m
[2.069s] [ 35%] [32mBuilding CXX object CMakeFiles/communication_interfaces__rosidl_typesupport_introspection_cpp.dir/rosidl_typesupport_introspection_cpp/communication_interfaces/msg/detail/system_status__type_support.cpp.o[0m
[2.081s] [ 38%] [32mBuilding CXX object CMakeFiles/communication_interfaces__rosidl_typesupport_fastrtps_cpp.dir/rosidl_typesupport_fastrtps_cpp/communication_interfaces/msg/detail/dds_fastrtps/system_status__type_support.cpp.o[0m
[2.154s] [35m[1mScanning dependencies of target communication_interfaces__rosidl_typesupport_c[0m
[2.165s] [ 41%] [32mBuilding CXX object CMakeFiles/communication_interfaces__rosidl_typesupport_c.dir/rosidl_typesupport_c/communication_interfaces/msg/system_status__type_support.cpp.o[0m
[2.172s] [35m[1mScanning dependencies of target communication_interfaces__rosidl_typesupport_introspection_c[0m
[2.185s] [ 45%] [32mBuilding C object CMakeFiles/communication_interfaces__rosidl_typesupport_introspection_c.dir/rosidl_typesupport_introspection_c/communication_interfaces/msg/detail/system_status__type_support.c.o[0m
[2.195s] [ 48%] [32m[1mLinking CXX shared library libcommunication_interfaces__rosidl_typesupport_c.so[0m
[2.224s] [ 51%] [32m[1mLinking C shared library libcommunication_interfaces__rosidl_typesupport_introspection_c.so[0m
[2.247s] [ 51%] Built target communication_interfaces__rosidl_typesupport_c
[2.258s] [ 51%] Built target communication_interfaces__rosidl_typesupport_introspection_c
[2.353s] [ 54%] [32m[1mLinking CXX shared library libcommunication_interfaces__rosidl_typesupport_cpp.so[0m
[2.364s] [ 58%] [32m[1mLinking CXX shared library libcommunication_interfaces__rosidl_typesupport_introspection_cpp.so[0m
[2.391s] [ 58%] Built target communication_interfaces__rosidl_typesupport_cpp
[2.426s] [ 58%] Built target communication_interfaces__rosidl_typesupport_introspection_cpp
[2.478s] [ 61%] [32m[1mLinking CXX shared library libcommunication_interfaces__rosidl_typesupport_fastrtps_cpp.so[0m
[2.561s] [ 61%] Built target communication_interfaces__rosidl_typesupport_fastrtps_cpp
[2.569s] [ 64%] [34m[1mGenerating C type support for eProsima Fast-RTPS[0m
[2.821s] [35m[1mScanning dependencies of target communication_interfaces__rosidl_typesupport_fastrtps_c[0m
[2.835s] [ 67%] [32mBuilding CXX object CMakeFiles/communication_interfaces__rosidl_typesupport_fastrtps_c.dir/rosidl_typesupport_fastrtps_c/communication_interfaces/msg/detail/system_status__type_support_c.cpp.o[0m
[3.144s] [ 70%] [32m[1mLinking CXX shared library libcommunication_interfaces__rosidl_typesupport_fastrtps_c.so[0m
[3.213s] [ 70%] Built target communication_interfaces__rosidl_typesupport_fastrtps_c
[3.226s] [35m[1mScanning dependencies of target communication_interfaces[0m
[3.236s] [ 70%] Built target communication_interfaces
[3.244s] [35m[1mScanning dependencies of target communication_interfaces__py[0m
[3.253s] [ 74%] [34m[1mGenerating Python code for ROS interfaces[0m
[3.762s] [ 74%] Built target communication_interfaces__py
[3.770s] [35m[1mScanning dependencies of target communication_interfaces__python[0m
[3.797s] [ 77%] [32mBuilding C object CMakeFiles/communication_interfaces__python.dir/rosidl_generator_py/communication_interfaces/msg/_system_status_s.c.o[0m
[3.900s] [ 80%] [32m[1mLinking C shared library rosidl_generator_py/communication_interfaces/libcommunication_interfaces__python.so[0m
[3.940s] [ 80%] Built target communication_interfaces__python
[3.950s] [35m[1mScanning dependencies of target communication_interfaces__rosidl_typesupport_c__pyext[0m
[3.950s] [35m[1mScanning dependencies of target communication_interfaces__rosidl_typesupport_introspection_c__pyext[0m
[3.950s] [35m[1mScanning dependencies of target communication_interfaces__rosidl_typesupport_fastrtps_c__pyext[0m
[3.967s] [ 87%] [32mBuilding C object CMakeFiles/communication_interfaces__rosidl_typesupport_c__pyext.dir/rosidl_generator_py/communication_interfaces/_communication_interfaces_s.ep.rosidl_typesupport_c.c.o[0m
[3.967s] [ 87%] [32mBuilding C object CMakeFiles/communication_interfaces__rosidl_typesupport_introspection_c__pyext.dir/rosidl_generator_py/communication_interfaces/_communication_interfaces_s.ep.rosidl_typesupport_introspection_c.c.o[0m
[3.968s] [ 90%] [32mBuilding C object CMakeFiles/communication_interfaces__rosidl_typesupport_fastrtps_c__pyext.dir/rosidl_generator_py/communication_interfaces/_communication_interfaces_s.ep.rosidl_typesupport_fastrtps_c.c.o[0m
[4.043s] [100%] [32m[1mLinking C shared library rosidl_generator_py/communication_interfaces/communication_interfaces_s__rosidl_typesupport_c.cpython-38-x86_64-linux-gnu.so[0m
[4.043s] [100%] [32m[1mLinking C shared library rosidl_generator_py/communication_interfaces/communication_interfaces_s__rosidl_typesupport_introspection_c.cpython-38-x86_64-linux-gnu.so[0m
[4.044s] [100%] [32m[1mLinking CXX shared library rosidl_generator_py/communication_interfaces/communication_interfaces_s__rosidl_typesupport_fastrtps_c.cpython-38-x86_64-linux-gnu.so[0m
[4.079s] [100%] Built target communication_interfaces__rosidl_typesupport_introspection_c__pyext
[4.079s] [100%] Built target communication_interfaces__rosidl_typesupport_c__pyext
[4.106s] [100%] Built target communication_interfaces__rosidl_typesupport_fastrtps_c__pyext
[4.121s] Invoked command in '/home/u20/u20/ros2_topic_ws/build/communication_interfaces' returned '0': CMAKE_PREFIX_PATH=/opt/ros/foxy /usr/bin/cmake --build /home/u20/u20/ros2_topic_ws/build/communication_interfaces -- -j12 -l12
[4.136s] Invoking command in '/home/u20/u20/ros2_topic_ws/build/communication_interfaces': CMAKE_PREFIX_PATH=/opt/ros/foxy /usr/bin/cmake --install /home/u20/u20/ros2_topic_ws/build/communication_interfaces
[4.144s] -- Install configuration: ""
[4.144s] -- Installing: /home/u20/u20/ros2_topic_ws/install/communication_interfaces/share/ament_index/resource_index/rosidl_interfaces/communication_interfaces
[4.144s] -- Installing: /home/u20/u20/ros2_topic_ws/install/communication_interfaces/include/communication_interfaces
[4.144s] -- Installing: /home/u20/u20/ros2_topic_ws/install/communication_interfaces/include/communication_interfaces/msg
[4.145s] -- Installing: /home/u20/u20/ros2_topic_ws/install/communication_interfaces/include/communication_interfaces/msg/detail
[4.145s] -- Installing: /home/u20/u20/ros2_topic_ws/install/communication_interfaces/include/communication_interfaces/msg/detail/system_status__functions.h
[4.145s] -- Installing: /home/u20/u20/ros2_topic_ws/install/communication_interfaces/include/communication_interfaces/msg/detail/system_status__functions.c
[4.145s] -- Installing: /home/u20/u20/ros2_topic_ws/install/communication_interfaces/include/communication_interfaces/msg/detail/system_status__struct.h
[4.145s] -- Installing: /home/u20/u20/ros2_topic_ws/install/communication_interfaces/include/communication_interfaces/msg/detail/system_status__type_support.h
[4.145s] -- Installing: /home/u20/u20/ros2_topic_ws/install/communication_interfaces/include/communication_interfaces/msg/system_status.h
[4.145s] -- Installing: /home/u20/u20/ros2_topic_ws/install/communication_interfaces/include/communication_interfaces/msg/rosidl_generator_c__visibility_control.h
[4.145s] -- Installing: /home/u20/u20/ros2_topic_ws/install/communication_interfaces/share/communication_interfaces/environment/library_path.sh
[4.145s] -- Installing: /home/u20/u20/ros2_topic_ws/install/communication_interfaces/share/communication_interfaces/environment/library_path.dsv
[4.145s] -- Installing: /home/u20/u20/ros2_topic_ws/install/communication_interfaces/lib/libcommunication_interfaces__rosidl_generator_c.so
[4.146s] -- Set runtime path of "/home/u20/u20/ros2_topic_ws/install/communication_interfaces/lib/libcommunication_interfaces__rosidl_generator_c.so" to ""
[4.146s] -- Up-to-date: /home/u20/u20/ros2_topic_ws/install/communication_interfaces/include/communication_interfaces
[4.146s] -- Up-to-date: /home/u20/u20/ros2_topic_ws/install/communication_interfaces/include/communication_interfaces/msg
[4.146s] -- Installing: /home/u20/u20/ros2_topic_ws/install/communication_interfaces/include/communication_interfaces/msg/rosidl_typesupport_fastrtps_c__visibility_control.h
[4.146s] -- Up-to-date: /home/u20/u20/ros2_topic_ws/install/communication_interfaces/include/communication_interfaces/msg/detail
[4.146s] -- Installing: /home/u20/u20/ros2_topic_ws/install/communication_interfaces/include/communication_interfaces/msg/detail/system_status__rosidl_typesupport_fastrtps_c.h
[4.146s] -- Installing: /home/u20/u20/ros2_topic_ws/install/communication_interfaces/lib/libcommunication_interfaces__rosidl_typesupport_fastrtps_c.so
[4.147s] -- Set runtime path of "/home/u20/u20/ros2_topic_ws/install/communication_interfaces/lib/libcommunication_interfaces__rosidl_typesupport_fastrtps_c.so" to ""
[4.147s] -- Up-to-date: /home/u20/u20/ros2_topic_ws/install/communication_interfaces/include/communication_interfaces
[4.147s] -- Up-to-date: /home/u20/u20/ros2_topic_ws/install/communication_interfaces/include/communication_interfaces/msg
[4.147s] -- Up-to-date: /home/u20/u20/ros2_topic_ws/install/communication_interfaces/include/communication_interfaces/msg/detail
[4.147s] -- Installing: /home/u20/u20/ros2_topic_ws/install/communication_interfaces/include/communication_interfaces/msg/detail/system_status__rosidl_typesupport_fastrtps_cpp.hpp
[4.147s] -- Installing: /home/u20/u20/ros2_topic_ws/install/communication_interfaces/include/communication_interfaces/msg/detail/dds_fastrtps
[4.147s] -- Installing: /home/u20/u20/ros2_topic_ws/install/communication_interfaces/include/communication_interfaces/msg/rosidl_typesupport_fastrtps_cpp__visibility_control.h
[4.147s] -- Installing: /home/u20/u20/ros2_topic_ws/install/communication_interfaces/lib/libcommunication_interfaces__rosidl_typesupport_fastrtps_cpp.so
[4.148s] -- Set runtime path of "/home/u20/u20/ros2_topic_ws/install/communication_interfaces/lib/libcommunication_interfaces__rosidl_typesupport_fastrtps_cpp.so" to ""
[4.148s] -- Up-to-date: /home/u20/u20/ros2_topic_ws/install/communication_interfaces/include/communication_interfaces
[4.148s] -- Up-to-date: /home/u20/u20/ros2_topic_ws/install/communication_interfaces/include/communication_interfaces/msg
[4.148s] -- Installing: /home/u20/u20/ros2_topic_ws/install/communication_interfaces/include/communication_interfaces/msg/rosidl_typesupport_introspection_c__visibility_control.h
[4.148s] -- Up-to-date: /home/u20/u20/ros2_topic_ws/install/communication_interfaces/include/communication_interfaces/msg/detail
[4.148s] -- Installing: /home/u20/u20/ros2_topic_ws/install/communication_interfaces/include/communication_interfaces/msg/detail/system_status__type_support.c
[4.148s] -- Installing: /home/u20/u20/ros2_topic_ws/install/communication_interfaces/include/communication_interfaces/msg/detail/system_status__rosidl_typesupport_introspection_c.h
[4.148s] -- Installing: /home/u20/u20/ros2_topic_ws/install/communication_interfaces/lib/libcommunication_interfaces__rosidl_typesupport_introspection_c.so
[4.149s] -- Set runtime path of "/home/u20/u20/ros2_topic_ws/install/communication_interfaces/lib/libcommunication_interfaces__rosidl_typesupport_introspection_c.so" to ""
[4.149s] -- Installing: /home/u20/u20/ros2_topic_ws/install/communication_interfaces/lib/libcommunication_interfaces__rosidl_typesupport_c.so
[4.149s] -- Set runtime path of "/home/u20/u20/ros2_topic_ws/install/communication_interfaces/lib/libcommunication_interfaces__rosidl_typesupport_c.so" to ""
[4.150s] -- Up-to-date: /home/u20/u20/ros2_topic_ws/install/communication_interfaces/include/communication_interfaces
[4.150s] -- Up-to-date: /home/u20/u20/ros2_topic_ws/install/communication_interfaces/include/communication_interfaces/msg
[4.150s] -- Installing: /home/u20/u20/ros2_topic_ws/install/communication_interfaces/include/communication_interfaces/msg/system_status.hpp
[4.150s] -- Up-to-date: /home/u20/u20/ros2_topic_ws/install/communication_interfaces/include/communication_interfaces/msg/detail
[4.150s] -- Installing: /home/u20/u20/ros2_topic_ws/install/communication_interfaces/include/communication_interfaces/msg/detail/system_status__struct.hpp
[4.150s] -- Installing: /home/u20/u20/ros2_topic_ws/install/communication_interfaces/include/communication_interfaces/msg/detail/system_status__traits.hpp
[4.150s] -- Installing: /home/u20/u20/ros2_topic_ws/install/communication_interfaces/include/communication_interfaces/msg/detail/system_status__builder.hpp
[4.151s] -- Installing: /home/u20/u20/ros2_topic_ws/install/communication_interfaces/include/communication_interfaces/msg/detail/system_status__type_support.hpp
[4.151s] -- Installing: /home/u20/u20/ros2_topic_ws/install/communication_interfaces/include/communication_interfaces/msg/rosidl_generator_cpp__visibility_control.hpp
[4.151s] -- Up-to-date: /home/u20/u20/ros2_topic_ws/install/communication_interfaces/include/communication_interfaces
[4.151s] -- Up-to-date: /home/u20/u20/ros2_topic_ws/install/communication_interfaces/include/communication_interfaces/msg
[4.151s] -- Up-to-date: /home/u20/u20/ros2_topic_ws/install/communication_interfaces/include/communication_interfaces/msg/detail
[4.151s] -- Installing: /home/u20/u20/ros2_topic_ws/install/communication_interfaces/include/communication_interfaces/msg/detail/system_status__rosidl_typesupport_introspection_cpp.hpp
[4.151s] -- Installing: /home/u20/u20/ros2_topic_ws/install/communication_interfaces/include/communication_interfaces/msg/detail/system_status__type_support.cpp
[4.151s] -- Installing: /home/u20/u20/ros2_topic_ws/install/communication_interfaces/lib/libcommunication_interfaces__rosidl_typesupport_introspection_cpp.so
[4.151s] -- Set runtime path of "/home/u20/u20/ros2_topic_ws/install/communication_interfaces/lib/libcommunication_interfaces__rosidl_typesupport_introspection_cpp.so" to ""
[4.151s] -- Installing: /home/u20/u20/ros2_topic_ws/install/communication_interfaces/lib/libcommunication_interfaces__rosidl_typesupport_cpp.so
[4.152s] -- Set runtime path of "/home/u20/u20/ros2_topic_ws/install/communication_interfaces/lib/libcommunication_interfaces__rosidl_typesupport_cpp.so" to ""
[4.152s] -- Installing: /home/u20/u20/ros2_topic_ws/install/communication_interfaces/share/communication_interfaces/environment/pythonpath.sh
[4.152s] -- Installing: /home/u20/u20/ros2_topic_ws/install/communication_interfaces/share/communication_interfaces/environment/pythonpath.dsv
[4.152s] -- Installing: /home/u20/u20/ros2_topic_ws/install/communication_interfaces/lib/python3.8/site-packages/communication_interfaces/__init__.py
[4.179s] Compiling '/home/u20/u20/ros2_topic_ws/install/communication_interfaces/lib/python3.8/site-packages/communication_interfaces/__init__.py'...
[4.183s] -- Installing: /home/u20/u20/ros2_topic_ws/install/communication_interfaces/lib/python3.8/site-packages/communication_interfaces/msg
[4.183s] -- Installing: /home/u20/u20/ros2_topic_ws/install/communication_interfaces/lib/python3.8/site-packages/communication_interfaces/msg/_system_status_s.c
[4.183s] -- Installing: /home/u20/u20/ros2_topic_ws/install/communication_interfaces/lib/python3.8/site-packages/communication_interfaces/msg/__init__.py
[4.183s] -- Installing: /home/u20/u20/ros2_topic_ws/install/communication_interfaces/lib/python3.8/site-packages/communication_interfaces/msg/_system_status.py
[4.183s] -- Installing: /home/u20/u20/ros2_topic_ws/install/communication_interfaces/lib/python3.8/site-packages/communication_interfaces/communication_interfaces_s__rosidl_typesupport_fastrtps_c.cpython-38-x86_64-linux-gnu.so
[4.184s] -- Set runtime path of "/home/u20/u20/ros2_topic_ws/install/communication_interfaces/lib/python3.8/site-packages/communication_interfaces/communication_interfaces_s__rosidl_typesupport_fastrtps_c.cpython-38-x86_64-linux-gnu.so" to ""
[4.184s] -- Installing: /home/u20/u20/ros2_topic_ws/install/communication_interfaces/lib/python3.8/site-packages/communication_interfaces/communication_interfaces_s__rosidl_typesupport_introspection_c.cpython-38-x86_64-linux-gnu.so
[4.185s] -- Set runtime path of "/home/u20/u20/ros2_topic_ws/install/communication_interfaces/lib/python3.8/site-packages/communication_interfaces/communication_interfaces_s__rosidl_typesupport_introspection_c.cpython-38-x86_64-linux-gnu.so" to ""
[4.185s] -- Installing: /home/u20/u20/ros2_topic_ws/install/communication_interfaces/lib/python3.8/site-packages/communication_interfaces/communication_interfaces_s__rosidl_typesupport_c.cpython-38-x86_64-linux-gnu.so
[4.185s] -- Set runtime path of "/home/u20/u20/ros2_topic_ws/install/communication_interfaces/lib/python3.8/site-packages/communication_interfaces/communication_interfaces_s__rosidl_typesupport_c.cpython-38-x86_64-linux-gnu.so" to ""
[4.186s] -- Installing: /home/u20/u20/ros2_topic_ws/install/communication_interfaces/lib/libcommunication_interfaces__python.so
[4.186s] -- Set runtime path of "/home/u20/u20/ros2_topic_ws/install/communication_interfaces/lib/libcommunication_interfaces__python.so" to ""
[4.186s] -- Installing: /home/u20/u20/ros2_topic_ws/install/communication_interfaces/share/communication_interfaces/msg/SystemStatus.idl
[4.186s] -- Installing: /home/u20/u20/ros2_topic_ws/install/communication_interfaces/share/communication_interfaces/msg/SystemStatus.msg
[4.186s] -- Installing: /home/u20/u20/ros2_topic_ws/install/communication_interfaces/share/ament_index/resource_index/package_run_dependencies/communication_interfaces
[4.187s] -- Installing: /home/u20/u20/ros2_topic_ws/install/communication_interfaces/share/ament_index/resource_index/parent_prefix_path/communication_interfaces
[4.187s] -- Installing: /home/u20/u20/ros2_topic_ws/install/communication_interfaces/share/communication_interfaces/environment/ament_prefix_path.sh
[4.187s] -- Installing: /home/u20/u20/ros2_topic_ws/install/communication_interfaces/share/communication_interfaces/environment/ament_prefix_path.dsv
[4.187s] -- Installing: /home/u20/u20/ros2_topic_ws/install/communication_interfaces/share/communication_interfaces/environment/path.sh
[4.187s] -- Installing: /home/u20/u20/ros2_topic_ws/install/communication_interfaces/share/communication_interfaces/environment/path.dsv
[4.187s] -- Installing: /home/u20/u20/ros2_topic_ws/install/communication_interfaces/share/communication_interfaces/local_setup.bash
[4.187s] -- Installing: /home/u20/u20/ros2_topic_ws/install/communication_interfaces/share/communication_interfaces/local_setup.sh
[4.187s] -- Installing: /home/u20/u20/ros2_topic_ws/install/communication_interfaces/share/communication_interfaces/local_setup.zsh
[4.188s] -- Installing: /home/u20/u20/ros2_topic_ws/install/communication_interfaces/share/communication_interfaces/local_setup.dsv
[4.188s] -- Installing: /home/u20/u20/ros2_topic_ws/install/communication_interfaces/share/communication_interfaces/package.dsv
[4.188s] -- Installing: /home/u20/u20/ros2_topic_ws/install/communication_interfaces/share/ament_index/resource_index/packages/communication_interfaces
[4.188s] -- Installing: /home/u20/u20/ros2_topic_ws/install/communication_interfaces/share/communication_interfaces/cmake/communication_interfaces__rosidl_generator_cExport.cmake
[4.188s] -- Installing: /home/u20/u20/ros2_topic_ws/install/communication_interfaces/share/communication_interfaces/cmake/communication_interfaces__rosidl_generator_cExport-noconfig.cmake
[4.189s] -- Installing: /home/u20/u20/ros2_topic_ws/install/communication_interfaces/share/communication_interfaces/cmake/communication_interfaces__rosidl_typesupport_introspection_cExport.cmake
[4.189s] -- Installing: /home/u20/u20/ros2_topic_ws/install/communication_interfaces/share/communication_interfaces/cmake/communication_interfaces__rosidl_typesupport_introspection_cExport-noconfig.cmake
[4.189s] -- Installing: /home/u20/u20/ros2_topic_ws/install/communication_interfaces/share/communication_interfaces/cmake/communication_interfaces__rosidl_typesupport_cExport.cmake
[4.189s] -- Installing: /home/u20/u20/ros2_topic_ws/install/communication_interfaces/share/communication_interfaces/cmake/communication_interfaces__rosidl_typesupport_cExport-noconfig.cmake
[4.189s] -- Installing: /home/u20/u20/ros2_topic_ws/install/communication_interfaces/share/communication_interfaces/cmake/communication_interfaces__rosidl_generator_cppExport.cmake
[4.190s] -- Installing: /home/u20/u20/ros2_topic_ws/install/communication_interfaces/share/communication_interfaces/cmake/communication_interfaces__rosidl_typesupport_introspection_cppExport.cmake
[4.190s] -- Installing: /home/u20/u20/ros2_topic_ws/install/communication_interfaces/share/communication_interfaces/cmake/communication_interfaces__rosidl_typesupport_introspection_cppExport-noconfig.cmake
[4.190s] -- Installing: /home/u20/u20/ros2_topic_ws/install/communication_interfaces/share/communication_interfaces/cmake/communication_interfaces__rosidl_typesupport_cppExport.cmake
[4.190s] -- Installing: /home/u20/u20/ros2_topic_ws/install/communication_interfaces/share/communication_interfaces/cmake/communication_interfaces__rosidl_typesupport_cppExport-noconfig.cmake
[4.190s] -- Installing: /home/u20/u20/ros2_topic_ws/install/communication_interfaces/share/communication_interfaces/cmake/rosidl_cmake-extras.cmake
[4.190s] -- Installing: /home/u20/u20/ros2_topic_ws/install/communication_interfaces/share/communication_interfaces/cmake/ament_cmake_export_dependencies-extras.cmake
[4.191s] -- Installing: /home/u20/u20/ros2_topic_ws/install/communication_interfaces/share/communication_interfaces/cmake/ament_cmake_export_libraries-extras.cmake
[4.191s] -- Installing: /home/u20/u20/ros2_topic_ws/install/communication_interfaces/share/communication_interfaces/cmake/ament_cmake_export_targets-extras.cmake
[4.191s] -- Installing: /home/u20/u20/ros2_topic_ws/install/communication_interfaces/share/communication_interfaces/cmake/ament_cmake_export_include_directories-extras.cmake
[4.191s] -- Installing: /home/u20/u20/ros2_topic_ws/install/communication_interfaces/share/communication_interfaces/cmake/rosidl_cmake_export_typesupport_libraries-extras.cmake
[4.191s] -- Installing: /home/u20/u20/ros2_topic_ws/install/communication_interfaces/share/communication_interfaces/cmake/rosidl_cmake_export_typesupport_targets-extras.cmake
[4.191s] -- Installing: /home/u20/u20/ros2_topic_ws/install/communication_interfaces/share/communication_interfaces/cmake/communication_interfacesConfig.cmake
[4.191s] -- Installing: /home/u20/u20/ros2_topic_ws/install/communication_interfaces/share/communication_interfaces/cmake/communication_interfacesConfig-version.cmake
[4.192s] -- Installing: /home/u20/u20/ros2_topic_ws/install/communication_interfaces/share/communication_interfaces/package.xml
[4.195s] Invoked command in '/home/u20/u20/ros2_topic_ws/build/communication_interfaces' returned '0': CMAKE_PREFIX_PATH=/opt/ros/foxy /usr/bin/cmake --install /home/u20/u20/ros2_topic_ws/build/communication_interfaces
