[0.380s] Invoking command in '/home/u20/u20/ros2_topic_ws/build/status_sub': CMAKE_PREFIX_PATH=/home/u20/u20/ros2_topic_ws/install/communication_interfaces:/home/u20/u20/ros2_topic_ws/install/status_sub:/home/u20/u20/ros2_topic_ws/install/pc_status:/opt/ros/foxy PYTHONPATH=/home/u20/u20/ros2_topic_ws/install/communication_interfaces/lib/python3.8/site-packages:/home/u20/u20/ros2_topic_ws/install/pc_status/lib/python3.8/site-packages:/opt/ros/foxy/lib/python3.8/site-packages /usr/bin/cmake --build /home/u20/u20/ros2_topic_ws/build/status_sub -- -j12 -l12
[0.488s] [100%] Built target status_ui
[0.509s] Invoked command in '/home/u20/u20/ros2_topic_ws/build/status_sub' returned '0': CMAKE_PREFIX_PATH=/home/u20/u20/ros2_topic_ws/install/communication_interfaces:/home/u20/u20/ros2_topic_ws/install/status_sub:/home/u20/u20/ros2_topic_ws/install/pc_status:/opt/ros/foxy PYTHONPATH=/home/u20/u20/ros2_topic_ws/install/communication_interfaces/lib/python3.8/site-packages:/home/u20/u20/ros2_topic_ws/install/pc_status/lib/python3.8/site-packages:/opt/ros/foxy/lib/python3.8/site-packages /usr/bin/cmake --build /home/u20/u20/ros2_topic_ws/build/status_sub -- -j12 -l12
[0.517s] Invoking command in '/home/u20/u20/ros2_topic_ws/build/status_sub': CMAKE_PREFIX_PATH=/home/u20/u20/ros2_topic_ws/install/communication_interfaces:/home/u20/u20/ros2_topic_ws/install/status_sub:/home/u20/u20/ros2_topic_ws/install/pc_status:/opt/ros/foxy PYTHONPATH=/home/u20/u20/ros2_topic_ws/install/communication_interfaces/lib/python3.8/site-packages:/home/u20/u20/ros2_topic_ws/install/pc_status/lib/python3.8/site-packages:/opt/ros/foxy/lib/python3.8/site-packages /usr/bin/cmake --install /home/u20/u20/ros2_topic_ws/build/status_sub
[0.532s] -- Install configuration: ""
[0.533s] -- Up-to-date: /home/u20/u20/ros2_topic_ws/install/status_sub/lib/status_sub/status_ui
[0.533s] -- Up-to-date: /home/u20/u20/ros2_topic_ws/install/status_sub/share/ament_index/resource_index/package_run_dependencies/status_sub
[0.533s] -- Up-to-date: /home/u20/u20/ros2_topic_ws/install/status_sub/share/ament_index/resource_index/parent_prefix_path/status_sub
[0.533s] -- Up-to-date: /home/u20/u20/ros2_topic_ws/install/status_sub/share/status_sub/environment/ament_prefix_path.sh
[0.533s] -- Up-to-date: /home/u20/u20/ros2_topic_ws/install/status_sub/share/status_sub/environment/ament_prefix_path.dsv
[0.533s] -- Up-to-date: /home/u20/u20/ros2_topic_ws/install/status_sub/share/status_sub/environment/path.sh
[0.534s] -- Up-to-date: /home/u20/u20/ros2_topic_ws/install/status_sub/share/status_sub/environment/path.dsv
[0.534s] -- Up-to-date: /home/u20/u20/ros2_topic_ws/install/status_sub/share/status_sub/local_setup.bash
[0.534s] -- Up-to-date: /home/u20/u20/ros2_topic_ws/install/status_sub/share/status_sub/local_setup.sh
[0.534s] -- Up-to-date: /home/u20/u20/ros2_topic_ws/install/status_sub/share/status_sub/local_setup.zsh
[0.534s] -- Up-to-date: /home/u20/u20/ros2_topic_ws/install/status_sub/share/status_sub/local_setup.dsv
[0.534s] -- Installing: /home/u20/u20/ros2_topic_ws/install/status_sub/share/status_sub/package.dsv
[0.534s] -- Up-to-date: /home/u20/u20/ros2_topic_ws/install/status_sub/share/ament_index/resource_index/packages/status_sub
[0.534s] -- Up-to-date: /home/u20/u20/ros2_topic_ws/install/status_sub/share/status_sub/cmake/status_subConfig.cmake
[0.535s] -- Up-to-date: /home/u20/u20/ros2_topic_ws/install/status_sub/share/status_sub/cmake/status_subConfig-version.cmake
[0.535s] -- Up-to-date: /home/u20/u20/ros2_topic_ws/install/status_sub/share/status_sub/package.xml
[0.537s] Invoked command in '/home/u20/u20/ros2_topic_ws/build/status_sub' returned '0': CMAKE_PREFIX_PATH=/home/u20/u20/ros2_topic_ws/install/communication_interfaces:/home/u20/u20/ros2_topic_ws/install/status_sub:/home/u20/u20/ros2_topic_ws/install/pc_status:/opt/ros/foxy PYTHONPATH=/home/u20/u20/ros2_topic_ws/install/communication_interfaces/lib/python3.8/site-packages:/home/u20/u20/ros2_topic_ws/install/pc_status/lib/python3.8/site-packages:/opt/ros/foxy/lib/python3.8/site-packages /usr/bin/cmake --install /home/u20/u20/ros2_topic_ws/build/status_sub
