[1.165s] Invoking command in '/home/u20/u20/ros2_topic_ws/src/pc_status': CMAKE_PREFIX_PATH=/home/u20/u20/ros2_topic_ws/install/communication_interfaces:/home/u20/u20/ros2_topic_ws/install/status_sub PYTHONPATH=/home/u20/u20/ros2_topic_ws/build/pc_status/prefix_override:/usr/lib/python3/dist-packages/colcon_core/task/python/colcon_distutils_commands:/home/u20/u20/ros2_topic_ws/install/pc_status/lib/python3.8/site-packages:/home/u20/u20/ros2_topic_ws/install/communication_interfaces/lib/python3.8/site-packages:/home/u20/u20/ros2_topic_ws/install/pc_status/lib/python3.8/site-packages:/opt/ros/foxy/lib/python3.8/site-packages /usr/bin/python3 -W ignore:setup.py install is deprecated -W ignore:easy_install command is deprecated setup.py egg_info --egg-base ../../build/pc_status build --build-base /home/u20/u20/ros2_topic_ws/build/pc_status/build install --record /home/u20/u20/ros2_topic_ws/build/pc_status/install.log --install-scripts $base/lib/pc_status --single-version-externally-managed install_data
[1.438s] running egg_info
[1.439s] writing ../../build/pc_status/pc_status.egg-info/PKG-INFO
[1.439s] writing dependency_links to ../../build/pc_status/pc_status.egg-info/dependency_links.txt
[1.440s] writing entry points to ../../build/pc_status/pc_status.egg-info/entry_points.txt
[1.440s] writing requirements to ../../build/pc_status/pc_status.egg-info/requires.txt
[1.440s] writing top-level names to ../../build/pc_status/pc_status.egg-info/top_level.txt
[1.487s] reading manifest file '../../build/pc_status/pc_status.egg-info/SOURCES.txt'
[1.489s] writing manifest file '../../build/pc_status/pc_status.egg-info/SOURCES.txt'
[1.489s] running build
[1.489s] running build_py
[1.489s] copying pc_status/sys_pub.py -> /home/u20/u20/ros2_topic_ws/build/pc_status/build/lib/pc_status
[1.489s] copying pc_status/__init__.py -> /home/u20/u20/ros2_topic_ws/build/pc_status/build/lib/pc_status
[1.489s] running install
[1.490s] running install_lib
[1.491s] copying /home/u20/u20/ros2_topic_ws/build/pc_status/build/lib/pc_status/sys_pub.py -> /home/u20/u20/ros2_topic_ws/install/pc_status/lib/python3.8/site-packages/pc_status
[1.491s] copying /home/u20/u20/ros2_topic_ws/build/pc_status/build/lib/pc_status/__init__.py -> /home/u20/u20/ros2_topic_ws/install/pc_status/lib/python3.8/site-packages/pc_status
[1.492s] byte-compiling /home/u20/u20/ros2_topic_ws/install/pc_status/lib/python3.8/site-packages/pc_status/sys_pub.py to sys_pub.cpython-38.pyc
[1.495s] byte-compiling /home/u20/u20/ros2_topic_ws/install/pc_status/lib/python3.8/site-packages/pc_status/__init__.py to __init__.cpython-38.pyc
[1.495s] running install_data
[1.496s] copying resource/pc_status -> /home/u20/u20/ros2_topic_ws/install/pc_status/share/ament_index/resource_index/packages
[1.496s] copying package.xml -> /home/u20/u20/ros2_topic_ws/install/pc_status/share/pc_status
[1.496s] running install_egg_info
[1.498s] removing '/home/u20/u20/ros2_topic_ws/install/pc_status/lib/python3.8/site-packages/pc_status-0.0.0-py3.8.egg-info' (and everything under it)
[1.499s] Copying ../../build/pc_status/pc_status.egg-info to /home/u20/u20/ros2_topic_ws/install/pc_status/lib/python3.8/site-packages/pc_status-0.0.0-py3.8.egg-info
[1.500s] running install_scripts
[1.523s] Installing system_status_publisher script to /home/u20/u20/ros2_topic_ws/install/pc_status/lib/pc_status
[1.524s] writing list of installed files to '/home/u20/u20/ros2_topic_ws/build/pc_status/install.log'
[1.592s] Invoked command in '/home/u20/u20/ros2_topic_ws/src/pc_status' returned '0': CMAKE_PREFIX_PATH=/home/u20/u20/ros2_topic_ws/install/communication_interfaces:/home/u20/u20/ros2_topic_ws/install/status_sub PYTHONPATH=/home/u20/u20/ros2_topic_ws/build/pc_status/prefix_override:/usr/lib/python3/dist-packages/colcon_core/task/python/colcon_distutils_commands:/home/u20/u20/ros2_topic_ws/install/pc_status/lib/python3.8/site-packages:/home/u20/u20/ros2_topic_ws/install/communication_interfaces/lib/python3.8/site-packages:/home/u20/u20/ros2_topic_ws/install/pc_status/lib/python3.8/site-packages:/opt/ros/foxy/lib/python3.8/site-packages /usr/bin/python3 -W ignore:setup.py install is deprecated -W ignore:easy_install command is deprecated setup.py egg_info --egg-base ../../build/pc_status build --build-base /home/u20/u20/ros2_topic_ws/build/pc_status/build install --record /home/u20/u20/ros2_topic_ws/build/pc_status/install.log --install-scripts $base/lib/pc_status --single-version-externally-managed install_data
