[35m[1mConsolidate compiler generated dependencies of target ydlidar_client[0m
[35m[1mConsolidate compiler generated dependencies of target ydlidar_node[0m
[ 18%] [32mBuilding CXX object CMakeFiles/ydlidar_node.dir/src/ydlidar_node.cpp.o[0m
[ 18%] [32mBuilding CXX object CMakeFiles/ydlidar_client.dir/src/ydlidar_client.cpp.o[0m
[ 27%] [32mBuilding CXX object CMakeFiles/ydlidar_node.dir/sdk/src/CYdLidar.cpp.o[0m
[ 36%] [32mBuilding CXX object CMakeFiles/ydlidar_node.dir/sdk/src/impl/unix/list_ports_linux.cpp.o[0m
[ 45%] [32mBuilding CXX object CMakeFiles/ydlidar_node.dir/sdk/src/impl/unix/unix_serial.cpp.o[0m
[ 54%] [32mBuilding CXX object CMakeFiles/ydlidar_node.dir/sdk/src/impl/unix/unix_timer.cpp.o[0m
[ 63%] [32mBuilding C object CMakeFiles/ydlidar_node.dir/sdk/src/lock.c.o[0m
[ 72%] [32mBuilding CXX object CMakeFiles/ydlidar_node.dir/sdk/src/serial.cpp.o[0m
[ 81%] [32mBuilding CXX object CMakeFiles/ydlidar_node.dir/sdk/src/ydlidar_driver.cpp.o[0m
[ 90%] [32m[1mLinking CXX executable ydlidar_node[0m
[ 90%] Built target ydlidar_node
[100%] [32m[1mLinking CXX executable ydlidar_client[0m
[100%] Built target ydlidar_client
-- Install configuration: ""
-- Installing: /home/gy/fishbot_ws/src/ydlidar_ros2/install/ydlidar/lib/ydlidar/ydlidar_node
-- Set runtime path of "/home/gy/fishbot_ws/src/ydlidar_ros2/install/ydlidar/lib/ydlidar/ydlidar_node" to ""
-- Installing: /home/gy/fishbot_ws/src/ydlidar_ros2/install/ydlidar/lib/ydlidar/ydlidar_client
-- Set runtime path of "/home/gy/fishbot_ws/src/ydlidar_ros2/install/ydlidar/lib/ydlidar/ydlidar_client" to ""
-- Up-to-date: /home/gy/fishbot_ws/src/ydlidar_ros2/install/ydlidar/share/ydlidar/launch
-- Up-to-date: /home/gy/fishbot_ws/src/ydlidar_ros2/install/ydlidar/share/ydlidar/launch/ydlidar.py
-- Up-to-date: /home/gy/fishbot_ws/src/ydlidar_ros2/install/ydlidar/share/ydlidar/launch/ydlidar_launch.py
-- Up-to-date: /home/gy/fishbot_ws/src/ydlidar_ros2/install/ydlidar/share/ydlidar/params
-- Installing: /home/gy/fishbot_ws/src/ydlidar_ros2/install/ydlidar/share/ydlidar/params/ydlidar.yaml
-- Up-to-date: /home/gy/fishbot_ws/src/ydlidar_ros2/install/ydlidar/share/ydlidar/startup
-- Up-to-date: /home/gy/fishbot_ws/src/ydlidar_ros2/install/ydlidar/share/ydlidar/startup/initenv.sh
-- Up-to-date: /home/gy/fishbot_ws/src/ydlidar_ros2/install/ydlidar/share/ament_index/resource_index/package_run_dependencies/ydlidar
-- Up-to-date: /home/gy/fishbot_ws/src/ydlidar_ros2/install/ydlidar/share/ament_index/resource_index/parent_prefix_path/ydlidar
-- Up-to-date: /home/gy/fishbot_ws/src/ydlidar_ros2/install/ydlidar/share/ydlidar/environment/ament_prefix_path.sh
-- Up-to-date: /home/gy/fishbot_ws/src/ydlidar_ros2/install/ydlidar/share/ydlidar/environment/ament_prefix_path.dsv
-- Up-to-date: /home/gy/fishbot_ws/src/ydlidar_ros2/install/ydlidar/share/ydlidar/environment/path.sh
-- Up-to-date: /home/gy/fishbot_ws/src/ydlidar_ros2/install/ydlidar/share/ydlidar/environment/path.dsv
-- Up-to-date: /home/gy/fishbot_ws/src/ydlidar_ros2/install/ydlidar/share/ydlidar/local_setup.bash
-- Up-to-date: /home/gy/fishbot_ws/src/ydlidar_ros2/install/ydlidar/share/ydlidar/local_setup.sh
-- Up-to-date: /home/gy/fishbot_ws/src/ydlidar_ros2/install/ydlidar/share/ydlidar/local_setup.zsh
-- Up-to-date: /home/gy/fishbot_ws/src/ydlidar_ros2/install/ydlidar/share/ydlidar/local_setup.dsv
-- Installing: /home/gy/fishbot_ws/src/ydlidar_ros2/install/ydlidar/share/ydlidar/package.dsv
-- Up-to-date: /home/gy/fishbot_ws/src/ydlidar_ros2/install/ydlidar/share/ament_index/resource_index/packages/ydlidar
-- Up-to-date: /home/gy/fishbot_ws/src/ydlidar_ros2/install/ydlidar/share/ydlidar/cmake/ydlidarConfig.cmake
-- Up-to-date: /home/gy/fishbot_ws/src/ydlidar_ros2/install/ydlidar/share/ydlidar/cmake/ydlidarConfig-version.cmake
-- Up-to-date: /home/gy/fishbot_ws/src/ydlidar_ros2/install/ydlidar/share/ydlidar/package.xml
