-- The C compiler identification is GNU 9.4.0
-- The CXX compiler identification is GNU 9.4.0
-- Check for working C compiler: /usr/bin/cc
-- Check for working C compiler: /usr/bin/cc -- works
-- Detecting C compiler ABI info
-- Detecting C compiler ABI info - done
-- Detecting C compile features
-- Detecting C compile features - done
-- Check for working CXX compiler: /usr/bin/c++
-- Check for working CXX compiler: /usr/bin/c++ -- works
-- Detecting CXX compiler ABI info
-- Detecting CXX compiler ABI info - done
-- Detecting CXX compile features
-- Detecting CXX compile features - done
-- Found ament_cmake: 0.9.12 (/opt/ros/foxy/share/ament_cmake/cmake)
-- Found PythonInterp: /usr/bin/python3 (found suitable version "3.8.10", minimum required is "3") 
-- Using PYTHON_EXECUTABLE: /usr/bin/python3
-- Found std_msgs: 2.0.5 (/opt/ros/foxy/share/std_msgs/cmake)
-- Using all available rosidl_typesupport_c: rosidl_typesupport_fastrtps_c;rosidl_typesupport_introspection_c
-- Found rosidl_adapter: 1.3.1 (/opt/ros/foxy/share/rosidl_adapter/cmake)
-- Found OpenSSL: /usr/lib/x86_64-linux-gnu/libcrypto.so (found version "1.1.1f")  
-- Found FastRTPS: /opt/ros/foxy/include  
-- Using all available rosidl_typesupport_cpp: rosidl_typesupport_fastrtps_cpp;rosidl_typesupport_introspection_cpp
-- Found sensor_msgs: 2.0.5 (/opt/ros/foxy/share/sensor_msgs/cmake)
-- Found rosidl_default_generators: 1.0.1 (/opt/ros/foxy/share/rosidl_default_generators/cmake)
-- Found communication_interfaces: 0.0.0 (/home/u20/rov-ros-2/ROS2_Coming/ros2_ws/install/communication_interfaces/share/communication_interfaces/cmake)
-- Found PythonInterp: /usr/bin/python3 (found version "3.8.10") 
-- Found ament_cmake_ros: 0.9.2 (/opt/ros/foxy/share/ament_cmake_ros/cmake)
-- Using all available rosidl_typesupport_c: rosidl_typesupport_fastrtps_c;rosidl_typesupport_introspection_c
-- Using all available rosidl_typesupport_cpp: rosidl_typesupport_fastrtps_cpp;rosidl_typesupport_introspection_cpp
-- Found PythonInterp: /usr/bin/python3 (found suitable version "3.8.10", minimum required is "3.5") 
-- Found python_cmake_module: 0.8.1 (/opt/ros/foxy/share/python_cmake_module/cmake)
-- Found PythonLibs: /usr/lib/x86_64-linux-gnu/libpython3.8.so (found suitable version "3.8.10", minimum required is "3.5") 
-- Using PYTHON_EXECUTABLE: /usr/bin/python3
-- Using PYTHON_INCLUDE_DIRS: /usr/include/python3.8
-- Using PYTHON_LIBRARIES: /usr/lib/x86_64-linux-gnu/libpython3.8.so
-- Found PythonExtra: .so  
-- Found ament_lint_auto: 0.9.8 (/opt/ros/foxy/share/ament_lint_auto/cmake)
-- Added test 'copyright' to check source files copyright and LICENSE
-- Added test 'lint_cmake' to check CMake code style
-- Added test 'xmllint' to check XML markup files
-- Configuring done
-- Generating done
-- Build files have been written to: /home/u20/rov-ros-2/ROS2_Coming/ros2_ws/build/usm_interface
[  1%] [34m[1mGenerating C code for ROS interfaces[0m
[35m[1mScanning dependencies of target usm_interface__cpp[0m
[  3%] [34m[1mGenerating C++ code for ROS interfaces[0m
[  3%] Built target usm_interface__cpp
[35m[1mScanning dependencies of target usm_interface__rosidl_generator_c[0m
[  7%] [34m[1mGenerating C++ type support dispatch for ROS interfaces[0m
[  7%] [34m[1mGenerating C++ type support for eProsima Fast-RTPS[0m
[  7%] [34m[1mGenerating C++ introspection for ROS interfaces[0m
[ 11%] [32mBuilding C object CMakeFiles/usm_interface__rosidl_generator_c.dir/rosidl_generator_c/usm_interface/msg/detail/joint_msg__functions.c.o[0m
[ 11%] [32mBuilding C object CMakeFiles/usm_interface__rosidl_generator_c.dir/rosidl_generator_c/usm_interface/msg/detail/all_cabins_msg__functions.c.o[0m
[ 15%] [32mBuilding C object CMakeFiles/usm_interface__rosidl_generator_c.dir/rosidl_generator_c/usm_interface/msg/detail/error_msg__functions.c.o[0m
[ 15%] [32mBuilding C object CMakeFiles/usm_interface__rosidl_generator_c.dir/rosidl_generator_c/usm_interface/msg/detail/led_msg__functions.c.o[0m
[ 15%] [32mBuilding C object CMakeFiles/usm_interface__rosidl_generator_c.dir/rosidl_generator_c/usm_interface/msg/detail/local_msg__functions.c.o[0m
[ 17%] [32m[1mLinking C shared library libusm_interface__rosidl_generator_c.so[0m
[ 17%] Built target usm_interface__rosidl_generator_c
[ 20%] [34m[1mGenerating C introspection for ROS interfaces[0m
[ 20%] [34m[1mGenerating C type support dispatch for ROS interfaces[0m
[35m[1mScanning dependencies of target usm_interface__rosidl_typesupport_cpp[0m
[ 22%] [32mBuilding CXX object CMakeFiles/usm_interface__rosidl_typesupport_cpp.dir/rosidl_typesupport_cpp/usm_interface/msg/led_msg__type_support.cpp.o[0m
[ 25%] [32mBuilding CXX object CMakeFiles/usm_interface__rosidl_typesupport_cpp.dir/rosidl_typesupport_cpp/usm_interface/msg/joint_msg__type_support.cpp.o[0m
[ 25%] [32mBuilding CXX object CMakeFiles/usm_interface__rosidl_typesupport_cpp.dir/rosidl_typesupport_cpp/usm_interface/msg/all_cabins_msg__type_support.cpp.o[0m
[ 26%] [32mBuilding CXX object CMakeFiles/usm_interface__rosidl_typesupport_cpp.dir/rosidl_typesupport_cpp/usm_interface/msg/local_msg__type_support.cpp.o[0m
[ 28%] [32mBuilding CXX object CMakeFiles/usm_interface__rosidl_typesupport_cpp.dir/rosidl_typesupport_cpp/usm_interface/msg/error_msg__type_support.cpp.o[0m
[35m[1mScanning dependencies of target usm_interface__rosidl_typesupport_introspection_cpp[0m
[ 30%] [32mBuilding CXX object CMakeFiles/usm_interface__rosidl_typesupport_introspection_cpp.dir/rosidl_typesupport_introspection_cpp/usm_interface/msg/detail/joint_msg__type_support.cpp.o[0m
[ 31%] [32mBuilding CXX object CMakeFiles/usm_interface__rosidl_typesupport_introspection_cpp.dir/rosidl_typesupport_introspection_cpp/usm_interface/msg/detail/all_cabins_msg__type_support.cpp.o[0m
[ 33%] [32mBuilding CXX object CMakeFiles/usm_interface__rosidl_typesupport_introspection_cpp.dir/rosidl_typesupport_introspection_cpp/usm_interface/msg/detail/error_msg__type_support.cpp.o[0m
[ 34%] [32mBuilding CXX object CMakeFiles/usm_interface__rosidl_typesupport_introspection_cpp.dir/rosidl_typesupport_introspection_cpp/usm_interface/msg/detail/led_msg__type_support.cpp.o[0m
[35m[1mScanning dependencies of target usm_interface__rosidl_typesupport_c[0m
[ 36%] [32mBuilding CXX object CMakeFiles/usm_interface__rosidl_typesupport_c.dir/rosidl_typesupport_c/usm_interface/msg/all_cabins_msg__type_support.cpp.o[0m
[35m[1mScanning dependencies of target usm_interface__rosidl_typesupport_fastrtps_cpp[0m
[ 38%] [32mBuilding CXX object CMakeFiles/usm_interface__rosidl_typesupport_introspection_cpp.dir/rosidl_typesupport_introspection_cpp/usm_interface/msg/detail/local_msg__type_support.cpp.o[0m
[ 39%] [32mBuilding CXX object CMakeFiles/usm_interface__rosidl_typesupport_c.dir/rosidl_typesupport_c/usm_interface/msg/joint_msg__type_support.cpp.o[0m
[ 41%] [32mBuilding CXX object CMakeFiles/usm_interface__rosidl_typesupport_c.dir/rosidl_typesupport_c/usm_interface/msg/error_msg__type_support.cpp.o[0m
[ 42%] [32mBuilding CXX object CMakeFiles/usm_interface__rosidl_typesupport_c.dir/rosidl_typesupport_c/usm_interface/msg/led_msg__type_support.cpp.o[0m
[ 44%] [32mBuilding CXX object CMakeFiles/usm_interface__rosidl_typesupport_c.dir/rosidl_typesupport_c/usm_interface/msg/local_msg__type_support.cpp.o[0m
[35m[1mScanning dependencies of target usm_interface__rosidl_typesupport_introspection_c[0m
[ 46%] [32mBuilding CXX object CMakeFiles/usm_interface__rosidl_typesupport_fastrtps_cpp.dir/rosidl_typesupport_fastrtps_cpp/usm_interface/msg/detail/dds_fastrtps/all_cabins_msg__type_support.cpp.o[0m
[ 47%] [32mBuilding CXX object CMakeFiles/usm_interface__rosidl_typesupport_fastrtps_cpp.dir/rosidl_typesupport_fastrtps_cpp/usm_interface/msg/detail/dds_fastrtps/joint_msg__type_support.cpp.o[0m
[ 49%] [32mBuilding CXX object CMakeFiles/usm_interface__rosidl_typesupport_fastrtps_cpp.dir/rosidl_typesupport_fastrtps_cpp/usm_interface/msg/detail/dds_fastrtps/error_msg__type_support.cpp.o[0m
[ 50%] [32mBuilding C object CMakeFiles/usm_interface__rosidl_typesupport_introspection_c.dir/rosidl_typesupport_introspection_c/usm_interface/msg/detail/all_cabins_msg__type_support.c.o[0m
[ 52%] [32mBuilding CXX object CMakeFiles/usm_interface__rosidl_typesupport_fastrtps_cpp.dir/rosidl_typesupport_fastrtps_cpp/usm_interface/msg/detail/dds_fastrtps/led_msg__type_support.cpp.o[0m
[ 53%] [32m[1mLinking CXX shared library libusm_interface__rosidl_typesupport_cpp.so[0m
[ 55%] [32m[1mLinking CXX shared library libusm_interface__rosidl_typesupport_c.so[0m
[ 57%] [32mBuilding C object CMakeFiles/usm_interface__rosidl_typesupport_introspection_c.dir/rosidl_typesupport_introspection_c/usm_interface/msg/detail/joint_msg__type_support.c.o[0m
[ 58%] [32mBuilding C object CMakeFiles/usm_interface__rosidl_typesupport_introspection_c.dir/rosidl_typesupport_introspection_c/usm_interface/msg/detail/error_msg__type_support.c.o[0m
[ 58%] Built target usm_interface__rosidl_typesupport_c
[ 60%] [32mBuilding C object CMakeFiles/usm_interface__rosidl_typesupport_introspection_c.dir/rosidl_typesupport_introspection_c/usm_interface/msg/detail/led_msg__type_support.c.o[0m
[ 61%] [32mBuilding C object CMakeFiles/usm_interface__rosidl_typesupport_introspection_c.dir/rosidl_typesupport_introspection_c/usm_interface/msg/detail/local_msg__type_support.c.o[0m
[ 63%] [32mBuilding CXX object CMakeFiles/usm_interface__rosidl_typesupport_fastrtps_cpp.dir/rosidl_typesupport_fastrtps_cpp/usm_interface/msg/detail/dds_fastrtps/local_msg__type_support.cpp.o[0m
[ 63%] Built target usm_interface__rosidl_typesupport_cpp
[ 65%] [32m[1mLinking C shared library libusm_interface__rosidl_typesupport_introspection_c.so[0m
[ 65%] Built target usm_interface__rosidl_typesupport_introspection_c
[ 66%] [32m[1mLinking CXX shared library libusm_interface__rosidl_typesupport_introspection_cpp.so[0m
[ 66%] Built target usm_interface__rosidl_typesupport_introspection_cpp
[ 68%] [32m[1mLinking CXX shared library libusm_interface__rosidl_typesupport_fastrtps_cpp.so[0m
[ 68%] Built target usm_interface__rosidl_typesupport_fastrtps_cpp
[ 69%] [34m[1mGenerating C type support for eProsima Fast-RTPS[0m
[35m[1mScanning dependencies of target usm_interface__rosidl_typesupport_fastrtps_c[0m
[ 74%] [32mBuilding CXX object CMakeFiles/usm_interface__rosidl_typesupport_fastrtps_c.dir/rosidl_typesupport_fastrtps_c/usm_interface/msg/detail/joint_msg__type_support_c.cpp.o[0m
[ 74%] [32mBuilding CXX object CMakeFiles/usm_interface__rosidl_typesupport_fastrtps_c.dir/rosidl_typesupport_fastrtps_c/usm_interface/msg/detail/error_msg__type_support_c.cpp.o[0m
[ 76%] [32mBuilding CXX object CMakeFiles/usm_interface__rosidl_typesupport_fastrtps_c.dir/rosidl_typesupport_fastrtps_c/usm_interface/msg/detail/led_msg__type_support_c.cpp.o[0m
[ 74%] [32mBuilding CXX object CMakeFiles/usm_interface__rosidl_typesupport_fastrtps_c.dir/rosidl_typesupport_fastrtps_c/usm_interface/msg/detail/all_cabins_msg__type_support_c.cpp.o[0m
[ 77%] [32mBuilding CXX object CMakeFiles/usm_interface__rosidl_typesupport_fastrtps_c.dir/rosidl_typesupport_fastrtps_c/usm_interface/msg/detail/local_msg__type_support_c.cpp.o[0m
[ 79%] [32m[1mLinking CXX shared library libusm_interface__rosidl_typesupport_fastrtps_c.so[0m
[ 79%] Built target usm_interface__rosidl_typesupport_fastrtps_c
[35m[1mScanning dependencies of target usm_interface[0m
[ 79%] Built target usm_interface
[35m[1mScanning dependencies of target usm_interface__py[0m
[ 80%] [34m[1mGenerating Python code for ROS interfaces[0m
[ 80%] Built target usm_interface__py
[35m[1mScanning dependencies of target usm_interface__python[0m
[ 85%] [32mBuilding C object CMakeFiles/usm_interface__python.dir/rosidl_generator_py/usm_interface/msg/_joint_msg_s.c.o[0m
[ 85%] [32mBuilding C object CMakeFiles/usm_interface__python.dir/rosidl_generator_py/usm_interface/msg/_error_msg_s.c.o[0m
[ 85%] [32mBuilding C object CMakeFiles/usm_interface__python.dir/rosidl_generator_py/usm_interface/msg/_all_cabins_msg_s.c.o[0m
[ 87%] [32mBuilding C object CMakeFiles/usm_interface__python.dir/rosidl_generator_py/usm_interface/msg/_led_msg_s.c.o[0m
[ 88%] [32mBuilding C object CMakeFiles/usm_interface__python.dir/rosidl_generator_py/usm_interface/msg/_local_msg_s.c.o[0m
[ 90%] [32m[1mLinking C shared library rosidl_generator_py/usm_interface/libusm_interface__python.so[0m
[ 90%] Built target usm_interface__python
[35m[1mScanning dependencies of target usm_interface__rosidl_typesupport_introspection_c__pyext[0m
[35m[1mScanning dependencies of target usm_interface__rosidl_typesupport_c__pyext[0m
[35m[1mScanning dependencies of target usm_interface__rosidl_typesupport_fastrtps_c__pyext[0m
[ 93%] [32mBuilding C object CMakeFiles/usm_interface__rosidl_typesupport_c__pyext.dir/rosidl_generator_py/usm_interface/_usm_interface_s.ep.rosidl_typesupport_c.c.o[0m
[ 93%] [32mBuilding C object CMakeFiles/usm_interface__rosidl_typesupport_introspection_c__pyext.dir/rosidl_generator_py/usm_interface/_usm_interface_s.ep.rosidl_typesupport_introspection_c.c.o[0m
[ 95%] [32mBuilding C object CMakeFiles/usm_interface__rosidl_typesupport_fastrtps_c__pyext.dir/rosidl_generator_py/usm_interface/_usm_interface_s.ep.rosidl_typesupport_fastrtps_c.c.o[0m
[ 98%] [32m[1mLinking C shared library rosidl_generator_py/usm_interface/usm_interface_s__rosidl_typesupport_c.cpython-38-x86_64-linux-gnu.so[0m
[ 98%] [32m[1mLinking C shared library rosidl_generator_py/usm_interface/usm_interface_s__rosidl_typesupport_introspection_c.cpython-38-x86_64-linux-gnu.so[0m
[100%] [32m[1mLinking CXX shared library rosidl_generator_py/usm_interface/usm_interface_s__rosidl_typesupport_fastrtps_c.cpython-38-x86_64-linux-gnu.so[0m
[100%] Built target usm_interface__rosidl_typesupport_c__pyext
[100%] Built target usm_interface__rosidl_typesupport_introspection_c__pyext
[100%] Built target usm_interface__rosidl_typesupport_fastrtps_c__pyext
-- Install configuration: ""
-- Installing: /home/u20/rov-ros-2/ROS2_Coming/ros2_ws/install/usm_interface/share/ament_index/resource_index/rosidl_interfaces/usm_interface
-- Installing: /home/u20/rov-ros-2/ROS2_Coming/ros2_ws/install/usm_interface/include/usm_interface
-- Installing: /home/u20/rov-ros-2/ROS2_Coming/ros2_ws/install/usm_interface/include/usm_interface/msg
-- Installing: /home/u20/rov-ros-2/ROS2_Coming/ros2_ws/install/usm_interface/include/usm_interface/msg/error_msg.h
-- Installing: /home/u20/rov-ros-2/ROS2_Coming/ros2_ws/install/usm_interface/include/usm_interface/msg/local_msg.h
-- Installing: /home/u20/rov-ros-2/ROS2_Coming/ros2_ws/install/usm_interface/include/usm_interface/msg/led_msg.h
-- Installing: /home/u20/rov-ros-2/ROS2_Coming/ros2_ws/install/usm_interface/include/usm_interface/msg/all_cabins_msg.h
-- Installing: /home/u20/rov-ros-2/ROS2_Coming/ros2_ws/install/usm_interface/include/usm_interface/msg/detail
-- Installing: /home/u20/rov-ros-2/ROS2_Coming/ros2_ws/install/usm_interface/include/usm_interface/msg/detail/local_msg__functions.c
-- Installing: /home/u20/rov-ros-2/ROS2_Coming/ros2_ws/install/usm_interface/include/usm_interface/msg/detail/local_msg__struct.h
-- Installing: /home/u20/rov-ros-2/ROS2_Coming/ros2_ws/install/usm_interface/include/usm_interface/msg/detail/error_msg__functions.c
-- Installing: /home/u20/rov-ros-2/ROS2_Coming/ros2_ws/install/usm_interface/include/usm_interface/msg/detail/local_msg__functions.h
-- Installing: /home/u20/rov-ros-2/ROS2_Coming/ros2_ws/install/usm_interface/include/usm_interface/msg/detail/all_cabins_msg__type_support.h
-- Installing: /home/u20/rov-ros-2/ROS2_Coming/ros2_ws/install/usm_interface/include/usm_interface/msg/detail/error_msg__functions.h
-- Installing: /home/u20/rov-ros-2/ROS2_Coming/ros2_ws/install/usm_interface/include/usm_interface/msg/detail/led_msg__functions.c
-- Installing: /home/u20/rov-ros-2/ROS2_Coming/ros2_ws/install/usm_interface/include/usm_interface/msg/detail/joint_msg__type_support.h
-- Installing: /home/u20/rov-ros-2/ROS2_Coming/ros2_ws/install/usm_interface/include/usm_interface/msg/detail/error_msg__struct.h
-- Installing: /home/u20/rov-ros-2/ROS2_Coming/ros2_ws/install/usm_interface/include/usm_interface/msg/detail/joint_msg__functions.h
-- Installing: /home/u20/rov-ros-2/ROS2_Coming/ros2_ws/install/usm_interface/include/usm_interface/msg/detail/local_msg__type_support.h
-- Installing: /home/u20/rov-ros-2/ROS2_Coming/ros2_ws/install/usm_interface/include/usm_interface/msg/detail/error_msg__type_support.h
-- Installing: /home/u20/rov-ros-2/ROS2_Coming/ros2_ws/install/usm_interface/include/usm_interface/msg/detail/joint_msg__struct.h
-- Installing: /home/u20/rov-ros-2/ROS2_Coming/ros2_ws/install/usm_interface/include/usm_interface/msg/detail/all_cabins_msg__functions.h
-- Installing: /home/u20/rov-ros-2/ROS2_Coming/ros2_ws/install/usm_interface/include/usm_interface/msg/detail/all_cabins_msg__functions.c
-- Installing: /home/u20/rov-ros-2/ROS2_Coming/ros2_ws/install/usm_interface/include/usm_interface/msg/detail/led_msg__struct.h
-- Installing: /home/u20/rov-ros-2/ROS2_Coming/ros2_ws/install/usm_interface/include/usm_interface/msg/detail/all_cabins_msg__struct.h
-- Installing: /home/u20/rov-ros-2/ROS2_Coming/ros2_ws/install/usm_interface/include/usm_interface/msg/detail/led_msg__functions.h
-- Installing: /home/u20/rov-ros-2/ROS2_Coming/ros2_ws/install/usm_interface/include/usm_interface/msg/detail/led_msg__type_support.h
-- Installing: /home/u20/rov-ros-2/ROS2_Coming/ros2_ws/install/usm_interface/include/usm_interface/msg/detail/joint_msg__functions.c
-- Installing: /home/u20/rov-ros-2/ROS2_Coming/ros2_ws/install/usm_interface/include/usm_interface/msg/joint_msg.h
-- Installing: /home/u20/rov-ros-2/ROS2_Coming/ros2_ws/install/usm_interface/include/usm_interface/msg/rosidl_generator_c__visibility_control.h
-- Installing: /home/u20/rov-ros-2/ROS2_Coming/ros2_ws/install/usm_interface/share/usm_interface/environment/library_path.sh
-- Installing: /home/u20/rov-ros-2/ROS2_Coming/ros2_ws/install/usm_interface/share/usm_interface/environment/library_path.dsv
-- Installing: /home/u20/rov-ros-2/ROS2_Coming/ros2_ws/install/usm_interface/lib/libusm_interface__rosidl_generator_c.so
-- Set runtime path of "/home/u20/rov-ros-2/ROS2_Coming/ros2_ws/install/usm_interface/lib/libusm_interface__rosidl_generator_c.so" to ""
-- Up-to-date: /home/u20/rov-ros-2/ROS2_Coming/ros2_ws/install/usm_interface/include/usm_interface
-- Up-to-date: /home/u20/rov-ros-2/ROS2_Coming/ros2_ws/install/usm_interface/include/usm_interface/msg
-- Installing: /home/u20/rov-ros-2/ROS2_Coming/ros2_ws/install/usm_interface/include/usm_interface/msg/rosidl_typesupport_fastrtps_c__visibility_control.h
-- Up-to-date: /home/u20/rov-ros-2/ROS2_Coming/ros2_ws/install/usm_interface/include/usm_interface/msg/detail
-- Installing: /home/u20/rov-ros-2/ROS2_Coming/ros2_ws/install/usm_interface/include/usm_interface/msg/detail/local_msg__rosidl_typesupport_fastrtps_c.h
-- Installing: /home/u20/rov-ros-2/ROS2_Coming/ros2_ws/install/usm_interface/include/usm_interface/msg/detail/led_msg__rosidl_typesupport_fastrtps_c.h
-- Installing: /home/u20/rov-ros-2/ROS2_Coming/ros2_ws/install/usm_interface/include/usm_interface/msg/detail/error_msg__rosidl_typesupport_fastrtps_c.h
-- Installing: /home/u20/rov-ros-2/ROS2_Coming/ros2_ws/install/usm_interface/include/usm_interface/msg/detail/all_cabins_msg__rosidl_typesupport_fastrtps_c.h
-- Installing: /home/u20/rov-ros-2/ROS2_Coming/ros2_ws/install/usm_interface/include/usm_interface/msg/detail/joint_msg__rosidl_typesupport_fastrtps_c.h
-- Installing: /home/u20/rov-ros-2/ROS2_Coming/ros2_ws/install/usm_interface/lib/libusm_interface__rosidl_typesupport_fastrtps_c.so
-- Set runtime path of "/home/u20/rov-ros-2/ROS2_Coming/ros2_ws/install/usm_interface/lib/libusm_interface__rosidl_typesupport_fastrtps_c.so" to ""
-- Up-to-date: /home/u20/rov-ros-2/ROS2_Coming/ros2_ws/install/usm_interface/include/usm_interface
-- Up-to-date: /home/u20/rov-ros-2/ROS2_Coming/ros2_ws/install/usm_interface/include/usm_interface/msg
-- Up-to-date: /home/u20/rov-ros-2/ROS2_Coming/ros2_ws/install/usm_interface/include/usm_interface/msg/detail
-- Installing: /home/u20/rov-ros-2/ROS2_Coming/ros2_ws/install/usm_interface/include/usm_interface/msg/detail/all_cabins_msg__rosidl_typesupport_fastrtps_cpp.hpp
-- Installing: /home/u20/rov-ros-2/ROS2_Coming/ros2_ws/install/usm_interface/include/usm_interface/msg/detail/joint_msg__rosidl_typesupport_fastrtps_cpp.hpp
-- Installing: /home/u20/rov-ros-2/ROS2_Coming/ros2_ws/install/usm_interface/include/usm_interface/msg/detail/dds_fastrtps
-- Installing: /home/u20/rov-ros-2/ROS2_Coming/ros2_ws/install/usm_interface/include/usm_interface/msg/detail/led_msg__rosidl_typesupport_fastrtps_cpp.hpp
-- Installing: /home/u20/rov-ros-2/ROS2_Coming/ros2_ws/install/usm_interface/include/usm_interface/msg/detail/error_msg__rosidl_typesupport_fastrtps_cpp.hpp
-- Installing: /home/u20/rov-ros-2/ROS2_Coming/ros2_ws/install/usm_interface/include/usm_interface/msg/detail/local_msg__rosidl_typesupport_fastrtps_cpp.hpp
-- Installing: /home/u20/rov-ros-2/ROS2_Coming/ros2_ws/install/usm_interface/include/usm_interface/msg/rosidl_typesupport_fastrtps_cpp__visibility_control.h
-- Installing: /home/u20/rov-ros-2/ROS2_Coming/ros2_ws/install/usm_interface/lib/libusm_interface__rosidl_typesupport_fastrtps_cpp.so
-- Set runtime path of "/home/u20/rov-ros-2/ROS2_Coming/ros2_ws/install/usm_interface/lib/libusm_interface__rosidl_typesupport_fastrtps_cpp.so" to ""
-- Up-to-date: /home/u20/rov-ros-2/ROS2_Coming/ros2_ws/install/usm_interface/include/usm_interface
-- Up-to-date: /home/u20/rov-ros-2/ROS2_Coming/ros2_ws/install/usm_interface/include/usm_interface/msg
-- Installing: /home/u20/rov-ros-2/ROS2_Coming/ros2_ws/install/usm_interface/include/usm_interface/msg/rosidl_typesupport_introspection_c__visibility_control.h
-- Up-to-date: /home/u20/rov-ros-2/ROS2_Coming/ros2_ws/install/usm_interface/include/usm_interface/msg/detail
-- Installing: /home/u20/rov-ros-2/ROS2_Coming/ros2_ws/install/usm_interface/include/usm_interface/msg/detail/local_msg__rosidl_typesupport_introspection_c.h
-- Installing: /home/u20/rov-ros-2/ROS2_Coming/ros2_ws/install/usm_interface/include/usm_interface/msg/detail/joint_msg__type_support.c
-- Installing: /home/u20/rov-ros-2/ROS2_Coming/ros2_ws/install/usm_interface/include/usm_interface/msg/detail/error_msg__rosidl_typesupport_introspection_c.h
-- Installing: /home/u20/rov-ros-2/ROS2_Coming/ros2_ws/install/usm_interface/include/usm_interface/msg/detail/error_msg__type_support.c
-- Installing: /home/u20/rov-ros-2/ROS2_Coming/ros2_ws/install/usm_interface/include/usm_interface/msg/detail/all_cabins_msg__type_support.c
-- Installing: /home/u20/rov-ros-2/ROS2_Coming/ros2_ws/install/usm_interface/include/usm_interface/msg/detail/led_msg__rosidl_typesupport_introspection_c.h
-- Installing: /home/u20/rov-ros-2/ROS2_Coming/ros2_ws/install/usm_interface/include/usm_interface/msg/detail/local_msg__type_support.c
-- Installing: /home/u20/rov-ros-2/ROS2_Coming/ros2_ws/install/usm_interface/include/usm_interface/msg/detail/all_cabins_msg__rosidl_typesupport_introspection_c.h
-- Installing: /home/u20/rov-ros-2/ROS2_Coming/ros2_ws/install/usm_interface/include/usm_interface/msg/detail/joint_msg__rosidl_typesupport_introspection_c.h
-- Installing: /home/u20/rov-ros-2/ROS2_Coming/ros2_ws/install/usm_interface/include/usm_interface/msg/detail/led_msg__type_support.c
-- Installing: /home/u20/rov-ros-2/ROS2_Coming/ros2_ws/install/usm_interface/lib/libusm_interface__rosidl_typesupport_introspection_c.so
-- Set runtime path of "/home/u20/rov-ros-2/ROS2_Coming/ros2_ws/install/usm_interface/lib/libusm_interface__rosidl_typesupport_introspection_c.so" to ""
-- Installing: /home/u20/rov-ros-2/ROS2_Coming/ros2_ws/install/usm_interface/lib/libusm_interface__rosidl_typesupport_c.so
-- Set runtime path of "/home/u20/rov-ros-2/ROS2_Coming/ros2_ws/install/usm_interface/lib/libusm_interface__rosidl_typesupport_c.so" to ""
-- Up-to-date: /home/u20/rov-ros-2/ROS2_Coming/ros2_ws/install/usm_interface/include/usm_interface
-- Up-to-date: /home/u20/rov-ros-2/ROS2_Coming/ros2_ws/install/usm_interface/include/usm_interface/msg
-- Installing: /home/u20/rov-ros-2/ROS2_Coming/ros2_ws/install/usm_interface/include/usm_interface/msg/local_msg.hpp
-- Installing: /home/u20/rov-ros-2/ROS2_Coming/ros2_ws/install/usm_interface/include/usm_interface/msg/joint_msg.hpp
-- Installing: /home/u20/rov-ros-2/ROS2_Coming/ros2_ws/install/usm_interface/include/usm_interface/msg/led_msg.hpp
-- Up-to-date: /home/u20/rov-ros-2/ROS2_Coming/ros2_ws/install/usm_interface/include/usm_interface/msg/detail
-- Installing: /home/u20/rov-ros-2/ROS2_Coming/ros2_ws/install/usm_interface/include/usm_interface/msg/detail/local_msg__type_support.hpp
-- Installing: /home/u20/rov-ros-2/ROS2_Coming/ros2_ws/install/usm_interface/include/usm_interface/msg/detail/all_cabins_msg__type_support.hpp
-- Installing: /home/u20/rov-ros-2/ROS2_Coming/ros2_ws/install/usm_interface/include/usm_interface/msg/detail/error_msg__type_support.hpp
-- Installing: /home/u20/rov-ros-2/ROS2_Coming/ros2_ws/install/usm_interface/include/usm_interface/msg/detail/led_msg__builder.hpp
-- Installing: /home/u20/rov-ros-2/ROS2_Coming/ros2_ws/install/usm_interface/include/usm_interface/msg/detail/led_msg__traits.hpp
-- Installing: /home/u20/rov-ros-2/ROS2_Coming/ros2_ws/install/usm_interface/include/usm_interface/msg/detail/joint_msg__type_support.hpp
-- Installing: /home/u20/rov-ros-2/ROS2_Coming/ros2_ws/install/usm_interface/include/usm_interface/msg/detail/led_msg__struct.hpp
-- Installing: /home/u20/rov-ros-2/ROS2_Coming/ros2_ws/install/usm_interface/include/usm_interface/msg/detail/error_msg__builder.hpp
-- Installing: /home/u20/rov-ros-2/ROS2_Coming/ros2_ws/install/usm_interface/include/usm_interface/msg/detail/error_msg__traits.hpp
-- Installing: /home/u20/rov-ros-2/ROS2_Coming/ros2_ws/install/usm_interface/include/usm_interface/msg/detail/error_msg__struct.hpp
-- Installing: /home/u20/rov-ros-2/ROS2_Coming/ros2_ws/install/usm_interface/include/usm_interface/msg/detail/joint_msg__builder.hpp
-- Installing: /home/u20/rov-ros-2/ROS2_Coming/ros2_ws/install/usm_interface/include/usm_interface/msg/detail/led_msg__type_support.hpp
-- Installing: /home/u20/rov-ros-2/ROS2_Coming/ros2_ws/install/usm_interface/include/usm_interface/msg/detail/all_cabins_msg__struct.hpp
-- Installing: /home/u20/rov-ros-2/ROS2_Coming/ros2_ws/install/usm_interface/include/usm_interface/msg/detail/local_msg__struct.hpp
-- Installing: /home/u20/rov-ros-2/ROS2_Coming/ros2_ws/install/usm_interface/include/usm_interface/msg/detail/joint_msg__struct.hpp
-- Installing: /home/u20/rov-ros-2/ROS2_Coming/ros2_ws/install/usm_interface/include/usm_interface/msg/detail/all_cabins_msg__builder.hpp
-- Installing: /home/u20/rov-ros-2/ROS2_Coming/ros2_ws/install/usm_interface/include/usm_interface/msg/detail/joint_msg__traits.hpp
-- Installing: /home/u20/rov-ros-2/ROS2_Coming/ros2_ws/install/usm_interface/include/usm_interface/msg/detail/local_msg__traits.hpp
-- Installing: /home/u20/rov-ros-2/ROS2_Coming/ros2_ws/install/usm_interface/include/usm_interface/msg/detail/local_msg__builder.hpp
-- Installing: /home/u20/rov-ros-2/ROS2_Coming/ros2_ws/install/usm_interface/include/usm_interface/msg/detail/all_cabins_msg__traits.hpp
-- Installing: /home/u20/rov-ros-2/ROS2_Coming/ros2_ws/install/usm_interface/include/usm_interface/msg/rosidl_generator_cpp__visibility_control.hpp
-- Installing: /home/u20/rov-ros-2/ROS2_Coming/ros2_ws/install/usm_interface/include/usm_interface/msg/all_cabins_msg.hpp
-- Installing: /home/u20/rov-ros-2/ROS2_Coming/ros2_ws/install/usm_interface/include/usm_interface/msg/error_msg.hpp
-- Up-to-date: /home/u20/rov-ros-2/ROS2_Coming/ros2_ws/install/usm_interface/include/usm_interface
-- Up-to-date: /home/u20/rov-ros-2/ROS2_Coming/ros2_ws/install/usm_interface/include/usm_interface/msg
-- Up-to-date: /home/u20/rov-ros-2/ROS2_Coming/ros2_ws/install/usm_interface/include/usm_interface/msg/detail
-- Installing: /home/u20/rov-ros-2/ROS2_Coming/ros2_ws/install/usm_interface/include/usm_interface/msg/detail/all_cabins_msg__rosidl_typesupport_introspection_cpp.hpp
-- Installing: /home/u20/rov-ros-2/ROS2_Coming/ros2_ws/install/usm_interface/include/usm_interface/msg/detail/error_msg__rosidl_typesupport_introspection_cpp.hpp
-- Installing: /home/u20/rov-ros-2/ROS2_Coming/ros2_ws/install/usm_interface/include/usm_interface/msg/detail/error_msg__type_support.cpp
-- Installing: /home/u20/rov-ros-2/ROS2_Coming/ros2_ws/install/usm_interface/include/usm_interface/msg/detail/all_cabins_msg__type_support.cpp
-- Installing: /home/u20/rov-ros-2/ROS2_Coming/ros2_ws/install/usm_interface/include/usm_interface/msg/detail/led_msg__type_support.cpp
-- Installing: /home/u20/rov-ros-2/ROS2_Coming/ros2_ws/install/usm_interface/include/usm_interface/msg/detail/joint_msg__rosidl_typesupport_introspection_cpp.hpp
-- Installing: /home/u20/rov-ros-2/ROS2_Coming/ros2_ws/install/usm_interface/include/usm_interface/msg/detail/led_msg__rosidl_typesupport_introspection_cpp.hpp
-- Installing: /home/u20/rov-ros-2/ROS2_Coming/ros2_ws/install/usm_interface/include/usm_interface/msg/detail/local_msg__rosidl_typesupport_introspection_cpp.hpp
-- Installing: /home/u20/rov-ros-2/ROS2_Coming/ros2_ws/install/usm_interface/include/usm_interface/msg/detail/local_msg__type_support.cpp
-- Installing: /home/u20/rov-ros-2/ROS2_Coming/ros2_ws/install/usm_interface/include/usm_interface/msg/detail/joint_msg__type_support.cpp
-- Installing: /home/u20/rov-ros-2/ROS2_Coming/ros2_ws/install/usm_interface/lib/libusm_interface__rosidl_typesupport_introspection_cpp.so
-- Set runtime path of "/home/u20/rov-ros-2/ROS2_Coming/ros2_ws/install/usm_interface/lib/libusm_interface__rosidl_typesupport_introspection_cpp.so" to ""
-- Installing: /home/u20/rov-ros-2/ROS2_Coming/ros2_ws/install/usm_interface/lib/libusm_interface__rosidl_typesupport_cpp.so
-- Set runtime path of "/home/u20/rov-ros-2/ROS2_Coming/ros2_ws/install/usm_interface/lib/libusm_interface__rosidl_typesupport_cpp.so" to ""
-- Installing: /home/u20/rov-ros-2/ROS2_Coming/ros2_ws/install/usm_interface/share/usm_interface/environment/pythonpath.sh
-- Installing: /home/u20/rov-ros-2/ROS2_Coming/ros2_ws/install/usm_interface/share/usm_interface/environment/pythonpath.dsv
-- Installing: /home/u20/rov-ros-2/ROS2_Coming/ros2_ws/install/usm_interface/lib/python3.8/site-packages/usm_interface/__init__.py
Compiling '/home/u20/rov-ros-2/ROS2_Coming/ros2_ws/install/usm_interface/lib/python3.8/site-packages/usm_interface/__init__.py'...
-- Installing: /home/u20/rov-ros-2/ROS2_Coming/ros2_ws/install/usm_interface/lib/python3.8/site-packages/usm_interface/msg
-- Installing: /home/u20/rov-ros-2/ROS2_Coming/ros2_ws/install/usm_interface/lib/python3.8/site-packages/usm_interface/msg/_all_cabins_msg.py
-- Installing: /home/u20/rov-ros-2/ROS2_Coming/ros2_ws/install/usm_interface/lib/python3.8/site-packages/usm_interface/msg/_joint_msg_s.c
-- Installing: /home/u20/rov-ros-2/ROS2_Coming/ros2_ws/install/usm_interface/lib/python3.8/site-packages/usm_interface/msg/_led_msg.py
-- Installing: /home/u20/rov-ros-2/ROS2_Coming/ros2_ws/install/usm_interface/lib/python3.8/site-packages/usm_interface/msg/_local_msg_s.c
-- Installing: /home/u20/rov-ros-2/ROS2_Coming/ros2_ws/install/usm_interface/lib/python3.8/site-packages/usm_interface/msg/_local_msg.py
-- Installing: /home/u20/rov-ros-2/ROS2_Coming/ros2_ws/install/usm_interface/lib/python3.8/site-packages/usm_interface/msg/_all_cabins_msg_s.c
-- Installing: /home/u20/rov-ros-2/ROS2_Coming/ros2_ws/install/usm_interface/lib/python3.8/site-packages/usm_interface/msg/_led_msg_s.c
-- Installing: /home/u20/rov-ros-2/ROS2_Coming/ros2_ws/install/usm_interface/lib/python3.8/site-packages/usm_interface/msg/_error_msg_s.c
-- Installing: /home/u20/rov-ros-2/ROS2_Coming/ros2_ws/install/usm_interface/lib/python3.8/site-packages/usm_interface/msg/__init__.py
-- Installing: /home/u20/rov-ros-2/ROS2_Coming/ros2_ws/install/usm_interface/lib/python3.8/site-packages/usm_interface/msg/_error_msg.py
-- Installing: /home/u20/rov-ros-2/ROS2_Coming/ros2_ws/install/usm_interface/lib/python3.8/site-packages/usm_interface/msg/_joint_msg.py
-- Installing: /home/u20/rov-ros-2/ROS2_Coming/ros2_ws/install/usm_interface/lib/python3.8/site-packages/usm_interface/usm_interface_s__rosidl_typesupport_fastrtps_c.cpython-38-x86_64-linux-gnu.so
-- Set runtime path of "/home/u20/rov-ros-2/ROS2_Coming/ros2_ws/install/usm_interface/lib/python3.8/site-packages/usm_interface/usm_interface_s__rosidl_typesupport_fastrtps_c.cpython-38-x86_64-linux-gnu.so" to ""
-- Installing: /home/u20/rov-ros-2/ROS2_Coming/ros2_ws/install/usm_interface/lib/python3.8/site-packages/usm_interface/usm_interface_s__rosidl_typesupport_introspection_c.cpython-38-x86_64-linux-gnu.so
-- Set runtime path of "/home/u20/rov-ros-2/ROS2_Coming/ros2_ws/install/usm_interface/lib/python3.8/site-packages/usm_interface/usm_interface_s__rosidl_typesupport_introspection_c.cpython-38-x86_64-linux-gnu.so" to ""
-- Installing: /home/u20/rov-ros-2/ROS2_Coming/ros2_ws/install/usm_interface/lib/python3.8/site-packages/usm_interface/usm_interface_s__rosidl_typesupport_c.cpython-38-x86_64-linux-gnu.so
-- Set runtime path of "/home/u20/rov-ros-2/ROS2_Coming/ros2_ws/install/usm_interface/lib/python3.8/site-packages/usm_interface/usm_interface_s__rosidl_typesupport_c.cpython-38-x86_64-linux-gnu.so" to ""
-- Installing: /home/u20/rov-ros-2/ROS2_Coming/ros2_ws/install/usm_interface/lib/libusm_interface__python.so
-- Set runtime path of "/home/u20/rov-ros-2/ROS2_Coming/ros2_ws/install/usm_interface/lib/libusm_interface__python.so" to ""
-- Installing: /home/u20/rov-ros-2/ROS2_Coming/ros2_ws/install/usm_interface/share/usm_interface/msg/AllCabinsMsg.idl
-- Installing: /home/u20/rov-ros-2/ROS2_Coming/ros2_ws/install/usm_interface/share/usm_interface/msg/JointMsg.idl
-- Installing: /home/u20/rov-ros-2/ROS2_Coming/ros2_ws/install/usm_interface/share/usm_interface/msg/ErrorMsg.idl
-- Installing: /home/u20/rov-ros-2/ROS2_Coming/ros2_ws/install/usm_interface/share/usm_interface/msg/LedMsg.idl
-- Installing: /home/u20/rov-ros-2/ROS2_Coming/ros2_ws/install/usm_interface/share/usm_interface/msg/LocalMsg.idl
-- Installing: /home/u20/rov-ros-2/ROS2_Coming/ros2_ws/install/usm_interface/share/usm_interface/msg/AllCabinsMsg.msg
-- Installing: /home/u20/rov-ros-2/ROS2_Coming/ros2_ws/install/usm_interface/share/usm_interface/msg/JointMsg.msg
-- Installing: /home/u20/rov-ros-2/ROS2_Coming/ros2_ws/install/usm_interface/share/usm_interface/msg/ErrorMsg.msg
-- Installing: /home/u20/rov-ros-2/ROS2_Coming/ros2_ws/install/usm_interface/share/usm_interface/msg/LedMsg.msg
-- Installing: /home/u20/rov-ros-2/ROS2_Coming/ros2_ws/install/usm_interface/share/usm_interface/msg/LocalMsg.msg
-- Installing: /home/u20/rov-ros-2/ROS2_Coming/ros2_ws/install/usm_interface/share/ament_index/resource_index/package_run_dependencies/usm_interface
-- Installing: /home/u20/rov-ros-2/ROS2_Coming/ros2_ws/install/usm_interface/share/ament_index/resource_index/parent_prefix_path/usm_interface
-- Installing: /home/u20/rov-ros-2/ROS2_Coming/ros2_ws/install/usm_interface/share/usm_interface/environment/ament_prefix_path.sh
-- Installing: /home/u20/rov-ros-2/ROS2_Coming/ros2_ws/install/usm_interface/share/usm_interface/environment/ament_prefix_path.dsv
-- Installing: /home/u20/rov-ros-2/ROS2_Coming/ros2_ws/install/usm_interface/share/usm_interface/environment/path.sh
-- Installing: /home/u20/rov-ros-2/ROS2_Coming/ros2_ws/install/usm_interface/share/usm_interface/environment/path.dsv
-- Installing: /home/u20/rov-ros-2/ROS2_Coming/ros2_ws/install/usm_interface/share/usm_interface/local_setup.bash
-- Installing: /home/u20/rov-ros-2/ROS2_Coming/ros2_ws/install/usm_interface/share/usm_interface/local_setup.sh
-- Installing: /home/u20/rov-ros-2/ROS2_Coming/ros2_ws/install/usm_interface/share/usm_interface/local_setup.zsh
-- Installing: /home/u20/rov-ros-2/ROS2_Coming/ros2_ws/install/usm_interface/share/usm_interface/local_setup.dsv
-- Installing: /home/u20/rov-ros-2/ROS2_Coming/ros2_ws/install/usm_interface/share/usm_interface/package.dsv
-- Installing: /home/u20/rov-ros-2/ROS2_Coming/ros2_ws/install/usm_interface/share/ament_index/resource_index/packages/usm_interface
-- Installing: /home/u20/rov-ros-2/ROS2_Coming/ros2_ws/install/usm_interface/share/usm_interface/cmake/usm_interface__rosidl_generator_cExport.cmake
-- Installing: /home/u20/rov-ros-2/ROS2_Coming/ros2_ws/install/usm_interface/share/usm_interface/cmake/usm_interface__rosidl_generator_cExport-noconfig.cmake
-- Installing: /home/u20/rov-ros-2/ROS2_Coming/ros2_ws/install/usm_interface/share/usm_interface/cmake/usm_interface__rosidl_typesupport_introspection_cExport.cmake
-- Installing: /home/u20/rov-ros-2/ROS2_Coming/ros2_ws/install/usm_interface/share/usm_interface/cmake/usm_interface__rosidl_typesupport_introspection_cExport-noconfig.cmake
-- Installing: /home/u20/rov-ros-2/ROS2_Coming/ros2_ws/install/usm_interface/share/usm_interface/cmake/usm_interface__rosidl_typesupport_cExport.cmake
-- Installing: /home/u20/rov-ros-2/ROS2_Coming/ros2_ws/install/usm_interface/share/usm_interface/cmake/usm_interface__rosidl_typesupport_cExport-noconfig.cmake
-- Installing: /home/u20/rov-ros-2/ROS2_Coming/ros2_ws/install/usm_interface/share/usm_interface/cmake/usm_interface__rosidl_generator_cppExport.cmake
-- Installing: /home/u20/rov-ros-2/ROS2_Coming/ros2_ws/install/usm_interface/share/usm_interface/cmake/usm_interface__rosidl_typesupport_introspection_cppExport.cmake
-- Installing: /home/u20/rov-ros-2/ROS2_Coming/ros2_ws/install/usm_interface/share/usm_interface/cmake/usm_interface__rosidl_typesupport_introspection_cppExport-noconfig.cmake
-- Installing: /home/u20/rov-ros-2/ROS2_Coming/ros2_ws/install/usm_interface/share/usm_interface/cmake/usm_interface__rosidl_typesupport_cppExport.cmake
-- Installing: /home/u20/rov-ros-2/ROS2_Coming/ros2_ws/install/usm_interface/share/usm_interface/cmake/usm_interface__rosidl_typesupport_cppExport-noconfig.cmake
-- Installing: /home/u20/rov-ros-2/ROS2_Coming/ros2_ws/install/usm_interface/share/usm_interface/cmake/rosidl_cmake-extras.cmake
-- Installing: /home/u20/rov-ros-2/ROS2_Coming/ros2_ws/install/usm_interface/share/usm_interface/cmake/ament_cmake_export_dependencies-extras.cmake
-- Installing: /home/u20/rov-ros-2/ROS2_Coming/ros2_ws/install/usm_interface/share/usm_interface/cmake/ament_cmake_export_libraries-extras.cmake
-- Installing: /home/u20/rov-ros-2/ROS2_Coming/ros2_ws/install/usm_interface/share/usm_interface/cmake/ament_cmake_export_targets-extras.cmake
-- Installing: /home/u20/rov-ros-2/ROS2_Coming/ros2_ws/install/usm_interface/share/usm_interface/cmake/ament_cmake_export_include_directories-extras.cmake
-- Installing: /home/u20/rov-ros-2/ROS2_Coming/ros2_ws/install/usm_interface/share/usm_interface/cmake/rosidl_cmake_export_typesupport_libraries-extras.cmake
-- Installing: /home/u20/rov-ros-2/ROS2_Coming/ros2_ws/install/usm_interface/share/usm_interface/cmake/rosidl_cmake_export_typesupport_targets-extras.cmake
-- Installing: /home/u20/rov-ros-2/ROS2_Coming/ros2_ws/install/usm_interface/share/usm_interface/cmake/usm_interfaceConfig.cmake
-- Installing: /home/u20/rov-ros-2/ROS2_Coming/ros2_ws/install/usm_interface/share/usm_interface/cmake/usm_interfaceConfig-version.cmake
-- Installing: /home/u20/rov-ros-2/ROS2_Coming/ros2_ws/install/usm_interface/share/usm_interface/package.xml
