[0.015s] Invoking command in '/home/u20/rov-ros-2/ROS2_Coming/ros2_ws/build/usm_interface': AMENT_PREFIX_PATH=/home/u20/rov-ros-2/ROS2_Coming/ros2_ws/install/communication_interfaces:${AMENT_PREFIX_PATH} CMAKE_PREFIX_PATH=/home/u20/rov-ros-2/ROS2_Coming/ros2_ws/install/communication_interfaces:/opt/ros/foxy LD_LIBRARY_PATH=/home/u20/rov-ros-2/ROS2_Coming/ros2_ws/install/communication_interfaces/lib:${LD_LIBRARY_PATH} PYTHONPATH=/home/u20/rov-ros-2/ROS2_Coming/ros2_ws/install/communication_interfaces/lib/python3.8/site-packages:${PYTHONPATH} /usr/bin/cmake /home/u20/rov-ros-2/ROS2_Coming/ros2_ws/src/usm_interface -DCMAKE_INSTALL_PREFIX=/home/u20/rov-ros-2/ROS2_Coming/ros2_ws/install/usm_interface
[0.065s] -- The C compiler identification is GNU 9.4.0
[0.118s] -- The CXX compiler identification is GNU 9.4.0
[0.122s] -- Check for working C compiler: /usr/bin/cc
[0.187s] -- Check for working C compiler: /usr/bin/cc -- works
[0.188s] -- Detecting C compiler ABI info
[0.256s] -- Detecting C compiler ABI info - done
[0.266s] -- Detecting C compile features
[0.266s] -- Detecting C compile features - done
[0.269s] -- Check for working CXX compiler: /usr/bin/c++
[0.343s] -- Check for working CXX compiler: /usr/bin/c++ -- works
[0.344s] -- Detecting CXX compiler ABI info
[0.435s] -- Detecting CXX compiler ABI info - done
[0.448s] -- Detecting CXX compile features
[0.449s] -- Detecting CXX compile features - done
[0.452s] -- Found ament_cmake: 0.9.12 (/opt/ros/foxy/share/ament_cmake/cmake)
[0.483s] -- Found PythonInterp: /usr/bin/python3 (found suitable version "3.8.10", minimum required is "3") 
[0.484s] -- Using PYTHON_EXECUTABLE: /usr/bin/python3
[0.677s] -- Found std_msgs: 2.0.5 (/opt/ros/foxy/share/std_msgs/cmake)
[0.700s] -- Using all available rosidl_typesupport_c: rosidl_typesupport_fastrtps_c;rosidl_typesupport_introspection_c
[0.705s] -- Found rosidl_adapter: 1.3.1 (/opt/ros/foxy/share/rosidl_adapter/cmake)
[0.783s] -- Found OpenSSL: /usr/lib/x86_64-linux-gnu/libcrypto.so (found version "1.1.1f")  
[0.808s] -- Found FastRTPS: /opt/ros/foxy/include  
[0.894s] -- Using all available rosidl_typesupport_cpp: rosidl_typesupport_fastrtps_cpp;rosidl_typesupport_introspection_cpp
[0.967s] -- Found sensor_msgs: 2.0.5 (/opt/ros/foxy/share/sensor_msgs/cmake)
[1.151s] -- Found rosidl_default_generators: 1.0.1 (/opt/ros/foxy/share/rosidl_default_generators/cmake)
[1.167s] -- Found communication_interfaces: 0.0.0 (/home/u20/rov-ros-2/ROS2_Coming/ros2_ws/install/communication_interfaces/share/communication_interfaces/cmake)
[1.243s] -- Found PythonInterp: /usr/bin/python3 (found version "3.8.10") 
[1.421s] -- Found ament_cmake_ros: 0.9.2 (/opt/ros/foxy/share/ament_cmake_ros/cmake)
[1.586s] -- Using all available rosidl_typesupport_c: rosidl_typesupport_fastrtps_c;rosidl_typesupport_introspection_c
[1.649s] -- Using all available rosidl_typesupport_cpp: rosidl_typesupport_fastrtps_cpp;rosidl_typesupport_introspection_cpp
[1.670s] -- Found PythonInterp: /usr/bin/python3 (found suitable version "3.8.10", minimum required is "3.5") 
[1.671s] -- Found python_cmake_module: 0.8.1 (/opt/ros/foxy/share/python_cmake_module/cmake)
[1.694s] -- Found PythonLibs: /usr/lib/x86_64-linux-gnu/libpython3.8.so (found suitable version "3.8.10", minimum required is "3.5") 
[1.694s] -- Using PYTHON_EXECUTABLE: /usr/bin/python3
[1.694s] -- Using PYTHON_INCLUDE_DIRS: /usr/include/python3.8
[1.694s] -- Using PYTHON_LIBRARIES: /usr/lib/x86_64-linux-gnu/libpython3.8.so
[1.712s] -- Found PythonExtra: .so  
[1.772s] -- Found ament_lint_auto: 0.9.8 (/opt/ros/foxy/share/ament_lint_auto/cmake)
[1.789s] -- Added test 'copyright' to check source files copyright and LICENSE
[1.790s] -- Added test 'lint_cmake' to check CMake code style
[1.791s] -- Added test 'xmllint' to check XML markup files
[1.804s] -- Configuring done
[1.865s] -- Generating done
[1.882s] -- Build files have been written to: /home/u20/rov-ros-2/ROS2_Coming/ros2_ws/build/usm_interface
[1.889s] Invoked command in '/home/u20/rov-ros-2/ROS2_Coming/ros2_ws/build/usm_interface' returned '0': AMENT_PREFIX_PATH=/home/u20/rov-ros-2/ROS2_Coming/ros2_ws/install/communication_interfaces:${AMENT_PREFIX_PATH} CMAKE_PREFIX_PATH=/home/u20/rov-ros-2/ROS2_Coming/ros2_ws/install/communication_interfaces:/opt/ros/foxy LD_LIBRARY_PATH=/home/u20/rov-ros-2/ROS2_Coming/ros2_ws/install/communication_interfaces/lib:${LD_LIBRARY_PATH} PYTHONPATH=/home/u20/rov-ros-2/ROS2_Coming/ros2_ws/install/communication_interfaces/lib/python3.8/site-packages:${PYTHONPATH} /usr/bin/cmake /home/u20/rov-ros-2/ROS2_Coming/ros2_ws/src/usm_interface -DCMAKE_INSTALL_PREFIX=/home/u20/rov-ros-2/ROS2_Coming/ros2_ws/install/usm_interface
[1.891s] Invoking command in '/home/u20/rov-ros-2/ROS2_Coming/ros2_ws/build/usm_interface': AMENT_PREFIX_PATH=/home/u20/rov-ros-2/ROS2_Coming/ros2_ws/install/communication_interfaces:${AMENT_PREFIX_PATH} CMAKE_PREFIX_PATH=/home/u20/rov-ros-2/ROS2_Coming/ros2_ws/install/communication_interfaces:/opt/ros/foxy LD_LIBRARY_PATH=/home/u20/rov-ros-2/ROS2_Coming/ros2_ws/install/communication_interfaces/lib:${LD_LIBRARY_PATH} PYTHONPATH=/home/u20/rov-ros-2/ROS2_Coming/ros2_ws/install/communication_interfaces/lib/python3.8/site-packages:${PYTHONPATH} /usr/bin/cmake --build /home/u20/rov-ros-2/ROS2_Coming/ros2_ws/build/usm_interface -- -j12 -l12
[1.934s] [  1%] [34m[1mGenerating C code for ROS interfaces[0m
[1.934s] [35m[1mScanning dependencies of target usm_interface__cpp[0m
[1.944s] [  3%] [34m[1mGenerating C++ code for ROS interfaces[0m
[2.303s] [  3%] Built target usm_interface__cpp
[2.306s] [35m[1mScanning dependencies of target usm_interface__rosidl_generator_c[0m
[2.315s] [  7%] [34m[1mGenerating C++ type support dispatch for ROS interfaces[0m
[2.315s] [  7%] [34m[1mGenerating C++ type support for eProsima Fast-RTPS[0m
[2.315s] [  7%] [34m[1mGenerating C++ introspection for ROS interfaces[0m
[2.331s] [ 11%] [32mBuilding C object CMakeFiles/usm_interface__rosidl_generator_c.dir/rosidl_generator_c/usm_interface/msg/detail/joint_msg__functions.c.o[0m
[2.331s] [ 11%] [32mBuilding C object CMakeFiles/usm_interface__rosidl_generator_c.dir/rosidl_generator_c/usm_interface/msg/detail/all_cabins_msg__functions.c.o[0m
[2.334s] [ 15%] [32mBuilding C object CMakeFiles/usm_interface__rosidl_generator_c.dir/rosidl_generator_c/usm_interface/msg/detail/error_msg__functions.c.o[0m
[2.334s] [ 15%] [32mBuilding C object CMakeFiles/usm_interface__rosidl_generator_c.dir/rosidl_generator_c/usm_interface/msg/detail/led_msg__functions.c.o[0m
[2.334s] [ 15%] [32mBuilding C object CMakeFiles/usm_interface__rosidl_generator_c.dir/rosidl_generator_c/usm_interface/msg/detail/local_msg__functions.c.o[0m
[2.398s] [ 17%] [32m[1mLinking C shared library libusm_interface__rosidl_generator_c.so[0m
[2.441s] [ 17%] Built target usm_interface__rosidl_generator_c
[2.452s] [ 20%] [34m[1mGenerating C introspection for ROS interfaces[0m
[2.452s] [ 20%] [34m[1mGenerating C type support dispatch for ROS interfaces[0m
[2.579s] [35m[1mScanning dependencies of target usm_interface__rosidl_typesupport_cpp[0m
[2.602s] [ 22%] [32mBuilding CXX object CMakeFiles/usm_interface__rosidl_typesupport_cpp.dir/rosidl_typesupport_cpp/usm_interface/msg/led_msg__type_support.cpp.o[0m
[2.604s] [ 25%] [32mBuilding CXX object CMakeFiles/usm_interface__rosidl_typesupport_cpp.dir/rosidl_typesupport_cpp/usm_interface/msg/joint_msg__type_support.cpp.o[0m
[2.604s] [ 25%] [32mBuilding CXX object CMakeFiles/usm_interface__rosidl_typesupport_cpp.dir/rosidl_typesupport_cpp/usm_interface/msg/all_cabins_msg__type_support.cpp.o[0m
[2.604s] [ 26%] [32mBuilding CXX object CMakeFiles/usm_interface__rosidl_typesupport_cpp.dir/rosidl_typesupport_cpp/usm_interface/msg/local_msg__type_support.cpp.o[0m
[2.604s] [ 28%] [32mBuilding CXX object CMakeFiles/usm_interface__rosidl_typesupport_cpp.dir/rosidl_typesupport_cpp/usm_interface/msg/error_msg__type_support.cpp.o[0m
[2.689s] [35m[1mScanning dependencies of target usm_interface__rosidl_typesupport_introspection_cpp[0m
[2.709s] [ 30%] [32mBuilding CXX object CMakeFiles/usm_interface__rosidl_typesupport_introspection_cpp.dir/rosidl_typesupport_introspection_cpp/usm_interface/msg/detail/joint_msg__type_support.cpp.o[0m
[2.710s] [ 31%] [32mBuilding CXX object CMakeFiles/usm_interface__rosidl_typesupport_introspection_cpp.dir/rosidl_typesupport_introspection_cpp/usm_interface/msg/detail/all_cabins_msg__type_support.cpp.o[0m
[2.711s] [ 33%] [32mBuilding CXX object CMakeFiles/usm_interface__rosidl_typesupport_introspection_cpp.dir/rosidl_typesupport_introspection_cpp/usm_interface/msg/detail/error_msg__type_support.cpp.o[0m
[2.749s] [ 34%] [32mBuilding CXX object CMakeFiles/usm_interface__rosidl_typesupport_introspection_cpp.dir/rosidl_typesupport_introspection_cpp/usm_interface/msg/detail/led_msg__type_support.cpp.o[0m
[2.986s] [35m[1mScanning dependencies of target usm_interface__rosidl_typesupport_c[0m
[3.050s] [ 36%] [32mBuilding CXX object CMakeFiles/usm_interface__rosidl_typesupport_c.dir/rosidl_typesupport_c/usm_interface/msg/all_cabins_msg__type_support.cpp.o[0m
[3.074s] [35m[1mScanning dependencies of target usm_interface__rosidl_typesupport_fastrtps_cpp[0m
[3.083s] [ 38%] [32mBuilding CXX object CMakeFiles/usm_interface__rosidl_typesupport_introspection_cpp.dir/rosidl_typesupport_introspection_cpp/usm_interface/msg/detail/local_msg__type_support.cpp.o[0m
[3.098s] [ 39%] [32mBuilding CXX object CMakeFiles/usm_interface__rosidl_typesupport_c.dir/rosidl_typesupport_c/usm_interface/msg/joint_msg__type_support.cpp.o[0m
[3.101s] [ 41%] [32mBuilding CXX object CMakeFiles/usm_interface__rosidl_typesupport_c.dir/rosidl_typesupport_c/usm_interface/msg/error_msg__type_support.cpp.o[0m
[3.105s] [ 42%] [32mBuilding CXX object CMakeFiles/usm_interface__rosidl_typesupport_c.dir/rosidl_typesupport_c/usm_interface/msg/led_msg__type_support.cpp.o[0m
[3.108s] [ 44%] [32mBuilding CXX object CMakeFiles/usm_interface__rosidl_typesupport_c.dir/rosidl_typesupport_c/usm_interface/msg/local_msg__type_support.cpp.o[0m
[3.140s] [35m[1mScanning dependencies of target usm_interface__rosidl_typesupport_introspection_c[0m
[3.159s] [ 46%] [32mBuilding CXX object CMakeFiles/usm_interface__rosidl_typesupport_fastrtps_cpp.dir/rosidl_typesupport_fastrtps_cpp/usm_interface/msg/detail/dds_fastrtps/all_cabins_msg__type_support.cpp.o[0m
[3.159s] [ 47%] [32mBuilding CXX object CMakeFiles/usm_interface__rosidl_typesupport_fastrtps_cpp.dir/rosidl_typesupport_fastrtps_cpp/usm_interface/msg/detail/dds_fastrtps/joint_msg__type_support.cpp.o[0m
[3.162s] [ 49%] [32mBuilding CXX object CMakeFiles/usm_interface__rosidl_typesupport_fastrtps_cpp.dir/rosidl_typesupport_fastrtps_cpp/usm_interface/msg/detail/dds_fastrtps/error_msg__type_support.cpp.o[0m
[3.170s] [ 50%] [32mBuilding C object CMakeFiles/usm_interface__rosidl_typesupport_introspection_c.dir/rosidl_typesupport_introspection_c/usm_interface/msg/detail/all_cabins_msg__type_support.c.o[0m
[3.177s] [ 52%] [32mBuilding CXX object CMakeFiles/usm_interface__rosidl_typesupport_fastrtps_cpp.dir/rosidl_typesupport_fastrtps_cpp/usm_interface/msg/detail/dds_fastrtps/led_msg__type_support.cpp.o[0m
[3.185s] [ 53%] [32m[1mLinking CXX shared library libusm_interface__rosidl_typesupport_cpp.so[0m
[3.187s] [ 55%] [32m[1mLinking CXX shared library libusm_interface__rosidl_typesupport_c.so[0m
[3.248s] [ 57%] [32mBuilding C object CMakeFiles/usm_interface__rosidl_typesupport_introspection_c.dir/rosidl_typesupport_introspection_c/usm_interface/msg/detail/joint_msg__type_support.c.o[0m
[3.262s] [ 58%] [32mBuilding C object CMakeFiles/usm_interface__rosidl_typesupport_introspection_c.dir/rosidl_typesupport_introspection_c/usm_interface/msg/detail/error_msg__type_support.c.o[0m
[3.271s] [ 58%] Built target usm_interface__rosidl_typesupport_c
[3.286s] [ 60%] [32mBuilding C object CMakeFiles/usm_interface__rosidl_typesupport_introspection_c.dir/rosidl_typesupport_introspection_c/usm_interface/msg/detail/led_msg__type_support.c.o[0m
[3.311s] [ 61%] [32mBuilding C object CMakeFiles/usm_interface__rosidl_typesupport_introspection_c.dir/rosidl_typesupport_introspection_c/usm_interface/msg/detail/local_msg__type_support.c.o[0m
[3.321s] [ 63%] [32mBuilding CXX object CMakeFiles/usm_interface__rosidl_typesupport_fastrtps_cpp.dir/rosidl_typesupport_fastrtps_cpp/usm_interface/msg/detail/dds_fastrtps/local_msg__type_support.cpp.o[0m
[3.324s] [ 63%] Built target usm_interface__rosidl_typesupport_cpp
[3.361s] [ 65%] [32m[1mLinking C shared library libusm_interface__rosidl_typesupport_introspection_c.so[0m
[3.394s] [ 65%] Built target usm_interface__rosidl_typesupport_introspection_c
[3.553s] [ 66%] [32m[1mLinking CXX shared library libusm_interface__rosidl_typesupport_introspection_cpp.so[0m
[3.657s] [ 66%] Built target usm_interface__rosidl_typesupport_introspection_cpp
[3.769s] [ 68%] [32m[1mLinking CXX shared library libusm_interface__rosidl_typesupport_fastrtps_cpp.so[0m
[3.865s] [ 68%] Built target usm_interface__rosidl_typesupport_fastrtps_cpp
[3.876s] [ 69%] [34m[1mGenerating C type support for eProsima Fast-RTPS[0m
[4.169s] [35m[1mScanning dependencies of target usm_interface__rosidl_typesupport_fastrtps_c[0m
[4.188s] [ 74%] [32mBuilding CXX object CMakeFiles/usm_interface__rosidl_typesupport_fastrtps_c.dir/rosidl_typesupport_fastrtps_c/usm_interface/msg/detail/joint_msg__type_support_c.cpp.o[0m
[4.188s] [ 74%] [32mBuilding CXX object CMakeFiles/usm_interface__rosidl_typesupport_fastrtps_c.dir/rosidl_typesupport_fastrtps_c/usm_interface/msg/detail/error_msg__type_support_c.cpp.o[0m
[4.188s] [ 76%] [32mBuilding CXX object CMakeFiles/usm_interface__rosidl_typesupport_fastrtps_c.dir/rosidl_typesupport_fastrtps_c/usm_interface/msg/detail/led_msg__type_support_c.cpp.o[0m
[4.188s] [ 74%] [32mBuilding CXX object CMakeFiles/usm_interface__rosidl_typesupport_fastrtps_c.dir/rosidl_typesupport_fastrtps_c/usm_interface/msg/detail/all_cabins_msg__type_support_c.cpp.o[0m
[4.190s] [ 77%] [32mBuilding CXX object CMakeFiles/usm_interface__rosidl_typesupport_fastrtps_c.dir/rosidl_typesupport_fastrtps_c/usm_interface/msg/detail/local_msg__type_support_c.cpp.o[0m
[4.542s] [ 79%] [32m[1mLinking CXX shared library libusm_interface__rosidl_typesupport_fastrtps_c.so[0m
[4.619s] [ 79%] Built target usm_interface__rosidl_typesupport_fastrtps_c
[4.631s] [35m[1mScanning dependencies of target usm_interface[0m
[4.642s] [ 79%] Built target usm_interface
[4.651s] [35m[1mScanning dependencies of target usm_interface__py[0m
[4.660s] [ 80%] [34m[1mGenerating Python code for ROS interfaces[0m
[5.433s] [ 80%] Built target usm_interface__py
[5.444s] [35m[1mScanning dependencies of target usm_interface__python[0m
[5.470s] [ 85%] [32mBuilding C object CMakeFiles/usm_interface__python.dir/rosidl_generator_py/usm_interface/msg/_joint_msg_s.c.o[0m
[5.470s] [ 85%] [32mBuilding C object CMakeFiles/usm_interface__python.dir/rosidl_generator_py/usm_interface/msg/_error_msg_s.c.o[0m
[5.470s] [ 85%] [32mBuilding C object CMakeFiles/usm_interface__python.dir/rosidl_generator_py/usm_interface/msg/_all_cabins_msg_s.c.o[0m
[5.471s] [ 87%] [32mBuilding C object CMakeFiles/usm_interface__python.dir/rosidl_generator_py/usm_interface/msg/_led_msg_s.c.o[0m
[5.473s] [ 88%] [32mBuilding C object CMakeFiles/usm_interface__python.dir/rosidl_generator_py/usm_interface/msg/_local_msg_s.c.o[0m
[5.576s] [ 90%] [32m[1mLinking C shared library rosidl_generator_py/usm_interface/libusm_interface__python.so[0m
[5.619s] [ 90%] Built target usm_interface__python
[5.633s] [35m[1mScanning dependencies of target usm_interface__rosidl_typesupport_introspection_c__pyext[0m
[5.633s] [35m[1mScanning dependencies of target usm_interface__rosidl_typesupport_c__pyext[0m
[5.633s] [35m[1mScanning dependencies of target usm_interface__rosidl_typesupport_fastrtps_c__pyext[0m
[5.652s] [ 93%] [32mBuilding C object CMakeFiles/usm_interface__rosidl_typesupport_c__pyext.dir/rosidl_generator_py/usm_interface/_usm_interface_s.ep.rosidl_typesupport_c.c.o[0m
[5.652s] [ 93%] [32mBuilding C object CMakeFiles/usm_interface__rosidl_typesupport_introspection_c__pyext.dir/rosidl_generator_py/usm_interface/_usm_interface_s.ep.rosidl_typesupport_introspection_c.c.o[0m
[5.653s] [ 95%] [32mBuilding C object CMakeFiles/usm_interface__rosidl_typesupport_fastrtps_c__pyext.dir/rosidl_generator_py/usm_interface/_usm_interface_s.ep.rosidl_typesupport_fastrtps_c.c.o[0m
[5.742s] [ 98%] [32m[1mLinking C shared library rosidl_generator_py/usm_interface/usm_interface_s__rosidl_typesupport_c.cpython-38-x86_64-linux-gnu.so[0m
[5.743s] [ 98%] [32m[1mLinking C shared library rosidl_generator_py/usm_interface/usm_interface_s__rosidl_typesupport_introspection_c.cpython-38-x86_64-linux-gnu.so[0m
[5.746s] [100%] [32m[1mLinking CXX shared library rosidl_generator_py/usm_interface/usm_interface_s__rosidl_typesupport_fastrtps_c.cpython-38-x86_64-linux-gnu.so[0m
[5.780s] [100%] Built target usm_interface__rosidl_typesupport_c__pyext
[5.780s] [100%] Built target usm_interface__rosidl_typesupport_introspection_c__pyext
[5.810s] [100%] Built target usm_interface__rosidl_typesupport_fastrtps_c__pyext
[5.826s] Invoked command in '/home/u20/rov-ros-2/ROS2_Coming/ros2_ws/build/usm_interface' returned '0': AMENT_PREFIX_PATH=/home/u20/rov-ros-2/ROS2_Coming/ros2_ws/install/communication_interfaces:${AMENT_PREFIX_PATH} CMAKE_PREFIX_PATH=/home/u20/rov-ros-2/ROS2_Coming/ros2_ws/install/communication_interfaces:/opt/ros/foxy LD_LIBRARY_PATH=/home/u20/rov-ros-2/ROS2_Coming/ros2_ws/install/communication_interfaces/lib:${LD_LIBRARY_PATH} PYTHONPATH=/home/u20/rov-ros-2/ROS2_Coming/ros2_ws/install/communication_interfaces/lib/python3.8/site-packages:${PYTHONPATH} /usr/bin/cmake --build /home/u20/rov-ros-2/ROS2_Coming/ros2_ws/build/usm_interface -- -j12 -l12
[5.838s] Invoking command in '/home/u20/rov-ros-2/ROS2_Coming/ros2_ws/build/usm_interface': AMENT_PREFIX_PATH=/home/u20/rov-ros-2/ROS2_Coming/ros2_ws/install/communication_interfaces:${AMENT_PREFIX_PATH} CMAKE_PREFIX_PATH=/home/u20/rov-ros-2/ROS2_Coming/ros2_ws/install/communication_interfaces:/opt/ros/foxy LD_LIBRARY_PATH=/home/u20/rov-ros-2/ROS2_Coming/ros2_ws/install/communication_interfaces/lib:${LD_LIBRARY_PATH} PYTHONPATH=/home/u20/rov-ros-2/ROS2_Coming/ros2_ws/install/communication_interfaces/lib/python3.8/site-packages:${PYTHONPATH} /usr/bin/cmake --install /home/u20/rov-ros-2/ROS2_Coming/ros2_ws/build/usm_interface
[5.848s] -- Install configuration: ""
[5.848s] -- Installing: /home/u20/rov-ros-2/ROS2_Coming/ros2_ws/install/usm_interface/share/ament_index/resource_index/rosidl_interfaces/usm_interface
[5.848s] -- Installing: /home/u20/rov-ros-2/ROS2_Coming/ros2_ws/install/usm_interface/include/usm_interface
[5.848s] -- Installing: /home/u20/rov-ros-2/ROS2_Coming/ros2_ws/install/usm_interface/include/usm_interface/msg
[5.848s] -- Installing: /home/u20/rov-ros-2/ROS2_Coming/ros2_ws/install/usm_interface/include/usm_interface/msg/error_msg.h
[5.849s] -- Installing: /home/u20/rov-ros-2/ROS2_Coming/ros2_ws/install/usm_interface/include/usm_interface/msg/local_msg.h
[5.849s] -- Installing: /home/u20/rov-ros-2/ROS2_Coming/ros2_ws/install/usm_interface/include/usm_interface/msg/led_msg.h
[5.849s] -- Installing: /home/u20/rov-ros-2/ROS2_Coming/ros2_ws/install/usm_interface/include/usm_interface/msg/all_cabins_msg.h
[5.849s] -- Installing: /home/u20/rov-ros-2/ROS2_Coming/ros2_ws/install/usm_interface/include/usm_interface/msg/detail
[5.849s] -- Installing: /home/u20/rov-ros-2/ROS2_Coming/ros2_ws/install/usm_interface/include/usm_interface/msg/detail/local_msg__functions.c
[5.849s] -- Installing: /home/u20/rov-ros-2/ROS2_Coming/ros2_ws/install/usm_interface/include/usm_interface/msg/detail/local_msg__struct.h
[5.849s] -- Installing: /home/u20/rov-ros-2/ROS2_Coming/ros2_ws/install/usm_interface/include/usm_interface/msg/detail/error_msg__functions.c
[5.850s] -- Installing: /home/u20/rov-ros-2/ROS2_Coming/ros2_ws/install/usm_interface/include/usm_interface/msg/detail/local_msg__functions.h
[5.850s] -- Installing: /home/u20/rov-ros-2/ROS2_Coming/ros2_ws/install/usm_interface/include/usm_interface/msg/detail/all_cabins_msg__type_support.h
[5.850s] -- Installing: /home/u20/rov-ros-2/ROS2_Coming/ros2_ws/install/usm_interface/include/usm_interface/msg/detail/error_msg__functions.h
[5.850s] -- Installing: /home/u20/rov-ros-2/ROS2_Coming/ros2_ws/install/usm_interface/include/usm_interface/msg/detail/led_msg__functions.c
[5.850s] -- Installing: /home/u20/rov-ros-2/ROS2_Coming/ros2_ws/install/usm_interface/include/usm_interface/msg/detail/joint_msg__type_support.h
[5.850s] -- Installing: /home/u20/rov-ros-2/ROS2_Coming/ros2_ws/install/usm_interface/include/usm_interface/msg/detail/error_msg__struct.h
[5.850s] -- Installing: /home/u20/rov-ros-2/ROS2_Coming/ros2_ws/install/usm_interface/include/usm_interface/msg/detail/joint_msg__functions.h
[5.850s] -- Installing: /home/u20/rov-ros-2/ROS2_Coming/ros2_ws/install/usm_interface/include/usm_interface/msg/detail/local_msg__type_support.h
[5.851s] -- Installing: /home/u20/rov-ros-2/ROS2_Coming/ros2_ws/install/usm_interface/include/usm_interface/msg/detail/error_msg__type_support.h
[5.851s] -- Installing: /home/u20/rov-ros-2/ROS2_Coming/ros2_ws/install/usm_interface/include/usm_interface/msg/detail/joint_msg__struct.h
[5.851s] -- Installing: /home/u20/rov-ros-2/ROS2_Coming/ros2_ws/install/usm_interface/include/usm_interface/msg/detail/all_cabins_msg__functions.h
[5.851s] -- Installing: /home/u20/rov-ros-2/ROS2_Coming/ros2_ws/install/usm_interface/include/usm_interface/msg/detail/all_cabins_msg__functions.c
[5.851s] -- Installing: /home/u20/rov-ros-2/ROS2_Coming/ros2_ws/install/usm_interface/include/usm_interface/msg/detail/led_msg__struct.h
[5.851s] -- Installing: /home/u20/rov-ros-2/ROS2_Coming/ros2_ws/install/usm_interface/include/usm_interface/msg/detail/all_cabins_msg__struct.h
[5.851s] -- Installing: /home/u20/rov-ros-2/ROS2_Coming/ros2_ws/install/usm_interface/include/usm_interface/msg/detail/led_msg__functions.h
[5.851s] -- Installing: /home/u20/rov-ros-2/ROS2_Coming/ros2_ws/install/usm_interface/include/usm_interface/msg/detail/led_msg__type_support.h
[5.851s] -- Installing: /home/u20/rov-ros-2/ROS2_Coming/ros2_ws/install/usm_interface/include/usm_interface/msg/detail/joint_msg__functions.c
[5.852s] -- Installing: /home/u20/rov-ros-2/ROS2_Coming/ros2_ws/install/usm_interface/include/usm_interface/msg/joint_msg.h
[5.852s] -- Installing: /home/u20/rov-ros-2/ROS2_Coming/ros2_ws/install/usm_interface/include/usm_interface/msg/rosidl_generator_c__visibility_control.h
[5.852s] -- Installing: /home/u20/rov-ros-2/ROS2_Coming/ros2_ws/install/usm_interface/share/usm_interface/environment/library_path.sh
[5.852s] -- Installing: /home/u20/rov-ros-2/ROS2_Coming/ros2_ws/install/usm_interface/share/usm_interface/environment/library_path.dsv
[5.852s] -- Installing: /home/u20/rov-ros-2/ROS2_Coming/ros2_ws/install/usm_interface/lib/libusm_interface__rosidl_generator_c.so
[5.852s] -- Set runtime path of "/home/u20/rov-ros-2/ROS2_Coming/ros2_ws/install/usm_interface/lib/libusm_interface__rosidl_generator_c.so" to ""
[5.852s] -- Up-to-date: /home/u20/rov-ros-2/ROS2_Coming/ros2_ws/install/usm_interface/include/usm_interface
[5.853s] -- Up-to-date: /home/u20/rov-ros-2/ROS2_Coming/ros2_ws/install/usm_interface/include/usm_interface/msg
[5.853s] -- Installing: /home/u20/rov-ros-2/ROS2_Coming/ros2_ws/install/usm_interface/include/usm_interface/msg/rosidl_typesupport_fastrtps_c__visibility_control.h
[5.853s] -- Up-to-date: /home/u20/rov-ros-2/ROS2_Coming/ros2_ws/install/usm_interface/include/usm_interface/msg/detail
[5.853s] -- Installing: /home/u20/rov-ros-2/ROS2_Coming/ros2_ws/install/usm_interface/include/usm_interface/msg/detail/local_msg__rosidl_typesupport_fastrtps_c.h
[5.853s] -- Installing: /home/u20/rov-ros-2/ROS2_Coming/ros2_ws/install/usm_interface/include/usm_interface/msg/detail/led_msg__rosidl_typesupport_fastrtps_c.h
[5.853s] -- Installing: /home/u20/rov-ros-2/ROS2_Coming/ros2_ws/install/usm_interface/include/usm_interface/msg/detail/error_msg__rosidl_typesupport_fastrtps_c.h
[5.853s] -- Installing: /home/u20/rov-ros-2/ROS2_Coming/ros2_ws/install/usm_interface/include/usm_interface/msg/detail/all_cabins_msg__rosidl_typesupport_fastrtps_c.h
[5.853s] -- Installing: /home/u20/rov-ros-2/ROS2_Coming/ros2_ws/install/usm_interface/include/usm_interface/msg/detail/joint_msg__rosidl_typesupport_fastrtps_c.h
[5.854s] -- Installing: /home/u20/rov-ros-2/ROS2_Coming/ros2_ws/install/usm_interface/lib/libusm_interface__rosidl_typesupport_fastrtps_c.so
[5.854s] -- Set runtime path of "/home/u20/rov-ros-2/ROS2_Coming/ros2_ws/install/usm_interface/lib/libusm_interface__rosidl_typesupport_fastrtps_c.so" to ""
[5.854s] -- Up-to-date: /home/u20/rov-ros-2/ROS2_Coming/ros2_ws/install/usm_interface/include/usm_interface
[5.854s] -- Up-to-date: /home/u20/rov-ros-2/ROS2_Coming/ros2_ws/install/usm_interface/include/usm_interface/msg
[5.854s] -- Up-to-date: /home/u20/rov-ros-2/ROS2_Coming/ros2_ws/install/usm_interface/include/usm_interface/msg/detail
[5.854s] -- Installing: /home/u20/rov-ros-2/ROS2_Coming/ros2_ws/install/usm_interface/include/usm_interface/msg/detail/all_cabins_msg__rosidl_typesupport_fastrtps_cpp.hpp
[5.854s] -- Installing: /home/u20/rov-ros-2/ROS2_Coming/ros2_ws/install/usm_interface/include/usm_interface/msg/detail/joint_msg__rosidl_typesupport_fastrtps_cpp.hpp
[5.855s] -- Installing: /home/u20/rov-ros-2/ROS2_Coming/ros2_ws/install/usm_interface/include/usm_interface/msg/detail/dds_fastrtps
[5.855s] -- Installing: /home/u20/rov-ros-2/ROS2_Coming/ros2_ws/install/usm_interface/include/usm_interface/msg/detail/led_msg__rosidl_typesupport_fastrtps_cpp.hpp
[5.855s] -- Installing: /home/u20/rov-ros-2/ROS2_Coming/ros2_ws/install/usm_interface/include/usm_interface/msg/detail/error_msg__rosidl_typesupport_fastrtps_cpp.hpp
[5.855s] -- Installing: /home/u20/rov-ros-2/ROS2_Coming/ros2_ws/install/usm_interface/include/usm_interface/msg/detail/local_msg__rosidl_typesupport_fastrtps_cpp.hpp
[5.855s] -- Installing: /home/u20/rov-ros-2/ROS2_Coming/ros2_ws/install/usm_interface/include/usm_interface/msg/rosidl_typesupport_fastrtps_cpp__visibility_control.h
[5.855s] -- Installing: /home/u20/rov-ros-2/ROS2_Coming/ros2_ws/install/usm_interface/lib/libusm_interface__rosidl_typesupport_fastrtps_cpp.so
[5.855s] -- Set runtime path of "/home/u20/rov-ros-2/ROS2_Coming/ros2_ws/install/usm_interface/lib/libusm_interface__rosidl_typesupport_fastrtps_cpp.so" to ""
[5.856s] -- Up-to-date: /home/u20/rov-ros-2/ROS2_Coming/ros2_ws/install/usm_interface/include/usm_interface
[5.856s] -- Up-to-date: /home/u20/rov-ros-2/ROS2_Coming/ros2_ws/install/usm_interface/include/usm_interface/msg
[5.856s] -- Installing: /home/u20/rov-ros-2/ROS2_Coming/ros2_ws/install/usm_interface/include/usm_interface/msg/rosidl_typesupport_introspection_c__visibility_control.h
[5.856s] -- Up-to-date: /home/u20/rov-ros-2/ROS2_Coming/ros2_ws/install/usm_interface/include/usm_interface/msg/detail
[5.856s] -- Installing: /home/u20/rov-ros-2/ROS2_Coming/ros2_ws/install/usm_interface/include/usm_interface/msg/detail/local_msg__rosidl_typesupport_introspection_c.h
[5.856s] -- Installing: /home/u20/rov-ros-2/ROS2_Coming/ros2_ws/install/usm_interface/include/usm_interface/msg/detail/joint_msg__type_support.c
[5.856s] -- Installing: /home/u20/rov-ros-2/ROS2_Coming/ros2_ws/install/usm_interface/include/usm_interface/msg/detail/error_msg__rosidl_typesupport_introspection_c.h
[5.857s] -- Installing: /home/u20/rov-ros-2/ROS2_Coming/ros2_ws/install/usm_interface/include/usm_interface/msg/detail/error_msg__type_support.c
[5.857s] -- Installing: /home/u20/rov-ros-2/ROS2_Coming/ros2_ws/install/usm_interface/include/usm_interface/msg/detail/all_cabins_msg__type_support.c
[5.857s] -- Installing: /home/u20/rov-ros-2/ROS2_Coming/ros2_ws/install/usm_interface/include/usm_interface/msg/detail/led_msg__rosidl_typesupport_introspection_c.h
[5.857s] -- Installing: /home/u20/rov-ros-2/ROS2_Coming/ros2_ws/install/usm_interface/include/usm_interface/msg/detail/local_msg__type_support.c
[5.857s] -- Installing: /home/u20/rov-ros-2/ROS2_Coming/ros2_ws/install/usm_interface/include/usm_interface/msg/detail/all_cabins_msg__rosidl_typesupport_introspection_c.h
[5.857s] -- Installing: /home/u20/rov-ros-2/ROS2_Coming/ros2_ws/install/usm_interface/include/usm_interface/msg/detail/joint_msg__rosidl_typesupport_introspection_c.h
[5.857s] -- Installing: /home/u20/rov-ros-2/ROS2_Coming/ros2_ws/install/usm_interface/include/usm_interface/msg/detail/led_msg__type_support.c
[5.857s] -- Installing: /home/u20/rov-ros-2/ROS2_Coming/ros2_ws/install/usm_interface/lib/libusm_interface__rosidl_typesupport_introspection_c.so
[5.858s] -- Set runtime path of "/home/u20/rov-ros-2/ROS2_Coming/ros2_ws/install/usm_interface/lib/libusm_interface__rosidl_typesupport_introspection_c.so" to ""
[5.858s] -- Installing: /home/u20/rov-ros-2/ROS2_Coming/ros2_ws/install/usm_interface/lib/libusm_interface__rosidl_typesupport_c.so
[5.858s] -- Set runtime path of "/home/u20/rov-ros-2/ROS2_Coming/ros2_ws/install/usm_interface/lib/libusm_interface__rosidl_typesupport_c.so" to ""
[5.858s] -- Up-to-date: /home/u20/rov-ros-2/ROS2_Coming/ros2_ws/install/usm_interface/include/usm_interface
[5.858s] -- Up-to-date: /home/u20/rov-ros-2/ROS2_Coming/ros2_ws/install/usm_interface/include/usm_interface/msg
[5.859s] -- Installing: /home/u20/rov-ros-2/ROS2_Coming/ros2_ws/install/usm_interface/include/usm_interface/msg/local_msg.hpp
[5.859s] -- Installing: /home/u20/rov-ros-2/ROS2_Coming/ros2_ws/install/usm_interface/include/usm_interface/msg/joint_msg.hpp
[5.859s] -- Installing: /home/u20/rov-ros-2/ROS2_Coming/ros2_ws/install/usm_interface/include/usm_interface/msg/led_msg.hpp
[5.859s] -- Up-to-date: /home/u20/rov-ros-2/ROS2_Coming/ros2_ws/install/usm_interface/include/usm_interface/msg/detail
[5.859s] -- Installing: /home/u20/rov-ros-2/ROS2_Coming/ros2_ws/install/usm_interface/include/usm_interface/msg/detail/local_msg__type_support.hpp
[5.859s] -- Installing: /home/u20/rov-ros-2/ROS2_Coming/ros2_ws/install/usm_interface/include/usm_interface/msg/detail/all_cabins_msg__type_support.hpp
[5.859s] -- Installing: /home/u20/rov-ros-2/ROS2_Coming/ros2_ws/install/usm_interface/include/usm_interface/msg/detail/error_msg__type_support.hpp
[5.859s] -- Installing: /home/u20/rov-ros-2/ROS2_Coming/ros2_ws/install/usm_interface/include/usm_interface/msg/detail/led_msg__builder.hpp
[5.860s] -- Installing: /home/u20/rov-ros-2/ROS2_Coming/ros2_ws/install/usm_interface/include/usm_interface/msg/detail/led_msg__traits.hpp
[5.860s] -- Installing: /home/u20/rov-ros-2/ROS2_Coming/ros2_ws/install/usm_interface/include/usm_interface/msg/detail/joint_msg__type_support.hpp
[5.860s] -- Installing: /home/u20/rov-ros-2/ROS2_Coming/ros2_ws/install/usm_interface/include/usm_interface/msg/detail/led_msg__struct.hpp
[5.860s] -- Installing: /home/u20/rov-ros-2/ROS2_Coming/ros2_ws/install/usm_interface/include/usm_interface/msg/detail/error_msg__builder.hpp
[5.860s] -- Installing: /home/u20/rov-ros-2/ROS2_Coming/ros2_ws/install/usm_interface/include/usm_interface/msg/detail/error_msg__traits.hpp
[5.860s] -- Installing: /home/u20/rov-ros-2/ROS2_Coming/ros2_ws/install/usm_interface/include/usm_interface/msg/detail/error_msg__struct.hpp
[5.860s] -- Installing: /home/u20/rov-ros-2/ROS2_Coming/ros2_ws/install/usm_interface/include/usm_interface/msg/detail/joint_msg__builder.hpp
[5.860s] -- Installing: /home/u20/rov-ros-2/ROS2_Coming/ros2_ws/install/usm_interface/include/usm_interface/msg/detail/led_msg__type_support.hpp
[5.860s] -- Installing: /home/u20/rov-ros-2/ROS2_Coming/ros2_ws/install/usm_interface/include/usm_interface/msg/detail/all_cabins_msg__struct.hpp
[5.861s] -- Installing: /home/u20/rov-ros-2/ROS2_Coming/ros2_ws/install/usm_interface/include/usm_interface/msg/detail/local_msg__struct.hpp
[5.861s] -- Installing: /home/u20/rov-ros-2/ROS2_Coming/ros2_ws/install/usm_interface/include/usm_interface/msg/detail/joint_msg__struct.hpp
[5.861s] -- Installing: /home/u20/rov-ros-2/ROS2_Coming/ros2_ws/install/usm_interface/include/usm_interface/msg/detail/all_cabins_msg__builder.hpp
[5.861s] -- Installing: /home/u20/rov-ros-2/ROS2_Coming/ros2_ws/install/usm_interface/include/usm_interface/msg/detail/joint_msg__traits.hpp
[5.861s] -- Installing: /home/u20/rov-ros-2/ROS2_Coming/ros2_ws/install/usm_interface/include/usm_interface/msg/detail/local_msg__traits.hpp
[5.861s] -- Installing: /home/u20/rov-ros-2/ROS2_Coming/ros2_ws/install/usm_interface/include/usm_interface/msg/detail/local_msg__builder.hpp
[5.861s] -- Installing: /home/u20/rov-ros-2/ROS2_Coming/ros2_ws/install/usm_interface/include/usm_interface/msg/detail/all_cabins_msg__traits.hpp
[5.861s] -- Installing: /home/u20/rov-ros-2/ROS2_Coming/ros2_ws/install/usm_interface/include/usm_interface/msg/rosidl_generator_cpp__visibility_control.hpp
[5.862s] -- Installing: /home/u20/rov-ros-2/ROS2_Coming/ros2_ws/install/usm_interface/include/usm_interface/msg/all_cabins_msg.hpp
[5.862s] -- Installing: /home/u20/rov-ros-2/ROS2_Coming/ros2_ws/install/usm_interface/include/usm_interface/msg/error_msg.hpp
[5.862s] -- Up-to-date: /home/u20/rov-ros-2/ROS2_Coming/ros2_ws/install/usm_interface/include/usm_interface
[5.862s] -- Up-to-date: /home/u20/rov-ros-2/ROS2_Coming/ros2_ws/install/usm_interface/include/usm_interface/msg
[5.862s] -- Up-to-date: /home/u20/rov-ros-2/ROS2_Coming/ros2_ws/install/usm_interface/include/usm_interface/msg/detail
[5.862s] -- Installing: /home/u20/rov-ros-2/ROS2_Coming/ros2_ws/install/usm_interface/include/usm_interface/msg/detail/all_cabins_msg__rosidl_typesupport_introspection_cpp.hpp
[5.862s] -- Installing: /home/u20/rov-ros-2/ROS2_Coming/ros2_ws/install/usm_interface/include/usm_interface/msg/detail/error_msg__rosidl_typesupport_introspection_cpp.hpp
[5.862s] -- Installing: /home/u20/rov-ros-2/ROS2_Coming/ros2_ws/install/usm_interface/include/usm_interface/msg/detail/error_msg__type_support.cpp
[5.863s] -- Installing: /home/u20/rov-ros-2/ROS2_Coming/ros2_ws/install/usm_interface/include/usm_interface/msg/detail/all_cabins_msg__type_support.cpp
[5.863s] -- Installing: /home/u20/rov-ros-2/ROS2_Coming/ros2_ws/install/usm_interface/include/usm_interface/msg/detail/led_msg__type_support.cpp
[5.863s] -- Installing: /home/u20/rov-ros-2/ROS2_Coming/ros2_ws/install/usm_interface/include/usm_interface/msg/detail/joint_msg__rosidl_typesupport_introspection_cpp.hpp
[5.863s] -- Installing: /home/u20/rov-ros-2/ROS2_Coming/ros2_ws/install/usm_interface/include/usm_interface/msg/detail/led_msg__rosidl_typesupport_introspection_cpp.hpp
[5.863s] -- Installing: /home/u20/rov-ros-2/ROS2_Coming/ros2_ws/install/usm_interface/include/usm_interface/msg/detail/local_msg__rosidl_typesupport_introspection_cpp.hpp
[5.863s] -- Installing: /home/u20/rov-ros-2/ROS2_Coming/ros2_ws/install/usm_interface/include/usm_interface/msg/detail/local_msg__type_support.cpp
[5.863s] -- Installing: /home/u20/rov-ros-2/ROS2_Coming/ros2_ws/install/usm_interface/include/usm_interface/msg/detail/joint_msg__type_support.cpp
[5.863s] -- Installing: /home/u20/rov-ros-2/ROS2_Coming/ros2_ws/install/usm_interface/lib/libusm_interface__rosidl_typesupport_introspection_cpp.so
[5.863s] -- Set runtime path of "/home/u20/rov-ros-2/ROS2_Coming/ros2_ws/install/usm_interface/lib/libusm_interface__rosidl_typesupport_introspection_cpp.so" to ""
[5.864s] -- Installing: /home/u20/rov-ros-2/ROS2_Coming/ros2_ws/install/usm_interface/lib/libusm_interface__rosidl_typesupport_cpp.so
[5.864s] -- Set runtime path of "/home/u20/rov-ros-2/ROS2_Coming/ros2_ws/install/usm_interface/lib/libusm_interface__rosidl_typesupport_cpp.so" to ""
[5.864s] -- Installing: /home/u20/rov-ros-2/ROS2_Coming/ros2_ws/install/usm_interface/share/usm_interface/environment/pythonpath.sh
[5.864s] -- Installing: /home/u20/rov-ros-2/ROS2_Coming/ros2_ws/install/usm_interface/share/usm_interface/environment/pythonpath.dsv
[5.864s] -- Installing: /home/u20/rov-ros-2/ROS2_Coming/ros2_ws/install/usm_interface/lib/python3.8/site-packages/usm_interface/__init__.py
[5.889s] Compiling '/home/u20/rov-ros-2/ROS2_Coming/ros2_ws/install/usm_interface/lib/python3.8/site-packages/usm_interface/__init__.py'...
[5.892s] -- Installing: /home/u20/rov-ros-2/ROS2_Coming/ros2_ws/install/usm_interface/lib/python3.8/site-packages/usm_interface/msg
[5.893s] -- Installing: /home/u20/rov-ros-2/ROS2_Coming/ros2_ws/install/usm_interface/lib/python3.8/site-packages/usm_interface/msg/_all_cabins_msg.py
[5.893s] -- Installing: /home/u20/rov-ros-2/ROS2_Coming/ros2_ws/install/usm_interface/lib/python3.8/site-packages/usm_interface/msg/_joint_msg_s.c
[5.893s] -- Installing: /home/u20/rov-ros-2/ROS2_Coming/ros2_ws/install/usm_interface/lib/python3.8/site-packages/usm_interface/msg/_led_msg.py
[5.893s] -- Installing: /home/u20/rov-ros-2/ROS2_Coming/ros2_ws/install/usm_interface/lib/python3.8/site-packages/usm_interface/msg/_local_msg_s.c
[5.893s] -- Installing: /home/u20/rov-ros-2/ROS2_Coming/ros2_ws/install/usm_interface/lib/python3.8/site-packages/usm_interface/msg/_local_msg.py
[5.893s] -- Installing: /home/u20/rov-ros-2/ROS2_Coming/ros2_ws/install/usm_interface/lib/python3.8/site-packages/usm_interface/msg/_all_cabins_msg_s.c
[5.893s] -- Installing: /home/u20/rov-ros-2/ROS2_Coming/ros2_ws/install/usm_interface/lib/python3.8/site-packages/usm_interface/msg/_led_msg_s.c
[5.893s] -- Installing: /home/u20/rov-ros-2/ROS2_Coming/ros2_ws/install/usm_interface/lib/python3.8/site-packages/usm_interface/msg/_error_msg_s.c
[5.894s] -- Installing: /home/u20/rov-ros-2/ROS2_Coming/ros2_ws/install/usm_interface/lib/python3.8/site-packages/usm_interface/msg/__init__.py
[5.894s] -- Installing: /home/u20/rov-ros-2/ROS2_Coming/ros2_ws/install/usm_interface/lib/python3.8/site-packages/usm_interface/msg/_error_msg.py
[5.894s] -- Installing: /home/u20/rov-ros-2/ROS2_Coming/ros2_ws/install/usm_interface/lib/python3.8/site-packages/usm_interface/msg/_joint_msg.py
[5.894s] -- Installing: /home/u20/rov-ros-2/ROS2_Coming/ros2_ws/install/usm_interface/lib/python3.8/site-packages/usm_interface/usm_interface_s__rosidl_typesupport_fastrtps_c.cpython-38-x86_64-linux-gnu.so
[5.895s] -- Set runtime path of "/home/u20/rov-ros-2/ROS2_Coming/ros2_ws/install/usm_interface/lib/python3.8/site-packages/usm_interface/usm_interface_s__rosidl_typesupport_fastrtps_c.cpython-38-x86_64-linux-gnu.so" to ""
[5.895s] -- Installing: /home/u20/rov-ros-2/ROS2_Coming/ros2_ws/install/usm_interface/lib/python3.8/site-packages/usm_interface/usm_interface_s__rosidl_typesupport_introspection_c.cpython-38-x86_64-linux-gnu.so
[5.895s] -- Set runtime path of "/home/u20/rov-ros-2/ROS2_Coming/ros2_ws/install/usm_interface/lib/python3.8/site-packages/usm_interface/usm_interface_s__rosidl_typesupport_introspection_c.cpython-38-x86_64-linux-gnu.so" to ""
[5.896s] -- Installing: /home/u20/rov-ros-2/ROS2_Coming/ros2_ws/install/usm_interface/lib/python3.8/site-packages/usm_interface/usm_interface_s__rosidl_typesupport_c.cpython-38-x86_64-linux-gnu.so
[5.896s] -- Set runtime path of "/home/u20/rov-ros-2/ROS2_Coming/ros2_ws/install/usm_interface/lib/python3.8/site-packages/usm_interface/usm_interface_s__rosidl_typesupport_c.cpython-38-x86_64-linux-gnu.so" to ""
[5.896s] -- Installing: /home/u20/rov-ros-2/ROS2_Coming/ros2_ws/install/usm_interface/lib/libusm_interface__python.so
[5.897s] -- Set runtime path of "/home/u20/rov-ros-2/ROS2_Coming/ros2_ws/install/usm_interface/lib/libusm_interface__python.so" to ""
[5.897s] -- Installing: /home/u20/rov-ros-2/ROS2_Coming/ros2_ws/install/usm_interface/share/usm_interface/msg/AllCabinsMsg.idl
[5.897s] -- Installing: /home/u20/rov-ros-2/ROS2_Coming/ros2_ws/install/usm_interface/share/usm_interface/msg/JointMsg.idl
[5.897s] -- Installing: /home/u20/rov-ros-2/ROS2_Coming/ros2_ws/install/usm_interface/share/usm_interface/msg/ErrorMsg.idl
[5.897s] -- Installing: /home/u20/rov-ros-2/ROS2_Coming/ros2_ws/install/usm_interface/share/usm_interface/msg/LedMsg.idl
[5.898s] -- Installing: /home/u20/rov-ros-2/ROS2_Coming/ros2_ws/install/usm_interface/share/usm_interface/msg/LocalMsg.idl
[5.898s] -- Installing: /home/u20/rov-ros-2/ROS2_Coming/ros2_ws/install/usm_interface/share/usm_interface/msg/AllCabinsMsg.msg
[5.898s] -- Installing: /home/u20/rov-ros-2/ROS2_Coming/ros2_ws/install/usm_interface/share/usm_interface/msg/JointMsg.msg
[5.898s] -- Installing: /home/u20/rov-ros-2/ROS2_Coming/ros2_ws/install/usm_interface/share/usm_interface/msg/ErrorMsg.msg
[5.898s] -- Installing: /home/u20/rov-ros-2/ROS2_Coming/ros2_ws/install/usm_interface/share/usm_interface/msg/LedMsg.msg
[5.898s] -- Installing: /home/u20/rov-ros-2/ROS2_Coming/ros2_ws/install/usm_interface/share/usm_interface/msg/LocalMsg.msg
[5.899s] -- Installing: /home/u20/rov-ros-2/ROS2_Coming/ros2_ws/install/usm_interface/share/ament_index/resource_index/package_run_dependencies/usm_interface
[5.899s] -- Installing: /home/u20/rov-ros-2/ROS2_Coming/ros2_ws/install/usm_interface/share/ament_index/resource_index/parent_prefix_path/usm_interface
[5.899s] -- Installing: /home/u20/rov-ros-2/ROS2_Coming/ros2_ws/install/usm_interface/share/usm_interface/environment/ament_prefix_path.sh
[5.899s] -- Installing: /home/u20/rov-ros-2/ROS2_Coming/ros2_ws/install/usm_interface/share/usm_interface/environment/ament_prefix_path.dsv
[5.899s] -- Installing: /home/u20/rov-ros-2/ROS2_Coming/ros2_ws/install/usm_interface/share/usm_interface/environment/path.sh
[5.899s] -- Installing: /home/u20/rov-ros-2/ROS2_Coming/ros2_ws/install/usm_interface/share/usm_interface/environment/path.dsv
[5.899s] -- Installing: /home/u20/rov-ros-2/ROS2_Coming/ros2_ws/install/usm_interface/share/usm_interface/local_setup.bash
[5.900s] -- Installing: /home/u20/rov-ros-2/ROS2_Coming/ros2_ws/install/usm_interface/share/usm_interface/local_setup.sh
[5.900s] -- Installing: /home/u20/rov-ros-2/ROS2_Coming/ros2_ws/install/usm_interface/share/usm_interface/local_setup.zsh
[5.900s] -- Installing: /home/u20/rov-ros-2/ROS2_Coming/ros2_ws/install/usm_interface/share/usm_interface/local_setup.dsv
[5.900s] -- Installing: /home/u20/rov-ros-2/ROS2_Coming/ros2_ws/install/usm_interface/share/usm_interface/package.dsv
[5.900s] -- Installing: /home/u20/rov-ros-2/ROS2_Coming/ros2_ws/install/usm_interface/share/ament_index/resource_index/packages/usm_interface
[5.900s] -- Installing: /home/u20/rov-ros-2/ROS2_Coming/ros2_ws/install/usm_interface/share/usm_interface/cmake/usm_interface__rosidl_generator_cExport.cmake
[5.901s] -- Installing: /home/u20/rov-ros-2/ROS2_Coming/ros2_ws/install/usm_interface/share/usm_interface/cmake/usm_interface__rosidl_generator_cExport-noconfig.cmake
[5.901s] -- Installing: /home/u20/rov-ros-2/ROS2_Coming/ros2_ws/install/usm_interface/share/usm_interface/cmake/usm_interface__rosidl_typesupport_introspection_cExport.cmake
[5.901s] -- Installing: /home/u20/rov-ros-2/ROS2_Coming/ros2_ws/install/usm_interface/share/usm_interface/cmake/usm_interface__rosidl_typesupport_introspection_cExport-noconfig.cmake
[5.901s] -- Installing: /home/u20/rov-ros-2/ROS2_Coming/ros2_ws/install/usm_interface/share/usm_interface/cmake/usm_interface__rosidl_typesupport_cExport.cmake
[5.901s] -- Installing: /home/u20/rov-ros-2/ROS2_Coming/ros2_ws/install/usm_interface/share/usm_interface/cmake/usm_interface__rosidl_typesupport_cExport-noconfig.cmake
[5.901s] -- Installing: /home/u20/rov-ros-2/ROS2_Coming/ros2_ws/install/usm_interface/share/usm_interface/cmake/usm_interface__rosidl_generator_cppExport.cmake
[5.902s] -- Installing: /home/u20/rov-ros-2/ROS2_Coming/ros2_ws/install/usm_interface/share/usm_interface/cmake/usm_interface__rosidl_typesupport_introspection_cppExport.cmake
[5.902s] -- Installing: /home/u20/rov-ros-2/ROS2_Coming/ros2_ws/install/usm_interface/share/usm_interface/cmake/usm_interface__rosidl_typesupport_introspection_cppExport-noconfig.cmake
[5.902s] -- Installing: /home/u20/rov-ros-2/ROS2_Coming/ros2_ws/install/usm_interface/share/usm_interface/cmake/usm_interface__rosidl_typesupport_cppExport.cmake
[5.902s] -- Installing: /home/u20/rov-ros-2/ROS2_Coming/ros2_ws/install/usm_interface/share/usm_interface/cmake/usm_interface__rosidl_typesupport_cppExport-noconfig.cmake
[5.902s] -- Installing: /home/u20/rov-ros-2/ROS2_Coming/ros2_ws/install/usm_interface/share/usm_interface/cmake/rosidl_cmake-extras.cmake
[5.902s] -- Installing: /home/u20/rov-ros-2/ROS2_Coming/ros2_ws/install/usm_interface/share/usm_interface/cmake/ament_cmake_export_dependencies-extras.cmake
[5.903s] -- Installing: /home/u20/rov-ros-2/ROS2_Coming/ros2_ws/install/usm_interface/share/usm_interface/cmake/ament_cmake_export_libraries-extras.cmake
[5.903s] -- Installing: /home/u20/rov-ros-2/ROS2_Coming/ros2_ws/install/usm_interface/share/usm_interface/cmake/ament_cmake_export_targets-extras.cmake
[5.903s] -- Installing: /home/u20/rov-ros-2/ROS2_Coming/ros2_ws/install/usm_interface/share/usm_interface/cmake/ament_cmake_export_include_directories-extras.cmake
[5.903s] -- Installing: /home/u20/rov-ros-2/ROS2_Coming/ros2_ws/install/usm_interface/share/usm_interface/cmake/rosidl_cmake_export_typesupport_libraries-extras.cmake
[5.903s] -- Installing: /home/u20/rov-ros-2/ROS2_Coming/ros2_ws/install/usm_interface/share/usm_interface/cmake/rosidl_cmake_export_typesupport_targets-extras.cmake
[5.903s] -- Installing: /home/u20/rov-ros-2/ROS2_Coming/ros2_ws/install/usm_interface/share/usm_interface/cmake/usm_interfaceConfig.cmake
[5.904s] -- Installing: /home/u20/rov-ros-2/ROS2_Coming/ros2_ws/install/usm_interface/share/usm_interface/cmake/usm_interfaceConfig-version.cmake
[5.904s] -- Installing: /home/u20/rov-ros-2/ROS2_Coming/ros2_ws/install/usm_interface/share/usm_interface/package.xml
[5.906s] Invoked command in '/home/u20/rov-ros-2/ROS2_Coming/ros2_ws/build/usm_interface' returned '0': AMENT_PREFIX_PATH=/home/u20/rov-ros-2/ROS2_Coming/ros2_ws/install/communication_interfaces:${AMENT_PREFIX_PATH} CMAKE_PREFIX_PATH=/home/u20/rov-ros-2/ROS2_Coming/ros2_ws/install/communication_interfaces:/opt/ros/foxy LD_LIBRARY_PATH=/home/u20/rov-ros-2/ROS2_Coming/ros2_ws/install/communication_interfaces/lib:${LD_LIBRARY_PATH} PYTHONPATH=/home/u20/rov-ros-2/ROS2_Coming/ros2_ws/install/communication_interfaces/lib/python3.8/site-packages:${PYTHONPATH} /usr/bin/cmake --install /home/u20/rov-ros-2/ROS2_Coming/ros2_ws/build/usm_interface
