[0.127s] DEBUG:colcon:Command line arguments: ['/usr/bin/colcon', 'build', '--packages-select', 'topic1']
[0.128s] DEBUG:colcon:Parsed command line arguments: Namespace(log_base=None, log_level=None, verb_name='build', build_base='build', install_base='install', merge_install=False, symlink_install=False, test_result_base=None, continue_on_error=False, executor='parallel', parallel_workers=12, event_handlers=None, ignore_user_meta=False, metas=['./colcon.meta'], base_paths=['.'], packages_ignore=None, packages_ignore_regex=None, paths=None, packages_up_to=None, packages_up_to_regex=None, packages_above=None, packages_above_and_dependencies=None, packages_above_depth=None, packages_select_by_dep=None, packages_skip_by_dep=None, packages_skip_up_to=None, packages_select_build_failed=False, packages_skip_build_finished=False, packages_select_test_failures=False, packages_skip_test_passed=False, packages_select=['topic1'], packages_skip=None, packages_select_regex=None, packages_skip_regex=None, packages_start=None, packages_end=None, allow_overriding=[], cmake_args=None, cmake_target=None, cmake_target_skip_unavailable=False, cmake_clean_cache=False, cmake_clean_first=False, cmake_force_configure=False, ament_cmake_args=None, catkin_cmake_args=None, catkin_skip_building_tests=False, verb_parser=<colcon_defaults.argument_parser.defaults.DefaultArgumentsDecorator object at 0x72f3fa61bca0>, verb_extension=<colcon_core.verb.build.BuildVerb object at 0x72f3fa768820>, main=<bound method BuildVerb.main of <colcon_core.verb.build.BuildVerb object at 0x72f3fa768820>>)
[0.297s] Level 1:colcon.colcon_core.package_discovery:discover_packages(colcon_meta) check parameters
[0.297s] Level 1:colcon.colcon_core.package_discovery:discover_packages(recursive) check parameters
[0.297s] Level 1:colcon.colcon_core.package_discovery:discover_packages(ignore) check parameters
[0.297s] Level 1:colcon.colcon_core.package_discovery:discover_packages(path) check parameters
[0.297s] Level 1:colcon.colcon_core.package_discovery:discover_packages(colcon_meta) discover
[0.297s] Level 1:colcon.colcon_core.package_discovery:discover_packages(recursive) discover
[0.297s] INFO:colcon.colcon_core.package_discovery:Crawling recursively for packages in '/home/gy/ROS2_Coming/00ROS2/B-ROS2-chapter1/colcon_ws'
[0.297s] Level 1:colcon.colcon_core.package_identification:_identify(.) by extensions ['ignore', 'ignore_ament_install']
[0.298s] Level 1:colcon.colcon_core.package_identification:_identify(.) by extension 'ignore'
[0.298s] Level 1:colcon.colcon_core.package_identification:_identify(.) by extension 'ignore_ament_install'
[0.298s] Level 1:colcon.colcon_core.package_identification:_identify(.) by extensions ['colcon_pkg']
[0.298s] Level 1:colcon.colcon_core.package_identification:_identify(.) by extension 'colcon_pkg'
[0.298s] Level 1:colcon.colcon_core.package_identification:_identify(.) by extensions ['colcon_meta']
[0.298s] Level 1:colcon.colcon_core.package_identification:_identify(.) by extension 'colcon_meta'
[0.298s] Level 1:colcon.colcon_core.package_identification:_identify(.) by extensions ['ros']
[0.298s] Level 1:colcon.colcon_core.package_identification:_identify(.) by extension 'ros'
[0.309s] Level 1:colcon.colcon_core.package_identification:_identify(.) by extensions ['cmake', 'python']
[0.309s] Level 1:colcon.colcon_core.package_identification:_identify(.) by extension 'cmake'
[0.309s] Level 1:colcon.colcon_core.package_identification:_identify(.) by extension 'python'
[0.309s] Level 1:colcon.colcon_core.package_identification:_identify(.) by extensions ['python_setup_py']
[0.309s] Level 1:colcon.colcon_core.package_identification:_identify(.) by extension 'python_setup_py'
[0.309s] Level 1:colcon.colcon_core.package_identification:_identify(build) by extensions ['ignore', 'ignore_ament_install']
[0.309s] Level 1:colcon.colcon_core.package_identification:_identify(build) by extension 'ignore'
[0.309s] Level 1:colcon.colcon_core.package_identification:_identify(build) ignored
[0.309s] Level 1:colcon.colcon_core.package_identification:_identify(install) by extensions ['ignore', 'ignore_ament_install']
[0.309s] Level 1:colcon.colcon_core.package_identification:_identify(install) by extension 'ignore'
[0.309s] Level 1:colcon.colcon_core.package_identification:_identify(install) ignored
[0.309s] Level 1:colcon.colcon_core.package_identification:_identify(log) by extensions ['ignore', 'ignore_ament_install']
[0.310s] Level 1:colcon.colcon_core.package_identification:_identify(log) by extension 'ignore'
[0.310s] Level 1:colcon.colcon_core.package_identification:_identify(log) ignored
[0.310s] Level 1:colcon.colcon_core.package_identification:_identify(src) by extensions ['ignore', 'ignore_ament_install']
[0.310s] Level 1:colcon.colcon_core.package_identification:_identify(src) by extension 'ignore'
[0.310s] Level 1:colcon.colcon_core.package_identification:_identify(src) by extension 'ignore_ament_install'
[0.310s] Level 1:colcon.colcon_core.package_identification:_identify(src) by extensions ['colcon_pkg']
[0.310s] Level 1:colcon.colcon_core.package_identification:_identify(src) by extension 'colcon_pkg'
[0.310s] Level 1:colcon.colcon_core.package_identification:_identify(src) by extensions ['colcon_meta']
[0.310s] Level 1:colcon.colcon_core.package_identification:_identify(src) by extension 'colcon_meta'
[0.310s] Level 1:colcon.colcon_core.package_identification:_identify(src) by extensions ['ros']
[0.310s] Level 1:colcon.colcon_core.package_identification:_identify(src) by extension 'ros'
[0.310s] Level 1:colcon.colcon_core.package_identification:_identify(src) by extensions ['cmake', 'python']
[0.310s] Level 1:colcon.colcon_core.package_identification:_identify(src) by extension 'cmake'
[0.310s] Level 1:colcon.colcon_core.package_identification:_identify(src) by extension 'python'
[0.310s] Level 1:colcon.colcon_core.package_identification:_identify(src) by extensions ['python_setup_py']
[0.310s] Level 1:colcon.colcon_core.package_identification:_identify(src) by extension 'python_setup_py'
[0.310s] Level 1:colcon.colcon_core.package_identification:_identify(src/interfaces1) by extensions ['ignore', 'ignore_ament_install']
[0.310s] Level 1:colcon.colcon_core.package_identification:_identify(src/interfaces1) by extension 'ignore'
[0.310s] Level 1:colcon.colcon_core.package_identification:_identify(src/interfaces1) by extension 'ignore_ament_install'
[0.310s] Level 1:colcon.colcon_core.package_identification:_identify(src/interfaces1) by extensions ['colcon_pkg']
[0.311s] Level 1:colcon.colcon_core.package_identification:_identify(src/interfaces1) by extension 'colcon_pkg'
[0.311s] Level 1:colcon.colcon_core.package_identification:_identify(src/interfaces1) by extensions ['colcon_meta']
[0.311s] Level 1:colcon.colcon_core.package_identification:_identify(src/interfaces1) by extension 'colcon_meta'
[0.311s] Level 1:colcon.colcon_core.package_identification:_identify(src/interfaces1) by extensions ['ros']
[0.311s] Level 1:colcon.colcon_core.package_identification:_identify(src/interfaces1) by extension 'ros'
[0.322s] DEBUG:colcon.colcon_core.package_identification:Package 'src/interfaces1' with type 'ros.ament_cmake' and name 'interfaces1'
[0.322s] Level 1:colcon.colcon_core.package_identification:_identify(src/services1) by extensions ['ignore', 'ignore_ament_install']
[0.322s] Level 1:colcon.colcon_core.package_identification:_identify(src/services1) by extension 'ignore'
[0.322s] Level 1:colcon.colcon_core.package_identification:_identify(src/services1) by extension 'ignore_ament_install'
[0.322s] Level 1:colcon.colcon_core.package_identification:_identify(src/services1) by extensions ['colcon_pkg']
[0.322s] Level 1:colcon.colcon_core.package_identification:_identify(src/services1) by extension 'colcon_pkg'
[0.322s] Level 1:colcon.colcon_core.package_identification:_identify(src/services1) by extensions ['colcon_meta']
[0.322s] Level 1:colcon.colcon_core.package_identification:_identify(src/services1) by extension 'colcon_meta'
[0.322s] Level 1:colcon.colcon_core.package_identification:_identify(src/services1) by extensions ['ros']
[0.322s] Level 1:colcon.colcon_core.package_identification:_identify(src/services1) by extension 'ros'
[0.323s] DEBUG:colcon.colcon_core.package_identification:Package 'src/services1' with type 'ros.ament_cmake' and name 'services1'
[0.323s] Level 1:colcon.colcon_core.package_identification:_identify(src/topic1) by extensions ['ignore', 'ignore_ament_install']
[0.323s] Level 1:colcon.colcon_core.package_identification:_identify(src/topic1) by extension 'ignore'
[0.323s] Level 1:colcon.colcon_core.package_identification:_identify(src/topic1) by extension 'ignore_ament_install'
[0.323s] Level 1:colcon.colcon_core.package_identification:_identify(src/topic1) by extensions ['colcon_pkg']
[0.323s] Level 1:colcon.colcon_core.package_identification:_identify(src/topic1) by extension 'colcon_pkg'
[0.323s] Level 1:colcon.colcon_core.package_identification:_identify(src/topic1) by extensions ['colcon_meta']
[0.323s] Level 1:colcon.colcon_core.package_identification:_identify(src/topic1) by extension 'colcon_meta'
[0.323s] Level 1:colcon.colcon_core.package_identification:_identify(src/topic1) by extensions ['ros']
[0.324s] Level 1:colcon.colcon_core.package_identification:_identify(src/topic1) by extension 'ros'
[0.324s] DEBUG:colcon.colcon_core.package_identification:Package 'src/topic1' with type 'ros.ament_cmake' and name 'topic1'
[0.324s] Level 1:colcon.colcon_core.package_discovery:discover_packages(recursive) using defaults
[0.324s] Level 1:colcon.colcon_core.package_discovery:discover_packages(ignore) discover
[0.324s] Level 1:colcon.colcon_core.package_discovery:discover_packages(ignore) using defaults
[0.324s] Level 1:colcon.colcon_core.package_discovery:discover_packages(path) discover
[0.324s] Level 1:colcon.colcon_core.package_discovery:discover_packages(path) using defaults
[0.342s] INFO:colcon.colcon_core.package_selection:Skipping not selected package 'interfaces1' in 'src/interfaces1'
[0.343s] INFO:colcon.colcon_core.package_selection:Skipping not selected package 'services1' in 'src/services1'
[0.343s] Level 1:colcon.colcon_core.package_discovery:discover_packages(prefix_path) check parameters
[0.343s] Level 1:colcon.colcon_core.package_discovery:discover_packages(prefix_path) discover
[0.345s] DEBUG:colcon.colcon_installed_package_information.package_discovery:Found 271 installed packages in /opt/ros/humble
[0.347s] Level 1:colcon.colcon_core.package_discovery:discover_packages(prefix_path) using defaults
[0.393s] Level 5:colcon.colcon_core.verb:set package 'topic1' build argument 'cmake_args' from command line to 'None'
[0.393s] Level 5:colcon.colcon_core.verb:set package 'topic1' build argument 'cmake_target' from command line to 'None'
[0.393s] Level 5:colcon.colcon_core.verb:set package 'topic1' build argument 'cmake_target_skip_unavailable' from command line to 'False'
[0.393s] Level 5:colcon.colcon_core.verb:set package 'topic1' build argument 'cmake_clean_cache' from command line to 'False'
[0.393s] Level 5:colcon.colcon_core.verb:set package 'topic1' build argument 'cmake_clean_first' from command line to 'False'
[0.393s] Level 5:colcon.colcon_core.verb:set package 'topic1' build argument 'cmake_force_configure' from command line to 'False'
[0.393s] Level 5:colcon.colcon_core.verb:set package 'topic1' build argument 'ament_cmake_args' from command line to 'None'
[0.393s] Level 5:colcon.colcon_core.verb:set package 'topic1' build argument 'catkin_cmake_args' from command line to 'None'
[0.393s] Level 5:colcon.colcon_core.verb:set package 'topic1' build argument 'catkin_skip_building_tests' from command line to 'False'
[0.393s] DEBUG:colcon.colcon_core.verb:Building package 'topic1' with the following arguments: {'ament_cmake_args': None, 'build_base': '/home/gy/ROS2_Coming/00ROS2/B-ROS2-chapter1/colcon_ws/build/topic1', 'catkin_cmake_args': None, 'catkin_skip_building_tests': False, 'cmake_args': None, 'cmake_clean_cache': False, 'cmake_clean_first': False, 'cmake_force_configure': False, 'cmake_target': None, 'cmake_target_skip_unavailable': False, 'install_base': '/home/gy/ROS2_Coming/00ROS2/B-ROS2-chapter1/colcon_ws/install/topic1', 'merge_install': False, 'path': '/home/gy/ROS2_Coming/00ROS2/B-ROS2-chapter1/colcon_ws/src/topic1', 'symlink_install': False, 'test_result_base': None}
[0.393s] INFO:colcon.colcon_core.executor:Executing jobs using 'parallel' executor
[0.395s] DEBUG:colcon.colcon_parallel_executor.executor.parallel:run_until_complete
[0.395s] INFO:colcon.colcon_ros.task.ament_cmake.build:Building ROS package in '/home/gy/ROS2_Coming/00ROS2/B-ROS2-chapter1/colcon_ws/src/topic1' with build type 'ament_cmake'
[0.395s] INFO:colcon.colcon_cmake.task.cmake.build:Building CMake package in '/home/gy/ROS2_Coming/00ROS2/B-ROS2-chapter1/colcon_ws/src/topic1'
[0.396s] INFO:colcon.colcon_core.plugin_system:Skipping extension 'colcon_core.shell.bat': Not used on non-Windows systems
[0.397s] INFO:colcon.colcon_core.shell:Skip shell extension 'powershell' for command environment: Not usable outside of PowerShell
[0.397s] DEBUG:colcon.colcon_core.shell:Skip shell extension 'dsv' for command environment
[0.404s] DEBUG:colcon.colcon_core.event_handler.log_command:Invoking command in '/home/gy/ROS2_Coming/00ROS2/B-ROS2-chapter1/colcon_ws/build/topic1': CMAKE_PREFIX_PATH=/opt/ros/humble /usr/bin/cmake /home/gy/ROS2_Coming/00ROS2/B-ROS2-chapter1/colcon_ws/src/topic1 -DCMAKE_INSTALL_PREFIX=/home/gy/ROS2_Coming/00ROS2/B-ROS2-chapter1/colcon_ws/install/topic1
[1.595s] DEBUG:colcon.colcon_core.event_handler.log_command:Invoked command in '/home/gy/ROS2_Coming/00ROS2/B-ROS2-chapter1/colcon_ws/build/topic1' returned '0': CMAKE_PREFIX_PATH=/opt/ros/humble /usr/bin/cmake /home/gy/ROS2_Coming/00ROS2/B-ROS2-chapter1/colcon_ws/src/topic1 -DCMAKE_INSTALL_PREFIX=/home/gy/ROS2_Coming/00ROS2/B-ROS2-chapter1/colcon_ws/install/topic1
[1.595s] DEBUG:colcon.colcon_core.event_handler.log_command:Invoking command in '/home/gy/ROS2_Coming/00ROS2/B-ROS2-chapter1/colcon_ws/build/topic1': CMAKE_PREFIX_PATH=/opt/ros/humble /usr/bin/cmake --build /home/gy/ROS2_Coming/00ROS2/B-ROS2-chapter1/colcon_ws/build/topic1 -- -j12 -l12
[10.700s] DEBUG:colcon.colcon_core.event_handler.log_command:Invoked command in '/home/gy/ROS2_Coming/00ROS2/B-ROS2-chapter1/colcon_ws/build/topic1' returned '0': CMAKE_PREFIX_PATH=/opt/ros/humble /usr/bin/cmake --build /home/gy/ROS2_Coming/00ROS2/B-ROS2-chapter1/colcon_ws/build/topic1 -- -j12 -l12
[10.734s] DEBUG:colcon.colcon_core.event_handler.log_command:Invoking command in '/home/gy/ROS2_Coming/00ROS2/B-ROS2-chapter1/colcon_ws/build/topic1': CMAKE_PREFIX_PATH=/opt/ros/humble /usr/bin/cmake --install /home/gy/ROS2_Coming/00ROS2/B-ROS2-chapter1/colcon_ws/build/topic1
[10.751s] Level 1:colcon.colcon_core.environment:create_environment_scripts_only(topic1)
[10.752s] DEBUG:colcon.colcon_core.event_handler.log_command:Invoked command in '/home/gy/ROS2_Coming/00ROS2/B-ROS2-chapter1/colcon_ws/build/topic1' returned '0': CMAKE_PREFIX_PATH=/opt/ros/humble /usr/bin/cmake --install /home/gy/ROS2_Coming/00ROS2/B-ROS2-chapter1/colcon_ws/build/topic1
[10.756s] Level 1:colcon.colcon_core.environment:checking '/home/gy/ROS2_Coming/00ROS2/B-ROS2-chapter1/colcon_ws/install/topic1' for CMake module files
[10.757s] Level 1:colcon.colcon_core.environment:checking '/home/gy/ROS2_Coming/00ROS2/B-ROS2-chapter1/colcon_ws/install/topic1' for CMake config files
[10.757s] Level 1:colcon.colcon_core.shell:create_environment_hook('topic1', 'cmake_prefix_path')
[10.757s] INFO:colcon.colcon_core.shell:Creating environment hook '/home/gy/ROS2_Coming/00ROS2/B-ROS2-chapter1/colcon_ws/install/topic1/share/topic1/hook/cmake_prefix_path.ps1'
[10.758s] INFO:colcon.colcon_core.shell:Creating environment descriptor '/home/gy/ROS2_Coming/00ROS2/B-ROS2-chapter1/colcon_ws/install/topic1/share/topic1/hook/cmake_prefix_path.dsv'
[10.759s] INFO:colcon.colcon_core.shell:Creating environment hook '/home/gy/ROS2_Coming/00ROS2/B-ROS2-chapter1/colcon_ws/install/topic1/share/topic1/hook/cmake_prefix_path.sh'
[10.761s] Level 1:colcon.colcon_core.environment:checking '/home/gy/ROS2_Coming/00ROS2/B-ROS2-chapter1/colcon_ws/install/topic1/lib'
[10.761s] Level 1:colcon.colcon_core.environment:checking '/home/gy/ROS2_Coming/00ROS2/B-ROS2-chapter1/colcon_ws/install/topic1/bin'
[10.761s] Level 1:colcon.colcon_core.environment:checking '/home/gy/ROS2_Coming/00ROS2/B-ROS2-chapter1/colcon_ws/install/topic1/lib/pkgconfig/topic1.pc'
[10.762s] Level 1:colcon.colcon_core.environment:checking '/home/gy/ROS2_Coming/00ROS2/B-ROS2-chapter1/colcon_ws/install/topic1/lib/python3.10/site-packages'
[10.762s] Level 1:colcon.colcon_core.environment:checking '/home/gy/ROS2_Coming/00ROS2/B-ROS2-chapter1/colcon_ws/install/topic1/bin'
[10.762s] INFO:colcon.colcon_core.shell:Creating package script '/home/gy/ROS2_Coming/00ROS2/B-ROS2-chapter1/colcon_ws/install/topic1/share/topic1/package.ps1'
[10.763s] INFO:colcon.colcon_core.shell:Creating package descriptor '/home/gy/ROS2_Coming/00ROS2/B-ROS2-chapter1/colcon_ws/install/topic1/share/topic1/package.dsv'
[10.764s] INFO:colcon.colcon_core.shell:Creating package script '/home/gy/ROS2_Coming/00ROS2/B-ROS2-chapter1/colcon_ws/install/topic1/share/topic1/package.sh'
[10.765s] INFO:colcon.colcon_core.shell:Creating package script '/home/gy/ROS2_Coming/00ROS2/B-ROS2-chapter1/colcon_ws/install/topic1/share/topic1/package.bash'
[10.766s] INFO:colcon.colcon_core.shell:Creating package script '/home/gy/ROS2_Coming/00ROS2/B-ROS2-chapter1/colcon_ws/install/topic1/share/topic1/package.zsh'
[10.768s] Level 1:colcon.colcon_core.environment:create_file_with_runtime_dependencies(/home/gy/ROS2_Coming/00ROS2/B-ROS2-chapter1/colcon_ws/install/topic1/share/colcon-core/packages/topic1)
[10.795s] Level 1:colcon.colcon_core.environment:create_environment_scripts_only(topic1)
[10.795s] Level 1:colcon.colcon_core.environment:checking '/home/gy/ROS2_Coming/00ROS2/B-ROS2-chapter1/colcon_ws/install/topic1' for CMake module files
[10.796s] Level 1:colcon.colcon_core.environment:checking '/home/gy/ROS2_Coming/00ROS2/B-ROS2-chapter1/colcon_ws/install/topic1' for CMake config files
[10.796s] Level 1:colcon.colcon_core.shell:create_environment_hook('topic1', 'cmake_prefix_path')
[10.796s] INFO:colcon.colcon_core.shell:Creating environment hook '/home/gy/ROS2_Coming/00ROS2/B-ROS2-chapter1/colcon_ws/install/topic1/share/topic1/hook/cmake_prefix_path.ps1'
[10.797s] INFO:colcon.colcon_core.shell:Creating environment descriptor '/home/gy/ROS2_Coming/00ROS2/B-ROS2-chapter1/colcon_ws/install/topic1/share/topic1/hook/cmake_prefix_path.dsv'
[10.797s] INFO:colcon.colcon_core.shell:Creating environment hook '/home/gy/ROS2_Coming/00ROS2/B-ROS2-chapter1/colcon_ws/install/topic1/share/topic1/hook/cmake_prefix_path.sh'
[10.798s] Level 1:colcon.colcon_core.environment:checking '/home/gy/ROS2_Coming/00ROS2/B-ROS2-chapter1/colcon_ws/install/topic1/lib'
[10.798s] Level 1:colcon.colcon_core.environment:checking '/home/gy/ROS2_Coming/00ROS2/B-ROS2-chapter1/colcon_ws/install/topic1/bin'
[10.798s] Level 1:colcon.colcon_core.environment:checking '/home/gy/ROS2_Coming/00ROS2/B-ROS2-chapter1/colcon_ws/install/topic1/lib/pkgconfig/topic1.pc'
[10.798s] Level 1:colcon.colcon_core.environment:checking '/home/gy/ROS2_Coming/00ROS2/B-ROS2-chapter1/colcon_ws/install/topic1/lib/python3.10/site-packages'
[10.798s] Level 1:colcon.colcon_core.environment:checking '/home/gy/ROS2_Coming/00ROS2/B-ROS2-chapter1/colcon_ws/install/topic1/bin'
[10.799s] INFO:colcon.colcon_core.shell:Creating package script '/home/gy/ROS2_Coming/00ROS2/B-ROS2-chapter1/colcon_ws/install/topic1/share/topic1/package.ps1'
[10.799s] INFO:colcon.colcon_core.shell:Creating package descriptor '/home/gy/ROS2_Coming/00ROS2/B-ROS2-chapter1/colcon_ws/install/topic1/share/topic1/package.dsv'
[10.800s] INFO:colcon.colcon_core.shell:Creating package script '/home/gy/ROS2_Coming/00ROS2/B-ROS2-chapter1/colcon_ws/install/topic1/share/topic1/package.sh'
[10.800s] INFO:colcon.colcon_core.shell:Creating package script '/home/gy/ROS2_Coming/00ROS2/B-ROS2-chapter1/colcon_ws/install/topic1/share/topic1/package.bash'
[10.801s] INFO:colcon.colcon_core.shell:Creating package script '/home/gy/ROS2_Coming/00ROS2/B-ROS2-chapter1/colcon_ws/install/topic1/share/topic1/package.zsh'
[10.801s] Level 1:colcon.colcon_core.environment:create_file_with_runtime_dependencies(/home/gy/ROS2_Coming/00ROS2/B-ROS2-chapter1/colcon_ws/install/topic1/share/colcon-core/packages/topic1)
[10.801s] DEBUG:colcon.colcon_parallel_executor.executor.parallel:closing loop
[10.801s] DEBUG:colcon.colcon_parallel_executor.executor.parallel:loop closed
[10.802s] DEBUG:colcon.colcon_parallel_executor.executor.parallel:run_until_complete finished with '0'
[10.802s] DEBUG:colcon.colcon_core.event_reactor:joining thread
[10.808s] INFO:colcon.colcon_core.plugin_system:Skipping extension 'colcon_notification.desktop_notification.terminal_notifier': Not used on non-Darwin systems
[10.808s] INFO:colcon.colcon_core.plugin_system:Skipping extension 'colcon_notification.desktop_notification.win32': Not used on non-Windows systems
[10.809s] INFO:colcon.colcon_notification.desktop_notification:Sending desktop notification using 'notify2'
[10.819s] DEBUG:colcon.colcon_core.event_reactor:joined thread
[10.820s] INFO:colcon.colcon_core.shell:Creating prefix script '/home/gy/ROS2_Coming/00ROS2/B-ROS2-chapter1/colcon_ws/install/local_setup.ps1'
[10.821s] INFO:colcon.colcon_core.shell:Creating prefix util module '/home/gy/ROS2_Coming/00ROS2/B-ROS2-chapter1/colcon_ws/install/_local_setup_util_ps1.py'
[10.824s] INFO:colcon.colcon_core.shell:Creating prefix chain script '/home/gy/ROS2_Coming/00ROS2/B-ROS2-chapter1/colcon_ws/install/setup.ps1'
[10.827s] INFO:colcon.colcon_core.shell:Creating prefix script '/home/gy/ROS2_Coming/00ROS2/B-ROS2-chapter1/colcon_ws/install/local_setup.sh'
[10.828s] INFO:colcon.colcon_core.shell:Creating prefix util module '/home/gy/ROS2_Coming/00ROS2/B-ROS2-chapter1/colcon_ws/install/_local_setup_util_sh.py'
[10.829s] INFO:colcon.colcon_core.shell:Creating prefix chain script '/home/gy/ROS2_Coming/00ROS2/B-ROS2-chapter1/colcon_ws/install/setup.sh'
[10.830s] INFO:colcon.colcon_core.shell:Creating prefix script '/home/gy/ROS2_Coming/00ROS2/B-ROS2-chapter1/colcon_ws/install/local_setup.bash'
[10.830s] INFO:colcon.colcon_core.shell:Creating prefix chain script '/home/gy/ROS2_Coming/00ROS2/B-ROS2-chapter1/colcon_ws/install/setup.bash'
[10.832s] INFO:colcon.colcon_core.shell:Creating prefix script '/home/gy/ROS2_Coming/00ROS2/B-ROS2-chapter1/colcon_ws/install/local_setup.zsh'
[10.832s] INFO:colcon.colcon_core.shell:Creating prefix chain script '/home/gy/ROS2_Coming/00ROS2/B-ROS2-chapter1/colcon_ws/install/setup.zsh'
