[0.006s] Invoking command in '/home/gy/ROS2_Coming/05fishbot/build/fishbot_bringup': CMAKE_PREFIX_PATH=/opt/ros/humble /usr/bin/cmake /home/gy/ROS2_Coming/05fishbot/src/fishbot_bringup -DCMAKE_INSTALL_PREFIX=/home/gy/ROS2_Coming/05fishbot/install/fishbot_bringup
[0.051s] -- The C compiler identification is GNU 11.4.0
[0.087s] -- The CXX compiler identification is GNU 11.4.0
[0.091s] -- Detecting C compiler ABI info
[0.139s] -- Detecting C compiler ABI info - done
[0.143s] -- Check for working C compiler: /usr/bin/cc - skipped
[0.143s] -- Detecting C compile features
[0.143s] -- Detecting C compile features - done
[0.145s] -- Detecting CXX compiler ABI info
[0.225s] -- Detecting CXX compiler ABI info - done
[0.230s] -- Check for working CXX compiler: /usr/bin/c++ - skipped
[0.230s] -- Detecting CXX compile features
[0.230s] -- Detecting CXX compile features - done
[0.231s] -- Found ament_cmake: 1.3.10 (/opt/ros/humble/share/ament_cmake/cmake)
[0.329s] -- Found Python3: /usr/bin/python3 (found version "3.10.12") found components: Interpreter 
[0.389s] -- Found rclcpp: 16.0.10 (/opt/ros/humble/share/rclcpp/cmake)
[0.416s] -- Found rosidl_generator_c: 3.1.5 (/opt/ros/humble/share/rosidl_generator_c/cmake)
[0.419s] -- Found rosidl_adapter: 3.1.5 (/opt/ros/humble/share/rosidl_adapter/cmake)
[0.424s] -- Found rosidl_generator_cpp: 3.1.5 (/opt/ros/humble/share/rosidl_generator_cpp/cmake)
[0.431s] -- Using all available rosidl_typesupport_c: rosidl_typesupport_fastrtps_c;rosidl_typesupport_introspection_c
[0.439s] -- Using all available rosidl_typesupport_cpp: rosidl_typesupport_fastrtps_cpp;rosidl_typesupport_introspection_cpp
[0.462s] -- Found rmw_implementation_cmake: 6.1.2 (/opt/ros/humble/share/rmw_implementation_cmake/cmake)
[0.464s] -- Found rmw_fastrtps_cpp: 6.2.7 (/opt/ros/humble/share/rmw_fastrtps_cpp/cmake)
[0.525s] -- Found OpenSSL: /usr/lib/x86_64-linux-gnu/libcrypto.so (found version "3.0.2")  
[0.547s] -- Found FastRTPS: /opt/ros/humble/include  
[0.570s] -- Using RMW implementation 'rmw_fastrtps_cpp' as default
[0.575s] -- Looking for pthread.h
[0.654s] -- Looking for pthread.h - found
[0.654s] -- Performing Test CMAKE_HAVE_LIBC_PTHREAD
[0.709s] -- Performing Test CMAKE_HAVE_LIBC_PTHREAD - Success
[0.710s] -- Found Threads: TRUE  
[0.737s] -- Found geometry_msgs: 4.2.4 (/opt/ros/humble/share/geometry_msgs/cmake)
[0.745s] -- Found nav_msgs: 4.2.4 (/opt/ros/humble/share/nav_msgs/cmake)
[0.757s] -- Found tf2: 0.25.8 (/opt/ros/humble/share/tf2/cmake)
[0.764s] -- Found tf2_ros: 0.25.8 (/opt/ros/humble/share/tf2_ros/cmake)
[0.828s] -- Found ament_lint_auto: 0.12.11 (/opt/ros/humble/share/ament_lint_auto/cmake)
[0.875s] -- Added test 'cppcheck' to perform static code analysis on C / C++ code
[0.875s] -- Configured cppcheck include dirs: $<BUILD_INTERFACE:/home/gy/ROS2_Coming/05fishbot/src/fishbot_bringup/include>
[0.875s] -- Configured cppcheck exclude dirs and/or files: 
[0.875s] -- Added test 'lint_cmake' to check CMake code style
[0.876s] -- Added test 'uncrustify' to check C / C++ code style
[0.876s] -- Configured uncrustify additional arguments: 
[0.876s] -- Added test 'xmllint' to check XML markup files
[0.876s] -- Configuring done
[0.882s] -- Generating done
[0.883s] -- Build files have been written to: /home/gy/ROS2_Coming/05fishbot/build/fishbot_bringup
[0.890s] Invoked command in '/home/gy/ROS2_Coming/05fishbot/build/fishbot_bringup' returned '0': CMAKE_PREFIX_PATH=/opt/ros/humble /usr/bin/cmake /home/gy/ROS2_Coming/05fishbot/src/fishbot_bringup -DCMAKE_INSTALL_PREFIX=/home/gy/ROS2_Coming/05fishbot/install/fishbot_bringup
[0.891s] Invoking command in '/home/gy/ROS2_Coming/05fishbot/build/fishbot_bringup': CMAKE_PREFIX_PATH=/opt/ros/humble /usr/bin/cmake --build /home/gy/ROS2_Coming/05fishbot/build/fishbot_bringup -- -j20 -l20
[0.930s] [ 50%] [32mBuilding CXX object CMakeFiles/fishbot_bringup.dir/src/fishbot_bringup.cpp.o[0m
[5.557s] [100%] [32m[1mLinking CXX executable fishbot_bringup[0m
[5.817s] [100%] Built target fishbot_bringup
[5.828s] Invoked command in '/home/gy/ROS2_Coming/05fishbot/build/fishbot_bringup' returned '0': CMAKE_PREFIX_PATH=/opt/ros/humble /usr/bin/cmake --build /home/gy/ROS2_Coming/05fishbot/build/fishbot_bringup -- -j20 -l20
[5.861s] Invoking command in '/home/gy/ROS2_Coming/05fishbot/build/fishbot_bringup': CMAKE_PREFIX_PATH=/opt/ros/humble /usr/bin/cmake --install /home/gy/ROS2_Coming/05fishbot/build/fishbot_bringup
[5.867s] -- Install configuration: ""
[5.867s] -- Installing: /home/gy/ROS2_Coming/05fishbot/install/fishbot_bringup/lib/fishbot_bringup/fishbot_bringup
[5.869s] -- Set runtime path of "/home/gy/ROS2_Coming/05fishbot/install/fishbot_bringup/lib/fishbot_bringup/fishbot_bringup" to ""
[5.869s] -- Installing: /home/gy/ROS2_Coming/05fishbot/install/fishbot_bringup/share/ament_index/resource_index/package_run_dependencies/fishbot_bringup
[5.869s] -- Installing: /home/gy/ROS2_Coming/05fishbot/install/fishbot_bringup/share/ament_index/resource_index/parent_prefix_path/fishbot_bringup
[5.869s] -- Installing: /home/gy/ROS2_Coming/05fishbot/install/fishbot_bringup/share/fishbot_bringup/environment/ament_prefix_path.sh
[5.869s] -- Installing: /home/gy/ROS2_Coming/05fishbot/install/fishbot_bringup/share/fishbot_bringup/environment/ament_prefix_path.dsv
[5.869s] -- Installing: /home/gy/ROS2_Coming/05fishbot/install/fishbot_bringup/share/fishbot_bringup/environment/path.sh
[5.869s] -- Installing: /home/gy/ROS2_Coming/05fishbot/install/fishbot_bringup/share/fishbot_bringup/environment/path.dsv
[5.869s] -- Installing: /home/gy/ROS2_Coming/05fishbot/install/fishbot_bringup/share/fishbot_bringup/local_setup.bash
[5.869s] -- Installing: /home/gy/ROS2_Coming/05fishbot/install/fishbot_bringup/share/fishbot_bringup/local_setup.sh
[5.869s] -- Installing: /home/gy/ROS2_Coming/05fishbot/install/fishbot_bringup/share/fishbot_bringup/local_setup.zsh
[5.869s] -- Installing: /home/gy/ROS2_Coming/05fishbot/install/fishbot_bringup/share/fishbot_bringup/local_setup.dsv
[5.869s] -- Installing: /home/gy/ROS2_Coming/05fishbot/install/fishbot_bringup/share/fishbot_bringup/package.dsv
[5.869s] -- Installing: /home/gy/ROS2_Coming/05fishbot/install/fishbot_bringup/share/ament_index/resource_index/packages/fishbot_bringup
[5.869s] -- Installing: /home/gy/ROS2_Coming/05fishbot/install/fishbot_bringup/share/fishbot_bringup/cmake/fishbot_bringupConfig.cmake
[5.869s] -- Installing: /home/gy/ROS2_Coming/05fishbot/install/fishbot_bringup/share/fishbot_bringup/cmake/fishbot_bringupConfig-version.cmake
[5.869s] -- Installing: /home/gy/ROS2_Coming/05fishbot/install/fishbot_bringup/share/fishbot_bringup/package.xml
[5.870s] Invoked command in '/home/gy/ROS2_Coming/05fishbot/build/fishbot_bringup' returned '0': CMAKE_PREFIX_PATH=/opt/ros/humble /usr/bin/cmake --install /home/gy/ROS2_Coming/05fishbot/build/fishbot_bringup
