[0.164s] DEBUG:colcon:Command line arguments: ['/usr/bin/colcon', 'build', '--packages-select', 'usm_interface']
[0.165s] DEBUG:colcon:Parsed command line arguments: Namespace(allow_overriding=[], ament_cmake_args=None, base_paths=['.'], build_base='build', catkin_cmake_args=None, catkin_skip_building_tests=False, cmake_args=None, cmake_clean_cache=False, cmake_clean_first=False, cmake_force_configure=False, cmake_target=None, cmake_target_skip_unavailable=False, continue_on_error=False, event_handlers=None, executor='parallel', ignore_user_meta=False, install_base='install', log_base=None, log_level=None, main=<bound method BuildVerb.main of <colcon_core.verb.build.BuildVerb object at 0x7ff61b05a2e0>>, merge_install=False, metas=['./colcon.meta'], packages_above=None, packages_above_and_dependencies=None, packages_above_depth=None, packages_end=None, packages_ignore=None, packages_ignore_regex=None, packages_select=['usm_interface'], packages_select_build_failed=False, packages_select_by_dep=None, packages_select_regex=None, packages_select_test_failures=False, packages_skip=None, packages_skip_build_finished=False, packages_skip_by_dep=None, packages_skip_regex=None, packages_skip_test_passed=False, packages_skip_up_to=None, packages_start=None, packages_up_to=None, packages_up_to_regex=None, parallel_workers=12, paths=None, symlink_install=False, test_result_base=None, verb_extension=<colcon_core.verb.build.BuildVerb object at 0x7ff61b05a2e0>, verb_name='build', verb_parser=<colcon_defaults.argument_parser.defaults.DefaultArgumentsDecorator object at 0x7ff61b05a7c0>)
[0.285s] Level 1:colcon.colcon_core.package_discovery:discover_packages(colcon_meta) check parameters
[0.286s] Level 1:colcon.colcon_core.package_discovery:discover_packages(recursive) check parameters
[0.286s] Level 1:colcon.colcon_core.package_discovery:discover_packages(ignore) check parameters
[0.286s] Level 1:colcon.colcon_core.package_discovery:discover_packages(path) check parameters
[0.286s] Level 1:colcon.colcon_core.package_discovery:discover_packages(colcon_meta) discover
[0.286s] Level 1:colcon.colcon_core.package_discovery:discover_packages(recursive) discover
[0.286s] INFO:colcon.colcon_core.package_discovery:Crawling recursively for packages in '/home/u20/rov-ros-2/ROS2_Coming/ros2_ws'
[0.286s] Level 1:colcon.colcon_core.package_identification:_identify(.) by extensions ['ignore', 'ignore_ament_install']
[0.286s] Level 1:colcon.colcon_core.package_identification:_identify(.) by extension 'ignore'
[0.286s] Level 1:colcon.colcon_core.package_identification:_identify(.) by extension 'ignore_ament_install'
[0.286s] Level 1:colcon.colcon_core.package_identification:_identify(.) by extensions ['colcon_pkg']
[0.286s] Level 1:colcon.colcon_core.package_identification:_identify(.) by extension 'colcon_pkg'
[0.286s] Level 1:colcon.colcon_core.package_identification:_identify(.) by extensions ['colcon_meta']
[0.286s] Level 1:colcon.colcon_core.package_identification:_identify(.) by extension 'colcon_meta'
[0.286s] Level 1:colcon.colcon_core.package_identification:_identify(.) by extensions ['ros']
[0.286s] Level 1:colcon.colcon_core.package_identification:_identify(.) by extension 'ros'
[0.303s] Level 1:colcon.colcon_core.package_identification:_identify(.) by extensions ['cmake', 'python']
[0.303s] Level 1:colcon.colcon_core.package_identification:_identify(.) by extension 'cmake'
[0.303s] Level 1:colcon.colcon_core.package_identification:_identify(.) by extension 'python'
[0.303s] Level 1:colcon.colcon_core.package_identification:_identify(.) by extensions ['python_setup_py']
[0.303s] Level 1:colcon.colcon_core.package_identification:_identify(.) by extension 'python_setup_py'
[0.303s] Level 1:colcon.colcon_core.package_identification:_identify(build) by extensions ['ignore', 'ignore_ament_install']
[0.303s] Level 1:colcon.colcon_core.package_identification:_identify(build) by extension 'ignore'
[0.303s] Level 1:colcon.colcon_core.package_identification:_identify(build) ignored
[0.304s] Level 1:colcon.colcon_core.package_identification:_identify(install) by extensions ['ignore', 'ignore_ament_install']
[0.304s] Level 1:colcon.colcon_core.package_identification:_identify(install) by extension 'ignore'
[0.304s] Level 1:colcon.colcon_core.package_identification:_identify(install) ignored
[0.304s] Level 1:colcon.colcon_core.package_identification:_identify(log) by extensions ['ignore', 'ignore_ament_install']
[0.304s] Level 1:colcon.colcon_core.package_identification:_identify(log) by extension 'ignore'
[0.304s] Level 1:colcon.colcon_core.package_identification:_identify(log) ignored
[0.304s] Level 1:colcon.colcon_core.package_identification:_identify(src) by extensions ['ignore', 'ignore_ament_install']
[0.304s] Level 1:colcon.colcon_core.package_identification:_identify(src) by extension 'ignore'
[0.304s] Level 1:colcon.colcon_core.package_identification:_identify(src) by extension 'ignore_ament_install'
[0.304s] Level 1:colcon.colcon_core.package_identification:_identify(src) by extensions ['colcon_pkg']
[0.304s] Level 1:colcon.colcon_core.package_identification:_identify(src) by extension 'colcon_pkg'
[0.304s] Level 1:colcon.colcon_core.package_identification:_identify(src) by extensions ['colcon_meta']
[0.304s] Level 1:colcon.colcon_core.package_identification:_identify(src) by extension 'colcon_meta'
[0.304s] Level 1:colcon.colcon_core.package_identification:_identify(src) by extensions ['ros']
[0.304s] Level 1:colcon.colcon_core.package_identification:_identify(src) by extension 'ros'
[0.304s] Level 1:colcon.colcon_core.package_identification:_identify(src) by extensions ['cmake', 'python']
[0.304s] Level 1:colcon.colcon_core.package_identification:_identify(src) by extension 'cmake'
[0.304s] Level 1:colcon.colcon_core.package_identification:_identify(src) by extension 'python'
[0.305s] Level 1:colcon.colcon_core.package_identification:_identify(src) by extensions ['python_setup_py']
[0.305s] Level 1:colcon.colcon_core.package_identification:_identify(src) by extension 'python_setup_py'
[0.305s] Level 1:colcon.colcon_core.package_identification:_identify(src/communication_interfaces) by extensions ['ignore', 'ignore_ament_install']
[0.305s] Level 1:colcon.colcon_core.package_identification:_identify(src/communication_interfaces) by extension 'ignore'
[0.305s] Level 1:colcon.colcon_core.package_identification:_identify(src/communication_interfaces) by extension 'ignore_ament_install'
[0.305s] Level 1:colcon.colcon_core.package_identification:_identify(src/communication_interfaces) by extensions ['colcon_pkg']
[0.305s] Level 1:colcon.colcon_core.package_identification:_identify(src/communication_interfaces) by extension 'colcon_pkg'
[0.305s] Level 1:colcon.colcon_core.package_identification:_identify(src/communication_interfaces) by extensions ['colcon_meta']
[0.305s] Level 1:colcon.colcon_core.package_identification:_identify(src/communication_interfaces) by extension 'colcon_meta'
[0.305s] Level 1:colcon.colcon_core.package_identification:_identify(src/communication_interfaces) by extensions ['ros']
[0.305s] Level 1:colcon.colcon_core.package_identification:_identify(src/communication_interfaces) by extension 'ros'
[0.307s] DEBUG:colcon.colcon_core.package_identification:Package 'src/communication_interfaces' with type 'ros.ament_cmake' and name 'communication_interfaces'
[0.307s] Level 1:colcon.colcon_core.package_identification:_identify(src/communication_interfaces_topic) by extensions ['ignore', 'ignore_ament_install']
[0.307s] Level 1:colcon.colcon_core.package_identification:_identify(src/communication_interfaces_topic) by extension 'ignore'
[0.307s] Level 1:colcon.colcon_core.package_identification:_identify(src/communication_interfaces_topic) by extension 'ignore_ament_install'
[0.307s] Level 1:colcon.colcon_core.package_identification:_identify(src/communication_interfaces_topic) by extensions ['colcon_pkg']
[0.307s] Level 1:colcon.colcon_core.package_identification:_identify(src/communication_interfaces_topic) by extension 'colcon_pkg'
[0.307s] Level 1:colcon.colcon_core.package_identification:_identify(src/communication_interfaces_topic) by extensions ['colcon_meta']
[0.307s] Level 1:colcon.colcon_core.package_identification:_identify(src/communication_interfaces_topic) by extension 'colcon_meta'
[0.307s] Level 1:colcon.colcon_core.package_identification:_identify(src/communication_interfaces_topic) by extensions ['ros']
[0.307s] Level 1:colcon.colcon_core.package_identification:_identify(src/communication_interfaces_topic) by extension 'ros'
[0.308s] DEBUG:colcon.colcon_core.package_identification:Package 'src/communication_interfaces_topic' with type 'ros.ament_cmake' and name 'communication_interfaces_topic'
[0.308s] Level 1:colcon.colcon_core.package_identification:_identify(src/communication_topic) by extensions ['ignore', 'ignore_ament_install']
[0.308s] Level 1:colcon.colcon_core.package_identification:_identify(src/communication_topic) by extension 'ignore'
[0.308s] Level 1:colcon.colcon_core.package_identification:_identify(src/communication_topic) by extension 'ignore_ament_install'
[0.308s] Level 1:colcon.colcon_core.package_identification:_identify(src/communication_topic) by extensions ['colcon_pkg']
[0.308s] Level 1:colcon.colcon_core.package_identification:_identify(src/communication_topic) by extension 'colcon_pkg'
[0.308s] Level 1:colcon.colcon_core.package_identification:_identify(src/communication_topic) by extensions ['colcon_meta']
[0.308s] Level 1:colcon.colcon_core.package_identification:_identify(src/communication_topic) by extension 'colcon_meta'
[0.308s] Level 1:colcon.colcon_core.package_identification:_identify(src/communication_topic) by extensions ['ros']
[0.309s] Level 1:colcon.colcon_core.package_identification:_identify(src/communication_topic) by extension 'ros'
[0.309s] DEBUG:colcon.colcon_core.package_identification:Package 'src/communication_topic' with type 'ros.ament_python' and name 'communication_topic'
[0.309s] Level 1:colcon.colcon_core.package_identification:_identify(src/usm_interface) by extensions ['ignore', 'ignore_ament_install']
[0.309s] Level 1:colcon.colcon_core.package_identification:_identify(src/usm_interface) by extension 'ignore'
[0.309s] Level 1:colcon.colcon_core.package_identification:_identify(src/usm_interface) by extension 'ignore_ament_install'
[0.309s] Level 1:colcon.colcon_core.package_identification:_identify(src/usm_interface) by extensions ['colcon_pkg']
[0.309s] Level 1:colcon.colcon_core.package_identification:_identify(src/usm_interface) by extension 'colcon_pkg'
[0.309s] Level 1:colcon.colcon_core.package_identification:_identify(src/usm_interface) by extensions ['colcon_meta']
[0.310s] Level 1:colcon.colcon_core.package_identification:_identify(src/usm_interface) by extension 'colcon_meta'
[0.310s] Level 1:colcon.colcon_core.package_identification:_identify(src/usm_interface) by extensions ['ros']
[0.310s] Level 1:colcon.colcon_core.package_identification:_identify(src/usm_interface) by extension 'ros'
[0.310s] DEBUG:colcon.colcon_core.package_identification:Package 'src/usm_interface' with type 'ros.ament_cmake' and name 'usm_interface'
[0.310s] Level 1:colcon.colcon_core.package_identification:_identify(src/usm_node) by extensions ['ignore', 'ignore_ament_install']
[0.310s] Level 1:colcon.colcon_core.package_identification:_identify(src/usm_node) by extension 'ignore'
[0.310s] Level 1:colcon.colcon_core.package_identification:_identify(src/usm_node) by extension 'ignore_ament_install'
[0.311s] Level 1:colcon.colcon_core.package_identification:_identify(src/usm_node) by extensions ['colcon_pkg']
[0.311s] Level 1:colcon.colcon_core.package_identification:_identify(src/usm_node) by extension 'colcon_pkg'
[0.311s] Level 1:colcon.colcon_core.package_identification:_identify(src/usm_node) by extensions ['colcon_meta']
[0.311s] Level 1:colcon.colcon_core.package_identification:_identify(src/usm_node) by extension 'colcon_meta'
[0.311s] Level 1:colcon.colcon_core.package_identification:_identify(src/usm_node) by extensions ['ros']
[0.311s] Level 1:colcon.colcon_core.package_identification:_identify(src/usm_node) by extension 'ros'
[0.311s] DEBUG:colcon.colcon_core.package_identification:Package 'src/usm_node' with type 'ros.ament_python' and name 'usm_node'
[0.311s] Level 1:colcon.colcon_core.package_discovery:discover_packages(recursive) using defaults
[0.311s] Level 1:colcon.colcon_core.package_discovery:discover_packages(ignore) discover
[0.311s] Level 1:colcon.colcon_core.package_discovery:discover_packages(ignore) using defaults
[0.311s] Level 1:colcon.colcon_core.package_discovery:discover_packages(path) discover
[0.311s] Level 1:colcon.colcon_core.package_discovery:discover_packages(path) using defaults
[0.324s] INFO:colcon.colcon_core.package_selection:Skipping not selected package 'communication_interfaces' in 'src/communication_interfaces'
[0.324s] INFO:colcon.colcon_core.package_selection:Skipping not selected package 'communication_interfaces_topic' in 'src/communication_interfaces_topic'
[0.324s] INFO:colcon.colcon_core.package_selection:Skipping not selected package 'communication_topic' in 'src/communication_topic'
[0.324s] INFO:colcon.colcon_core.package_selection:Skipping not selected package 'usm_node' in 'src/usm_node'
[0.325s] Level 1:colcon.colcon_core.package_discovery:discover_packages(prefix_path) check parameters
[0.325s] Level 1:colcon.colcon_core.package_discovery:discover_packages(prefix_path) discover
[0.326s] DEBUG:colcon.colcon_installed_package_information.package_discovery:Found 256 installed packages in /opt/ros/foxy
[0.328s] Level 1:colcon.colcon_core.package_discovery:discover_packages(prefix_path) using defaults
[0.383s] Level 5:colcon.colcon_core.verb:set package 'usm_interface' build argument 'cmake_args' from command line to 'None'
[0.383s] Level 5:colcon.colcon_core.verb:set package 'usm_interface' build argument 'cmake_target' from command line to 'None'
[0.383s] Level 5:colcon.colcon_core.verb:set package 'usm_interface' build argument 'cmake_target_skip_unavailable' from command line to 'False'
[0.383s] Level 5:colcon.colcon_core.verb:set package 'usm_interface' build argument 'cmake_clean_cache' from command line to 'False'
[0.383s] Level 5:colcon.colcon_core.verb:set package 'usm_interface' build argument 'cmake_clean_first' from command line to 'False'
[0.383s] Level 5:colcon.colcon_core.verb:set package 'usm_interface' build argument 'cmake_force_configure' from command line to 'False'
[0.383s] Level 5:colcon.colcon_core.verb:set package 'usm_interface' build argument 'ament_cmake_args' from command line to 'None'
[0.383s] Level 5:colcon.colcon_core.verb:set package 'usm_interface' build argument 'catkin_cmake_args' from command line to 'None'
[0.383s] Level 5:colcon.colcon_core.verb:set package 'usm_interface' build argument 'catkin_skip_building_tests' from command line to 'False'
[0.383s] DEBUG:colcon.colcon_core.verb:Building package 'usm_interface' with the following arguments: {'ament_cmake_args': None, 'build_base': '/home/u20/rov-ros-2/ROS2_Coming/ros2_ws/build/usm_interface', 'catkin_cmake_args': None, 'catkin_skip_building_tests': False, 'cmake_args': None, 'cmake_clean_cache': False, 'cmake_clean_first': False, 'cmake_force_configure': False, 'cmake_target': None, 'cmake_target_skip_unavailable': False, 'install_base': '/home/u20/rov-ros-2/ROS2_Coming/ros2_ws/install/usm_interface', 'merge_install': False, 'path': '/home/u20/rov-ros-2/ROS2_Coming/ros2_ws/src/usm_interface', 'symlink_install': False, 'test_result_base': None}
[0.383s] INFO:colcon.colcon_core.executor:Executing jobs using 'parallel' executor
[0.384s] DEBUG:colcon.colcon_parallel_executor.executor.parallel:run_until_complete
[0.384s] INFO:colcon.colcon_ros.task.ament_cmake.build:Building ROS package in '/home/u20/rov-ros-2/ROS2_Coming/ros2_ws/src/usm_interface' with build type 'ament_cmake'
[0.384s] INFO:colcon.colcon_cmake.task.cmake.build:Building CMake package in '/home/u20/rov-ros-2/ROS2_Coming/ros2_ws/src/usm_interface'
[0.386s] INFO:colcon.colcon_core.plugin_system:Skipping extension 'colcon_core.shell.bat': Not used on non-Windows systems
[0.387s] INFO:colcon.colcon_core.shell:Skip shell extension 'powershell' for command environment: Not usable outside of PowerShell
[0.387s] DEBUG:colcon.colcon_core.shell:Skip shell extension 'dsv' for command environment
[0.400s] DEBUG:colcon.colcon_core.event_handler.log_command:Invoking command in '/home/u20/rov-ros-2/ROS2_Coming/ros2_ws/build/usm_interface': AMENT_PREFIX_PATH=/home/u20/rov-ros-2/ROS2_Coming/ros2_ws/install/communication_interfaces:${AMENT_PREFIX_PATH} CMAKE_PREFIX_PATH=/home/u20/rov-ros-2/ROS2_Coming/ros2_ws/install/communication_interfaces:/opt/ros/foxy LD_LIBRARY_PATH=/home/u20/rov-ros-2/ROS2_Coming/ros2_ws/install/communication_interfaces/lib:${LD_LIBRARY_PATH} PYTHONPATH=/home/u20/rov-ros-2/ROS2_Coming/ros2_ws/install/communication_interfaces/lib/python3.8/site-packages:${PYTHONPATH} /usr/bin/cmake /home/u20/rov-ros-2/ROS2_Coming/ros2_ws/src/usm_interface -DCMAKE_INSTALL_PREFIX=/home/u20/rov-ros-2/ROS2_Coming/ros2_ws/install/usm_interface
[2.275s] DEBUG:colcon.colcon_core.event_handler.log_command:Invoked command in '/home/u20/rov-ros-2/ROS2_Coming/ros2_ws/build/usm_interface' returned '0': AMENT_PREFIX_PATH=/home/u20/rov-ros-2/ROS2_Coming/ros2_ws/install/communication_interfaces:${AMENT_PREFIX_PATH} CMAKE_PREFIX_PATH=/home/u20/rov-ros-2/ROS2_Coming/ros2_ws/install/communication_interfaces:/opt/ros/foxy LD_LIBRARY_PATH=/home/u20/rov-ros-2/ROS2_Coming/ros2_ws/install/communication_interfaces/lib:${LD_LIBRARY_PATH} PYTHONPATH=/home/u20/rov-ros-2/ROS2_Coming/ros2_ws/install/communication_interfaces/lib/python3.8/site-packages:${PYTHONPATH} /usr/bin/cmake /home/u20/rov-ros-2/ROS2_Coming/ros2_ws/src/usm_interface -DCMAKE_INSTALL_PREFIX=/home/u20/rov-ros-2/ROS2_Coming/ros2_ws/install/usm_interface
[2.276s] DEBUG:colcon.colcon_core.event_handler.log_command:Invoking command in '/home/u20/rov-ros-2/ROS2_Coming/ros2_ws/build/usm_interface': AMENT_PREFIX_PATH=/home/u20/rov-ros-2/ROS2_Coming/ros2_ws/install/communication_interfaces:${AMENT_PREFIX_PATH} CMAKE_PREFIX_PATH=/home/u20/rov-ros-2/ROS2_Coming/ros2_ws/install/communication_interfaces:/opt/ros/foxy LD_LIBRARY_PATH=/home/u20/rov-ros-2/ROS2_Coming/ros2_ws/install/communication_interfaces/lib:${LD_LIBRARY_PATH} PYTHONPATH=/home/u20/rov-ros-2/ROS2_Coming/ros2_ws/install/communication_interfaces/lib/python3.8/site-packages:${PYTHONPATH} /usr/bin/cmake --build /home/u20/rov-ros-2/ROS2_Coming/ros2_ws/build/usm_interface -- -j12 -l12
[6.211s] DEBUG:colcon.colcon_core.event_handler.log_command:Invoked command in '/home/u20/rov-ros-2/ROS2_Coming/ros2_ws/build/usm_interface' returned '0': AMENT_PREFIX_PATH=/home/u20/rov-ros-2/ROS2_Coming/ros2_ws/install/communication_interfaces:${AMENT_PREFIX_PATH} CMAKE_PREFIX_PATH=/home/u20/rov-ros-2/ROS2_Coming/ros2_ws/install/communication_interfaces:/opt/ros/foxy LD_LIBRARY_PATH=/home/u20/rov-ros-2/ROS2_Coming/ros2_ws/install/communication_interfaces/lib:${LD_LIBRARY_PATH} PYTHONPATH=/home/u20/rov-ros-2/ROS2_Coming/ros2_ws/install/communication_interfaces/lib/python3.8/site-packages:${PYTHONPATH} /usr/bin/cmake --build /home/u20/rov-ros-2/ROS2_Coming/ros2_ws/build/usm_interface -- -j12 -l12
[6.223s] DEBUG:colcon.colcon_core.event_handler.log_command:Invoking command in '/home/u20/rov-ros-2/ROS2_Coming/ros2_ws/build/usm_interface': AMENT_PREFIX_PATH=/home/u20/rov-ros-2/ROS2_Coming/ros2_ws/install/communication_interfaces:${AMENT_PREFIX_PATH} CMAKE_PREFIX_PATH=/home/u20/rov-ros-2/ROS2_Coming/ros2_ws/install/communication_interfaces:/opt/ros/foxy LD_LIBRARY_PATH=/home/u20/rov-ros-2/ROS2_Coming/ros2_ws/install/communication_interfaces/lib:${LD_LIBRARY_PATH} PYTHONPATH=/home/u20/rov-ros-2/ROS2_Coming/ros2_ws/install/communication_interfaces/lib/python3.8/site-packages:${PYTHONPATH} /usr/bin/cmake --install /home/u20/rov-ros-2/ROS2_Coming/ros2_ws/build/usm_interface
[6.291s] Level 1:colcon.colcon_core.environment:create_environment_scripts_only(usm_interface)
[6.291s] DEBUG:colcon.colcon_core.event_handler.log_command:Invoked command in '/home/u20/rov-ros-2/ROS2_Coming/ros2_ws/build/usm_interface' returned '0': AMENT_PREFIX_PATH=/home/u20/rov-ros-2/ROS2_Coming/ros2_ws/install/communication_interfaces:${AMENT_PREFIX_PATH} CMAKE_PREFIX_PATH=/home/u20/rov-ros-2/ROS2_Coming/ros2_ws/install/communication_interfaces:/opt/ros/foxy LD_LIBRARY_PATH=/home/u20/rov-ros-2/ROS2_Coming/ros2_ws/install/communication_interfaces/lib:${LD_LIBRARY_PATH} PYTHONPATH=/home/u20/rov-ros-2/ROS2_Coming/ros2_ws/install/communication_interfaces/lib/python3.8/site-packages:${PYTHONPATH} /usr/bin/cmake --install /home/u20/rov-ros-2/ROS2_Coming/ros2_ws/build/usm_interface
[6.294s] Level 1:colcon.colcon_core.environment:checking '/home/u20/rov-ros-2/ROS2_Coming/ros2_ws/install/usm_interface' for CMake module files
[6.294s] Level 1:colcon.colcon_core.environment:checking '/home/u20/rov-ros-2/ROS2_Coming/ros2_ws/install/usm_interface' for CMake config files
[6.294s] Level 1:colcon.colcon_core.shell:create_environment_hook('usm_interface', 'cmake_prefix_path')
[6.295s] INFO:colcon.colcon_core.shell:Creating environment hook '/home/u20/rov-ros-2/ROS2_Coming/ros2_ws/install/usm_interface/share/usm_interface/hook/cmake_prefix_path.ps1'
[6.295s] INFO:colcon.colcon_core.shell:Creating environment descriptor '/home/u20/rov-ros-2/ROS2_Coming/ros2_ws/install/usm_interface/share/usm_interface/hook/cmake_prefix_path.dsv'
[6.295s] INFO:colcon.colcon_core.shell:Creating environment hook '/home/u20/rov-ros-2/ROS2_Coming/ros2_ws/install/usm_interface/share/usm_interface/hook/cmake_prefix_path.sh'
[6.296s] Level 1:colcon.colcon_core.environment:checking '/home/u20/rov-ros-2/ROS2_Coming/ros2_ws/install/usm_interface/lib'
[6.296s] Level 1:colcon.colcon_core.shell:create_environment_hook('usm_interface', 'ld_library_path_lib')
[6.297s] INFO:colcon.colcon_core.shell:Creating environment hook '/home/u20/rov-ros-2/ROS2_Coming/ros2_ws/install/usm_interface/share/usm_interface/hook/ld_library_path_lib.ps1'
[6.297s] INFO:colcon.colcon_core.shell:Creating environment descriptor '/home/u20/rov-ros-2/ROS2_Coming/ros2_ws/install/usm_interface/share/usm_interface/hook/ld_library_path_lib.dsv'
[6.297s] INFO:colcon.colcon_core.shell:Creating environment hook '/home/u20/rov-ros-2/ROS2_Coming/ros2_ws/install/usm_interface/share/usm_interface/hook/ld_library_path_lib.sh'
[6.297s] Level 1:colcon.colcon_core.environment:checking '/home/u20/rov-ros-2/ROS2_Coming/ros2_ws/install/usm_interface/bin'
[6.297s] Level 1:colcon.colcon_core.environment:checking '/home/u20/rov-ros-2/ROS2_Coming/ros2_ws/install/usm_interface/lib/pkgconfig/usm_interface.pc'
[6.298s] Level 1:colcon.colcon_core.environment:checking '/home/u20/rov-ros-2/ROS2_Coming/ros2_ws/install/usm_interface/lib/python3.8/site-packages'
[6.298s] Level 1:colcon.colcon_core.shell:create_environment_hook('usm_interface', 'pythonpath')
[6.298s] INFO:colcon.colcon_core.shell:Creating environment hook '/home/u20/rov-ros-2/ROS2_Coming/ros2_ws/install/usm_interface/share/usm_interface/hook/pythonpath.ps1'
[6.298s] INFO:colcon.colcon_core.shell:Creating environment descriptor '/home/u20/rov-ros-2/ROS2_Coming/ros2_ws/install/usm_interface/share/usm_interface/hook/pythonpath.dsv'
[6.298s] INFO:colcon.colcon_core.shell:Creating environment hook '/home/u20/rov-ros-2/ROS2_Coming/ros2_ws/install/usm_interface/share/usm_interface/hook/pythonpath.sh'
[6.299s] Level 1:colcon.colcon_core.environment:checking '/home/u20/rov-ros-2/ROS2_Coming/ros2_ws/install/usm_interface/bin'
[6.299s] INFO:colcon.colcon_core.shell:Creating package script '/home/u20/rov-ros-2/ROS2_Coming/ros2_ws/install/usm_interface/share/usm_interface/package.ps1'
[6.300s] INFO:colcon.colcon_core.shell:Creating package descriptor '/home/u20/rov-ros-2/ROS2_Coming/ros2_ws/install/usm_interface/share/usm_interface/package.dsv'
[6.300s] INFO:colcon.colcon_core.shell:Creating package script '/home/u20/rov-ros-2/ROS2_Coming/ros2_ws/install/usm_interface/share/usm_interface/package.sh'
[6.301s] INFO:colcon.colcon_core.shell:Creating package script '/home/u20/rov-ros-2/ROS2_Coming/ros2_ws/install/usm_interface/share/usm_interface/package.bash'
[6.302s] INFO:colcon.colcon_core.shell:Creating package script '/home/u20/rov-ros-2/ROS2_Coming/ros2_ws/install/usm_interface/share/usm_interface/package.zsh'
[6.302s] Level 1:colcon.colcon_core.environment:create_file_with_runtime_dependencies(/home/u20/rov-ros-2/ROS2_Coming/ros2_ws/install/usm_interface/share/colcon-core/packages/usm_interface)
[6.303s] Level 1:colcon.colcon_core.environment:create_environment_scripts_only(usm_interface)
[6.303s] Level 1:colcon.colcon_core.environment:checking '/home/u20/rov-ros-2/ROS2_Coming/ros2_ws/install/usm_interface' for CMake module files
[6.304s] Level 1:colcon.colcon_core.environment:checking '/home/u20/rov-ros-2/ROS2_Coming/ros2_ws/install/usm_interface' for CMake config files
[6.304s] Level 1:colcon.colcon_core.shell:create_environment_hook('usm_interface', 'cmake_prefix_path')
[6.304s] INFO:colcon.colcon_core.shell:Creating environment hook '/home/u20/rov-ros-2/ROS2_Coming/ros2_ws/install/usm_interface/share/usm_interface/hook/cmake_prefix_path.ps1'
[6.305s] INFO:colcon.colcon_core.shell:Creating environment descriptor '/home/u20/rov-ros-2/ROS2_Coming/ros2_ws/install/usm_interface/share/usm_interface/hook/cmake_prefix_path.dsv'
[6.305s] INFO:colcon.colcon_core.shell:Creating environment hook '/home/u20/rov-ros-2/ROS2_Coming/ros2_ws/install/usm_interface/share/usm_interface/hook/cmake_prefix_path.sh'
[6.305s] Level 1:colcon.colcon_core.environment:checking '/home/u20/rov-ros-2/ROS2_Coming/ros2_ws/install/usm_interface/lib'
[6.305s] Level 1:colcon.colcon_core.shell:create_environment_hook('usm_interface', 'ld_library_path_lib')
[6.306s] INFO:colcon.colcon_core.shell:Creating environment hook '/home/u20/rov-ros-2/ROS2_Coming/ros2_ws/install/usm_interface/share/usm_interface/hook/ld_library_path_lib.ps1'
[6.306s] INFO:colcon.colcon_core.shell:Creating environment descriptor '/home/u20/rov-ros-2/ROS2_Coming/ros2_ws/install/usm_interface/share/usm_interface/hook/ld_library_path_lib.dsv'
[6.306s] INFO:colcon.colcon_core.shell:Creating environment hook '/home/u20/rov-ros-2/ROS2_Coming/ros2_ws/install/usm_interface/share/usm_interface/hook/ld_library_path_lib.sh'
[6.307s] Level 1:colcon.colcon_core.environment:checking '/home/u20/rov-ros-2/ROS2_Coming/ros2_ws/install/usm_interface/bin'
[6.307s] Level 1:colcon.colcon_core.environment:checking '/home/u20/rov-ros-2/ROS2_Coming/ros2_ws/install/usm_interface/lib/pkgconfig/usm_interface.pc'
[6.307s] Level 1:colcon.colcon_core.environment:checking '/home/u20/rov-ros-2/ROS2_Coming/ros2_ws/install/usm_interface/lib/python3.8/site-packages'
[6.307s] Level 1:colcon.colcon_core.shell:create_environment_hook('usm_interface', 'pythonpath')
[6.307s] INFO:colcon.colcon_core.shell:Creating environment hook '/home/u20/rov-ros-2/ROS2_Coming/ros2_ws/install/usm_interface/share/usm_interface/hook/pythonpath.ps1'
[6.308s] INFO:colcon.colcon_core.shell:Creating environment descriptor '/home/u20/rov-ros-2/ROS2_Coming/ros2_ws/install/usm_interface/share/usm_interface/hook/pythonpath.dsv'
[6.308s] INFO:colcon.colcon_core.shell:Creating environment hook '/home/u20/rov-ros-2/ROS2_Coming/ros2_ws/install/usm_interface/share/usm_interface/hook/pythonpath.sh'
[6.309s] Level 1:colcon.colcon_core.environment:checking '/home/u20/rov-ros-2/ROS2_Coming/ros2_ws/install/usm_interface/bin'
[6.309s] INFO:colcon.colcon_core.shell:Creating package script '/home/u20/rov-ros-2/ROS2_Coming/ros2_ws/install/usm_interface/share/usm_interface/package.ps1'
[6.310s] INFO:colcon.colcon_core.shell:Creating package descriptor '/home/u20/rov-ros-2/ROS2_Coming/ros2_ws/install/usm_interface/share/usm_interface/package.dsv'
[6.310s] INFO:colcon.colcon_core.shell:Creating package script '/home/u20/rov-ros-2/ROS2_Coming/ros2_ws/install/usm_interface/share/usm_interface/package.sh'
[6.311s] INFO:colcon.colcon_core.shell:Creating package script '/home/u20/rov-ros-2/ROS2_Coming/ros2_ws/install/usm_interface/share/usm_interface/package.bash'
[6.311s] INFO:colcon.colcon_core.shell:Creating package script '/home/u20/rov-ros-2/ROS2_Coming/ros2_ws/install/usm_interface/share/usm_interface/package.zsh'
[6.312s] Level 1:colcon.colcon_core.environment:create_file_with_runtime_dependencies(/home/u20/rov-ros-2/ROS2_Coming/ros2_ws/install/usm_interface/share/colcon-core/packages/usm_interface)
[6.312s] DEBUG:colcon.colcon_parallel_executor.executor.parallel:closing loop
[6.312s] DEBUG:colcon.colcon_parallel_executor.executor.parallel:loop closed
[6.312s] DEBUG:colcon.colcon_parallel_executor.executor.parallel:run_until_complete finished with '0'
[6.312s] DEBUG:colcon.colcon_core.event_reactor:joining thread
[6.320s] INFO:colcon.colcon_core.plugin_system:Skipping extension 'colcon_notification.desktop_notification.terminal_notifier': Not used on non-Darwin systems
[6.320s] INFO:colcon.colcon_core.plugin_system:Skipping extension 'colcon_notification.desktop_notification.win32': Not used on non-Windows systems
[6.320s] INFO:colcon.colcon_notification.desktop_notification:Sending desktop notification using 'notify2'
[6.337s] DEBUG:colcon.colcon_core.event_reactor:joined thread
[6.338s] INFO:colcon.colcon_core.shell:Creating prefix script '/home/u20/rov-ros-2/ROS2_Coming/ros2_ws/install/local_setup.ps1'
[6.339s] INFO:colcon.colcon_core.shell:Creating prefix util module '/home/u20/rov-ros-2/ROS2_Coming/ros2_ws/install/_local_setup_util_ps1.py'
[6.341s] INFO:colcon.colcon_core.shell:Creating prefix chain script '/home/u20/rov-ros-2/ROS2_Coming/ros2_ws/install/setup.ps1'
[6.341s] INFO:colcon.colcon_core.shell:Creating prefix script '/home/u20/rov-ros-2/ROS2_Coming/ros2_ws/install/local_setup.sh'
[6.342s] INFO:colcon.colcon_core.shell:Creating prefix util module '/home/u20/rov-ros-2/ROS2_Coming/ros2_ws/install/_local_setup_util_sh.py'
[6.342s] INFO:colcon.colcon_core.shell:Creating prefix chain script '/home/u20/rov-ros-2/ROS2_Coming/ros2_ws/install/setup.sh'
[6.343s] INFO:colcon.colcon_core.shell:Creating prefix script '/home/u20/rov-ros-2/ROS2_Coming/ros2_ws/install/local_setup.bash'
[6.344s] INFO:colcon.colcon_core.shell:Creating prefix chain script '/home/u20/rov-ros-2/ROS2_Coming/ros2_ws/install/setup.bash'
[6.344s] INFO:colcon.colcon_core.shell:Creating prefix script '/home/u20/rov-ros-2/ROS2_Coming/ros2_ws/install/local_setup.zsh'
[6.345s] INFO:colcon.colcon_core.shell:Creating prefix chain script '/home/u20/rov-ros-2/ROS2_Coming/ros2_ws/install/setup.zsh'
