running egg_info
creating ../../build/communication_topic/communication_topic.egg-info
writing ../../build/communication_topic/communication_topic.egg-info/PKG-INFO
writing dependency_links to ../../build/communication_topic/communication_topic.egg-info/dependency_links.txt
writing entry points to ../../build/communication_topic/communication_topic.egg-info/entry_points.txt
writing requirements to ../../build/communication_topic/communication_topic.egg-info/requires.txt
writing top-level names to ../../build/communication_topic/communication_topic.egg-info/top_level.txt
writing manifest file '../../build/communication_topic/communication_topic.egg-info/SOURCES.txt'
reading manifest file '../../build/communication_topic/communication_topic.egg-info/SOURCES.txt'
writing manifest file '../../build/communication_topic/communication_topic.egg-info/SOURCES.txt'
running build
running build_py
creating /home/u20/ros2_ws/build/communication_topic/build
creating /home/u20/ros2_ws/build/communication_topic/build/lib
creating /home/u20/ros2_ws/build/communication_topic/build/lib/communication_topic
copying communication_topic/AHRS_sub.py -> /home/u20/ros2_ws/build/communication_topic/build/lib/communication_topic
copying communication_topic/AHRS_cli.py -> /home/u20/ros2_ws/build/communication_topic/build/lib/communication_topic
copying communication_topic/AHRS_pub.py -> /home/u20/ros2_ws/build/communication_topic/build/lib/communication_topic
copying communication_topic/AHRS_ser.py -> /home/u20/ros2_ws/build/communication_topic/build/lib/communication_topic
copying communication_topic/__init__.py -> /home/u20/ros2_ws/build/communication_topic/build/lib/communication_topic
running install
running install_lib
creating /home/u20/ros2_ws/install/communication_topic/lib/python3.8/site-packages/communication_topic
copying /home/u20/ros2_ws/build/communication_topic/build/lib/communication_topic/AHRS_sub.py -> /home/u20/ros2_ws/install/communication_topic/lib/python3.8/site-packages/communication_topic
copying /home/u20/ros2_ws/build/communication_topic/build/lib/communication_topic/AHRS_cli.py -> /home/u20/ros2_ws/install/communication_topic/lib/python3.8/site-packages/communication_topic
copying /home/u20/ros2_ws/build/communication_topic/build/lib/communication_topic/AHRS_pub.py -> /home/u20/ros2_ws/install/communication_topic/lib/python3.8/site-packages/communication_topic
copying /home/u20/ros2_ws/build/communication_topic/build/lib/communication_topic/AHRS_ser.py -> /home/u20/ros2_ws/install/communication_topic/lib/python3.8/site-packages/communication_topic
copying /home/u20/ros2_ws/build/communication_topic/build/lib/communication_topic/__init__.py -> /home/u20/ros2_ws/install/communication_topic/lib/python3.8/site-packages/communication_topic
byte-compiling /home/u20/ros2_ws/install/communication_topic/lib/python3.8/site-packages/communication_topic/AHRS_sub.py to AHRS_sub.cpython-38.pyc
byte-compiling /home/u20/ros2_ws/install/communication_topic/lib/python3.8/site-packages/communication_topic/AHRS_cli.py to AHRS_cli.cpython-38.pyc
byte-compiling /home/u20/ros2_ws/install/communication_topic/lib/python3.8/site-packages/communication_topic/AHRS_pub.py to AHRS_pub.cpython-38.pyc
byte-compiling /home/u20/ros2_ws/install/communication_topic/lib/python3.8/site-packages/communication_topic/AHRS_ser.py to AHRS_ser.cpython-38.pyc
byte-compiling /home/u20/ros2_ws/install/communication_topic/lib/python3.8/site-packages/communication_topic/__init__.py to __init__.cpython-38.pyc
running install_data
creating /home/u20/ros2_ws/install/communication_topic/share/ament_index
creating /home/u20/ros2_ws/install/communication_topic/share/ament_index/resource_index
creating /home/u20/ros2_ws/install/communication_topic/share/ament_index/resource_index/packages
copying resource/communication_topic -> /home/u20/ros2_ws/install/communication_topic/share/ament_index/resource_index/packages
copying package.xml -> /home/u20/ros2_ws/install/communication_topic/share/communication_topic
running install_egg_info
Copying ../../build/communication_topic/communication_topic.egg-info to /home/u20/ros2_ws/install/communication_topic/lib/python3.8/site-packages/communication_topic-0.0.0-py3.8.egg-info
running install_scripts
Installing ahrs_publisher_node script to /home/u20/ros2_ws/install/communication_topic/lib/communication_topic
Installing ahrs_subscriber_node script to /home/u20/ros2_ws/install/communication_topic/lib/communication_topic
writing list of installed files to '/home/u20/ros2_ws/build/communication_topic/install.log'
