[0.565s] Invoking command in '/home/u20/ros2_ws/src/communication_topic': PYTHONPATH=/home/u20/ros2_ws/build/communication_topic/prefix_override:/usr/lib/python3/dist-packages/colcon_core/task/python/colcon_distutils_commands:/home/u20/ros2_ws/install/communication_topic/lib/python3.8/site-packages:/home/u20/ros2_ws/install/communication_interfaces_topic/lib/python3.8/site-packages:/home/u20/ros2_ws/install/communication_topic/lib/python3.8/site-packages:/opt/ros/foxy/lib/python3.8/site-packages /usr/bin/python3 -W ignore:setup.py install is deprecated -W ignore:easy_install command is deprecated setup.py egg_info --egg-base ../../build/communication_topic build --build-base /home/u20/ros2_ws/build/communication_topic/build install --record /home/u20/ros2_ws/build/communication_topic/install.log --install-scripts $base/lib/communication_topic --single-version-externally-managed install_data
[0.767s] running egg_info
[0.767s] creating ../../build/communication_topic/communication_topic.egg-info
[0.768s] writing ../../build/communication_topic/communication_topic.egg-info/PKG-INFO
[0.768s] writing dependency_links to ../../build/communication_topic/communication_topic.egg-info/dependency_links.txt
[0.768s] writing entry points to ../../build/communication_topic/communication_topic.egg-info/entry_points.txt
[0.768s] writing requirements to ../../build/communication_topic/communication_topic.egg-info/requires.txt
[0.768s] writing top-level names to ../../build/communication_topic/communication_topic.egg-info/top_level.txt
[0.771s] writing manifest file '../../build/communication_topic/communication_topic.egg-info/SOURCES.txt'
[0.805s] reading manifest file '../../build/communication_topic/communication_topic.egg-info/SOURCES.txt'
[0.805s] writing manifest file '../../build/communication_topic/communication_topic.egg-info/SOURCES.txt'
[0.806s] running build
[0.806s] running build_py
[0.806s] creating /home/u20/ros2_ws/build/communication_topic/build
[0.806s] creating /home/u20/ros2_ws/build/communication_topic/build/lib
[0.806s] creating /home/u20/ros2_ws/build/communication_topic/build/lib/communication_topic
[0.806s] copying communication_topic/AHRS_sub.py -> /home/u20/ros2_ws/build/communication_topic/build/lib/communication_topic
[0.806s] copying communication_topic/AHRS_cli.py -> /home/u20/ros2_ws/build/communication_topic/build/lib/communication_topic
[0.806s] copying communication_topic/AHRS_pub.py -> /home/u20/ros2_ws/build/communication_topic/build/lib/communication_topic
[0.807s] copying communication_topic/AHRS_ser.py -> /home/u20/ros2_ws/build/communication_topic/build/lib/communication_topic
[0.807s] copying communication_topic/__init__.py -> /home/u20/ros2_ws/build/communication_topic/build/lib/communication_topic
[0.807s] running install
[0.807s] running install_lib
[0.809s] creating /home/u20/ros2_ws/install/communication_topic/lib/python3.8/site-packages/communication_topic
[0.809s] copying /home/u20/ros2_ws/build/communication_topic/build/lib/communication_topic/AHRS_sub.py -> /home/u20/ros2_ws/install/communication_topic/lib/python3.8/site-packages/communication_topic
[0.809s] copying /home/u20/ros2_ws/build/communication_topic/build/lib/communication_topic/AHRS_cli.py -> /home/u20/ros2_ws/install/communication_topic/lib/python3.8/site-packages/communication_topic
[0.809s] copying /home/u20/ros2_ws/build/communication_topic/build/lib/communication_topic/AHRS_pub.py -> /home/u20/ros2_ws/install/communication_topic/lib/python3.8/site-packages/communication_topic
[0.809s] copying /home/u20/ros2_ws/build/communication_topic/build/lib/communication_topic/AHRS_ser.py -> /home/u20/ros2_ws/install/communication_topic/lib/python3.8/site-packages/communication_topic
[0.809s] copying /home/u20/ros2_ws/build/communication_topic/build/lib/communication_topic/__init__.py -> /home/u20/ros2_ws/install/communication_topic/lib/python3.8/site-packages/communication_topic
[0.810s] byte-compiling /home/u20/ros2_ws/install/communication_topic/lib/python3.8/site-packages/communication_topic/AHRS_sub.py to AHRS_sub.cpython-38.pyc
[0.812s] byte-compiling /home/u20/ros2_ws/install/communication_topic/lib/python3.8/site-packages/communication_topic/AHRS_cli.py to AHRS_cli.cpython-38.pyc
[0.812s] byte-compiling /home/u20/ros2_ws/install/communication_topic/lib/python3.8/site-packages/communication_topic/AHRS_pub.py to AHRS_pub.cpython-38.pyc
[0.813s] byte-compiling /home/u20/ros2_ws/install/communication_topic/lib/python3.8/site-packages/communication_topic/AHRS_ser.py to AHRS_ser.cpython-38.pyc
[0.813s] byte-compiling /home/u20/ros2_ws/install/communication_topic/lib/python3.8/site-packages/communication_topic/__init__.py to __init__.cpython-38.pyc
[0.813s] running install_data
[0.813s] creating /home/u20/ros2_ws/install/communication_topic/share/ament_index
[0.813s] creating /home/u20/ros2_ws/install/communication_topic/share/ament_index/resource_index
[0.813s] creating /home/u20/ros2_ws/install/communication_topic/share/ament_index/resource_index/packages
[0.813s] copying resource/communication_topic -> /home/u20/ros2_ws/install/communication_topic/share/ament_index/resource_index/packages
[0.814s] copying package.xml -> /home/u20/ros2_ws/install/communication_topic/share/communication_topic
[0.814s] running install_egg_info
[0.816s] Copying ../../build/communication_topic/communication_topic.egg-info to /home/u20/ros2_ws/install/communication_topic/lib/python3.8/site-packages/communication_topic-0.0.0-py3.8.egg-info
[0.816s] running install_scripts
[0.836s] Installing ahrs_publisher_node script to /home/u20/ros2_ws/install/communication_topic/lib/communication_topic
[0.836s] Installing ahrs_subscriber_node script to /home/u20/ros2_ws/install/communication_topic/lib/communication_topic
[0.836s] writing list of installed files to '/home/u20/ros2_ws/build/communication_topic/install.log'
[0.871s] Invoked command in '/home/u20/ros2_ws/src/communication_topic' returned '0': PYTHONPATH=/home/u20/ros2_ws/build/communication_topic/prefix_override:/usr/lib/python3/dist-packages/colcon_core/task/python/colcon_distutils_commands:/home/u20/ros2_ws/install/communication_topic/lib/python3.8/site-packages:/home/u20/ros2_ws/install/communication_interfaces_topic/lib/python3.8/site-packages:/home/u20/ros2_ws/install/communication_topic/lib/python3.8/site-packages:/opt/ros/foxy/lib/python3.8/site-packages /usr/bin/python3 -W ignore:setup.py install is deprecated -W ignore:easy_install command is deprecated setup.py egg_info --egg-base ../../build/communication_topic build --build-base /home/u20/ros2_ws/build/communication_topic/build install --record /home/u20/ros2_ws/build/communication_topic/install.log --install-scripts $base/lib/communication_topic --single-version-externally-managed install_data
