[0.056s] DEBUG:colcon:Command line arguments: ['/usr/bin/colcon', 'build']
[0.056s] DEBUG:colcon:Parsed command line arguments: Namespace(log_base=None, log_level=None, verb_name='build', build_base='build', install_base='install', merge_install=False, symlink_install=False, test_result_base=None, continue_on_error=False, executor='parallel', parallel_workers=20, event_handlers=None, ignore_user_meta=False, metas=['./colcon.meta'], base_paths=['.'], packages_ignore=None, packages_ignore_regex=None, paths=None, packages_up_to=None, packages_up_to_regex=None, packages_above=None, packages_above_and_dependencies=None, packages_above_depth=None, packages_select_by_dep=None, packages_skip_by_dep=None, packages_skip_up_to=None, packages_select_build_failed=False, packages_skip_build_finished=False, packages_select_test_failures=False, packages_skip_test_passed=False, packages_select=None, packages_skip=None, packages_select_regex=None, packages_skip_regex=None, packages_start=None, packages_end=None, allow_overriding=[], cmake_args=None, cmake_target=None, cmake_target_skip_unavailable=False, cmake_clean_cache=False, cmake_clean_first=False, cmake_force_configure=False, ament_cmake_args=None, catkin_cmake_args=None, catkin_skip_building_tests=False, verb_parser=<colcon_defaults.argument_parser.defaults.DefaultArgumentsDecorator object at 0x7eb47060f8b0>, verb_extension=<colcon_core.verb.build.BuildVerb object at 0x7eb470758430>, main=<bound method BuildVerb.main of <colcon_core.verb.build.BuildVerb object at 0x7eb470758430>>)
[0.136s] Level 1:colcon.colcon_core.package_discovery:discover_packages(colcon_meta) check parameters
[0.136s] Level 1:colcon.colcon_core.package_discovery:discover_packages(recursive) check parameters
[0.136s] Level 1:colcon.colcon_core.package_discovery:discover_packages(ignore) check parameters
[0.136s] Level 1:colcon.colcon_core.package_discovery:discover_packages(path) check parameters
[0.136s] Level 1:colcon.colcon_core.package_discovery:discover_packages(colcon_meta) discover
[0.137s] Level 1:colcon.colcon_core.package_discovery:discover_packages(recursive) discover
[0.137s] INFO:colcon.colcon_core.package_discovery:Crawling recursively for packages in '/home/gy/ROS2_Coming/02lidar/fishbot_ws/src/ydlidar_ros2'
[0.137s] Level 1:colcon.colcon_core.package_identification:_identify(.) by extensions ['ignore', 'ignore_ament_install']
[0.137s] Level 1:colcon.colcon_core.package_identification:_identify(.) by extension 'ignore'
[0.137s] Level 1:colcon.colcon_core.package_identification:_identify(.) by extension 'ignore_ament_install'
[0.137s] Level 1:colcon.colcon_core.package_identification:_identify(.) by extensions ['colcon_pkg']
[0.137s] Level 1:colcon.colcon_core.package_identification:_identify(.) by extension 'colcon_pkg'
[0.137s] Level 1:colcon.colcon_core.package_identification:_identify(.) by extensions ['colcon_meta']
[0.137s] Level 1:colcon.colcon_core.package_identification:_identify(.) by extension 'colcon_meta'
[0.137s] Level 1:colcon.colcon_core.package_identification:_identify(.) by extensions ['ros']
[0.137s] Level 1:colcon.colcon_core.package_identification:_identify(.) by extension 'ros'
[0.145s] DEBUG:colcon.colcon_core.package_identification:Package '.' with type 'ros.ament_cmake' and name 'ydlidar'
[0.145s] Level 1:colcon.colcon_core.package_discovery:discover_packages(recursive) using defaults
[0.145s] Level 1:colcon.colcon_core.package_discovery:discover_packages(ignore) discover
[0.145s] Level 1:colcon.colcon_core.package_discovery:discover_packages(ignore) using defaults
[0.145s] Level 1:colcon.colcon_core.package_discovery:discover_packages(path) discover
[0.145s] Level 1:colcon.colcon_core.package_discovery:discover_packages(path) using defaults
[0.156s] Level 1:colcon.colcon_core.package_discovery:discover_packages(prefix_path) check parameters
[0.156s] Level 1:colcon.colcon_core.package_discovery:discover_packages(prefix_path) discover
[0.157s] DEBUG:colcon.colcon_installed_package_information.package_discovery:Found 1 installed packages in /home/gy/ROS2_Coming/02lidar/fishbot_ws/src/ydlidar_ros2/install
[0.157s] DEBUG:colcon.colcon_installed_package_information.package_discovery:Found 270 installed packages in /opt/ros/humble
[0.158s] Level 1:colcon.colcon_core.package_discovery:discover_packages(prefix_path) using defaults
[0.182s] Level 5:colcon.colcon_core.verb:set package 'ydlidar' build argument 'cmake_args' from command line to 'None'
[0.182s] Level 5:colcon.colcon_core.verb:set package 'ydlidar' build argument 'cmake_target' from command line to 'None'
[0.182s] Level 5:colcon.colcon_core.verb:set package 'ydlidar' build argument 'cmake_target_skip_unavailable' from command line to 'False'
[0.182s] Level 5:colcon.colcon_core.verb:set package 'ydlidar' build argument 'cmake_clean_cache' from command line to 'False'
[0.182s] Level 5:colcon.colcon_core.verb:set package 'ydlidar' build argument 'cmake_clean_first' from command line to 'False'
[0.182s] Level 5:colcon.colcon_core.verb:set package 'ydlidar' build argument 'cmake_force_configure' from command line to 'False'
[0.182s] Level 5:colcon.colcon_core.verb:set package 'ydlidar' build argument 'ament_cmake_args' from command line to 'None'
[0.182s] Level 5:colcon.colcon_core.verb:set package 'ydlidar' build argument 'catkin_cmake_args' from command line to 'None'
[0.182s] Level 5:colcon.colcon_core.verb:set package 'ydlidar' build argument 'catkin_skip_building_tests' from command line to 'False'
[0.182s] DEBUG:colcon.colcon_core.verb:Building package 'ydlidar' with the following arguments: {'ament_cmake_args': None, 'build_base': '/home/gy/ROS2_Coming/02lidar/fishbot_ws/src/ydlidar_ros2/build/ydlidar', 'catkin_cmake_args': None, 'catkin_skip_building_tests': False, 'cmake_args': None, 'cmake_clean_cache': False, 'cmake_clean_first': False, 'cmake_force_configure': False, 'cmake_target': None, 'cmake_target_skip_unavailable': False, 'install_base': '/home/gy/ROS2_Coming/02lidar/fishbot_ws/src/ydlidar_ros2/install/ydlidar', 'merge_install': False, 'path': '/home/gy/ROS2_Coming/02lidar/fishbot_ws/src/ydlidar_ros2', 'symlink_install': False, 'test_result_base': None}
[0.182s] INFO:colcon.colcon_core.executor:Executing jobs using 'parallel' executor
[0.183s] DEBUG:colcon.colcon_parallel_executor.executor.parallel:run_until_complete
[0.183s] INFO:colcon.colcon_ros.task.ament_cmake.build:Building ROS package in '/home/gy/ROS2_Coming/02lidar/fishbot_ws/src/ydlidar_ros2' with build type 'ament_cmake'
[0.183s] INFO:colcon.colcon_cmake.task.cmake.build:Building CMake package in '/home/gy/ROS2_Coming/02lidar/fishbot_ws/src/ydlidar_ros2'
[0.184s] INFO:colcon.colcon_core.plugin_system:Skipping extension 'colcon_core.shell.bat': Not used on non-Windows systems
[0.184s] INFO:colcon.colcon_core.shell:Skip shell extension 'powershell' for command environment: Not usable outside of PowerShell
[0.184s] DEBUG:colcon.colcon_core.shell:Skip shell extension 'dsv' for command environment
[0.188s] DEBUG:colcon.colcon_core.event_handler.log_command:Invoking command in '/home/gy/ROS2_Coming/02lidar/fishbot_ws/src/ydlidar_ros2/build/ydlidar': CMAKE_PREFIX_PATH=${CMAKE_PREFIX_PATH}:/opt/ros/humble /usr/bin/cmake /home/gy/ROS2_Coming/02lidar/fishbot_ws/src/ydlidar_ros2 -DCMAKE_INSTALL_PREFIX=/home/gy/ROS2_Coming/02lidar/fishbot_ws/src/ydlidar_ros2/install/ydlidar
[1.041s] DEBUG:colcon.colcon_core.event_handler.log_command:Invoked command in '/home/gy/ROS2_Coming/02lidar/fishbot_ws/src/ydlidar_ros2/build/ydlidar' returned '0': CMAKE_PREFIX_PATH=${CMAKE_PREFIX_PATH}:/opt/ros/humble /usr/bin/cmake /home/gy/ROS2_Coming/02lidar/fishbot_ws/src/ydlidar_ros2 -DCMAKE_INSTALL_PREFIX=/home/gy/ROS2_Coming/02lidar/fishbot_ws/src/ydlidar_ros2/install/ydlidar
[1.041s] DEBUG:colcon.colcon_core.event_handler.log_command:Invoking command in '/home/gy/ROS2_Coming/02lidar/fishbot_ws/src/ydlidar_ros2/build/ydlidar': CMAKE_PREFIX_PATH=${CMAKE_PREFIX_PATH}:/opt/ros/humble /usr/bin/cmake --build /home/gy/ROS2_Coming/02lidar/fishbot_ws/src/ydlidar_ros2/build/ydlidar -- -j20 -l20
[5.805s] DEBUG:colcon.colcon_core.event_handler.log_command:Invoked command in '/home/gy/ROS2_Coming/02lidar/fishbot_ws/src/ydlidar_ros2/build/ydlidar' returned '0': CMAKE_PREFIX_PATH=${CMAKE_PREFIX_PATH}:/opt/ros/humble /usr/bin/cmake --build /home/gy/ROS2_Coming/02lidar/fishbot_ws/src/ydlidar_ros2/build/ydlidar -- -j20 -l20
[5.844s] DEBUG:colcon.colcon_core.event_handler.log_command:Invoking command in '/home/gy/ROS2_Coming/02lidar/fishbot_ws/src/ydlidar_ros2/build/ydlidar': CMAKE_PREFIX_PATH=${CMAKE_PREFIX_PATH}:/opt/ros/humble /usr/bin/cmake --install /home/gy/ROS2_Coming/02lidar/fishbot_ws/src/ydlidar_ros2/build/ydlidar
[5.854s] Level 1:colcon.colcon_core.environment:create_environment_scripts_only(ydlidar)
[5.854s] DEBUG:colcon.colcon_core.event_handler.log_command:Invoked command in '/home/gy/ROS2_Coming/02lidar/fishbot_ws/src/ydlidar_ros2/build/ydlidar' returned '0': CMAKE_PREFIX_PATH=${CMAKE_PREFIX_PATH}:/opt/ros/humble /usr/bin/cmake --install /home/gy/ROS2_Coming/02lidar/fishbot_ws/src/ydlidar_ros2/build/ydlidar
[5.855s] Level 1:colcon.colcon_core.environment:checking '/home/gy/ROS2_Coming/02lidar/fishbot_ws/src/ydlidar_ros2/install/ydlidar' for CMake module files
[5.856s] Level 1:colcon.colcon_core.environment:checking '/home/gy/ROS2_Coming/02lidar/fishbot_ws/src/ydlidar_ros2/install/ydlidar' for CMake config files
[5.856s] Level 1:colcon.colcon_core.shell:create_environment_hook('ydlidar', 'cmake_prefix_path')
[5.856s] INFO:colcon.colcon_core.shell:Creating environment hook '/home/gy/ROS2_Coming/02lidar/fishbot_ws/src/ydlidar_ros2/install/ydlidar/share/ydlidar/hook/cmake_prefix_path.ps1'
[5.856s] INFO:colcon.colcon_core.shell:Creating environment descriptor '/home/gy/ROS2_Coming/02lidar/fishbot_ws/src/ydlidar_ros2/install/ydlidar/share/ydlidar/hook/cmake_prefix_path.dsv'
[5.857s] INFO:colcon.colcon_core.shell:Creating environment hook '/home/gy/ROS2_Coming/02lidar/fishbot_ws/src/ydlidar_ros2/install/ydlidar/share/ydlidar/hook/cmake_prefix_path.sh'
[5.857s] Level 1:colcon.colcon_core.environment:checking '/home/gy/ROS2_Coming/02lidar/fishbot_ws/src/ydlidar_ros2/install/ydlidar/lib'
[5.857s] Level 1:colcon.colcon_core.environment:checking '/home/gy/ROS2_Coming/02lidar/fishbot_ws/src/ydlidar_ros2/install/ydlidar/bin'
[5.857s] Level 1:colcon.colcon_core.environment:checking '/home/gy/ROS2_Coming/02lidar/fishbot_ws/src/ydlidar_ros2/install/ydlidar/lib/pkgconfig/ydlidar.pc'
[5.857s] Level 1:colcon.colcon_core.environment:checking '/home/gy/ROS2_Coming/02lidar/fishbot_ws/src/ydlidar_ros2/install/ydlidar/lib/python3.10/site-packages'
[5.858s] Level 1:colcon.colcon_core.environment:checking '/home/gy/ROS2_Coming/02lidar/fishbot_ws/src/ydlidar_ros2/install/ydlidar/bin'
[5.858s] INFO:colcon.colcon_core.shell:Creating package script '/home/gy/ROS2_Coming/02lidar/fishbot_ws/src/ydlidar_ros2/install/ydlidar/share/ydlidar/package.ps1'
[5.858s] INFO:colcon.colcon_core.shell:Creating package descriptor '/home/gy/ROS2_Coming/02lidar/fishbot_ws/src/ydlidar_ros2/install/ydlidar/share/ydlidar/package.dsv'
[5.859s] INFO:colcon.colcon_core.shell:Creating package script '/home/gy/ROS2_Coming/02lidar/fishbot_ws/src/ydlidar_ros2/install/ydlidar/share/ydlidar/package.sh'
[5.859s] INFO:colcon.colcon_core.shell:Creating package script '/home/gy/ROS2_Coming/02lidar/fishbot_ws/src/ydlidar_ros2/install/ydlidar/share/ydlidar/package.bash'
[5.859s] INFO:colcon.colcon_core.shell:Creating package script '/home/gy/ROS2_Coming/02lidar/fishbot_ws/src/ydlidar_ros2/install/ydlidar/share/ydlidar/package.zsh'
[5.860s] Level 1:colcon.colcon_core.environment:create_file_with_runtime_dependencies(/home/gy/ROS2_Coming/02lidar/fishbot_ws/src/ydlidar_ros2/install/ydlidar/share/colcon-core/packages/ydlidar)
[5.891s] Level 1:colcon.colcon_core.environment:create_environment_scripts_only(ydlidar)
[5.891s] Level 1:colcon.colcon_core.environment:checking '/home/gy/ROS2_Coming/02lidar/fishbot_ws/src/ydlidar_ros2/install/ydlidar' for CMake module files
[5.891s] Level 1:colcon.colcon_core.environment:checking '/home/gy/ROS2_Coming/02lidar/fishbot_ws/src/ydlidar_ros2/install/ydlidar' for CMake config files
[5.891s] Level 1:colcon.colcon_core.shell:create_environment_hook('ydlidar', 'cmake_prefix_path')
[5.892s] INFO:colcon.colcon_core.shell:Creating environment hook '/home/gy/ROS2_Coming/02lidar/fishbot_ws/src/ydlidar_ros2/install/ydlidar/share/ydlidar/hook/cmake_prefix_path.ps1'
[5.892s] INFO:colcon.colcon_core.shell:Creating environment descriptor '/home/gy/ROS2_Coming/02lidar/fishbot_ws/src/ydlidar_ros2/install/ydlidar/share/ydlidar/hook/cmake_prefix_path.dsv'
[5.892s] INFO:colcon.colcon_core.shell:Creating environment hook '/home/gy/ROS2_Coming/02lidar/fishbot_ws/src/ydlidar_ros2/install/ydlidar/share/ydlidar/hook/cmake_prefix_path.sh'
[5.892s] Level 1:colcon.colcon_core.environment:checking '/home/gy/ROS2_Coming/02lidar/fishbot_ws/src/ydlidar_ros2/install/ydlidar/lib'
[5.892s] Level 1:colcon.colcon_core.environment:checking '/home/gy/ROS2_Coming/02lidar/fishbot_ws/src/ydlidar_ros2/install/ydlidar/bin'
[5.892s] Level 1:colcon.colcon_core.environment:checking '/home/gy/ROS2_Coming/02lidar/fishbot_ws/src/ydlidar_ros2/install/ydlidar/lib/pkgconfig/ydlidar.pc'
[5.893s] Level 1:colcon.colcon_core.environment:checking '/home/gy/ROS2_Coming/02lidar/fishbot_ws/src/ydlidar_ros2/install/ydlidar/lib/python3.10/site-packages'
[5.893s] Level 1:colcon.colcon_core.environment:checking '/home/gy/ROS2_Coming/02lidar/fishbot_ws/src/ydlidar_ros2/install/ydlidar/bin'
[5.893s] INFO:colcon.colcon_core.shell:Creating package script '/home/gy/ROS2_Coming/02lidar/fishbot_ws/src/ydlidar_ros2/install/ydlidar/share/ydlidar/package.ps1'
[5.893s] INFO:colcon.colcon_core.shell:Creating package descriptor '/home/gy/ROS2_Coming/02lidar/fishbot_ws/src/ydlidar_ros2/install/ydlidar/share/ydlidar/package.dsv'
[5.893s] INFO:colcon.colcon_core.shell:Creating package script '/home/gy/ROS2_Coming/02lidar/fishbot_ws/src/ydlidar_ros2/install/ydlidar/share/ydlidar/package.sh'
[5.894s] INFO:colcon.colcon_core.shell:Creating package script '/home/gy/ROS2_Coming/02lidar/fishbot_ws/src/ydlidar_ros2/install/ydlidar/share/ydlidar/package.bash'
[5.894s] INFO:colcon.colcon_core.shell:Creating package script '/home/gy/ROS2_Coming/02lidar/fishbot_ws/src/ydlidar_ros2/install/ydlidar/share/ydlidar/package.zsh'
[5.894s] Level 1:colcon.colcon_core.environment:create_file_with_runtime_dependencies(/home/gy/ROS2_Coming/02lidar/fishbot_ws/src/ydlidar_ros2/install/ydlidar/share/colcon-core/packages/ydlidar)
[5.894s] DEBUG:colcon.colcon_parallel_executor.executor.parallel:closing loop
[5.894s] DEBUG:colcon.colcon_parallel_executor.executor.parallel:loop closed
[5.895s] DEBUG:colcon.colcon_parallel_executor.executor.parallel:run_until_complete finished with '0'
[5.895s] DEBUG:colcon.colcon_core.event_reactor:joining thread
[5.898s] INFO:colcon.colcon_core.plugin_system:Skipping extension 'colcon_notification.desktop_notification.terminal_notifier': Not used on non-Darwin systems
[5.898s] INFO:colcon.colcon_core.plugin_system:Skipping extension 'colcon_notification.desktop_notification.win32': Not used on non-Windows systems
[5.898s] INFO:colcon.colcon_notification.desktop_notification:Sending desktop notification using 'notify2'
[5.907s] DEBUG:colcon.colcon_core.event_reactor:joined thread
[5.907s] INFO:colcon.colcon_core.shell:Creating prefix script '/home/gy/ROS2_Coming/02lidar/fishbot_ws/src/ydlidar_ros2/install/local_setup.ps1'
[5.907s] INFO:colcon.colcon_core.shell:Creating prefix util module '/home/gy/ROS2_Coming/02lidar/fishbot_ws/src/ydlidar_ros2/install/_local_setup_util_ps1.py'
[5.908s] INFO:colcon.colcon_core.shell:Creating prefix chain script '/home/gy/ROS2_Coming/02lidar/fishbot_ws/src/ydlidar_ros2/install/setup.ps1'
[5.909s] INFO:colcon.colcon_core.shell:Creating prefix script '/home/gy/ROS2_Coming/02lidar/fishbot_ws/src/ydlidar_ros2/install/local_setup.sh'
[5.909s] INFO:colcon.colcon_core.shell:Creating prefix util module '/home/gy/ROS2_Coming/02lidar/fishbot_ws/src/ydlidar_ros2/install/_local_setup_util_sh.py'
[5.910s] INFO:colcon.colcon_core.shell:Creating prefix chain script '/home/gy/ROS2_Coming/02lidar/fishbot_ws/src/ydlidar_ros2/install/setup.sh'
[5.910s] INFO:colcon.colcon_core.shell:Creating prefix script '/home/gy/ROS2_Coming/02lidar/fishbot_ws/src/ydlidar_ros2/install/local_setup.bash'
[5.910s] INFO:colcon.colcon_core.shell:Creating prefix chain script '/home/gy/ROS2_Coming/02lidar/fishbot_ws/src/ydlidar_ros2/install/setup.bash'
[5.911s] INFO:colcon.colcon_core.shell:Creating prefix script '/home/gy/ROS2_Coming/02lidar/fishbot_ws/src/ydlidar_ros2/install/local_setup.zsh'
[5.911s] INFO:colcon.colcon_core.shell:Creating prefix chain script '/home/gy/ROS2_Coming/02lidar/fishbot_ws/src/ydlidar_ros2/install/setup.zsh'
