-- The C compiler identification is GNU 11.4.0
-- The CXX compiler identification is GNU 11.4.0
-- Detecting C compiler ABI info
-- Detecting C compiler ABI info - done
-- Check for working C compiler: /usr/bin/cc - skipped
-- Detecting C compile features
-- Detecting C compile features - done
-- Detecting CXX compiler ABI info
-- Detecting CXX compiler ABI info - done
-- Check for working CXX compiler: /usr/bin/c++ - skipped
-- Detecting CXX compile features
-- Detecting CXX compile features - done
-- Found ament_cmake: 1.3.10 (/opt/ros/humble/share/ament_cmake/cmake)
-- Found Python3: /usr/bin/python3 (found version "3.10.12") found components: Interpreter 
-- Found rclcpp: 16.0.10 (/opt/ros/humble/share/rclcpp/cmake)
-- Found rosidl_generator_c: 3.1.5 (/opt/ros/humble/share/rosidl_generator_c/cmake)
-- Found rosidl_adapter: 3.1.5 (/opt/ros/humble/share/rosidl_adapter/cmake)
-- Found rosidl_generator_cpp: 3.1.5 (/opt/ros/humble/share/rosidl_generator_cpp/cmake)
-- Using all available rosidl_typesupport_c: rosidl_typesupport_fastrtps_c;rosidl_typesupport_introspection_c
-- Using all available rosidl_typesupport_cpp: rosidl_typesupport_fastrtps_cpp;rosidl_typesupport_introspection_cpp
-- Found rmw_implementation_cmake: 6.1.2 (/opt/ros/humble/share/rmw_implementation_cmake/cmake)
-- Found rmw_fastrtps_cpp: 6.2.7 (/opt/ros/humble/share/rmw_fastrtps_cpp/cmake)
-- Found OpenSSL: /usr/lib/x86_64-linux-gnu/libcrypto.so (found version "3.0.2")  
-- Found FastRTPS: /opt/ros/humble/include  
-- Using RMW implementation 'rmw_fastrtps_cpp' as default
-- Looking for pthread.h
-- Looking for pthread.h - found
-- Performing Test CMAKE_HAVE_LIBC_PTHREAD
-- Performing Test CMAKE_HAVE_LIBC_PTHREAD - Success
-- Found Threads: TRUE  
-- Found ament_cmake_ros: 0.10.0 (/opt/ros/humble/share/ament_cmake_ros/cmake)
-- Using all available rosidl_typesupport_c: rosidl_typesupport_fastrtps_c;rosidl_typesupport_introspection_c
-- Using all available rosidl_typesupport_cpp: rosidl_typesupport_fastrtps_cpp;rosidl_typesupport_introspection_cpp
-- Found ament_lint_auto: 0.12.11 (/opt/ros/humble/share/ament_lint_auto/cmake)
-- Added test 'lint_cmake' to check CMake code style
-- Added test 'xmllint' to check XML markup files
-- Configuring done
-- Generating done
-- Build files have been written to: /home/gy/ROS2_Coming/ESP32CalcWifi/CalcWifi/extra_packages/build/calc_interfaces
[  4%] [34m[1mGenerating C code for ROS interfaces[0m
[  9%] [34m[1mGenerating C++ code for ROS interfaces[0m
[ 13%] [32mBuilding C object CMakeFiles/calc_interfaces__rosidl_generator_c.dir/rosidl_generator_c/calc_interfaces/srv/detail/calc_control__functions.c.o[0m
[ 13%] Built target calc_interfaces__cpp
[ 27%] [34m[1mGenerating C++ type support dispatch for ROS interfaces[0m
[ 27%] [34m[1mGenerating C++ type support for eProsima Fast-RTPS[0m
[ 27%] [34m[1mGenerating C++ introspection for ROS interfaces[0m
[ 31%] [32m[1mLinking C shared library libcalc_interfaces__rosidl_generator_c.so[0m
[ 31%] Built target calc_interfaces__rosidl_generator_c
[ 45%] [34m[1mGenerating C type support dispatch for ROS interfaces[0m
[ 45%] [34m[1mGenerating C type support for eProsima Fast-RTPS[0m
[ 45%] [34m[1mGenerating C introspection for ROS interfaces[0m
[ 50%] [32mBuilding CXX object CMakeFiles/calc_interfaces__rosidl_typesupport_cpp.dir/rosidl_typesupport_cpp/calc_interfaces/srv/calc_control__type_support.cpp.o[0m
[ 54%] [32mBuilding CXX object CMakeFiles/calc_interfaces__rosidl_typesupport_introspection_cpp.dir/rosidl_typesupport_introspection_cpp/calc_interfaces/srv/detail/calc_control__type_support.cpp.o[0m
[ 59%] [32mBuilding CXX object CMakeFiles/calc_interfaces__rosidl_typesupport_fastrtps_cpp.dir/rosidl_typesupport_fastrtps_cpp/calc_interfaces/srv/detail/dds_fastrtps/calc_control__type_support.cpp.o[0m
[ 63%] [32mBuilding CXX object CMakeFiles/calc_interfaces__rosidl_typesupport_c.dir/rosidl_typesupport_c/calc_interfaces/srv/calc_control__type_support.cpp.o[0m
[ 68%] [32m[1mLinking CXX shared library libcalc_interfaces__rosidl_typesupport_c.so[0m
[ 72%] [32mBuilding CXX object CMakeFiles/calc_interfaces__rosidl_typesupport_fastrtps_c.dir/rosidl_typesupport_fastrtps_c/calc_interfaces/srv/detail/calc_control__type_support_c.cpp.o[0m
[ 77%] [32mBuilding C object CMakeFiles/calc_interfaces__rosidl_typesupport_introspection_c.dir/rosidl_typesupport_introspection_c/calc_interfaces/srv/detail/calc_control__type_support.c.o[0m
[ 77%] Built target calc_interfaces__rosidl_typesupport_c
[ 81%] [32m[1mLinking C shared library libcalc_interfaces__rosidl_typesupport_introspection_c.so[0m
[ 81%] Built target calc_interfaces__rosidl_typesupport_introspection_c
[ 86%] [32m[1mLinking CXX shared library libcalc_interfaces__rosidl_typesupport_cpp.so[0m
[ 86%] Built target calc_interfaces__rosidl_typesupport_cpp
[ 90%] [32m[1mLinking CXX shared library libcalc_interfaces__rosidl_typesupport_introspection_cpp.so[0m
[ 95%] [32m[1mLinking CXX shared library libcalc_interfaces__rosidl_typesupport_fastrtps_cpp.so[0m
[100%] [32m[1mLinking CXX shared library libcalc_interfaces__rosidl_typesupport_fastrtps_c.so[0m
[100%] Built target calc_interfaces__rosidl_typesupport_introspection_cpp
[100%] Built target calc_interfaces__rosidl_typesupport_fastrtps_cpp
[100%] Built target calc_interfaces__rosidl_typesupport_fastrtps_c
[100%] Built target calc_interfaces
-- Install configuration: ""
-- Installing: /home/gy/ROS2_Coming/ESP32CalcWifi/CalcWifi/extra_packages/install/calc_interfaces/share/ament_index/resource_index/rosidl_interfaces/calc_interfaces
-- Installing: /home/gy/ROS2_Coming/ESP32CalcWifi/CalcWifi/extra_packages/install/calc_interfaces/include/calc_interfaces/calc_interfaces
-- Installing: /home/gy/ROS2_Coming/ESP32CalcWifi/CalcWifi/extra_packages/install/calc_interfaces/include/calc_interfaces/calc_interfaces/srv
-- Installing: /home/gy/ROS2_Coming/ESP32CalcWifi/CalcWifi/extra_packages/install/calc_interfaces/include/calc_interfaces/calc_interfaces/srv/detail
-- Installing: /home/gy/ROS2_Coming/ESP32CalcWifi/CalcWifi/extra_packages/install/calc_interfaces/include/calc_interfaces/calc_interfaces/srv/detail/calc_control__functions.c
-- Installing: /home/gy/ROS2_Coming/ESP32CalcWifi/CalcWifi/extra_packages/install/calc_interfaces/include/calc_interfaces/calc_interfaces/srv/detail/calc_control__struct.h
-- Installing: /home/gy/ROS2_Coming/ESP32CalcWifi/CalcWifi/extra_packages/install/calc_interfaces/include/calc_interfaces/calc_interfaces/srv/detail/calc_control__type_support.h
-- Installing: /home/gy/ROS2_Coming/ESP32CalcWifi/CalcWifi/extra_packages/install/calc_interfaces/include/calc_interfaces/calc_interfaces/srv/detail/calc_control__functions.h
-- Installing: /home/gy/ROS2_Coming/ESP32CalcWifi/CalcWifi/extra_packages/install/calc_interfaces/include/calc_interfaces/calc_interfaces/srv/calc_control.h
-- Installing: /home/gy/ROS2_Coming/ESP32CalcWifi/CalcWifi/extra_packages/install/calc_interfaces/include/calc_interfaces/calc_interfaces/msg
-- Installing: /home/gy/ROS2_Coming/ESP32CalcWifi/CalcWifi/extra_packages/install/calc_interfaces/include/calc_interfaces/calc_interfaces/msg/rosidl_generator_c__visibility_control.h
-- Installing: /home/gy/ROS2_Coming/ESP32CalcWifi/CalcWifi/extra_packages/install/calc_interfaces/share/calc_interfaces/environment/library_path.sh
-- Installing: /home/gy/ROS2_Coming/ESP32CalcWifi/CalcWifi/extra_packages/install/calc_interfaces/share/calc_interfaces/environment/library_path.dsv
-- Installing: /home/gy/ROS2_Coming/ESP32CalcWifi/CalcWifi/extra_packages/install/calc_interfaces/lib/libcalc_interfaces__rosidl_generator_c.so
-- Set runtime path of "/home/gy/ROS2_Coming/ESP32CalcWifi/CalcWifi/extra_packages/install/calc_interfaces/lib/libcalc_interfaces__rosidl_generator_c.so" to ""
-- Up-to-date: /home/gy/ROS2_Coming/ESP32CalcWifi/CalcWifi/extra_packages/install/calc_interfaces/include/calc_interfaces/calc_interfaces
-- Up-to-date: /home/gy/ROS2_Coming/ESP32CalcWifi/CalcWifi/extra_packages/install/calc_interfaces/include/calc_interfaces/calc_interfaces/srv
-- Up-to-date: /home/gy/ROS2_Coming/ESP32CalcWifi/CalcWifi/extra_packages/install/calc_interfaces/include/calc_interfaces/calc_interfaces/srv/detail
-- Installing: /home/gy/ROS2_Coming/ESP32CalcWifi/CalcWifi/extra_packages/install/calc_interfaces/include/calc_interfaces/calc_interfaces/srv/detail/calc_control__rosidl_typesupport_fastrtps_c.h
-- Up-to-date: /home/gy/ROS2_Coming/ESP32CalcWifi/CalcWifi/extra_packages/install/calc_interfaces/include/calc_interfaces/calc_interfaces/msg
-- Installing: /home/gy/ROS2_Coming/ESP32CalcWifi/CalcWifi/extra_packages/install/calc_interfaces/include/calc_interfaces/calc_interfaces/msg/rosidl_typesupport_fastrtps_c__visibility_control.h
-- Installing: /home/gy/ROS2_Coming/ESP32CalcWifi/CalcWifi/extra_packages/install/calc_interfaces/lib/libcalc_interfaces__rosidl_typesupport_fastrtps_c.so
-- Set runtime path of "/home/gy/ROS2_Coming/ESP32CalcWifi/CalcWifi/extra_packages/install/calc_interfaces/lib/libcalc_interfaces__rosidl_typesupport_fastrtps_c.so" to ""
-- Up-to-date: /home/gy/ROS2_Coming/ESP32CalcWifi/CalcWifi/extra_packages/install/calc_interfaces/include/calc_interfaces/calc_interfaces
-- Up-to-date: /home/gy/ROS2_Coming/ESP32CalcWifi/CalcWifi/extra_packages/install/calc_interfaces/include/calc_interfaces/calc_interfaces/srv
-- Up-to-date: /home/gy/ROS2_Coming/ESP32CalcWifi/CalcWifi/extra_packages/install/calc_interfaces/include/calc_interfaces/calc_interfaces/srv/detail
-- Installing: /home/gy/ROS2_Coming/ESP32CalcWifi/CalcWifi/extra_packages/install/calc_interfaces/include/calc_interfaces/calc_interfaces/srv/detail/calc_control__struct.hpp
-- Installing: /home/gy/ROS2_Coming/ESP32CalcWifi/CalcWifi/extra_packages/install/calc_interfaces/include/calc_interfaces/calc_interfaces/srv/detail/calc_control__traits.hpp
-- Installing: /home/gy/ROS2_Coming/ESP32CalcWifi/CalcWifi/extra_packages/install/calc_interfaces/include/calc_interfaces/calc_interfaces/srv/detail/calc_control__builder.hpp
-- Installing: /home/gy/ROS2_Coming/ESP32CalcWifi/CalcWifi/extra_packages/install/calc_interfaces/include/calc_interfaces/calc_interfaces/srv/calc_control.hpp
-- Up-to-date: /home/gy/ROS2_Coming/ESP32CalcWifi/CalcWifi/extra_packages/install/calc_interfaces/include/calc_interfaces/calc_interfaces
-- Up-to-date: /home/gy/ROS2_Coming/ESP32CalcWifi/CalcWifi/extra_packages/install/calc_interfaces/include/calc_interfaces/calc_interfaces/srv
-- Up-to-date: /home/gy/ROS2_Coming/ESP32CalcWifi/CalcWifi/extra_packages/install/calc_interfaces/include/calc_interfaces/calc_interfaces/srv/detail
-- Installing: /home/gy/ROS2_Coming/ESP32CalcWifi/CalcWifi/extra_packages/install/calc_interfaces/include/calc_interfaces/calc_interfaces/srv/detail/dds_fastrtps
-- Installing: /home/gy/ROS2_Coming/ESP32CalcWifi/CalcWifi/extra_packages/install/calc_interfaces/include/calc_interfaces/calc_interfaces/srv/detail/calc_control__rosidl_typesupport_fastrtps_cpp.hpp
-- Up-to-date: /home/gy/ROS2_Coming/ESP32CalcWifi/CalcWifi/extra_packages/install/calc_interfaces/include/calc_interfaces/calc_interfaces/msg
-- Installing: /home/gy/ROS2_Coming/ESP32CalcWifi/CalcWifi/extra_packages/install/calc_interfaces/include/calc_interfaces/calc_interfaces/msg/rosidl_typesupport_fastrtps_cpp__visibility_control.h
-- Installing: /home/gy/ROS2_Coming/ESP32CalcWifi/CalcWifi/extra_packages/install/calc_interfaces/lib/libcalc_interfaces__rosidl_typesupport_fastrtps_cpp.so
-- Set runtime path of "/home/gy/ROS2_Coming/ESP32CalcWifi/CalcWifi/extra_packages/install/calc_interfaces/lib/libcalc_interfaces__rosidl_typesupport_fastrtps_cpp.so" to ""
-- Up-to-date: /home/gy/ROS2_Coming/ESP32CalcWifi/CalcWifi/extra_packages/install/calc_interfaces/include/calc_interfaces/calc_interfaces
-- Up-to-date: /home/gy/ROS2_Coming/ESP32CalcWifi/CalcWifi/extra_packages/install/calc_interfaces/include/calc_interfaces/calc_interfaces/srv
-- Up-to-date: /home/gy/ROS2_Coming/ESP32CalcWifi/CalcWifi/extra_packages/install/calc_interfaces/include/calc_interfaces/calc_interfaces/srv/detail
-- Installing: /home/gy/ROS2_Coming/ESP32CalcWifi/CalcWifi/extra_packages/install/calc_interfaces/include/calc_interfaces/calc_interfaces/srv/detail/calc_control__rosidl_typesupport_introspection_c.h
-- Installing: /home/gy/ROS2_Coming/ESP32CalcWifi/CalcWifi/extra_packages/install/calc_interfaces/include/calc_interfaces/calc_interfaces/srv/detail/calc_control__type_support.c
-- Up-to-date: /home/gy/ROS2_Coming/ESP32CalcWifi/CalcWifi/extra_packages/install/calc_interfaces/include/calc_interfaces/calc_interfaces/msg
-- Installing: /home/gy/ROS2_Coming/ESP32CalcWifi/CalcWifi/extra_packages/install/calc_interfaces/include/calc_interfaces/calc_interfaces/msg/rosidl_typesupport_introspection_c__visibility_control.h
-- Installing: /home/gy/ROS2_Coming/ESP32CalcWifi/CalcWifi/extra_packages/install/calc_interfaces/lib/libcalc_interfaces__rosidl_typesupport_introspection_c.so
-- Set runtime path of "/home/gy/ROS2_Coming/ESP32CalcWifi/CalcWifi/extra_packages/install/calc_interfaces/lib/libcalc_interfaces__rosidl_typesupport_introspection_c.so" to ""
-- Installing: /home/gy/ROS2_Coming/ESP32CalcWifi/CalcWifi/extra_packages/install/calc_interfaces/lib/libcalc_interfaces__rosidl_typesupport_c.so
-- Set runtime path of "/home/gy/ROS2_Coming/ESP32CalcWifi/CalcWifi/extra_packages/install/calc_interfaces/lib/libcalc_interfaces__rosidl_typesupport_c.so" to ""
-- Up-to-date: /home/gy/ROS2_Coming/ESP32CalcWifi/CalcWifi/extra_packages/install/calc_interfaces/include/calc_interfaces/calc_interfaces
-- Up-to-date: /home/gy/ROS2_Coming/ESP32CalcWifi/CalcWifi/extra_packages/install/calc_interfaces/include/calc_interfaces/calc_interfaces/srv
-- Up-to-date: /home/gy/ROS2_Coming/ESP32CalcWifi/CalcWifi/extra_packages/install/calc_interfaces/include/calc_interfaces/calc_interfaces/srv/detail
-- Installing: /home/gy/ROS2_Coming/ESP32CalcWifi/CalcWifi/extra_packages/install/calc_interfaces/include/calc_interfaces/calc_interfaces/srv/detail/calc_control__type_support.cpp
-- Installing: /home/gy/ROS2_Coming/ESP32CalcWifi/CalcWifi/extra_packages/install/calc_interfaces/include/calc_interfaces/calc_interfaces/srv/detail/calc_control__rosidl_typesupport_introspection_cpp.hpp
-- Installing: /home/gy/ROS2_Coming/ESP32CalcWifi/CalcWifi/extra_packages/install/calc_interfaces/lib/libcalc_interfaces__rosidl_typesupport_introspection_cpp.so
-- Set runtime path of "/home/gy/ROS2_Coming/ESP32CalcWifi/CalcWifi/extra_packages/install/calc_interfaces/lib/libcalc_interfaces__rosidl_typesupport_introspection_cpp.so" to ""
-- Installing: /home/gy/ROS2_Coming/ESP32CalcWifi/CalcWifi/extra_packages/install/calc_interfaces/lib/libcalc_interfaces__rosidl_typesupport_cpp.so
-- Set runtime path of "/home/gy/ROS2_Coming/ESP32CalcWifi/CalcWifi/extra_packages/install/calc_interfaces/lib/libcalc_interfaces__rosidl_typesupport_cpp.so" to ""
-- Installing: /home/gy/ROS2_Coming/ESP32CalcWifi/CalcWifi/extra_packages/install/calc_interfaces/share/calc_interfaces/srv/CalcControl.idl
-- Installing: /home/gy/ROS2_Coming/ESP32CalcWifi/CalcWifi/extra_packages/install/calc_interfaces/share/calc_interfaces/srv/CalcControl.srv
-- Installing: /home/gy/ROS2_Coming/ESP32CalcWifi/CalcWifi/extra_packages/install/calc_interfaces/share/calc_interfaces/srv/CalcControl_Request.msg
-- Installing: /home/gy/ROS2_Coming/ESP32CalcWifi/CalcWifi/extra_packages/install/calc_interfaces/share/calc_interfaces/srv/CalcControl_Response.msg
-- Installing: /home/gy/ROS2_Coming/ESP32CalcWifi/CalcWifi/extra_packages/install/calc_interfaces/share/ament_index/resource_index/package_run_dependencies/calc_interfaces
-- Installing: /home/gy/ROS2_Coming/ESP32CalcWifi/CalcWifi/extra_packages/install/calc_interfaces/share/ament_index/resource_index/parent_prefix_path/calc_interfaces
-- Installing: /home/gy/ROS2_Coming/ESP32CalcWifi/CalcWifi/extra_packages/install/calc_interfaces/share/calc_interfaces/environment/ament_prefix_path.sh
-- Installing: /home/gy/ROS2_Coming/ESP32CalcWifi/CalcWifi/extra_packages/install/calc_interfaces/share/calc_interfaces/environment/ament_prefix_path.dsv
-- Installing: /home/gy/ROS2_Coming/ESP32CalcWifi/CalcWifi/extra_packages/install/calc_interfaces/share/calc_interfaces/environment/path.sh
-- Installing: /home/gy/ROS2_Coming/ESP32CalcWifi/CalcWifi/extra_packages/install/calc_interfaces/share/calc_interfaces/environment/path.dsv
-- Installing: /home/gy/ROS2_Coming/ESP32CalcWifi/CalcWifi/extra_packages/install/calc_interfaces/share/calc_interfaces/local_setup.bash
-- Installing: /home/gy/ROS2_Coming/ESP32CalcWifi/CalcWifi/extra_packages/install/calc_interfaces/share/calc_interfaces/local_setup.sh
-- Installing: /home/gy/ROS2_Coming/ESP32CalcWifi/CalcWifi/extra_packages/install/calc_interfaces/share/calc_interfaces/local_setup.zsh
-- Installing: /home/gy/ROS2_Coming/ESP32CalcWifi/CalcWifi/extra_packages/install/calc_interfaces/share/calc_interfaces/local_setup.dsv
-- Installing: /home/gy/ROS2_Coming/ESP32CalcWifi/CalcWifi/extra_packages/install/calc_interfaces/share/calc_interfaces/package.dsv
-- Installing: /home/gy/ROS2_Coming/ESP32CalcWifi/CalcWifi/extra_packages/install/calc_interfaces/share/ament_index/resource_index/packages/calc_interfaces
-- Installing: /home/gy/ROS2_Coming/ESP32CalcWifi/CalcWifi/extra_packages/install/calc_interfaces/share/calc_interfaces/cmake/export_calc_interfaces__rosidl_generator_cExport.cmake
-- Installing: /home/gy/ROS2_Coming/ESP32CalcWifi/CalcWifi/extra_packages/install/calc_interfaces/share/calc_interfaces/cmake/export_calc_interfaces__rosidl_generator_cExport-noconfig.cmake
-- Installing: /home/gy/ROS2_Coming/ESP32CalcWifi/CalcWifi/extra_packages/install/calc_interfaces/share/calc_interfaces/cmake/export_calc_interfaces__rosidl_typesupport_fastrtps_cExport.cmake
-- Installing: /home/gy/ROS2_Coming/ESP32CalcWifi/CalcWifi/extra_packages/install/calc_interfaces/share/calc_interfaces/cmake/export_calc_interfaces__rosidl_typesupport_fastrtps_cExport-noconfig.cmake
-- Installing: /home/gy/ROS2_Coming/ESP32CalcWifi/CalcWifi/extra_packages/install/calc_interfaces/share/calc_interfaces/cmake/export_calc_interfaces__rosidl_generator_cppExport.cmake
-- Installing: /home/gy/ROS2_Coming/ESP32CalcWifi/CalcWifi/extra_packages/install/calc_interfaces/share/calc_interfaces/cmake/export_calc_interfaces__rosidl_typesupport_fastrtps_cppExport.cmake
-- Installing: /home/gy/ROS2_Coming/ESP32CalcWifi/CalcWifi/extra_packages/install/calc_interfaces/share/calc_interfaces/cmake/export_calc_interfaces__rosidl_typesupport_fastrtps_cppExport-noconfig.cmake
-- Installing: /home/gy/ROS2_Coming/ESP32CalcWifi/CalcWifi/extra_packages/install/calc_interfaces/share/calc_interfaces/cmake/calc_interfaces__rosidl_typesupport_introspection_cExport.cmake
-- Installing: /home/gy/ROS2_Coming/ESP32CalcWifi/CalcWifi/extra_packages/install/calc_interfaces/share/calc_interfaces/cmake/calc_interfaces__rosidl_typesupport_introspection_cExport-noconfig.cmake
-- Installing: /home/gy/ROS2_Coming/ESP32CalcWifi/CalcWifi/extra_packages/install/calc_interfaces/share/calc_interfaces/cmake/calc_interfaces__rosidl_typesupport_cExport.cmake
-- Installing: /home/gy/ROS2_Coming/ESP32CalcWifi/CalcWifi/extra_packages/install/calc_interfaces/share/calc_interfaces/cmake/calc_interfaces__rosidl_typesupport_cExport-noconfig.cmake
-- Installing: /home/gy/ROS2_Coming/ESP32CalcWifi/CalcWifi/extra_packages/install/calc_interfaces/share/calc_interfaces/cmake/calc_interfaces__rosidl_typesupport_introspection_cppExport.cmake
-- Installing: /home/gy/ROS2_Coming/ESP32CalcWifi/CalcWifi/extra_packages/install/calc_interfaces/share/calc_interfaces/cmake/calc_interfaces__rosidl_typesupport_introspection_cppExport-noconfig.cmake
-- Installing: /home/gy/ROS2_Coming/ESP32CalcWifi/CalcWifi/extra_packages/install/calc_interfaces/share/calc_interfaces/cmake/calc_interfaces__rosidl_typesupport_cppExport.cmake
-- Installing: /home/gy/ROS2_Coming/ESP32CalcWifi/CalcWifi/extra_packages/install/calc_interfaces/share/calc_interfaces/cmake/calc_interfaces__rosidl_typesupport_cppExport-noconfig.cmake
-- Installing: /home/gy/ROS2_Coming/ESP32CalcWifi/CalcWifi/extra_packages/install/calc_interfaces/share/calc_interfaces/cmake/rosidl_cmake-extras.cmake
-- Installing: /home/gy/ROS2_Coming/ESP32CalcWifi/CalcWifi/extra_packages/install/calc_interfaces/share/calc_interfaces/cmake/ament_cmake_export_dependencies-extras.cmake
-- Installing: /home/gy/ROS2_Coming/ESP32CalcWifi/CalcWifi/extra_packages/install/calc_interfaces/share/calc_interfaces/cmake/ament_cmake_export_include_directories-extras.cmake
-- Installing: /home/gy/ROS2_Coming/ESP32CalcWifi/CalcWifi/extra_packages/install/calc_interfaces/share/calc_interfaces/cmake/ament_cmake_export_libraries-extras.cmake
-- Installing: /home/gy/ROS2_Coming/ESP32CalcWifi/CalcWifi/extra_packages/install/calc_interfaces/share/calc_interfaces/cmake/ament_cmake_export_targets-extras.cmake
-- Installing: /home/gy/ROS2_Coming/ESP32CalcWifi/CalcWifi/extra_packages/install/calc_interfaces/share/calc_interfaces/cmake/rosidl_cmake_export_typesupport_targets-extras.cmake
-- Installing: /home/gy/ROS2_Coming/ESP32CalcWifi/CalcWifi/extra_packages/install/calc_interfaces/share/calc_interfaces/cmake/rosidl_cmake_export_typesupport_libraries-extras.cmake
-- Installing: /home/gy/ROS2_Coming/ESP32CalcWifi/CalcWifi/extra_packages/install/calc_interfaces/share/calc_interfaces/cmake/calc_interfacesConfig.cmake
-- Installing: /home/gy/ROS2_Coming/ESP32CalcWifi/CalcWifi/extra_packages/install/calc_interfaces/share/calc_interfaces/cmake/calc_interfacesConfig-version.cmake
-- Installing: /home/gy/ROS2_Coming/ESP32CalcWifi/CalcWifi/extra_packages/install/calc_interfaces/share/calc_interfaces/package.xml
