[0.008s] Invoking command in '/home/gy/ROS2_Coming/ESP32CalcWifi/CalcWifi/extra_packages/build/calc_interfaces': CMAKE_PREFIX_PATH=/opt/ros/humble /usr/bin/cmake /home/gy/ROS2_Coming/ESP32CalcWifi/CalcWifi/extra_packages/src/calc_interfaces -DCMAKE_INSTALL_PREFIX=/home/gy/ROS2_Coming/ESP32CalcWifi/CalcWifi/extra_packages/install/calc_interfaces
[0.061s] -- The C compiler identification is GNU 11.4.0
[0.114s] -- The CXX compiler identification is GNU 11.4.0
[0.122s] -- Detecting C compiler ABI info
[0.189s] -- Detecting C compiler ABI info - done
[0.196s] -- Check for working C compiler: /usr/bin/cc - skipped
[0.196s] -- Detecting C compile features
[0.196s] -- Detecting C compile features - done
[0.199s] -- Detecting CXX compiler ABI info
[0.278s] -- Detecting CXX compiler ABI info - done
[0.288s] -- Check for working CXX compiler: /usr/bin/c++ - skipped
[0.288s] -- Detecting CXX compile features
[0.289s] -- Detecting CXX compile features - done
[0.291s] -- Found ament_cmake: 1.3.10 (/opt/ros/humble/share/ament_cmake/cmake)
[0.446s] -- Found Python3: /usr/bin/python3 (found version "3.10.12") found components: Interpreter 
[0.523s] -- Found rclcpp: 16.0.10 (/opt/ros/humble/share/rclcpp/cmake)
[0.565s] -- Found rosidl_generator_c: 3.1.5 (/opt/ros/humble/share/rosidl_generator_c/cmake)
[0.570s] -- Found rosidl_adapter: 3.1.5 (/opt/ros/humble/share/rosidl_adapter/cmake)
[0.580s] -- Found rosidl_generator_cpp: 3.1.5 (/opt/ros/humble/share/rosidl_generator_cpp/cmake)
[0.592s] -- Using all available rosidl_typesupport_c: rosidl_typesupport_fastrtps_c;rosidl_typesupport_introspection_c
[0.607s] -- Using all available rosidl_typesupport_cpp: rosidl_typesupport_fastrtps_cpp;rosidl_typesupport_introspection_cpp
[0.650s] -- Found rmw_implementation_cmake: 6.1.2 (/opt/ros/humble/share/rmw_implementation_cmake/cmake)
[0.653s] -- Found rmw_fastrtps_cpp: 6.2.7 (/opt/ros/humble/share/rmw_fastrtps_cpp/cmake)
[0.728s] -- Found OpenSSL: /usr/lib/x86_64-linux-gnu/libcrypto.so (found version "3.0.2")  
[0.755s] -- Found FastRTPS: /opt/ros/humble/include  
[0.793s] -- Using RMW implementation 'rmw_fastrtps_cpp' as default
[0.802s] -- Looking for pthread.h
[0.879s] -- Looking for pthread.h - found
[0.880s] -- Performing Test CMAKE_HAVE_LIBC_PTHREAD
[0.952s] -- Performing Test CMAKE_HAVE_LIBC_PTHREAD - Success
[0.954s] -- Found Threads: TRUE  
[1.260s] -- Found ament_cmake_ros: 0.10.0 (/opt/ros/humble/share/ament_cmake_ros/cmake)
[1.691s] -- Using all available rosidl_typesupport_c: rosidl_typesupport_fastrtps_c;rosidl_typesupport_introspection_c
[1.888s] -- Using all available rosidl_typesupport_cpp: rosidl_typesupport_fastrtps_cpp;rosidl_typesupport_introspection_cpp
[1.892s] -- Found ament_lint_auto: 0.12.11 (/opt/ros/humble/share/ament_lint_auto/cmake)
[1.931s] -- Added test 'lint_cmake' to check CMake code style
[1.932s] -- Added test 'xmllint' to check XML markup files
[1.938s] -- Configuring done
[2.000s] -- Generating done
[2.004s] -- Build files have been written to: /home/gy/ROS2_Coming/ESP32CalcWifi/CalcWifi/extra_packages/build/calc_interfaces
[2.028s] Invoked command in '/home/gy/ROS2_Coming/ESP32CalcWifi/CalcWifi/extra_packages/build/calc_interfaces' returned '0': CMAKE_PREFIX_PATH=/opt/ros/humble /usr/bin/cmake /home/gy/ROS2_Coming/ESP32CalcWifi/CalcWifi/extra_packages/src/calc_interfaces -DCMAKE_INSTALL_PREFIX=/home/gy/ROS2_Coming/ESP32CalcWifi/CalcWifi/extra_packages/install/calc_interfaces
[2.032s] Invoking command in '/home/gy/ROS2_Coming/ESP32CalcWifi/CalcWifi/extra_packages/build/calc_interfaces': CMAKE_PREFIX_PATH=/opt/ros/humble /usr/bin/cmake --build /home/gy/ROS2_Coming/ESP32CalcWifi/CalcWifi/extra_packages/build/calc_interfaces -- -j12 -l12
[2.093s] [  4%] [34m[1mGenerating C code for ROS interfaces[0m
[2.114s] [  9%] [34m[1mGenerating C++ code for ROS interfaces[0m
[2.631s] [ 13%] [32mBuilding C object CMakeFiles/calc_interfaces__rosidl_generator_c.dir/rosidl_generator_c/calc_interfaces/srv/detail/calc_control__functions.c.o[0m
[2.660s] [ 13%] Built target calc_interfaces__cpp
[2.671s] [ 27%] [34m[1mGenerating C++ type support dispatch for ROS interfaces[0m
[2.671s] [ 27%] [34m[1mGenerating C++ type support for eProsima Fast-RTPS[0m
[2.671s] [ 27%] [34m[1mGenerating C++ introspection for ROS interfaces[0m
[2.698s] [ 31%] [32m[1mLinking C shared library libcalc_interfaces__rosidl_generator_c.so[0m
[2.740s] [ 31%] Built target calc_interfaces__rosidl_generator_c
[2.756s] [ 45%] [34m[1mGenerating C type support dispatch for ROS interfaces[0m
[2.756s] [ 45%] [34m[1mGenerating C type support for eProsima Fast-RTPS[0m
[2.756s] [ 45%] [34m[1mGenerating C introspection for ROS interfaces[0m
[2.977s] [ 50%] [32mBuilding CXX object CMakeFiles/calc_interfaces__rosidl_typesupport_cpp.dir/rosidl_typesupport_cpp/calc_interfaces/srv/calc_control__type_support.cpp.o[0m
[2.989s] [ 54%] [32mBuilding CXX object CMakeFiles/calc_interfaces__rosidl_typesupport_introspection_cpp.dir/rosidl_typesupport_introspection_cpp/calc_interfaces/srv/detail/calc_control__type_support.cpp.o[0m
[3.000s] [ 59%] [32mBuilding CXX object CMakeFiles/calc_interfaces__rosidl_typesupport_fastrtps_cpp.dir/rosidl_typesupport_fastrtps_cpp/calc_interfaces/srv/detail/dds_fastrtps/calc_control__type_support.cpp.o[0m
[3.034s] [ 63%] [32mBuilding CXX object CMakeFiles/calc_interfaces__rosidl_typesupport_c.dir/rosidl_typesupport_c/calc_interfaces/srv/calc_control__type_support.cpp.o[0m
[3.078s] [ 68%] [32m[1mLinking CXX shared library libcalc_interfaces__rosidl_typesupport_c.so[0m
[3.089s] [ 72%] [32mBuilding CXX object CMakeFiles/calc_interfaces__rosidl_typesupport_fastrtps_c.dir/rosidl_typesupport_fastrtps_c/calc_interfaces/srv/detail/calc_control__type_support_c.cpp.o[0m
[3.096s] [ 77%] [32mBuilding C object CMakeFiles/calc_interfaces__rosidl_typesupport_introspection_c.dir/rosidl_typesupport_introspection_c/calc_interfaces/srv/detail/calc_control__type_support.c.o[0m
[3.126s] [ 77%] Built target calc_interfaces__rosidl_typesupport_c
[3.139s] [ 81%] [32m[1mLinking C shared library libcalc_interfaces__rosidl_typesupport_introspection_c.so[0m
[3.173s] [ 81%] Built target calc_interfaces__rosidl_typesupport_introspection_c
[3.288s] [ 86%] [32m[1mLinking CXX shared library libcalc_interfaces__rosidl_typesupport_cpp.so[0m
[3.337s] [ 86%] Built target calc_interfaces__rosidl_typesupport_cpp
[3.410s] [ 90%] [32m[1mLinking CXX shared library libcalc_interfaces__rosidl_typesupport_introspection_cpp.so[0m
[3.444s] [ 95%] [32m[1mLinking CXX shared library libcalc_interfaces__rosidl_typesupport_fastrtps_cpp.so[0m
[3.452s] [100%] [32m[1mLinking CXX shared library libcalc_interfaces__rosidl_typesupport_fastrtps_c.so[0m
[3.456s] [100%] Built target calc_interfaces__rosidl_typesupport_introspection_cpp
[3.544s] [100%] Built target calc_interfaces__rosidl_typesupport_fastrtps_cpp
[3.552s] [100%] Built target calc_interfaces__rosidl_typesupport_fastrtps_c
[3.570s] [100%] Built target calc_interfaces
[3.581s] Invoked command in '/home/gy/ROS2_Coming/ESP32CalcWifi/CalcWifi/extra_packages/build/calc_interfaces' returned '0': CMAKE_PREFIX_PATH=/opt/ros/humble /usr/bin/cmake --build /home/gy/ROS2_Coming/ESP32CalcWifi/CalcWifi/extra_packages/build/calc_interfaces -- -j12 -l12
[3.638s] Invoking command in '/home/gy/ROS2_Coming/ESP32CalcWifi/CalcWifi/extra_packages/build/calc_interfaces': CMAKE_PREFIX_PATH=/opt/ros/humble /usr/bin/cmake --install /home/gy/ROS2_Coming/ESP32CalcWifi/CalcWifi/extra_packages/build/calc_interfaces
[3.647s] -- Install configuration: ""
[3.647s] -- Installing: /home/gy/ROS2_Coming/ESP32CalcWifi/CalcWifi/extra_packages/install/calc_interfaces/share/ament_index/resource_index/rosidl_interfaces/calc_interfaces
[3.647s] -- Installing: /home/gy/ROS2_Coming/ESP32CalcWifi/CalcWifi/extra_packages/install/calc_interfaces/include/calc_interfaces/calc_interfaces
[3.647s] -- Installing: /home/gy/ROS2_Coming/ESP32CalcWifi/CalcWifi/extra_packages/install/calc_interfaces/include/calc_interfaces/calc_interfaces/srv
[3.647s] -- Installing: /home/gy/ROS2_Coming/ESP32CalcWifi/CalcWifi/extra_packages/install/calc_interfaces/include/calc_interfaces/calc_interfaces/srv/detail
[3.647s] -- Installing: /home/gy/ROS2_Coming/ESP32CalcWifi/CalcWifi/extra_packages/install/calc_interfaces/include/calc_interfaces/calc_interfaces/srv/detail/calc_control__functions.c
[3.647s] -- Installing: /home/gy/ROS2_Coming/ESP32CalcWifi/CalcWifi/extra_packages/install/calc_interfaces/include/calc_interfaces/calc_interfaces/srv/detail/calc_control__struct.h
[3.648s] -- Installing: /home/gy/ROS2_Coming/ESP32CalcWifi/CalcWifi/extra_packages/install/calc_interfaces/include/calc_interfaces/calc_interfaces/srv/detail/calc_control__type_support.h
[3.648s] -- Installing: /home/gy/ROS2_Coming/ESP32CalcWifi/CalcWifi/extra_packages/install/calc_interfaces/include/calc_interfaces/calc_interfaces/srv/detail/calc_control__functions.h
[3.648s] -- Installing: /home/gy/ROS2_Coming/ESP32CalcWifi/CalcWifi/extra_packages/install/calc_interfaces/include/calc_interfaces/calc_interfaces/srv/calc_control.h
[3.648s] -- Installing: /home/gy/ROS2_Coming/ESP32CalcWifi/CalcWifi/extra_packages/install/calc_interfaces/include/calc_interfaces/calc_interfaces/msg
[3.648s] -- Installing: /home/gy/ROS2_Coming/ESP32CalcWifi/CalcWifi/extra_packages/install/calc_interfaces/include/calc_interfaces/calc_interfaces/msg/rosidl_generator_c__visibility_control.h
[3.648s] -- Installing: /home/gy/ROS2_Coming/ESP32CalcWifi/CalcWifi/extra_packages/install/calc_interfaces/share/calc_interfaces/environment/library_path.sh
[3.648s] -- Installing: /home/gy/ROS2_Coming/ESP32CalcWifi/CalcWifi/extra_packages/install/calc_interfaces/share/calc_interfaces/environment/library_path.dsv
[3.648s] -- Installing: /home/gy/ROS2_Coming/ESP32CalcWifi/CalcWifi/extra_packages/install/calc_interfaces/lib/libcalc_interfaces__rosidl_generator_c.so
[3.649s] -- Set runtime path of "/home/gy/ROS2_Coming/ESP32CalcWifi/CalcWifi/extra_packages/install/calc_interfaces/lib/libcalc_interfaces__rosidl_generator_c.so" to ""
[3.649s] -- Up-to-date: /home/gy/ROS2_Coming/ESP32CalcWifi/CalcWifi/extra_packages/install/calc_interfaces/include/calc_interfaces/calc_interfaces
[3.649s] -- Up-to-date: /home/gy/ROS2_Coming/ESP32CalcWifi/CalcWifi/extra_packages/install/calc_interfaces/include/calc_interfaces/calc_interfaces/srv
[3.649s] -- Up-to-date: /home/gy/ROS2_Coming/ESP32CalcWifi/CalcWifi/extra_packages/install/calc_interfaces/include/calc_interfaces/calc_interfaces/srv/detail
[3.649s] -- Installing: /home/gy/ROS2_Coming/ESP32CalcWifi/CalcWifi/extra_packages/install/calc_interfaces/include/calc_interfaces/calc_interfaces/srv/detail/calc_control__rosidl_typesupport_fastrtps_c.h
[3.649s] -- Up-to-date: /home/gy/ROS2_Coming/ESP32CalcWifi/CalcWifi/extra_packages/install/calc_interfaces/include/calc_interfaces/calc_interfaces/msg
[3.649s] -- Installing: /home/gy/ROS2_Coming/ESP32CalcWifi/CalcWifi/extra_packages/install/calc_interfaces/include/calc_interfaces/calc_interfaces/msg/rosidl_typesupport_fastrtps_c__visibility_control.h
[3.649s] -- Installing: /home/gy/ROS2_Coming/ESP32CalcWifi/CalcWifi/extra_packages/install/calc_interfaces/lib/libcalc_interfaces__rosidl_typesupport_fastrtps_c.so
[3.650s] -- Set runtime path of "/home/gy/ROS2_Coming/ESP32CalcWifi/CalcWifi/extra_packages/install/calc_interfaces/lib/libcalc_interfaces__rosidl_typesupport_fastrtps_c.so" to ""
[3.650s] -- Up-to-date: /home/gy/ROS2_Coming/ESP32CalcWifi/CalcWifi/extra_packages/install/calc_interfaces/include/calc_interfaces/calc_interfaces
[3.650s] -- Up-to-date: /home/gy/ROS2_Coming/ESP32CalcWifi/CalcWifi/extra_packages/install/calc_interfaces/include/calc_interfaces/calc_interfaces/srv
[3.650s] -- Up-to-date: /home/gy/ROS2_Coming/ESP32CalcWifi/CalcWifi/extra_packages/install/calc_interfaces/include/calc_interfaces/calc_interfaces/srv/detail
[3.650s] -- Installing: /home/gy/ROS2_Coming/ESP32CalcWifi/CalcWifi/extra_packages/install/calc_interfaces/include/calc_interfaces/calc_interfaces/srv/detail/calc_control__struct.hpp
[3.650s] -- Installing: /home/gy/ROS2_Coming/ESP32CalcWifi/CalcWifi/extra_packages/install/calc_interfaces/include/calc_interfaces/calc_interfaces/srv/detail/calc_control__traits.hpp
[3.650s] -- Installing: /home/gy/ROS2_Coming/ESP32CalcWifi/CalcWifi/extra_packages/install/calc_interfaces/include/calc_interfaces/calc_interfaces/srv/detail/calc_control__builder.hpp
[3.651s] -- Installing: /home/gy/ROS2_Coming/ESP32CalcWifi/CalcWifi/extra_packages/install/calc_interfaces/include/calc_interfaces/calc_interfaces/srv/calc_control.hpp
[3.651s] -- Up-to-date: /home/gy/ROS2_Coming/ESP32CalcWifi/CalcWifi/extra_packages/install/calc_interfaces/include/calc_interfaces/calc_interfaces
[3.651s] -- Up-to-date: /home/gy/ROS2_Coming/ESP32CalcWifi/CalcWifi/extra_packages/install/calc_interfaces/include/calc_interfaces/calc_interfaces/srv
[3.651s] -- Up-to-date: /home/gy/ROS2_Coming/ESP32CalcWifi/CalcWifi/extra_packages/install/calc_interfaces/include/calc_interfaces/calc_interfaces/srv/detail
[3.651s] -- Installing: /home/gy/ROS2_Coming/ESP32CalcWifi/CalcWifi/extra_packages/install/calc_interfaces/include/calc_interfaces/calc_interfaces/srv/detail/dds_fastrtps
[3.651s] -- Installing: /home/gy/ROS2_Coming/ESP32CalcWifi/CalcWifi/extra_packages/install/calc_interfaces/include/calc_interfaces/calc_interfaces/srv/detail/calc_control__rosidl_typesupport_fastrtps_cpp.hpp
[3.651s] -- Up-to-date: /home/gy/ROS2_Coming/ESP32CalcWifi/CalcWifi/extra_packages/install/calc_interfaces/include/calc_interfaces/calc_interfaces/msg
[3.651s] -- Installing: /home/gy/ROS2_Coming/ESP32CalcWifi/CalcWifi/extra_packages/install/calc_interfaces/include/calc_interfaces/calc_interfaces/msg/rosidl_typesupport_fastrtps_cpp__visibility_control.h
[3.651s] -- Installing: /home/gy/ROS2_Coming/ESP32CalcWifi/CalcWifi/extra_packages/install/calc_interfaces/lib/libcalc_interfaces__rosidl_typesupport_fastrtps_cpp.so
[3.651s] -- Set runtime path of "/home/gy/ROS2_Coming/ESP32CalcWifi/CalcWifi/extra_packages/install/calc_interfaces/lib/libcalc_interfaces__rosidl_typesupport_fastrtps_cpp.so" to ""
[3.651s] -- Up-to-date: /home/gy/ROS2_Coming/ESP32CalcWifi/CalcWifi/extra_packages/install/calc_interfaces/include/calc_interfaces/calc_interfaces
[3.652s] -- Up-to-date: /home/gy/ROS2_Coming/ESP32CalcWifi/CalcWifi/extra_packages/install/calc_interfaces/include/calc_interfaces/calc_interfaces/srv
[3.652s] -- Up-to-date: /home/gy/ROS2_Coming/ESP32CalcWifi/CalcWifi/extra_packages/install/calc_interfaces/include/calc_interfaces/calc_interfaces/srv/detail
[3.652s] -- Installing: /home/gy/ROS2_Coming/ESP32CalcWifi/CalcWifi/extra_packages/install/calc_interfaces/include/calc_interfaces/calc_interfaces/srv/detail/calc_control__rosidl_typesupport_introspection_c.h
[3.652s] -- Installing: /home/gy/ROS2_Coming/ESP32CalcWifi/CalcWifi/extra_packages/install/calc_interfaces/include/calc_interfaces/calc_interfaces/srv/detail/calc_control__type_support.c
[3.652s] -- Up-to-date: /home/gy/ROS2_Coming/ESP32CalcWifi/CalcWifi/extra_packages/install/calc_interfaces/include/calc_interfaces/calc_interfaces/msg
[3.652s] -- Installing: /home/gy/ROS2_Coming/ESP32CalcWifi/CalcWifi/extra_packages/install/calc_interfaces/include/calc_interfaces/calc_interfaces/msg/rosidl_typesupport_introspection_c__visibility_control.h
[3.652s] -- Installing: /home/gy/ROS2_Coming/ESP32CalcWifi/CalcWifi/extra_packages/install/calc_interfaces/lib/libcalc_interfaces__rosidl_typesupport_introspection_c.so
[3.652s] -- Set runtime path of "/home/gy/ROS2_Coming/ESP32CalcWifi/CalcWifi/extra_packages/install/calc_interfaces/lib/libcalc_interfaces__rosidl_typesupport_introspection_c.so" to ""
[3.652s] -- Installing: /home/gy/ROS2_Coming/ESP32CalcWifi/CalcWifi/extra_packages/install/calc_interfaces/lib/libcalc_interfaces__rosidl_typesupport_c.so
[3.653s] -- Set runtime path of "/home/gy/ROS2_Coming/ESP32CalcWifi/CalcWifi/extra_packages/install/calc_interfaces/lib/libcalc_interfaces__rosidl_typesupport_c.so" to ""
[3.653s] -- Up-to-date: /home/gy/ROS2_Coming/ESP32CalcWifi/CalcWifi/extra_packages/install/calc_interfaces/include/calc_interfaces/calc_interfaces
[3.653s] -- Up-to-date: /home/gy/ROS2_Coming/ESP32CalcWifi/CalcWifi/extra_packages/install/calc_interfaces/include/calc_interfaces/calc_interfaces/srv
[3.653s] -- Up-to-date: /home/gy/ROS2_Coming/ESP32CalcWifi/CalcWifi/extra_packages/install/calc_interfaces/include/calc_interfaces/calc_interfaces/srv/detail
[3.653s] -- Installing: /home/gy/ROS2_Coming/ESP32CalcWifi/CalcWifi/extra_packages/install/calc_interfaces/include/calc_interfaces/calc_interfaces/srv/detail/calc_control__type_support.cpp
[3.653s] -- Installing: /home/gy/ROS2_Coming/ESP32CalcWifi/CalcWifi/extra_packages/install/calc_interfaces/include/calc_interfaces/calc_interfaces/srv/detail/calc_control__rosidl_typesupport_introspection_cpp.hpp
[3.653s] -- Installing: /home/gy/ROS2_Coming/ESP32CalcWifi/CalcWifi/extra_packages/install/calc_interfaces/lib/libcalc_interfaces__rosidl_typesupport_introspection_cpp.so
[3.653s] -- Set runtime path of "/home/gy/ROS2_Coming/ESP32CalcWifi/CalcWifi/extra_packages/install/calc_interfaces/lib/libcalc_interfaces__rosidl_typesupport_introspection_cpp.so" to ""
[3.654s] -- Installing: /home/gy/ROS2_Coming/ESP32CalcWifi/CalcWifi/extra_packages/install/calc_interfaces/lib/libcalc_interfaces__rosidl_typesupport_cpp.so
[3.654s] -- Set runtime path of "/home/gy/ROS2_Coming/ESP32CalcWifi/CalcWifi/extra_packages/install/calc_interfaces/lib/libcalc_interfaces__rosidl_typesupport_cpp.so" to ""
[3.654s] -- Installing: /home/gy/ROS2_Coming/ESP32CalcWifi/CalcWifi/extra_packages/install/calc_interfaces/share/calc_interfaces/srv/CalcControl.idl
[3.654s] -- Installing: /home/gy/ROS2_Coming/ESP32CalcWifi/CalcWifi/extra_packages/install/calc_interfaces/share/calc_interfaces/srv/CalcControl.srv
[3.654s] -- Installing: /home/gy/ROS2_Coming/ESP32CalcWifi/CalcWifi/extra_packages/install/calc_interfaces/share/calc_interfaces/srv/CalcControl_Request.msg
[3.654s] -- Installing: /home/gy/ROS2_Coming/ESP32CalcWifi/CalcWifi/extra_packages/install/calc_interfaces/share/calc_interfaces/srv/CalcControl_Response.msg
[3.655s] -- Installing: /home/gy/ROS2_Coming/ESP32CalcWifi/CalcWifi/extra_packages/install/calc_interfaces/share/ament_index/resource_index/package_run_dependencies/calc_interfaces
[3.655s] -- Installing: /home/gy/ROS2_Coming/ESP32CalcWifi/CalcWifi/extra_packages/install/calc_interfaces/share/ament_index/resource_index/parent_prefix_path/calc_interfaces
[3.655s] -- Installing: /home/gy/ROS2_Coming/ESP32CalcWifi/CalcWifi/extra_packages/install/calc_interfaces/share/calc_interfaces/environment/ament_prefix_path.sh
[3.655s] -- Installing: /home/gy/ROS2_Coming/ESP32CalcWifi/CalcWifi/extra_packages/install/calc_interfaces/share/calc_interfaces/environment/ament_prefix_path.dsv
[3.655s] -- Installing: /home/gy/ROS2_Coming/ESP32CalcWifi/CalcWifi/extra_packages/install/calc_interfaces/share/calc_interfaces/environment/path.sh
[3.655s] -- Installing: /home/gy/ROS2_Coming/ESP32CalcWifi/CalcWifi/extra_packages/install/calc_interfaces/share/calc_interfaces/environment/path.dsv
[3.655s] -- Installing: /home/gy/ROS2_Coming/ESP32CalcWifi/CalcWifi/extra_packages/install/calc_interfaces/share/calc_interfaces/local_setup.bash
[3.655s] -- Installing: /home/gy/ROS2_Coming/ESP32CalcWifi/CalcWifi/extra_packages/install/calc_interfaces/share/calc_interfaces/local_setup.sh
[3.656s] -- Installing: /home/gy/ROS2_Coming/ESP32CalcWifi/CalcWifi/extra_packages/install/calc_interfaces/share/calc_interfaces/local_setup.zsh
[3.656s] -- Installing: /home/gy/ROS2_Coming/ESP32CalcWifi/CalcWifi/extra_packages/install/calc_interfaces/share/calc_interfaces/local_setup.dsv
[3.656s] -- Installing: /home/gy/ROS2_Coming/ESP32CalcWifi/CalcWifi/extra_packages/install/calc_interfaces/share/calc_interfaces/package.dsv
[3.656s] -- Installing: /home/gy/ROS2_Coming/ESP32CalcWifi/CalcWifi/extra_packages/install/calc_interfaces/share/ament_index/resource_index/packages/calc_interfaces
[3.656s] -- Installing: /home/gy/ROS2_Coming/ESP32CalcWifi/CalcWifi/extra_packages/install/calc_interfaces/share/calc_interfaces/cmake/export_calc_interfaces__rosidl_generator_cExport.cmake
[3.656s] -- Installing: /home/gy/ROS2_Coming/ESP32CalcWifi/CalcWifi/extra_packages/install/calc_interfaces/share/calc_interfaces/cmake/export_calc_interfaces__rosidl_generator_cExport-noconfig.cmake
[3.656s] -- Installing: /home/gy/ROS2_Coming/ESP32CalcWifi/CalcWifi/extra_packages/install/calc_interfaces/share/calc_interfaces/cmake/export_calc_interfaces__rosidl_typesupport_fastrtps_cExport.cmake
[3.657s] -- Installing: /home/gy/ROS2_Coming/ESP32CalcWifi/CalcWifi/extra_packages/install/calc_interfaces/share/calc_interfaces/cmake/export_calc_interfaces__rosidl_typesupport_fastrtps_cExport-noconfig.cmake
[3.657s] -- Installing: /home/gy/ROS2_Coming/ESP32CalcWifi/CalcWifi/extra_packages/install/calc_interfaces/share/calc_interfaces/cmake/export_calc_interfaces__rosidl_generator_cppExport.cmake
[3.657s] -- Installing: /home/gy/ROS2_Coming/ESP32CalcWifi/CalcWifi/extra_packages/install/calc_interfaces/share/calc_interfaces/cmake/export_calc_interfaces__rosidl_typesupport_fastrtps_cppExport.cmake
[3.657s] -- Installing: /home/gy/ROS2_Coming/ESP32CalcWifi/CalcWifi/extra_packages/install/calc_interfaces/share/calc_interfaces/cmake/export_calc_interfaces__rosidl_typesupport_fastrtps_cppExport-noconfig.cmake
[3.657s] -- Installing: /home/gy/ROS2_Coming/ESP32CalcWifi/CalcWifi/extra_packages/install/calc_interfaces/share/calc_interfaces/cmake/calc_interfaces__rosidl_typesupport_introspection_cExport.cmake
[3.657s] -- Installing: /home/gy/ROS2_Coming/ESP32CalcWifi/CalcWifi/extra_packages/install/calc_interfaces/share/calc_interfaces/cmake/calc_interfaces__rosidl_typesupport_introspection_cExport-noconfig.cmake
[3.657s] -- Installing: /home/gy/ROS2_Coming/ESP32CalcWifi/CalcWifi/extra_packages/install/calc_interfaces/share/calc_interfaces/cmake/calc_interfaces__rosidl_typesupport_cExport.cmake
[3.657s] -- Installing: /home/gy/ROS2_Coming/ESP32CalcWifi/CalcWifi/extra_packages/install/calc_interfaces/share/calc_interfaces/cmake/calc_interfaces__rosidl_typesupport_cExport-noconfig.cmake
[3.658s] -- Installing: /home/gy/ROS2_Coming/ESP32CalcWifi/CalcWifi/extra_packages/install/calc_interfaces/share/calc_interfaces/cmake/calc_interfaces__rosidl_typesupport_introspection_cppExport.cmake
[3.658s] -- Installing: /home/gy/ROS2_Coming/ESP32CalcWifi/CalcWifi/extra_packages/install/calc_interfaces/share/calc_interfaces/cmake/calc_interfaces__rosidl_typesupport_introspection_cppExport-noconfig.cmake
[3.658s] -- Installing: /home/gy/ROS2_Coming/ESP32CalcWifi/CalcWifi/extra_packages/install/calc_interfaces/share/calc_interfaces/cmake/calc_interfaces__rosidl_typesupport_cppExport.cmake
[3.658s] -- Installing: /home/gy/ROS2_Coming/ESP32CalcWifi/CalcWifi/extra_packages/install/calc_interfaces/share/calc_interfaces/cmake/calc_interfaces__rosidl_typesupport_cppExport-noconfig.cmake
[3.658s] -- Installing: /home/gy/ROS2_Coming/ESP32CalcWifi/CalcWifi/extra_packages/install/calc_interfaces/share/calc_interfaces/cmake/rosidl_cmake-extras.cmake
[3.658s] -- Installing: /home/gy/ROS2_Coming/ESP32CalcWifi/CalcWifi/extra_packages/install/calc_interfaces/share/calc_interfaces/cmake/ament_cmake_export_dependencies-extras.cmake
[3.658s] -- Installing: /home/gy/ROS2_Coming/ESP32CalcWifi/CalcWifi/extra_packages/install/calc_interfaces/share/calc_interfaces/cmake/ament_cmake_export_include_directories-extras.cmake
[3.658s] -- Installing: /home/gy/ROS2_Coming/ESP32CalcWifi/CalcWifi/extra_packages/install/calc_interfaces/share/calc_interfaces/cmake/ament_cmake_export_libraries-extras.cmake
[3.659s] -- Installing: /home/gy/ROS2_Coming/ESP32CalcWifi/CalcWifi/extra_packages/install/calc_interfaces/share/calc_interfaces/cmake/ament_cmake_export_targets-extras.cmake
[3.659s] -- Installing: /home/gy/ROS2_Coming/ESP32CalcWifi/CalcWifi/extra_packages/install/calc_interfaces/share/calc_interfaces/cmake/rosidl_cmake_export_typesupport_targets-extras.cmake
[3.659s] -- Installing: /home/gy/ROS2_Coming/ESP32CalcWifi/CalcWifi/extra_packages/install/calc_interfaces/share/calc_interfaces/cmake/rosidl_cmake_export_typesupport_libraries-extras.cmake
[3.659s] -- Installing: /home/gy/ROS2_Coming/ESP32CalcWifi/CalcWifi/extra_packages/install/calc_interfaces/share/calc_interfaces/cmake/calc_interfacesConfig.cmake
[3.659s] -- Installing: /home/gy/ROS2_Coming/ESP32CalcWifi/CalcWifi/extra_packages/install/calc_interfaces/share/calc_interfaces/cmake/calc_interfacesConfig-version.cmake
[3.659s] -- Installing: /home/gy/ROS2_Coming/ESP32CalcWifi/CalcWifi/extra_packages/install/calc_interfaces/share/calc_interfaces/package.xml
[3.661s] Invoked command in '/home/gy/ROS2_Coming/ESP32CalcWifi/CalcWifi/extra_packages/build/calc_interfaces' returned '0': CMAKE_PREFIX_PATH=/opt/ros/humble /usr/bin/cmake --install /home/gy/ROS2_Coming/ESP32CalcWifi/CalcWifi/extra_packages/build/calc_interfaces
