[0.154s] DEBUG:colcon:Command line arguments: ['/usr/bin/colcon', 'build', '--packages-select', 'communication_interfaces_topic']
[0.154s] DEBUG:colcon:Parsed command line arguments: Namespace(allow_overriding=[], ament_cmake_args=None, base_paths=['.'], build_base='build', catkin_cmake_args=None, catkin_skip_building_tests=False, cmake_args=None, cmake_clean_cache=False, cmake_clean_first=False, cmake_force_configure=False, cmake_target=None, cmake_target_skip_unavailable=False, continue_on_error=False, event_handlers=None, executor='parallel', ignore_user_meta=False, install_base='install', log_base=None, log_level=None, main=<bound method BuildVerb.main of <colcon_core.verb.build.BuildVerb object at 0x7f558948f0d0>>, merge_install=False, metas=['./colcon.meta'], packages_above=None, packages_above_and_dependencies=None, packages_above_depth=None, packages_end=None, packages_ignore=None, packages_ignore_regex=None, packages_select=['communication_interfaces_topic'], packages_select_build_failed=False, packages_select_by_dep=None, packages_select_regex=None, packages_select_test_failures=False, packages_skip=None, packages_skip_build_finished=False, packages_skip_by_dep=None, packages_skip_regex=None, packages_skip_test_passed=False, packages_skip_up_to=None, packages_start=None, packages_up_to=None, packages_up_to_regex=None, parallel_workers=12, paths=None, symlink_install=False, test_result_base=None, verb_extension=<colcon_core.verb.build.BuildVerb object at 0x7f558948f0d0>, verb_name='build', verb_parser=<colcon_defaults.argument_parser.defaults.DefaultArgumentsDecorator object at 0x7f558948f5b0>)
[0.281s] Level 1:colcon.colcon_core.package_discovery:discover_packages(colcon_meta) check parameters
[0.281s] Level 1:colcon.colcon_core.package_discovery:discover_packages(recursive) check parameters
[0.281s] Level 1:colcon.colcon_core.package_discovery:discover_packages(ignore) check parameters
[0.281s] Level 1:colcon.colcon_core.package_discovery:discover_packages(path) check parameters
[0.281s] Level 1:colcon.colcon_core.package_discovery:discover_packages(colcon_meta) discover
[0.281s] Level 1:colcon.colcon_core.package_discovery:discover_packages(recursive) discover
[0.281s] INFO:colcon.colcon_core.package_discovery:Crawling recursively for packages in '/home/u20/ros2_ws'
[0.281s] Level 1:colcon.colcon_core.package_identification:_identify(.) by extensions ['ignore', 'ignore_ament_install']
[0.281s] Level 1:colcon.colcon_core.package_identification:_identify(.) by extension 'ignore'
[0.281s] Level 1:colcon.colcon_core.package_identification:_identify(.) by extension 'ignore_ament_install'
[0.281s] Level 1:colcon.colcon_core.package_identification:_identify(.) by extensions ['colcon_pkg']
[0.282s] Level 1:colcon.colcon_core.package_identification:_identify(.) by extension 'colcon_pkg'
[0.282s] Level 1:colcon.colcon_core.package_identification:_identify(.) by extensions ['colcon_meta']
[0.282s] Level 1:colcon.colcon_core.package_identification:_identify(.) by extension 'colcon_meta'
[0.282s] Level 1:colcon.colcon_core.package_identification:_identify(.) by extensions ['ros']
[0.282s] Level 1:colcon.colcon_core.package_identification:_identify(.) by extension 'ros'
[0.291s] Level 1:colcon.colcon_core.package_identification:_identify(.) by extensions ['cmake', 'python']
[0.291s] Level 1:colcon.colcon_core.package_identification:_identify(.) by extension 'cmake'
[0.291s] Level 1:colcon.colcon_core.package_identification:_identify(.) by extension 'python'
[0.291s] Level 1:colcon.colcon_core.package_identification:_identify(.) by extensions ['python_setup_py']
[0.291s] Level 1:colcon.colcon_core.package_identification:_identify(.) by extension 'python_setup_py'
[0.292s] Level 1:colcon.colcon_core.package_identification:_identify(build) by extensions ['ignore', 'ignore_ament_install']
[0.292s] Level 1:colcon.colcon_core.package_identification:_identify(build) by extension 'ignore'
[0.292s] Level 1:colcon.colcon_core.package_identification:_identify(build) ignored
[0.292s] Level 1:colcon.colcon_core.package_identification:_identify(install) by extensions ['ignore', 'ignore_ament_install']
[0.292s] Level 1:colcon.colcon_core.package_identification:_identify(install) by extension 'ignore'
[0.292s] Level 1:colcon.colcon_core.package_identification:_identify(install) ignored
[0.292s] Level 1:colcon.colcon_core.package_identification:_identify(log) by extensions ['ignore', 'ignore_ament_install']
[0.292s] Level 1:colcon.colcon_core.package_identification:_identify(log) by extension 'ignore'
[0.292s] Level 1:colcon.colcon_core.package_identification:_identify(log) ignored
[0.292s] Level 1:colcon.colcon_core.package_identification:_identify(src) by extensions ['ignore', 'ignore_ament_install']
[0.292s] Level 1:colcon.colcon_core.package_identification:_identify(src) by extension 'ignore'
[0.292s] Level 1:colcon.colcon_core.package_identification:_identify(src) by extension 'ignore_ament_install'
[0.292s] Level 1:colcon.colcon_core.package_identification:_identify(src) by extensions ['colcon_pkg']
[0.292s] Level 1:colcon.colcon_core.package_identification:_identify(src) by extension 'colcon_pkg'
[0.292s] Level 1:colcon.colcon_core.package_identification:_identify(src) by extensions ['colcon_meta']
[0.292s] Level 1:colcon.colcon_core.package_identification:_identify(src) by extension 'colcon_meta'
[0.292s] Level 1:colcon.colcon_core.package_identification:_identify(src) by extensions ['ros']
[0.292s] Level 1:colcon.colcon_core.package_identification:_identify(src) by extension 'ros'
[0.293s] Level 1:colcon.colcon_core.package_identification:_identify(src) by extensions ['cmake', 'python']
[0.293s] Level 1:colcon.colcon_core.package_identification:_identify(src) by extension 'cmake'
[0.293s] Level 1:colcon.colcon_core.package_identification:_identify(src) by extension 'python'
[0.293s] Level 1:colcon.colcon_core.package_identification:_identify(src) by extensions ['python_setup_py']
[0.293s] Level 1:colcon.colcon_core.package_identification:_identify(src) by extension 'python_setup_py'
[0.293s] Level 1:colcon.colcon_core.package_identification:_identify(src/communication_interfaces_topic) by extensions ['ignore', 'ignore_ament_install']
[0.293s] Level 1:colcon.colcon_core.package_identification:_identify(src/communication_interfaces_topic) by extension 'ignore'
[0.293s] Level 1:colcon.colcon_core.package_identification:_identify(src/communication_interfaces_topic) by extension 'ignore_ament_install'
[0.293s] Level 1:colcon.colcon_core.package_identification:_identify(src/communication_interfaces_topic) by extensions ['colcon_pkg']
[0.293s] Level 1:colcon.colcon_core.package_identification:_identify(src/communication_interfaces_topic) by extension 'colcon_pkg'
[0.293s] Level 1:colcon.colcon_core.package_identification:_identify(src/communication_interfaces_topic) by extensions ['colcon_meta']
[0.293s] Level 1:colcon.colcon_core.package_identification:_identify(src/communication_interfaces_topic) by extension 'colcon_meta'
[0.293s] Level 1:colcon.colcon_core.package_identification:_identify(src/communication_interfaces_topic) by extensions ['ros']
[0.293s] Level 1:colcon.colcon_core.package_identification:_identify(src/communication_interfaces_topic) by extension 'ros'
[0.295s] DEBUG:colcon.colcon_core.package_identification:Package 'src/communication_interfaces_topic' with type 'ros.ament_cmake' and name 'communication_interfaces_topic'
[0.296s] Level 1:colcon.colcon_core.package_identification:_identify(src/communication_topic) by extensions ['ignore', 'ignore_ament_install']
[0.296s] Level 1:colcon.colcon_core.package_identification:_identify(src/communication_topic) by extension 'ignore'
[0.296s] Level 1:colcon.colcon_core.package_identification:_identify(src/communication_topic) by extension 'ignore_ament_install'
[0.296s] Level 1:colcon.colcon_core.package_identification:_identify(src/communication_topic) by extensions ['colcon_pkg']
[0.296s] Level 1:colcon.colcon_core.package_identification:_identify(src/communication_topic) by extension 'colcon_pkg'
[0.296s] Level 1:colcon.colcon_core.package_identification:_identify(src/communication_topic) by extensions ['colcon_meta']
[0.296s] Level 1:colcon.colcon_core.package_identification:_identify(src/communication_topic) by extension 'colcon_meta'
[0.296s] Level 1:colcon.colcon_core.package_identification:_identify(src/communication_topic) by extensions ['ros']
[0.296s] Level 1:colcon.colcon_core.package_identification:_identify(src/communication_topic) by extension 'ros'
[0.297s] DEBUG:colcon.colcon_core.package_identification:Package 'src/communication_topic' with type 'ros.ament_python' and name 'communication_topic'
[0.297s] Level 1:colcon.colcon_core.package_discovery:discover_packages(recursive) using defaults
[0.297s] Level 1:colcon.colcon_core.package_discovery:discover_packages(ignore) discover
[0.297s] Level 1:colcon.colcon_core.package_discovery:discover_packages(ignore) using defaults
[0.297s] Level 1:colcon.colcon_core.package_discovery:discover_packages(path) discover
[0.297s] Level 1:colcon.colcon_core.package_discovery:discover_packages(path) using defaults
[0.309s] INFO:colcon.colcon_core.package_selection:Skipping not selected package 'communication_topic' in 'src/communication_topic'
[0.310s] Level 1:colcon.colcon_core.package_discovery:discover_packages(prefix_path) check parameters
[0.310s] Level 1:colcon.colcon_core.package_discovery:discover_packages(prefix_path) discover
[0.310s] WARNING:colcon.colcon_ros.prefix_path.ament:The path '/home/u20/ros2_ws/install/communication_topic' in the environment variable AMENT_PREFIX_PATH doesn't exist
[0.310s] WARNING:colcon.colcon_ros.prefix_path.ament:The path '/home/u20/ros2_ws/install/communication_interfaces_topic' in the environment variable AMENT_PREFIX_PATH doesn't exist
[0.310s] WARNING:colcon.colcon_ros.prefix_path.catkin:The path '/home/u20/ros2_ws/install/communication_interfaces_topic' in the environment variable CMAKE_PREFIX_PATH doesn't exist
[0.311s] DEBUG:colcon.colcon_installed_package_information.package_discovery:Found 0 installed packages in /home/u20/ros2_ws/install
[0.312s] DEBUG:colcon.colcon_installed_package_information.package_discovery:Found 256 installed packages in /opt/ros/foxy
[0.313s] Level 1:colcon.colcon_core.package_discovery:discover_packages(prefix_path) using defaults
[0.374s] Level 5:colcon.colcon_core.verb:set package 'communication_interfaces_topic' build argument 'cmake_args' from command line to 'None'
[0.375s] Level 5:colcon.colcon_core.verb:set package 'communication_interfaces_topic' build argument 'cmake_target' from command line to 'None'
[0.375s] Level 5:colcon.colcon_core.verb:set package 'communication_interfaces_topic' build argument 'cmake_target_skip_unavailable' from command line to 'False'
[0.375s] Level 5:colcon.colcon_core.verb:set package 'communication_interfaces_topic' build argument 'cmake_clean_cache' from command line to 'False'
[0.375s] Level 5:colcon.colcon_core.verb:set package 'communication_interfaces_topic' build argument 'cmake_clean_first' from command line to 'False'
[0.375s] Level 5:colcon.colcon_core.verb:set package 'communication_interfaces_topic' build argument 'cmake_force_configure' from command line to 'False'
[0.375s] Level 5:colcon.colcon_core.verb:set package 'communication_interfaces_topic' build argument 'ament_cmake_args' from command line to 'None'
[0.375s] Level 5:colcon.colcon_core.verb:set package 'communication_interfaces_topic' build argument 'catkin_cmake_args' from command line to 'None'
[0.375s] Level 5:colcon.colcon_core.verb:set package 'communication_interfaces_topic' build argument 'catkin_skip_building_tests' from command line to 'False'
[0.375s] DEBUG:colcon.colcon_core.verb:Building package 'communication_interfaces_topic' with the following arguments: {'ament_cmake_args': None, 'build_base': '/home/u20/ros2_ws/build/communication_interfaces_topic', 'catkin_cmake_args': None, 'catkin_skip_building_tests': False, 'cmake_args': None, 'cmake_clean_cache': False, 'cmake_clean_first': False, 'cmake_force_configure': False, 'cmake_target': None, 'cmake_target_skip_unavailable': False, 'install_base': '/home/u20/ros2_ws/install/communication_interfaces_topic', 'merge_install': False, 'path': '/home/u20/ros2_ws/src/communication_interfaces_topic', 'symlink_install': False, 'test_result_base': None}
[0.375s] INFO:colcon.colcon_core.executor:Executing jobs using 'parallel' executor
[0.376s] DEBUG:colcon.colcon_parallel_executor.executor.parallel:run_until_complete
[0.376s] INFO:colcon.colcon_ros.task.ament_cmake.build:Building ROS package in '/home/u20/ros2_ws/src/communication_interfaces_topic' with build type 'ament_cmake'
[0.376s] INFO:colcon.colcon_cmake.task.cmake.build:Building CMake package in '/home/u20/ros2_ws/src/communication_interfaces_topic'
[0.378s] INFO:colcon.colcon_core.plugin_system:Skipping extension 'colcon_core.shell.bat': Not used on non-Windows systems
[0.378s] INFO:colcon.colcon_core.shell:Skip shell extension 'powershell' for command environment: Not usable outside of PowerShell
[0.378s] DEBUG:colcon.colcon_core.shell:Skip shell extension 'dsv' for command environment
[0.386s] DEBUG:colcon.colcon_core.event_handler.log_command:Invoking command in '/home/u20/ros2_ws/build/communication_interfaces_topic': CMAKE_PREFIX_PATH=${CMAKE_PREFIX_PATH}:/home/u20/ros2_ws/install/communication_topic:/opt/ros/foxy /usr/bin/cmake /home/u20/ros2_ws/src/communication_interfaces_topic -DCMAKE_INSTALL_PREFIX=/home/u20/ros2_ws/install/communication_interfaces_topic
[1.965s] DEBUG:colcon.colcon_core.event_handler.log_command:Invoked command in '/home/u20/ros2_ws/build/communication_interfaces_topic' returned '0': CMAKE_PREFIX_PATH=${CMAKE_PREFIX_PATH}:/home/u20/ros2_ws/install/communication_topic:/opt/ros/foxy /usr/bin/cmake /home/u20/ros2_ws/src/communication_interfaces_topic -DCMAKE_INSTALL_PREFIX=/home/u20/ros2_ws/install/communication_interfaces_topic
[1.969s] DEBUG:colcon.colcon_core.event_handler.log_command:Invoking command in '/home/u20/ros2_ws/build/communication_interfaces_topic': CMAKE_PREFIX_PATH=${CMAKE_PREFIX_PATH}:/home/u20/ros2_ws/install/communication_topic:/opt/ros/foxy /usr/bin/cmake --build /home/u20/ros2_ws/build/communication_interfaces_topic -- -j12 -l12
[7.377s] DEBUG:colcon.colcon_core.event_handler.log_command:Invoked command in '/home/u20/ros2_ws/build/communication_interfaces_topic' returned '0': CMAKE_PREFIX_PATH=${CMAKE_PREFIX_PATH}:/home/u20/ros2_ws/install/communication_topic:/opt/ros/foxy /usr/bin/cmake --build /home/u20/ros2_ws/build/communication_interfaces_topic -- -j12 -l12
[7.388s] DEBUG:colcon.colcon_core.event_handler.log_command:Invoking command in '/home/u20/ros2_ws/build/communication_interfaces_topic': CMAKE_PREFIX_PATH=${CMAKE_PREFIX_PATH}:/home/u20/ros2_ws/install/communication_topic:/opt/ros/foxy /usr/bin/cmake --install /home/u20/ros2_ws/build/communication_interfaces_topic
[7.459s] Level 1:colcon.colcon_core.environment:create_environment_scripts_only(communication_interfaces_topic)
[7.460s] DEBUG:colcon.colcon_core.event_handler.log_command:Invoked command in '/home/u20/ros2_ws/build/communication_interfaces_topic' returned '0': CMAKE_PREFIX_PATH=${CMAKE_PREFIX_PATH}:/home/u20/ros2_ws/install/communication_topic:/opt/ros/foxy /usr/bin/cmake --install /home/u20/ros2_ws/build/communication_interfaces_topic
[7.462s] Level 1:colcon.colcon_core.environment:checking '/home/u20/ros2_ws/install/communication_interfaces_topic' for CMake module files
[7.463s] Level 1:colcon.colcon_core.environment:checking '/home/u20/ros2_ws/install/communication_interfaces_topic' for CMake config files
[7.463s] Level 1:colcon.colcon_core.shell:create_environment_hook('communication_interfaces_topic', 'cmake_prefix_path')
[7.463s] INFO:colcon.colcon_core.shell:Creating environment hook '/home/u20/ros2_ws/install/communication_interfaces_topic/share/communication_interfaces_topic/hook/cmake_prefix_path.ps1'
[7.464s] INFO:colcon.colcon_core.shell:Creating environment descriptor '/home/u20/ros2_ws/install/communication_interfaces_topic/share/communication_interfaces_topic/hook/cmake_prefix_path.dsv'
[7.464s] INFO:colcon.colcon_core.shell:Creating environment hook '/home/u20/ros2_ws/install/communication_interfaces_topic/share/communication_interfaces_topic/hook/cmake_prefix_path.sh'
[7.465s] Level 1:colcon.colcon_core.environment:checking '/home/u20/ros2_ws/install/communication_interfaces_topic/lib'
[7.465s] Level 1:colcon.colcon_core.shell:create_environment_hook('communication_interfaces_topic', 'ld_library_path_lib')
[7.465s] INFO:colcon.colcon_core.shell:Creating environment hook '/home/u20/ros2_ws/install/communication_interfaces_topic/share/communication_interfaces_topic/hook/ld_library_path_lib.ps1'
[7.465s] INFO:colcon.colcon_core.shell:Creating environment descriptor '/home/u20/ros2_ws/install/communication_interfaces_topic/share/communication_interfaces_topic/hook/ld_library_path_lib.dsv'
[7.466s] INFO:colcon.colcon_core.shell:Creating environment hook '/home/u20/ros2_ws/install/communication_interfaces_topic/share/communication_interfaces_topic/hook/ld_library_path_lib.sh'
[7.466s] Level 1:colcon.colcon_core.environment:checking '/home/u20/ros2_ws/install/communication_interfaces_topic/bin'
[7.466s] Level 1:colcon.colcon_core.environment:checking '/home/u20/ros2_ws/install/communication_interfaces_topic/lib/pkgconfig/communication_interfaces_topic.pc'
[7.466s] Level 1:colcon.colcon_core.environment:checking '/home/u20/ros2_ws/install/communication_interfaces_topic/lib/python3.8/site-packages'
[7.466s] Level 1:colcon.colcon_core.shell:create_environment_hook('communication_interfaces_topic', 'pythonpath')
[7.467s] INFO:colcon.colcon_core.shell:Creating environment hook '/home/u20/ros2_ws/install/communication_interfaces_topic/share/communication_interfaces_topic/hook/pythonpath.ps1'
[7.467s] INFO:colcon.colcon_core.shell:Creating environment descriptor '/home/u20/ros2_ws/install/communication_interfaces_topic/share/communication_interfaces_topic/hook/pythonpath.dsv'
[7.467s] INFO:colcon.colcon_core.shell:Creating environment hook '/home/u20/ros2_ws/install/communication_interfaces_topic/share/communication_interfaces_topic/hook/pythonpath.sh'
[7.467s] Level 1:colcon.colcon_core.environment:checking '/home/u20/ros2_ws/install/communication_interfaces_topic/bin'
[7.468s] INFO:colcon.colcon_core.shell:Creating package script '/home/u20/ros2_ws/install/communication_interfaces_topic/share/communication_interfaces_topic/package.ps1'
[7.468s] INFO:colcon.colcon_core.shell:Creating package descriptor '/home/u20/ros2_ws/install/communication_interfaces_topic/share/communication_interfaces_topic/package.dsv'
[7.469s] INFO:colcon.colcon_core.shell:Creating package script '/home/u20/ros2_ws/install/communication_interfaces_topic/share/communication_interfaces_topic/package.sh'
[7.470s] INFO:colcon.colcon_core.shell:Creating package script '/home/u20/ros2_ws/install/communication_interfaces_topic/share/communication_interfaces_topic/package.bash'
[7.470s] INFO:colcon.colcon_core.shell:Creating package script '/home/u20/ros2_ws/install/communication_interfaces_topic/share/communication_interfaces_topic/package.zsh'
[7.471s] Level 1:colcon.colcon_core.environment:create_file_with_runtime_dependencies(/home/u20/ros2_ws/install/communication_interfaces_topic/share/colcon-core/packages/communication_interfaces_topic)
[7.471s] Level 1:colcon.colcon_core.environment:create_environment_scripts_only(communication_interfaces_topic)
[7.472s] Level 1:colcon.colcon_core.environment:checking '/home/u20/ros2_ws/install/communication_interfaces_topic' for CMake module files
[7.472s] Level 1:colcon.colcon_core.environment:checking '/home/u20/ros2_ws/install/communication_interfaces_topic' for CMake config files
[7.472s] Level 1:colcon.colcon_core.shell:create_environment_hook('communication_interfaces_topic', 'cmake_prefix_path')
[7.472s] INFO:colcon.colcon_core.shell:Creating environment hook '/home/u20/ros2_ws/install/communication_interfaces_topic/share/communication_interfaces_topic/hook/cmake_prefix_path.ps1'
[7.473s] INFO:colcon.colcon_core.shell:Creating environment descriptor '/home/u20/ros2_ws/install/communication_interfaces_topic/share/communication_interfaces_topic/hook/cmake_prefix_path.dsv'
[7.473s] INFO:colcon.colcon_core.shell:Creating environment hook '/home/u20/ros2_ws/install/communication_interfaces_topic/share/communication_interfaces_topic/hook/cmake_prefix_path.sh'
[7.473s] Level 1:colcon.colcon_core.environment:checking '/home/u20/ros2_ws/install/communication_interfaces_topic/lib'
[7.474s] Level 1:colcon.colcon_core.shell:create_environment_hook('communication_interfaces_topic', 'ld_library_path_lib')
[7.474s] INFO:colcon.colcon_core.shell:Creating environment hook '/home/u20/ros2_ws/install/communication_interfaces_topic/share/communication_interfaces_topic/hook/ld_library_path_lib.ps1'
[7.474s] INFO:colcon.colcon_core.shell:Creating environment descriptor '/home/u20/ros2_ws/install/communication_interfaces_topic/share/communication_interfaces_topic/hook/ld_library_path_lib.dsv'
[7.474s] INFO:colcon.colcon_core.shell:Creating environment hook '/home/u20/ros2_ws/install/communication_interfaces_topic/share/communication_interfaces_topic/hook/ld_library_path_lib.sh'
[7.475s] Level 1:colcon.colcon_core.environment:checking '/home/u20/ros2_ws/install/communication_interfaces_topic/bin'
[7.475s] Level 1:colcon.colcon_core.environment:checking '/home/u20/ros2_ws/install/communication_interfaces_topic/lib/pkgconfig/communication_interfaces_topic.pc'
[7.475s] Level 1:colcon.colcon_core.environment:checking '/home/u20/ros2_ws/install/communication_interfaces_topic/lib/python3.8/site-packages'
[7.475s] Level 1:colcon.colcon_core.shell:create_environment_hook('communication_interfaces_topic', 'pythonpath')
[7.475s] INFO:colcon.colcon_core.shell:Creating environment hook '/home/u20/ros2_ws/install/communication_interfaces_topic/share/communication_interfaces_topic/hook/pythonpath.ps1'
[7.475s] INFO:colcon.colcon_core.shell:Creating environment descriptor '/home/u20/ros2_ws/install/communication_interfaces_topic/share/communication_interfaces_topic/hook/pythonpath.dsv'
[7.476s] INFO:colcon.colcon_core.shell:Creating environment hook '/home/u20/ros2_ws/install/communication_interfaces_topic/share/communication_interfaces_topic/hook/pythonpath.sh'
[7.476s] Level 1:colcon.colcon_core.environment:checking '/home/u20/ros2_ws/install/communication_interfaces_topic/bin'
[7.476s] INFO:colcon.colcon_core.shell:Creating package script '/home/u20/ros2_ws/install/communication_interfaces_topic/share/communication_interfaces_topic/package.ps1'
[7.477s] INFO:colcon.colcon_core.shell:Creating package descriptor '/home/u20/ros2_ws/install/communication_interfaces_topic/share/communication_interfaces_topic/package.dsv'
[7.477s] INFO:colcon.colcon_core.shell:Creating package script '/home/u20/ros2_ws/install/communication_interfaces_topic/share/communication_interfaces_topic/package.sh'
[7.478s] INFO:colcon.colcon_core.shell:Creating package script '/home/u20/ros2_ws/install/communication_interfaces_topic/share/communication_interfaces_topic/package.bash'
[7.478s] INFO:colcon.colcon_core.shell:Creating package script '/home/u20/ros2_ws/install/communication_interfaces_topic/share/communication_interfaces_topic/package.zsh'
[7.478s] Level 1:colcon.colcon_core.environment:create_file_with_runtime_dependencies(/home/u20/ros2_ws/install/communication_interfaces_topic/share/colcon-core/packages/communication_interfaces_topic)
[7.479s] DEBUG:colcon.colcon_parallel_executor.executor.parallel:closing loop
[7.479s] DEBUG:colcon.colcon_parallel_executor.executor.parallel:loop closed
[7.479s] DEBUG:colcon.colcon_parallel_executor.executor.parallel:run_until_complete finished with '0'
[7.479s] DEBUG:colcon.colcon_core.event_reactor:joining thread
[7.484s] INFO:colcon.colcon_core.plugin_system:Skipping extension 'colcon_notification.desktop_notification.terminal_notifier': Not used on non-Darwin systems
[7.484s] INFO:colcon.colcon_core.plugin_system:Skipping extension 'colcon_notification.desktop_notification.win32': Not used on non-Windows systems
[7.484s] INFO:colcon.colcon_notification.desktop_notification:Sending desktop notification using 'notify2'
[7.497s] DEBUG:colcon.colcon_core.event_reactor:joined thread
[7.498s] INFO:colcon.colcon_core.shell:Creating prefix script '/home/u20/ros2_ws/install/local_setup.ps1'
[7.498s] INFO:colcon.colcon_core.shell:Creating prefix util module '/home/u20/ros2_ws/install/_local_setup_util_ps1.py'
[7.500s] INFO:colcon.colcon_core.shell:Creating prefix chain script '/home/u20/ros2_ws/install/setup.ps1'
[7.500s] INFO:colcon.colcon_core.shell:Creating prefix script '/home/u20/ros2_ws/install/local_setup.sh'
[7.501s] INFO:colcon.colcon_core.shell:Creating prefix util module '/home/u20/ros2_ws/install/_local_setup_util_sh.py'
[7.502s] INFO:colcon.colcon_core.shell:Creating prefix chain script '/home/u20/ros2_ws/install/setup.sh'
[7.503s] INFO:colcon.colcon_core.shell:Creating prefix script '/home/u20/ros2_ws/install/local_setup.bash'
[7.503s] INFO:colcon.colcon_core.shell:Creating prefix chain script '/home/u20/ros2_ws/install/setup.bash'
[7.504s] INFO:colcon.colcon_core.shell:Creating prefix script '/home/u20/ros2_ws/install/local_setup.zsh'
[7.504s] INFO:colcon.colcon_core.shell:Creating prefix chain script '/home/u20/ros2_ws/install/setup.zsh'
