[0.006s] Invoking command in '/home/gy/ROS2_Coming/02lidar/fishbot_ws/build/ydlidar': CMAKE_PREFIX_PATH=/opt/ros/humble /usr/bin/cmake --build /home/gy/ROS2_Coming/02lidar/fishbot_ws/build/ydlidar -- -j20 -l20
[0.034s] [35m[1mConsolidate compiler generated dependencies of target ydlidar_client[0m
[0.036s] [35m[1mConsolidate compiler generated dependencies of target ydlidar_node[0m
[0.046s] [ 18%] Built target ydlidar_client
[0.049s] [100%] Built target ydlidar_node
[0.058s] Invoked command in '/home/gy/ROS2_Coming/02lidar/fishbot_ws/build/ydlidar' returned '0': CMAKE_PREFIX_PATH=/opt/ros/humble /usr/bin/cmake --build /home/gy/ROS2_Coming/02lidar/fishbot_ws/build/ydlidar -- -j20 -l20
[0.100s] Invoking command in '/home/gy/ROS2_Coming/02lidar/fishbot_ws/build/ydlidar': CMAKE_PREFIX_PATH=/opt/ros/humble /usr/bin/cmake --install /home/gy/ROS2_Coming/02lidar/fishbot_ws/build/ydlidar
[0.104s] -- Install configuration: ""
[0.105s] -- Up-to-date: /home/gy/ROS2_Coming/02lidar/fishbot_ws/install/ydlidar/lib/ydlidar/ydlidar_node
[0.105s] -- Up-to-date: /home/gy/ROS2_Coming/02lidar/fishbot_ws/install/ydlidar/lib/ydlidar/ydlidar_client
[0.105s] -- Up-to-date: /home/gy/ROS2_Coming/02lidar/fishbot_ws/install/ydlidar/share/ydlidar/launch
[0.105s] -- Up-to-date: /home/gy/ROS2_Coming/02lidar/fishbot_ws/install/ydlidar/share/ydlidar/launch/ydlidar.py
[0.105s] -- Up-to-date: /home/gy/ROS2_Coming/02lidar/fishbot_ws/install/ydlidar/share/ydlidar/launch/ydlidar_launch.py
[0.105s] -- Up-to-date: /home/gy/ROS2_Coming/02lidar/fishbot_ws/install/ydlidar/share/ydlidar/params
[0.105s] -- Up-to-date: /home/gy/ROS2_Coming/02lidar/fishbot_ws/install/ydlidar/share/ydlidar/params/ydlidar.yaml
[0.105s] -- Up-to-date: /home/gy/ROS2_Coming/02lidar/fishbot_ws/install/ydlidar/share/ydlidar/startup
[0.105s] -- Up-to-date: /home/gy/ROS2_Coming/02lidar/fishbot_ws/install/ydlidar/share/ydlidar/startup/initenv.sh
[0.105s] -- Up-to-date: /home/gy/ROS2_Coming/02lidar/fishbot_ws/install/ydlidar/share/ament_index/resource_index/package_run_dependencies/ydlidar
[0.105s] -- Up-to-date: /home/gy/ROS2_Coming/02lidar/fishbot_ws/install/ydlidar/share/ament_index/resource_index/parent_prefix_path/ydlidar
[0.105s] -- Up-to-date: /home/gy/ROS2_Coming/02lidar/fishbot_ws/install/ydlidar/share/ydlidar/environment/ament_prefix_path.sh
[0.105s] -- Up-to-date: /home/gy/ROS2_Coming/02lidar/fishbot_ws/install/ydlidar/share/ydlidar/environment/ament_prefix_path.dsv
[0.105s] -- Up-to-date: /home/gy/ROS2_Coming/02lidar/fishbot_ws/install/ydlidar/share/ydlidar/environment/path.sh
[0.105s] -- Up-to-date: /home/gy/ROS2_Coming/02lidar/fishbot_ws/install/ydlidar/share/ydlidar/environment/path.dsv
[0.105s] -- Up-to-date: /home/gy/ROS2_Coming/02lidar/fishbot_ws/install/ydlidar/share/ydlidar/local_setup.bash
[0.105s] -- Up-to-date: /home/gy/ROS2_Coming/02lidar/fishbot_ws/install/ydlidar/share/ydlidar/local_setup.sh
[0.105s] -- Up-to-date: /home/gy/ROS2_Coming/02lidar/fishbot_ws/install/ydlidar/share/ydlidar/local_setup.zsh
[0.105s] -- Up-to-date: /home/gy/ROS2_Coming/02lidar/fishbot_ws/install/ydlidar/share/ydlidar/local_setup.dsv
[0.105s] -- Installing: /home/gy/ROS2_Coming/02lidar/fishbot_ws/install/ydlidar/share/ydlidar/package.dsv
[0.105s] -- Up-to-date: /home/gy/ROS2_Coming/02lidar/fishbot_ws/install/ydlidar/share/ament_index/resource_index/packages/ydlidar
[0.105s] -- Up-to-date: /home/gy/ROS2_Coming/02lidar/fishbot_ws/install/ydlidar/share/ydlidar/cmake/ydlidarConfig.cmake
[0.105s] -- Up-to-date: /home/gy/ROS2_Coming/02lidar/fishbot_ws/install/ydlidar/share/ydlidar/cmake/ydlidarConfig-version.cmake
[0.105s] -- Up-to-date: /home/gy/ROS2_Coming/02lidar/fishbot_ws/install/ydlidar/share/ydlidar/package.xml
[0.106s] Invoked command in '/home/gy/ROS2_Coming/02lidar/fishbot_ws/build/ydlidar' returned '0': CMAKE_PREFIX_PATH=/opt/ros/humble /usr/bin/cmake --install /home/gy/ROS2_Coming/02lidar/fishbot_ws/build/ydlidar
