[0.047s] Invoking command in '/home/u20/u20/ros2_topic_ws/build/status_sub': CMAKE_PREFIX_PATH=${CMAKE_PREFIX_PATH}:/home/u20/u20/ros2_topic_ws/install/pc_status:/opt/ros/foxy PYTHONPATH=/home/u20/u20/ros2_topic_ws/install/communication_interfaces/lib/python3.8/site-packages:/home/u20/u20/ros2_topic_ws/install/pc_status/lib/python3.8/site-packages:/opt/ros/foxy/lib/python3.8/site-packages /usr/bin/cmake /home/u20/u20/ros2_topic_ws/src/status_sub -DCMAKE_INSTALL_PREFIX=/home/u20/u20/ros2_topic_ws/install/status_sub
[0.259s] -- The C compiler identification is GNU 9.4.0
[0.484s] -- The CXX compiler identification is GNU 9.4.0
[0.501s] -- Check for working C compiler: /usr/bin/cc
[0.757s] -- Check for working C compiler: /usr/bin/cc -- works
[0.760s] -- Detecting C compiler ABI info
[0.999s] -- Detecting C compiler ABI info - done
[1.022s] -- Detecting C compile features
[1.022s] -- Detecting C compile features - done
[1.030s] -- Check for working CXX compiler: /usr/bin/c++
[1.366s] -- Check for working CXX compiler: /usr/bin/c++ -- works
[1.372s] -- Detecting CXX compiler ABI info
[1.684s] -- Detecting CXX compiler ABI info - done
[1.710s] -- Detecting CXX compile features
[1.711s] -- Detecting CXX compile features - done
[1.732s] -- Found ament_cmake: 0.9.12 (/opt/ros/foxy/share/ament_cmake/cmake)
[1.825s] -- Found PythonInterp: /usr/bin/python3 (found suitable version "3.8.10", minimum required is "3") 
[1.826s] -- Using PYTHON_EXECUTABLE: /usr/bin/python3
[2.603s] -- Found rclcpp: 2.4.3 (/opt/ros/foxy/share/rclcpp/cmake)
[2.720s] -- Using all available rosidl_typesupport_c: rosidl_typesupport_fastrtps_c;rosidl_typesupport_introspection_c
[2.731s] -- Found rosidl_adapter: 1.3.1 (/opt/ros/foxy/share/rosidl_adapter/cmake)
[3.040s] -- Found OpenSSL: /usr/lib/x86_64-linux-gnu/libcrypto.so (found version "1.1.1f")  
[3.126s] -- Found FastRTPS: /opt/ros/foxy/include  
[3.346s] -- Using all available rosidl_typesupport_cpp: rosidl_typesupport_fastrtps_cpp;rosidl_typesupport_introspection_cpp
[3.512s] -- Found rmw_implementation_cmake: 1.0.4 (/opt/ros/foxy/share/rmw_implementation_cmake/cmake)
[3.518s] -- Using RMW implementation 'rmw_fastrtps_cpp' as default
[3.526s] -- Looking for pthread.h
[3.796s] -- Looking for pthread.h - found
[3.796s] -- Performing Test CMAKE_HAVE_LIBC_PTHREAD
[4.068s] -- Performing Test CMAKE_HAVE_LIBC_PTHREAD - Failed
[4.069s] -- Looking for pthread_create in pthreads
[4.259s] -- Looking for pthread_create in pthreads - not found
[4.259s] -- Looking for pthread_create in pthread
[4.520s] -- Looking for pthread_create in pthread - found
[4.527s] -- Found Threads: TRUE  
[4.937s] -- Found sensor_msgs: 2.0.5 (/opt/ros/foxy/share/sensor_msgs/cmake)
[5.229s] -- Found communication_interfaces: 0.0.0 (/home/u20/u20/ros2_topic_ws/install/communication_interfaces/share/communication_interfaces/cmake)
[5.309s] -- Found ament_lint_auto: 0.9.8 (/opt/ros/foxy/share/ament_lint_auto/cmake)
[5.546s] -- Added test 'copyright' to check source files copyright and LICENSE
[5.548s] -- Added test 'cppcheck' to perform static code analysis on C / C++ code
[5.548s] -- Configured cppcheck include dirs: 
[5.548s] -- Configured cppcheck exclude dirs and/or files: 
[5.549s] -- Added test 'cpplint' to check C / C++ code against the Google style
[5.549s] -- Configured cpplint exclude dirs and/or files: 
[5.550s] -- Added test 'lint_cmake' to check CMake code style
[5.552s] -- Added test 'uncrustify' to check C / C++ code style
[5.552s] -- Configured uncrustify additional arguments: 
[5.554s] -- Added test 'xmllint' to check XML markup files
[5.572s] -- Configuring done
[5.587s] -- Generating done
[5.598s] -- Build files have been written to: /home/u20/u20/ros2_topic_ws/build/status_sub
[5.633s] Invoked command in '/home/u20/u20/ros2_topic_ws/build/status_sub' returned '0': CMAKE_PREFIX_PATH=${CMAKE_PREFIX_PATH}:/home/u20/u20/ros2_topic_ws/install/pc_status:/opt/ros/foxy PYTHONPATH=/home/u20/u20/ros2_topic_ws/install/communication_interfaces/lib/python3.8/site-packages:/home/u20/u20/ros2_topic_ws/install/pc_status/lib/python3.8/site-packages:/opt/ros/foxy/lib/python3.8/site-packages /usr/bin/cmake /home/u20/u20/ros2_topic_ws/src/status_sub -DCMAKE_INSTALL_PREFIX=/home/u20/u20/ros2_topic_ws/install/status_sub
[5.636s] Invoking command in '/home/u20/u20/ros2_topic_ws/build/status_sub': CMAKE_PREFIX_PATH=${CMAKE_PREFIX_PATH}:/home/u20/u20/ros2_topic_ws/install/pc_status:/opt/ros/foxy PYTHONPATH=/home/u20/u20/ros2_topic_ws/install/communication_interfaces/lib/python3.8/site-packages:/home/u20/u20/ros2_topic_ws/install/pc_status/lib/python3.8/site-packages:/opt/ros/foxy/lib/python3.8/site-packages /usr/bin/cmake --build /home/u20/u20/ros2_topic_ws/build/status_sub -- -j12 -l12
[5.769s] [35m[1mScanning dependencies of target status_ui[0m
[5.863s] [ 50%] [32mBuilding CXX object CMakeFiles/status_ui.dir/src/status_ui.cpp.o[0m
[8.671s] [100%] [32m[1mLinking CXX executable status_ui[0m
[9.861s] [100%] Built target status_ui
[9.892s] Invoked command in '/home/u20/u20/ros2_topic_ws/build/status_sub' returned '0': CMAKE_PREFIX_PATH=${CMAKE_PREFIX_PATH}:/home/u20/u20/ros2_topic_ws/install/pc_status:/opt/ros/foxy PYTHONPATH=/home/u20/u20/ros2_topic_ws/install/communication_interfaces/lib/python3.8/site-packages:/home/u20/u20/ros2_topic_ws/install/pc_status/lib/python3.8/site-packages:/opt/ros/foxy/lib/python3.8/site-packages /usr/bin/cmake --build /home/u20/u20/ros2_topic_ws/build/status_sub -- -j12 -l12
[9.895s] Invoking command in '/home/u20/u20/ros2_topic_ws/build/status_sub': CMAKE_PREFIX_PATH=${CMAKE_PREFIX_PATH}:/home/u20/u20/ros2_topic_ws/install/pc_status:/opt/ros/foxy PYTHONPATH=/home/u20/u20/ros2_topic_ws/install/communication_interfaces/lib/python3.8/site-packages:/home/u20/u20/ros2_topic_ws/install/pc_status/lib/python3.8/site-packages:/opt/ros/foxy/lib/python3.8/site-packages /usr/bin/cmake --install /home/u20/u20/ros2_topic_ws/build/status_sub
[9.917s] -- Install configuration: ""
[9.918s] -- Installing: /home/u20/u20/ros2_topic_ws/install/status_sub/lib/status_sub/status_ui
[9.918s] -- Installing: /home/u20/u20/ros2_topic_ws/install/status_sub/share/ament_index/resource_index/package_run_dependencies/status_sub
[9.919s] -- Installing: /home/u20/u20/ros2_topic_ws/install/status_sub/share/ament_index/resource_index/parent_prefix_path/status_sub
[9.919s] -- Installing: /home/u20/u20/ros2_topic_ws/install/status_sub/share/status_sub/environment/ament_prefix_path.sh
[9.919s] -- Installing: /home/u20/u20/ros2_topic_ws/install/status_sub/share/status_sub/environment/ament_prefix_path.dsv
[9.920s] -- Installing: /home/u20/u20/ros2_topic_ws/install/status_sub/share/status_sub/environment/path.sh
[9.920s] -- Installing: /home/u20/u20/ros2_topic_ws/install/status_sub/share/status_sub/environment/path.dsv
[9.920s] -- Installing: /home/u20/u20/ros2_topic_ws/install/status_sub/share/status_sub/local_setup.bash
[9.920s] -- Installing: /home/u20/u20/ros2_topic_ws/install/status_sub/share/status_sub/local_setup.sh
[9.920s] -- Installing: /home/u20/u20/ros2_topic_ws/install/status_sub/share/status_sub/local_setup.zsh
[9.920s] -- Installing: /home/u20/u20/ros2_topic_ws/install/status_sub/share/status_sub/local_setup.dsv
[9.920s] -- Installing: /home/u20/u20/ros2_topic_ws/install/status_sub/share/status_sub/package.dsv
[9.921s] -- Installing: /home/u20/u20/ros2_topic_ws/install/status_sub/share/ament_index/resource_index/packages/status_sub
[9.921s] -- Installing: /home/u20/u20/ros2_topic_ws/install/status_sub/share/status_sub/cmake/status_subConfig.cmake
[9.921s] -- Installing: /home/u20/u20/ros2_topic_ws/install/status_sub/share/status_sub/cmake/status_subConfig-version.cmake
[9.921s] -- Installing: /home/u20/u20/ros2_topic_ws/install/status_sub/share/status_sub/package.xml
[9.930s] Invoked command in '/home/u20/u20/ros2_topic_ws/build/status_sub' returned '0': CMAKE_PREFIX_PATH=${CMAKE_PREFIX_PATH}:/home/u20/u20/ros2_topic_ws/install/pc_status:/opt/ros/foxy PYTHONPATH=/home/u20/u20/ros2_topic_ws/install/communication_interfaces/lib/python3.8/site-packages:/home/u20/u20/ros2_topic_ws/install/pc_status/lib/python3.8/site-packages:/opt/ros/foxy/lib/python3.8/site-packages /usr/bin/cmake --install /home/u20/u20/ros2_topic_ws/build/status_sub
