[0.006s] Invoking command in '/home/gy/ROS2_Coming/02ESP32CalcWifi/cala-server/extra_packages/build/calc_interfaces': CMAKE_PREFIX_PATH=/opt/ros/humble /usr/bin/cmake /home/gy/ROS2_Coming/02ESP32CalcWifi/cala-server/extra_packages/calc_interfaces -DCMAKE_INSTALL_PREFIX=/home/gy/ROS2_Coming/02ESP32CalcWifi/cala-server/extra_packages/install/calc_interfaces
[0.044s] -- The C compiler identification is GNU 11.4.0
[0.084s] -- The CXX compiler identification is GNU 11.4.0
[0.089s] -- Detecting C compiler ABI info
[0.138s] -- Detecting C compiler ABI info - done
[0.146s] -- Check for working C compiler: /usr/bin/cc - skipped
[0.146s] -- Detecting C compile features
[0.146s] -- Detecting C compile features - done
[0.148s] -- Detecting CXX compiler ABI info
[0.208s] -- Detecting CXX compiler ABI info - done
[0.213s] -- Check for working CXX compiler: /usr/bin/c++ - skipped
[0.213s] -- Detecting CXX compile features
[0.213s] -- Detecting CXX compile features - done
[0.218s] -- Found ament_cmake: 1.3.10 (/opt/ros/humble/share/ament_cmake/cmake)
[0.331s] -- Found Python3: /usr/bin/python3 (found version "3.10.12") found components: Interpreter 
[0.394s] -- Found rosidl_default_generators: 1.2.0 (/opt/ros/humble/share/rosidl_default_generators/cmake)
[0.397s] -- Using all available rosidl_typesupport_c: rosidl_typesupport_fastrtps_c;rosidl_typesupport_introspection_c
[0.401s] -- Found rosidl_adapter: 3.1.5 (/opt/ros/humble/share/rosidl_adapter/cmake)
[0.432s] -- Using all available rosidl_typesupport_cpp: rosidl_typesupport_fastrtps_cpp;rosidl_typesupport_introspection_cpp
[0.612s] -- Found ament_cmake_ros: 0.10.0 (/opt/ros/humble/share/ament_cmake_ros/cmake)
[0.737s] -- Using all available rosidl_typesupport_c: rosidl_typesupport_fastrtps_c;rosidl_typesupport_introspection_c
[0.892s] -- Using all available rosidl_typesupport_cpp: rosidl_typesupport_fastrtps_cpp;rosidl_typesupport_introspection_cpp
[0.906s] -- Found PythonInterp: /usr/bin/python3 (found suitable version "3.10.12", minimum required is "3.6") 
[0.907s] -- Found python_cmake_module: 0.10.0 (/opt/ros/humble/share/python_cmake_module/cmake)
[0.926s] -- Found PythonLibs: /usr/lib/x86_64-linux-gnu/libpython3.10.so (found suitable version "3.10.12", minimum required is "3.5") 
[0.926s] -- Using PYTHON_EXECUTABLE: /usr/bin/python3
[0.926s] -- Using PYTHON_INCLUDE_DIRS: /usr/include/python3.10
[0.926s] -- Using PYTHON_LIBRARIES: /usr/lib/x86_64-linux-gnu/libpython3.10.so
[0.940s] -- Found PythonExtra: .so  
[0.963s] -- Found ament_lint_auto: 0.12.11 (/opt/ros/humble/share/ament_lint_auto/cmake)
[0.975s] -- Added test 'lint_cmake' to check CMake code style
[0.975s] -- Added test 'xmllint' to check XML markup files
[0.977s] -- Configuring done
[0.991s] -- Generating done
[0.993s] -- Build files have been written to: /home/gy/ROS2_Coming/02ESP32CalcWifi/cala-server/extra_packages/build/calc_interfaces
[0.997s] Invoked command in '/home/gy/ROS2_Coming/02ESP32CalcWifi/cala-server/extra_packages/build/calc_interfaces' returned '0': CMAKE_PREFIX_PATH=/opt/ros/humble /usr/bin/cmake /home/gy/ROS2_Coming/02ESP32CalcWifi/cala-server/extra_packages/calc_interfaces -DCMAKE_INSTALL_PREFIX=/home/gy/ROS2_Coming/02ESP32CalcWifi/cala-server/extra_packages/install/calc_interfaces
[0.998s] Invoking command in '/home/gy/ROS2_Coming/02ESP32CalcWifi/cala-server/extra_packages/build/calc_interfaces': CMAKE_PREFIX_PATH=/opt/ros/humble /usr/bin/cmake --build /home/gy/ROS2_Coming/02ESP32CalcWifi/cala-server/extra_packages/build/calc_interfaces -- -j20 -l20
[1.027s] [  3%] [34m[1mGenerating C code for ROS interfaces[0m
[1.036s] [  6%] [34m[1mGenerating C++ code for ROS interfaces[0m
[1.042s] [  6%] Built target ament_cmake_python_copy_calc_interfaces
[1.170s] running egg_info
[1.171s] creating calc_interfaces.egg-info
[1.171s] writing calc_interfaces.egg-info/PKG-INFO
[1.171s] writing dependency_links to calc_interfaces.egg-info/dependency_links.txt
[1.171s] writing top-level names to calc_interfaces.egg-info/top_level.txt
[1.171s] writing manifest file 'calc_interfaces.egg-info/SOURCES.txt'
[1.173s] reading manifest file 'calc_interfaces.egg-info/SOURCES.txt'
[1.173s] writing manifest file 'calc_interfaces.egg-info/SOURCES.txt'
[1.184s] [  6%] Built target calc_interfaces__cpp
[1.190s] [  6%] Built target ament_cmake_python_build_calc_interfaces_egg
[1.190s] [  9%] [32mBuilding C object CMakeFiles/calc_interfaces__rosidl_generator_c.dir/rosidl_generator_c/calc_interfaces/srv/detail/calc_tree__functions.c.o[0m
[1.192s] [ 16%] [34m[1mGenerating C++ type support dispatch for ROS interfaces[0m
[1.192s] [ 16%] [34m[1mGenerating C++ type support for eProsima Fast-RTPS[0m
[1.193s] [ 19%] [34m[1mGenerating C++ introspection for ROS interfaces[0m
[1.238s] [ 22%] [32m[1mLinking C shared library libcalc_interfaces__rosidl_generator_c.so[0m
[1.268s] [ 22%] Built target calc_interfaces__rosidl_generator_c
[1.277s] [ 32%] [34m[1mGenerating C introspection for ROS interfaces[0m
[1.277s] [ 32%] [34m[1mGenerating C type support dispatch for ROS interfaces[0m
[1.277s] [ 32%] [34m[1mGenerating C type support for eProsima Fast-RTPS[0m
[1.329s] [ 35%] [32mBuilding CXX object CMakeFiles/calc_interfaces__rosidl_typesupport_cpp.dir/rosidl_typesupport_cpp/calc_interfaces/srv/calc_tree__type_support.cpp.o[0m
[1.341s] [ 38%] [32mBuilding CXX object CMakeFiles/calc_interfaces__rosidl_typesupport_introspection_cpp.dir/rosidl_typesupport_introspection_cpp/calc_interfaces/srv/detail/calc_tree__type_support.cpp.o[0m
[1.349s] [ 41%] [32mBuilding CXX object CMakeFiles/calc_interfaces__rosidl_typesupport_fastrtps_cpp.dir/rosidl_typesupport_fastrtps_cpp/calc_interfaces/srv/detail/dds_fastrtps/calc_tree__type_support.cpp.o[0m
[1.421s] [ 45%] [32mBuilding CXX object CMakeFiles/calc_interfaces__rosidl_typesupport_c.dir/rosidl_typesupport_c/calc_interfaces/srv/calc_tree__type_support.cpp.o[0m
[1.442s] [ 48%] [32mBuilding CXX object CMakeFiles/calc_interfaces__rosidl_typesupport_fastrtps_c.dir/rosidl_typesupport_fastrtps_c/calc_interfaces/srv/detail/calc_tree__type_support_c.cpp.o[0m
[1.445s] [ 51%] [32m[1mLinking CXX shared library libcalc_interfaces__rosidl_typesupport_c.so[0m
[1.452s] [ 54%] [32mBuilding C object CMakeFiles/calc_interfaces__rosidl_typesupport_introspection_c.dir/rosidl_typesupport_introspection_c/calc_interfaces/srv/detail/calc_tree__type_support.c.o[0m
[1.474s] [ 54%] Built target calc_interfaces__rosidl_typesupport_c
[1.481s] [ 58%] [32m[1mLinking C shared library libcalc_interfaces__rosidl_typesupport_introspection_c.so[0m
[1.491s] [ 61%] [32m[1mLinking CXX shared library libcalc_interfaces__rosidl_typesupport_cpp.so[0m
[1.505s] [ 61%] Built target calc_interfaces__rosidl_typesupport_introspection_c
[1.521s] [ 61%] Built target calc_interfaces__rosidl_typesupport_cpp
[1.563s] [ 64%] [32m[1mLinking CXX shared library libcalc_interfaces__rosidl_typesupport_introspection_cpp.so[0m
[1.576s] [ 67%] [32m[1mLinking CXX shared library libcalc_interfaces__rosidl_typesupport_fastrtps_cpp.so[0m
[1.592s] [ 67%] Built target calc_interfaces__rosidl_typesupport_introspection_cpp
[1.624s] [ 67%] Built target calc_interfaces__rosidl_typesupport_fastrtps_cpp
[1.626s] [ 70%] [32m[1mLinking CXX shared library libcalc_interfaces__rosidl_typesupport_fastrtps_c.so[0m
[1.674s] [ 70%] Built target calc_interfaces__rosidl_typesupport_fastrtps_c
[1.690s] [ 70%] Built target calc_interfaces
[1.706s] [ 74%] [34m[1mGenerating Python code for ROS interfaces[0m
[1.900s] [ 74%] Built target calc_interfaces__py
[1.914s] [ 77%] [32mBuilding C object CMakeFiles/calc_interfaces__rosidl_generator_py.dir/rosidl_generator_py/calc_interfaces/srv/_calc_tree_s.c.o[0m
[1.988s] [ 80%] [32m[1mLinking C shared library rosidl_generator_py/calc_interfaces/libcalc_interfaces__rosidl_generator_py.so[0m
[2.015s] [ 80%] Built target calc_interfaces__rosidl_generator_py
[2.030s] [ 83%] [32mBuilding C object CMakeFiles/calc_interfaces__rosidl_typesupport_introspection_c__pyext.dir/rosidl_generator_py/calc_interfaces/_calc_interfaces_s.ep.rosidl_typesupport_introspection_c.c.o[0m
[2.030s] [ 87%] [32mBuilding C object CMakeFiles/calc_interfaces__rosidl_typesupport_fastrtps_c__pyext.dir/rosidl_generator_py/calc_interfaces/_calc_interfaces_s.ep.rosidl_typesupport_fastrtps_c.c.o[0m
[2.030s] [ 90%] [32mBuilding C object CMakeFiles/calc_interfaces__rosidl_typesupport_c__pyext.dir/rosidl_generator_py/calc_interfaces/_calc_interfaces_s.ep.rosidl_typesupport_c.c.o[0m
[2.088s] [ 96%] [32m[1mLinking C shared library rosidl_generator_py/calc_interfaces/calc_interfaces_s__rosidl_typesupport_introspection_c.cpython-310-x86_64-linux-gnu.so[0m
[2.088s] [ 96%] [32m[1mLinking C shared library rosidl_generator_py/calc_interfaces/calc_interfaces_s__rosidl_typesupport_c.cpython-310-x86_64-linux-gnu.so[0m
[2.092s] [100%] [32m[1mLinking C shared library rosidl_generator_py/calc_interfaces/calc_interfaces_s__rosidl_typesupport_fastrtps_c.cpython-310-x86_64-linux-gnu.so[0m
[2.114s] [100%] Built target calc_interfaces__rosidl_typesupport_c__pyext
[2.116s] [100%] Built target calc_interfaces__rosidl_typesupport_introspection_c__pyext
[2.117s] [100%] Built target calc_interfaces__rosidl_typesupport_fastrtps_c__pyext
[2.125s] Invoked command in '/home/gy/ROS2_Coming/02ESP32CalcWifi/cala-server/extra_packages/build/calc_interfaces' returned '0': CMAKE_PREFIX_PATH=/opt/ros/humble /usr/bin/cmake --build /home/gy/ROS2_Coming/02ESP32CalcWifi/cala-server/extra_packages/build/calc_interfaces -- -j20 -l20
[2.174s] Invoking command in '/home/gy/ROS2_Coming/02ESP32CalcWifi/cala-server/extra_packages/build/calc_interfaces': CMAKE_PREFIX_PATH=/opt/ros/humble /usr/bin/cmake --install /home/gy/ROS2_Coming/02ESP32CalcWifi/cala-server/extra_packages/build/calc_interfaces
[2.181s] -- Install configuration: ""
[2.181s] -- Installing: /home/gy/ROS2_Coming/02ESP32CalcWifi/cala-server/extra_packages/install/calc_interfaces/share/ament_index/resource_index/rosidl_interfaces/calc_interfaces
[2.181s] -- Installing: /home/gy/ROS2_Coming/02ESP32CalcWifi/cala-server/extra_packages/install/calc_interfaces/include/calc_interfaces/calc_interfaces
[2.181s] -- Installing: /home/gy/ROS2_Coming/02ESP32CalcWifi/cala-server/extra_packages/install/calc_interfaces/include/calc_interfaces/calc_interfaces/msg
[2.182s] -- Installing: /home/gy/ROS2_Coming/02ESP32CalcWifi/cala-server/extra_packages/install/calc_interfaces/include/calc_interfaces/calc_interfaces/msg/rosidl_generator_c__visibility_control.h
[2.182s] -- Installing: /home/gy/ROS2_Coming/02ESP32CalcWifi/cala-server/extra_packages/install/calc_interfaces/include/calc_interfaces/calc_interfaces/srv
[2.182s] -- Installing: /home/gy/ROS2_Coming/02ESP32CalcWifi/cala-server/extra_packages/install/calc_interfaces/include/calc_interfaces/calc_interfaces/srv/detail
[2.182s] -- Installing: /home/gy/ROS2_Coming/02ESP32CalcWifi/cala-server/extra_packages/install/calc_interfaces/include/calc_interfaces/calc_interfaces/srv/detail/calc_tree__type_support.h
[2.182s] -- Installing: /home/gy/ROS2_Coming/02ESP32CalcWifi/cala-server/extra_packages/install/calc_interfaces/include/calc_interfaces/calc_interfaces/srv/detail/calc_tree__functions.h
[2.182s] -- Installing: /home/gy/ROS2_Coming/02ESP32CalcWifi/cala-server/extra_packages/install/calc_interfaces/include/calc_interfaces/calc_interfaces/srv/detail/calc_tree__struct.h
[2.182s] -- Installing: /home/gy/ROS2_Coming/02ESP32CalcWifi/cala-server/extra_packages/install/calc_interfaces/include/calc_interfaces/calc_interfaces/srv/detail/calc_tree__functions.c
[2.182s] -- Installing: /home/gy/ROS2_Coming/02ESP32CalcWifi/cala-server/extra_packages/install/calc_interfaces/include/calc_interfaces/calc_interfaces/srv/calc_tree.h
[2.182s] -- Installing: /home/gy/ROS2_Coming/02ESP32CalcWifi/cala-server/extra_packages/install/calc_interfaces/share/calc_interfaces/environment/library_path.sh
[2.182s] -- Installing: /home/gy/ROS2_Coming/02ESP32CalcWifi/cala-server/extra_packages/install/calc_interfaces/share/calc_interfaces/environment/library_path.dsv
[2.182s] -- Installing: /home/gy/ROS2_Coming/02ESP32CalcWifi/cala-server/extra_packages/install/calc_interfaces/lib/libcalc_interfaces__rosidl_generator_c.so
[2.182s] -- Set runtime path of "/home/gy/ROS2_Coming/02ESP32CalcWifi/cala-server/extra_packages/install/calc_interfaces/lib/libcalc_interfaces__rosidl_generator_c.so" to ""
[2.182s] -- Up-to-date: /home/gy/ROS2_Coming/02ESP32CalcWifi/cala-server/extra_packages/install/calc_interfaces/include/calc_interfaces/calc_interfaces
[2.182s] -- Up-to-date: /home/gy/ROS2_Coming/02ESP32CalcWifi/cala-server/extra_packages/install/calc_interfaces/include/calc_interfaces/calc_interfaces/msg
[2.183s] -- Installing: /home/gy/ROS2_Coming/02ESP32CalcWifi/cala-server/extra_packages/install/calc_interfaces/include/calc_interfaces/calc_interfaces/msg/rosidl_typesupport_fastrtps_c__visibility_control.h
[2.183s] -- Up-to-date: /home/gy/ROS2_Coming/02ESP32CalcWifi/cala-server/extra_packages/install/calc_interfaces/include/calc_interfaces/calc_interfaces/srv
[2.183s] -- Up-to-date: /home/gy/ROS2_Coming/02ESP32CalcWifi/cala-server/extra_packages/install/calc_interfaces/include/calc_interfaces/calc_interfaces/srv/detail
[2.183s] -- Installing: /home/gy/ROS2_Coming/02ESP32CalcWifi/cala-server/extra_packages/install/calc_interfaces/include/calc_interfaces/calc_interfaces/srv/detail/calc_tree__rosidl_typesupport_fastrtps_c.h
[2.183s] -- Installing: /home/gy/ROS2_Coming/02ESP32CalcWifi/cala-server/extra_packages/install/calc_interfaces/lib/libcalc_interfaces__rosidl_typesupport_fastrtps_c.so
[2.183s] -- Set runtime path of "/home/gy/ROS2_Coming/02ESP32CalcWifi/cala-server/extra_packages/install/calc_interfaces/lib/libcalc_interfaces__rosidl_typesupport_fastrtps_c.so" to ""
[2.183s] -- Up-to-date: /home/gy/ROS2_Coming/02ESP32CalcWifi/cala-server/extra_packages/install/calc_interfaces/include/calc_interfaces/calc_interfaces
[2.183s] -- Up-to-date: /home/gy/ROS2_Coming/02ESP32CalcWifi/cala-server/extra_packages/install/calc_interfaces/include/calc_interfaces/calc_interfaces/msg
[2.183s] -- Installing: /home/gy/ROS2_Coming/02ESP32CalcWifi/cala-server/extra_packages/install/calc_interfaces/include/calc_interfaces/calc_interfaces/msg/rosidl_typesupport_introspection_c__visibility_control.h
[2.183s] -- Up-to-date: /home/gy/ROS2_Coming/02ESP32CalcWifi/cala-server/extra_packages/install/calc_interfaces/include/calc_interfaces/calc_interfaces/srv
[2.183s] -- Up-to-date: /home/gy/ROS2_Coming/02ESP32CalcWifi/cala-server/extra_packages/install/calc_interfaces/include/calc_interfaces/calc_interfaces/srv/detail
[2.183s] -- Installing: /home/gy/ROS2_Coming/02ESP32CalcWifi/cala-server/extra_packages/install/calc_interfaces/include/calc_interfaces/calc_interfaces/srv/detail/calc_tree__rosidl_typesupport_introspection_c.h
[2.183s] -- Installing: /home/gy/ROS2_Coming/02ESP32CalcWifi/cala-server/extra_packages/install/calc_interfaces/include/calc_interfaces/calc_interfaces/srv/detail/calc_tree__type_support.c
[2.183s] -- Installing: /home/gy/ROS2_Coming/02ESP32CalcWifi/cala-server/extra_packages/install/calc_interfaces/lib/libcalc_interfaces__rosidl_typesupport_introspection_c.so
[2.183s] -- Set runtime path of "/home/gy/ROS2_Coming/02ESP32CalcWifi/cala-server/extra_packages/install/calc_interfaces/lib/libcalc_interfaces__rosidl_typesupport_introspection_c.so" to ""
[2.183s] -- Installing: /home/gy/ROS2_Coming/02ESP32CalcWifi/cala-server/extra_packages/install/calc_interfaces/lib/libcalc_interfaces__rosidl_typesupport_c.so
[2.183s] -- Set runtime path of "/home/gy/ROS2_Coming/02ESP32CalcWifi/cala-server/extra_packages/install/calc_interfaces/lib/libcalc_interfaces__rosidl_typesupport_c.so" to ""
[2.183s] -- Up-to-date: /home/gy/ROS2_Coming/02ESP32CalcWifi/cala-server/extra_packages/install/calc_interfaces/include/calc_interfaces/calc_interfaces
[2.183s] -- Up-to-date: /home/gy/ROS2_Coming/02ESP32CalcWifi/cala-server/extra_packages/install/calc_interfaces/include/calc_interfaces/calc_interfaces/srv
[2.183s] -- Up-to-date: /home/gy/ROS2_Coming/02ESP32CalcWifi/cala-server/extra_packages/install/calc_interfaces/include/calc_interfaces/calc_interfaces/srv/detail
[2.183s] -- Installing: /home/gy/ROS2_Coming/02ESP32CalcWifi/cala-server/extra_packages/install/calc_interfaces/include/calc_interfaces/calc_interfaces/srv/detail/calc_tree__builder.hpp
[2.183s] -- Installing: /home/gy/ROS2_Coming/02ESP32CalcWifi/cala-server/extra_packages/install/calc_interfaces/include/calc_interfaces/calc_interfaces/srv/detail/calc_tree__traits.hpp
[2.184s] -- Installing: /home/gy/ROS2_Coming/02ESP32CalcWifi/cala-server/extra_packages/install/calc_interfaces/include/calc_interfaces/calc_interfaces/srv/detail/calc_tree__struct.hpp
[2.184s] -- Installing: /home/gy/ROS2_Coming/02ESP32CalcWifi/cala-server/extra_packages/install/calc_interfaces/include/calc_interfaces/calc_interfaces/srv/calc_tree.hpp
[2.184s] -- Up-to-date: /home/gy/ROS2_Coming/02ESP32CalcWifi/cala-server/extra_packages/install/calc_interfaces/include/calc_interfaces/calc_interfaces
[2.184s] -- Up-to-date: /home/gy/ROS2_Coming/02ESP32CalcWifi/cala-server/extra_packages/install/calc_interfaces/include/calc_interfaces/calc_interfaces/msg
[2.184s] -- Installing: /home/gy/ROS2_Coming/02ESP32CalcWifi/cala-server/extra_packages/install/calc_interfaces/include/calc_interfaces/calc_interfaces/msg/rosidl_typesupport_fastrtps_cpp__visibility_control.h
[2.184s] -- Up-to-date: /home/gy/ROS2_Coming/02ESP32CalcWifi/cala-server/extra_packages/install/calc_interfaces/include/calc_interfaces/calc_interfaces/srv
[2.184s] -- Up-to-date: /home/gy/ROS2_Coming/02ESP32CalcWifi/cala-server/extra_packages/install/calc_interfaces/include/calc_interfaces/calc_interfaces/srv/detail
[2.184s] -- Installing: /home/gy/ROS2_Coming/02ESP32CalcWifi/cala-server/extra_packages/install/calc_interfaces/include/calc_interfaces/calc_interfaces/srv/detail/calc_tree__rosidl_typesupport_fastrtps_cpp.hpp
[2.184s] -- Installing: /home/gy/ROS2_Coming/02ESP32CalcWifi/cala-server/extra_packages/install/calc_interfaces/include/calc_interfaces/calc_interfaces/srv/detail/dds_fastrtps
[2.184s] -- Installing: /home/gy/ROS2_Coming/02ESP32CalcWifi/cala-server/extra_packages/install/calc_interfaces/lib/libcalc_interfaces__rosidl_typesupport_fastrtps_cpp.so
[2.184s] -- Set runtime path of "/home/gy/ROS2_Coming/02ESP32CalcWifi/cala-server/extra_packages/install/calc_interfaces/lib/libcalc_interfaces__rosidl_typesupport_fastrtps_cpp.so" to ""
[2.184s] -- Up-to-date: /home/gy/ROS2_Coming/02ESP32CalcWifi/cala-server/extra_packages/install/calc_interfaces/include/calc_interfaces/calc_interfaces
[2.184s] -- Up-to-date: /home/gy/ROS2_Coming/02ESP32CalcWifi/cala-server/extra_packages/install/calc_interfaces/include/calc_interfaces/calc_interfaces/srv
[2.184s] -- Up-to-date: /home/gy/ROS2_Coming/02ESP32CalcWifi/cala-server/extra_packages/install/calc_interfaces/include/calc_interfaces/calc_interfaces/srv/detail
[2.184s] -- Installing: /home/gy/ROS2_Coming/02ESP32CalcWifi/cala-server/extra_packages/install/calc_interfaces/include/calc_interfaces/calc_interfaces/srv/detail/calc_tree__rosidl_typesupport_introspection_cpp.hpp
[2.184s] -- Installing: /home/gy/ROS2_Coming/02ESP32CalcWifi/cala-server/extra_packages/install/calc_interfaces/include/calc_interfaces/calc_interfaces/srv/detail/calc_tree__type_support.cpp
[2.184s] -- Installing: /home/gy/ROS2_Coming/02ESP32CalcWifi/cala-server/extra_packages/install/calc_interfaces/lib/libcalc_interfaces__rosidl_typesupport_introspection_cpp.so
[2.184s] -- Set runtime path of "/home/gy/ROS2_Coming/02ESP32CalcWifi/cala-server/extra_packages/install/calc_interfaces/lib/libcalc_interfaces__rosidl_typesupport_introspection_cpp.so" to ""
[2.184s] -- Installing: /home/gy/ROS2_Coming/02ESP32CalcWifi/cala-server/extra_packages/install/calc_interfaces/lib/libcalc_interfaces__rosidl_typesupport_cpp.so
[2.184s] -- Set runtime path of "/home/gy/ROS2_Coming/02ESP32CalcWifi/cala-server/extra_packages/install/calc_interfaces/lib/libcalc_interfaces__rosidl_typesupport_cpp.so" to ""
[2.184s] -- Installing: /home/gy/ROS2_Coming/02ESP32CalcWifi/cala-server/extra_packages/install/calc_interfaces/share/calc_interfaces/environment/pythonpath.sh
[2.184s] -- Installing: /home/gy/ROS2_Coming/02ESP32CalcWifi/cala-server/extra_packages/install/calc_interfaces/share/calc_interfaces/environment/pythonpath.dsv
[2.184s] -- Installing: /home/gy/ROS2_Coming/02ESP32CalcWifi/cala-server/extra_packages/install/calc_interfaces/local/lib/python3.10/dist-packages/calc_interfaces-0.0.0-py3.10.egg-info
[2.184s] -- Installing: /home/gy/ROS2_Coming/02ESP32CalcWifi/cala-server/extra_packages/install/calc_interfaces/local/lib/python3.10/dist-packages/calc_interfaces-0.0.0-py3.10.egg-info/PKG-INFO
[2.184s] -- Installing: /home/gy/ROS2_Coming/02ESP32CalcWifi/cala-server/extra_packages/install/calc_interfaces/local/lib/python3.10/dist-packages/calc_interfaces-0.0.0-py3.10.egg-info/SOURCES.txt
[2.184s] -- Installing: /home/gy/ROS2_Coming/02ESP32CalcWifi/cala-server/extra_packages/install/calc_interfaces/local/lib/python3.10/dist-packages/calc_interfaces-0.0.0-py3.10.egg-info/top_level.txt
[2.184s] -- Installing: /home/gy/ROS2_Coming/02ESP32CalcWifi/cala-server/extra_packages/install/calc_interfaces/local/lib/python3.10/dist-packages/calc_interfaces-0.0.0-py3.10.egg-info/dependency_links.txt
[2.184s] -- Installing: /home/gy/ROS2_Coming/02ESP32CalcWifi/cala-server/extra_packages/install/calc_interfaces/local/lib/python3.10/dist-packages/calc_interfaces
[2.185s] -- Installing: /home/gy/ROS2_Coming/02ESP32CalcWifi/cala-server/extra_packages/install/calc_interfaces/local/lib/python3.10/dist-packages/calc_interfaces/calc_interfaces_s__rosidl_typesupport_introspection_c.cpython-310-x86_64-linux-gnu.so
[2.185s] -- Installing: /home/gy/ROS2_Coming/02ESP32CalcWifi/cala-server/extra_packages/install/calc_interfaces/local/lib/python3.10/dist-packages/calc_interfaces/_calc_interfaces_s.ep.rosidl_typesupport_fastrtps_c.c
[2.185s] -- Installing: /home/gy/ROS2_Coming/02ESP32CalcWifi/cala-server/extra_packages/install/calc_interfaces/local/lib/python3.10/dist-packages/calc_interfaces/_calc_interfaces_s.ep.rosidl_typesupport_c.c
[2.185s] -- Installing: /home/gy/ROS2_Coming/02ESP32CalcWifi/cala-server/extra_packages/install/calc_interfaces/local/lib/python3.10/dist-packages/calc_interfaces/__init__.py
[2.185s] -- Installing: /home/gy/ROS2_Coming/02ESP32CalcWifi/cala-server/extra_packages/install/calc_interfaces/local/lib/python3.10/dist-packages/calc_interfaces/calc_interfaces_s__rosidl_typesupport_fastrtps_c.cpython-310-x86_64-linux-gnu.so
[2.185s] -- Installing: /home/gy/ROS2_Coming/02ESP32CalcWifi/cala-server/extra_packages/install/calc_interfaces/local/lib/python3.10/dist-packages/calc_interfaces/calc_interfaces_s__rosidl_typesupport_c.cpython-310-x86_64-linux-gnu.so
[2.185s] -- Installing: /home/gy/ROS2_Coming/02ESP32CalcWifi/cala-server/extra_packages/install/calc_interfaces/local/lib/python3.10/dist-packages/calc_interfaces/libcalc_interfaces__rosidl_generator_py.so
[2.185s] -- Installing: /home/gy/ROS2_Coming/02ESP32CalcWifi/cala-server/extra_packages/install/calc_interfaces/local/lib/python3.10/dist-packages/calc_interfaces/_calc_interfaces_s.ep.rosidl_typesupport_introspection_c.c
[2.185s] -- Installing: /home/gy/ROS2_Coming/02ESP32CalcWifi/cala-server/extra_packages/install/calc_interfaces/local/lib/python3.10/dist-packages/calc_interfaces/srv
[2.185s] -- Installing: /home/gy/ROS2_Coming/02ESP32CalcWifi/cala-server/extra_packages/install/calc_interfaces/local/lib/python3.10/dist-packages/calc_interfaces/srv/__init__.py
[2.185s] -- Installing: /home/gy/ROS2_Coming/02ESP32CalcWifi/cala-server/extra_packages/install/calc_interfaces/local/lib/python3.10/dist-packages/calc_interfaces/srv/_calc_tree_s.c
[2.185s] -- Installing: /home/gy/ROS2_Coming/02ESP32CalcWifi/cala-server/extra_packages/install/calc_interfaces/local/lib/python3.10/dist-packages/calc_interfaces/srv/_calc_tree.py
[2.203s] Listing '/home/gy/ROS2_Coming/02ESP32CalcWifi/cala-server/extra_packages/install/calc_interfaces/local/lib/python3.10/dist-packages/calc_interfaces'...
[2.204s] Compiling '/home/gy/ROS2_Coming/02ESP32CalcWifi/cala-server/extra_packages/install/calc_interfaces/local/lib/python3.10/dist-packages/calc_interfaces/__init__.py'...
[2.204s] Listing '/home/gy/ROS2_Coming/02ESP32CalcWifi/cala-server/extra_packages/install/calc_interfaces/local/lib/python3.10/dist-packages/calc_interfaces/srv'...
[2.204s] Compiling '/home/gy/ROS2_Coming/02ESP32CalcWifi/cala-server/extra_packages/install/calc_interfaces/local/lib/python3.10/dist-packages/calc_interfaces/srv/__init__.py'...
[2.204s] Compiling '/home/gy/ROS2_Coming/02ESP32CalcWifi/cala-server/extra_packages/install/calc_interfaces/local/lib/python3.10/dist-packages/calc_interfaces/srv/_calc_tree.py'...
[2.206s] -- Installing: /home/gy/ROS2_Coming/02ESP32CalcWifi/cala-server/extra_packages/install/calc_interfaces/local/lib/python3.10/dist-packages/calc_interfaces/calc_interfaces_s__rosidl_typesupport_fastrtps_c.cpython-310-x86_64-linux-gnu.so
[2.206s] -- Set runtime path of "/home/gy/ROS2_Coming/02ESP32CalcWifi/cala-server/extra_packages/install/calc_interfaces/local/lib/python3.10/dist-packages/calc_interfaces/calc_interfaces_s__rosidl_typesupport_fastrtps_c.cpython-310-x86_64-linux-gnu.so" to ""
[2.206s] -- Installing: /home/gy/ROS2_Coming/02ESP32CalcWifi/cala-server/extra_packages/install/calc_interfaces/local/lib/python3.10/dist-packages/calc_interfaces/calc_interfaces_s__rosidl_typesupport_introspection_c.cpython-310-x86_64-linux-gnu.so
[2.206s] -- Set runtime path of "/home/gy/ROS2_Coming/02ESP32CalcWifi/cala-server/extra_packages/install/calc_interfaces/local/lib/python3.10/dist-packages/calc_interfaces/calc_interfaces_s__rosidl_typesupport_introspection_c.cpython-310-x86_64-linux-gnu.so" to ""
[2.207s] -- Installing: /home/gy/ROS2_Coming/02ESP32CalcWifi/cala-server/extra_packages/install/calc_interfaces/local/lib/python3.10/dist-packages/calc_interfaces/calc_interfaces_s__rosidl_typesupport_c.cpython-310-x86_64-linux-gnu.so
[2.207s] -- Set runtime path of "/home/gy/ROS2_Coming/02ESP32CalcWifi/cala-server/extra_packages/install/calc_interfaces/local/lib/python3.10/dist-packages/calc_interfaces/calc_interfaces_s__rosidl_typesupport_c.cpython-310-x86_64-linux-gnu.so" to ""
[2.207s] -- Installing: /home/gy/ROS2_Coming/02ESP32CalcWifi/cala-server/extra_packages/install/calc_interfaces/lib/libcalc_interfaces__rosidl_generator_py.so
[2.207s] -- Set runtime path of "/home/gy/ROS2_Coming/02ESP32CalcWifi/cala-server/extra_packages/install/calc_interfaces/lib/libcalc_interfaces__rosidl_generator_py.so" to ""
[2.207s] -- Installing: /home/gy/ROS2_Coming/02ESP32CalcWifi/cala-server/extra_packages/install/calc_interfaces/share/calc_interfaces/srv/CalcTree.idl
[2.207s] -- Installing: /home/gy/ROS2_Coming/02ESP32CalcWifi/cala-server/extra_packages/install/calc_interfaces/share/calc_interfaces/srv/CalcTree.srv
[2.207s] -- Installing: /home/gy/ROS2_Coming/02ESP32CalcWifi/cala-server/extra_packages/install/calc_interfaces/share/calc_interfaces/srv/CalcTree_Request.msg
[2.207s] -- Installing: /home/gy/ROS2_Coming/02ESP32CalcWifi/cala-server/extra_packages/install/calc_interfaces/share/calc_interfaces/srv/CalcTree_Response.msg
[2.207s] -- Installing: /home/gy/ROS2_Coming/02ESP32CalcWifi/cala-server/extra_packages/install/calc_interfaces/share/ament_index/resource_index/package_run_dependencies/calc_interfaces
[2.207s] -- Installing: /home/gy/ROS2_Coming/02ESP32CalcWifi/cala-server/extra_packages/install/calc_interfaces/share/ament_index/resource_index/parent_prefix_path/calc_interfaces
[2.207s] -- Installing: /home/gy/ROS2_Coming/02ESP32CalcWifi/cala-server/extra_packages/install/calc_interfaces/share/calc_interfaces/environment/ament_prefix_path.sh
[2.207s] -- Installing: /home/gy/ROS2_Coming/02ESP32CalcWifi/cala-server/extra_packages/install/calc_interfaces/share/calc_interfaces/environment/ament_prefix_path.dsv
[2.207s] -- Installing: /home/gy/ROS2_Coming/02ESP32CalcWifi/cala-server/extra_packages/install/calc_interfaces/share/calc_interfaces/environment/path.sh
[2.207s] -- Installing: /home/gy/ROS2_Coming/02ESP32CalcWifi/cala-server/extra_packages/install/calc_interfaces/share/calc_interfaces/environment/path.dsv
[2.207s] -- Installing: /home/gy/ROS2_Coming/02ESP32CalcWifi/cala-server/extra_packages/install/calc_interfaces/share/calc_interfaces/local_setup.bash
[2.207s] -- Installing: /home/gy/ROS2_Coming/02ESP32CalcWifi/cala-server/extra_packages/install/calc_interfaces/share/calc_interfaces/local_setup.sh
[2.207s] -- Installing: /home/gy/ROS2_Coming/02ESP32CalcWifi/cala-server/extra_packages/install/calc_interfaces/share/calc_interfaces/local_setup.zsh
[2.207s] -- Installing: /home/gy/ROS2_Coming/02ESP32CalcWifi/cala-server/extra_packages/install/calc_interfaces/share/calc_interfaces/local_setup.dsv
[2.207s] -- Installing: /home/gy/ROS2_Coming/02ESP32CalcWifi/cala-server/extra_packages/install/calc_interfaces/share/calc_interfaces/package.dsv
[2.207s] -- Installing: /home/gy/ROS2_Coming/02ESP32CalcWifi/cala-server/extra_packages/install/calc_interfaces/share/ament_index/resource_index/packages/calc_interfaces
[2.207s] -- Installing: /home/gy/ROS2_Coming/02ESP32CalcWifi/cala-server/extra_packages/install/calc_interfaces/share/calc_interfaces/cmake/export_calc_interfaces__rosidl_generator_cExport.cmake
[2.208s] -- Installing: /home/gy/ROS2_Coming/02ESP32CalcWifi/cala-server/extra_packages/install/calc_interfaces/share/calc_interfaces/cmake/export_calc_interfaces__rosidl_generator_cExport-noconfig.cmake
[2.208s] -- Installing: /home/gy/ROS2_Coming/02ESP32CalcWifi/cala-server/extra_packages/install/calc_interfaces/share/calc_interfaces/cmake/export_calc_interfaces__rosidl_typesupport_fastrtps_cExport.cmake
[2.208s] -- Installing: /home/gy/ROS2_Coming/02ESP32CalcWifi/cala-server/extra_packages/install/calc_interfaces/share/calc_interfaces/cmake/export_calc_interfaces__rosidl_typesupport_fastrtps_cExport-noconfig.cmake
[2.208s] -- Installing: /home/gy/ROS2_Coming/02ESP32CalcWifi/cala-server/extra_packages/install/calc_interfaces/share/calc_interfaces/cmake/calc_interfaces__rosidl_typesupport_introspection_cExport.cmake
[2.208s] -- Installing: /home/gy/ROS2_Coming/02ESP32CalcWifi/cala-server/extra_packages/install/calc_interfaces/share/calc_interfaces/cmake/calc_interfaces__rosidl_typesupport_introspection_cExport-noconfig.cmake
[2.208s] -- Installing: /home/gy/ROS2_Coming/02ESP32CalcWifi/cala-server/extra_packages/install/calc_interfaces/share/calc_interfaces/cmake/calc_interfaces__rosidl_typesupport_cExport.cmake
[2.208s] -- Installing: /home/gy/ROS2_Coming/02ESP32CalcWifi/cala-server/extra_packages/install/calc_interfaces/share/calc_interfaces/cmake/calc_interfaces__rosidl_typesupport_cExport-noconfig.cmake
[2.208s] -- Installing: /home/gy/ROS2_Coming/02ESP32CalcWifi/cala-server/extra_packages/install/calc_interfaces/share/calc_interfaces/cmake/export_calc_interfaces__rosidl_generator_cppExport.cmake
[2.208s] -- Installing: /home/gy/ROS2_Coming/02ESP32CalcWifi/cala-server/extra_packages/install/calc_interfaces/share/calc_interfaces/cmake/export_calc_interfaces__rosidl_typesupport_fastrtps_cppExport.cmake
[2.208s] -- Installing: /home/gy/ROS2_Coming/02ESP32CalcWifi/cala-server/extra_packages/install/calc_interfaces/share/calc_interfaces/cmake/export_calc_interfaces__rosidl_typesupport_fastrtps_cppExport-noconfig.cmake
[2.208s] -- Installing: /home/gy/ROS2_Coming/02ESP32CalcWifi/cala-server/extra_packages/install/calc_interfaces/share/calc_interfaces/cmake/calc_interfaces__rosidl_typesupport_introspection_cppExport.cmake
[2.208s] -- Installing: /home/gy/ROS2_Coming/02ESP32CalcWifi/cala-server/extra_packages/install/calc_interfaces/share/calc_interfaces/cmake/calc_interfaces__rosidl_typesupport_introspection_cppExport-noconfig.cmake
[2.208s] -- Installing: /home/gy/ROS2_Coming/02ESP32CalcWifi/cala-server/extra_packages/install/calc_interfaces/share/calc_interfaces/cmake/calc_interfaces__rosidl_typesupport_cppExport.cmake
[2.208s] -- Installing: /home/gy/ROS2_Coming/02ESP32CalcWifi/cala-server/extra_packages/install/calc_interfaces/share/calc_interfaces/cmake/calc_interfaces__rosidl_typesupport_cppExport-noconfig.cmake
[2.208s] -- Installing: /home/gy/ROS2_Coming/02ESP32CalcWifi/cala-server/extra_packages/install/calc_interfaces/share/calc_interfaces/cmake/export_calc_interfaces__rosidl_generator_pyExport.cmake
[2.208s] -- Installing: /home/gy/ROS2_Coming/02ESP32CalcWifi/cala-server/extra_packages/install/calc_interfaces/share/calc_interfaces/cmake/export_calc_interfaces__rosidl_generator_pyExport-noconfig.cmake
[2.208s] -- Installing: /home/gy/ROS2_Coming/02ESP32CalcWifi/cala-server/extra_packages/install/calc_interfaces/share/calc_interfaces/cmake/rosidl_cmake-extras.cmake
[2.208s] -- Installing: /home/gy/ROS2_Coming/02ESP32CalcWifi/cala-server/extra_packages/install/calc_interfaces/share/calc_interfaces/cmake/ament_cmake_export_include_directories-extras.cmake
[2.208s] -- Installing: /home/gy/ROS2_Coming/02ESP32CalcWifi/cala-server/extra_packages/install/calc_interfaces/share/calc_interfaces/cmake/ament_cmake_export_libraries-extras.cmake
[2.208s] -- Installing: /home/gy/ROS2_Coming/02ESP32CalcWifi/cala-server/extra_packages/install/calc_interfaces/share/calc_interfaces/cmake/ament_cmake_export_targets-extras.cmake
[2.208s] -- Installing: /home/gy/ROS2_Coming/02ESP32CalcWifi/cala-server/extra_packages/install/calc_interfaces/share/calc_interfaces/cmake/rosidl_cmake_export_typesupport_targets-extras.cmake
[2.209s] -- Installing: /home/gy/ROS2_Coming/02ESP32CalcWifi/cala-server/extra_packages/install/calc_interfaces/share/calc_interfaces/cmake/ament_cmake_export_dependencies-extras.cmake
[2.209s] -- Installing: /home/gy/ROS2_Coming/02ESP32CalcWifi/cala-server/extra_packages/install/calc_interfaces/share/calc_interfaces/cmake/rosidl_cmake_export_typesupport_libraries-extras.cmake
[2.209s] -- Installing: /home/gy/ROS2_Coming/02ESP32CalcWifi/cala-server/extra_packages/install/calc_interfaces/share/calc_interfaces/cmake/calc_interfacesConfig.cmake
[2.209s] -- Installing: /home/gy/ROS2_Coming/02ESP32CalcWifi/cala-server/extra_packages/install/calc_interfaces/share/calc_interfaces/cmake/calc_interfacesConfig-version.cmake
[2.209s] -- Installing: /home/gy/ROS2_Coming/02ESP32CalcWifi/cala-server/extra_packages/install/calc_interfaces/share/calc_interfaces/package.xml
[2.210s] Invoked command in '/home/gy/ROS2_Coming/02ESP32CalcWifi/cala-server/extra_packages/build/calc_interfaces' returned '0': CMAKE_PREFIX_PATH=/opt/ros/humble /usr/bin/cmake --install /home/gy/ROS2_Coming/02ESP32CalcWifi/cala-server/extra_packages/build/calc_interfaces
