-- Found ament_cmake: 1.3.8 (/opt/ros/humble/share/ament_cmake/cmake)
-- Found rclcpp: 16.0.8 (/opt/ros/humble/share/rclcpp/cmake)
-- Found rosidl_generator_c: 3.1.5 (/opt/ros/humble/share/rosidl_generator_c/cmake)
-- Found rosidl_adapter: 3.1.5 (/opt/ros/humble/share/rosidl_adapter/cmake)
-- Found rosidl_generator_cpp: 3.1.5 (/opt/ros/humble/share/rosidl_generator_cpp/cmake)
-- Using all available rosidl_typesupport_c: rosidl_typesupport_fastrtps_c;rosidl_typesupport_introspection_c
-- Using all available rosidl_typesupport_cpp: rosidl_typesupport_fastrtps_cpp;rosidl_typesupport_introspection_cpp
-- Found rmw_implementation_cmake: 6.1.1 (/opt/ros/humble/share/rmw_implementation_cmake/cmake)
-- Found rmw_fastrtps_cpp: 6.2.6 (/opt/ros/humble/share/rmw_fastrtps_cpp/cmake)
-- Using RMW implementation 'rmw_fastrtps_cpp' as default
-- Found rosidl_default_generators: 1.2.0 (/opt/ros/humble/share/rosidl_default_generators/cmake)
-- Found ament_cmake_ros: 0.10.0 (/opt/ros/humble/share/ament_cmake_ros/cmake)
-- Using all available rosidl_typesupport_c: rosidl_typesupport_fastrtps_c;rosidl_typesupport_introspection_c
-- Using all available rosidl_typesupport_cpp: rosidl_typesupport_fastrtps_cpp;rosidl_typesupport_introspection_cpp
-- Found python_cmake_module: 0.10.0 (/opt/ros/humble/share/python_cmake_module/cmake)
-- Using PYTHON_EXECUTABLE: /usr/bin/python3
-- Using PYTHON_INCLUDE_DIRS: /usr/include/python3.10
-- Using PYTHON_LIBRARIES: /usr/lib/x86_64-linux-gnu/libpython3.10.so
-- Found ament_lint_auto: 0.12.10 (/opt/ros/humble/share/ament_lint_auto/cmake)
-- Added test 'lint_cmake' to check CMake code style
-- Added test 'xmllint' to check XML markup files
-- Configuring done
-- Generating done
-- Build files have been written to: /home/gy/changshu/B-ROS2-chapter1/colcon_ws/build/interfaces1
[35m[1mConsolidate compiler generated dependencies of target interfaces1__rosidl_generator_c[0m
[  3%] Built target interfaces1__cpp
[ 12%] Built target interfaces1__rosidl_generator_c
[ 12%] Built target ament_cmake_python_copy_interfaces1
[35m[1mConsolidate compiler generated dependencies of target interfaces1__rosidl_typesupport_cpp[0m
[35m[1mConsolidate compiler generated dependencies of target interfaces1__rosidl_typesupport_fastrtps_cpp[0m
[35m[1mConsolidate compiler generated dependencies of target interfaces1__rosidl_typesupport_introspection_cpp[0m
[35m[1mConsolidate compiler generated dependencies of target interfaces1__rosidl_typesupport_introspection_c[0m
[35m[1mConsolidate compiler generated dependencies of target interfaces1__rosidl_typesupport_c[0m
[35m[1mConsolidate compiler generated dependencies of target interfaces1__rosidl_typesupport_fastrtps_c[0m
[ 22%] Built target interfaces1__rosidl_typesupport_cpp
[ 32%] Built target interfaces1__rosidl_typesupport_introspection_c
[ 41%] Built target interfaces1__rosidl_typesupport_introspection_cpp
[ 51%] Built target interfaces1__rosidl_typesupport_c
[ 61%] Built target interfaces1__rosidl_typesupport_fastrtps_cpp
[ 70%] Built target interfaces1__rosidl_typesupport_fastrtps_c
[ 70%] Built target interfaces1
[ 74%] Built target interfaces1__py
[35m[1mConsolidate compiler generated dependencies of target interfaces1__rosidl_generator_py[0m
[ 80%] Built target interfaces1__rosidl_generator_py
[35m[1mConsolidate compiler generated dependencies of target interfaces1__rosidl_typesupport_fastrtps_c__pyext[0m
[35m[1mConsolidate compiler generated dependencies of target interfaces1__rosidl_typesupport_introspection_c__pyext[0m
[35m[1mConsolidate compiler generated dependencies of target interfaces1__rosidl_typesupport_c__pyext[0m
[ 90%] Built target interfaces1__rosidl_typesupport_introspection_c__pyext
[100%] Built target interfaces1__rosidl_typesupport_c__pyext
[100%] Built target interfaces1__rosidl_typesupport_fastrtps_c__pyext
running egg_info
writing interfaces1.egg-info/PKG-INFO
writing dependency_links to interfaces1.egg-info/dependency_links.txt
writing top-level names to interfaces1.egg-info/top_level.txt
reading manifest file 'interfaces1.egg-info/SOURCES.txt'
writing manifest file 'interfaces1.egg-info/SOURCES.txt'
[100%] Built target ament_cmake_python_build_interfaces1_egg
-- Install configuration: ""
-- Up-to-date: /home/gy/changshu/B-ROS2-chapter1/colcon_ws/install/interfaces1/share/ament_index/resource_index/rosidl_interfaces/interfaces1
-- Up-to-date: /home/gy/changshu/B-ROS2-chapter1/colcon_ws/install/interfaces1/include/interfaces1/interfaces1
-- Up-to-date: /home/gy/changshu/B-ROS2-chapter1/colcon_ws/install/interfaces1/include/interfaces1/interfaces1/msg
-- Up-to-date: /home/gy/changshu/B-ROS2-chapter1/colcon_ws/install/interfaces1/include/interfaces1/interfaces1/msg/rosidl_generator_c__visibility_control.h
-- Up-to-date: /home/gy/changshu/B-ROS2-chapter1/colcon_ws/install/interfaces1/include/interfaces1/interfaces1/srv
-- Up-to-date: /home/gy/changshu/B-ROS2-chapter1/colcon_ws/install/interfaces1/include/interfaces1/interfaces1/srv/detail
-- Up-to-date: /home/gy/changshu/B-ROS2-chapter1/colcon_ws/install/interfaces1/include/interfaces1/interfaces1/srv/detail/sermsg__struct.h
-- Up-to-date: /home/gy/changshu/B-ROS2-chapter1/colcon_ws/install/interfaces1/include/interfaces1/interfaces1/srv/detail/sermsg__functions.h
-- Up-to-date: /home/gy/changshu/B-ROS2-chapter1/colcon_ws/install/interfaces1/include/interfaces1/interfaces1/srv/detail/sermsg__type_support.h
-- Up-to-date: /home/gy/changshu/B-ROS2-chapter1/colcon_ws/install/interfaces1/include/interfaces1/interfaces1/srv/detail/sermsg__functions.c
-- Up-to-date: /home/gy/changshu/B-ROS2-chapter1/colcon_ws/install/interfaces1/include/interfaces1/interfaces1/srv/sermsg.h
-- Up-to-date: /home/gy/changshu/B-ROS2-chapter1/colcon_ws/install/interfaces1/share/interfaces1/environment/library_path.sh
-- Installing: /home/gy/changshu/B-ROS2-chapter1/colcon_ws/install/interfaces1/share/interfaces1/environment/library_path.dsv
-- Up-to-date: /home/gy/changshu/B-ROS2-chapter1/colcon_ws/install/interfaces1/lib/libinterfaces1__rosidl_generator_c.so
-- Up-to-date: /home/gy/changshu/B-ROS2-chapter1/colcon_ws/install/interfaces1/include/interfaces1/interfaces1
-- Up-to-date: /home/gy/changshu/B-ROS2-chapter1/colcon_ws/install/interfaces1/include/interfaces1/interfaces1/msg
-- Up-to-date: /home/gy/changshu/B-ROS2-chapter1/colcon_ws/install/interfaces1/include/interfaces1/interfaces1/msg/rosidl_typesupport_fastrtps_c__visibility_control.h
-- Up-to-date: /home/gy/changshu/B-ROS2-chapter1/colcon_ws/install/interfaces1/include/interfaces1/interfaces1/srv
-- Up-to-date: /home/gy/changshu/B-ROS2-chapter1/colcon_ws/install/interfaces1/include/interfaces1/interfaces1/srv/detail
-- Up-to-date: /home/gy/changshu/B-ROS2-chapter1/colcon_ws/install/interfaces1/include/interfaces1/interfaces1/srv/detail/sermsg__rosidl_typesupport_fastrtps_c.h
-- Up-to-date: /home/gy/changshu/B-ROS2-chapter1/colcon_ws/install/interfaces1/lib/libinterfaces1__rosidl_typesupport_fastrtps_c.so
-- Up-to-date: /home/gy/changshu/B-ROS2-chapter1/colcon_ws/install/interfaces1/include/interfaces1/interfaces1
-- Up-to-date: /home/gy/changshu/B-ROS2-chapter1/colcon_ws/install/interfaces1/include/interfaces1/interfaces1/srv
-- Up-to-date: /home/gy/changshu/B-ROS2-chapter1/colcon_ws/install/interfaces1/include/interfaces1/interfaces1/srv/detail
-- Up-to-date: /home/gy/changshu/B-ROS2-chapter1/colcon_ws/install/interfaces1/include/interfaces1/interfaces1/srv/detail/sermsg__builder.hpp
-- Up-to-date: /home/gy/changshu/B-ROS2-chapter1/colcon_ws/install/interfaces1/include/interfaces1/interfaces1/srv/detail/sermsg__traits.hpp
-- Up-to-date: /home/gy/changshu/B-ROS2-chapter1/colcon_ws/install/interfaces1/include/interfaces1/interfaces1/srv/detail/sermsg__struct.hpp
-- Up-to-date: /home/gy/changshu/B-ROS2-chapter1/colcon_ws/install/interfaces1/include/interfaces1/interfaces1/srv/sermsg.hpp
-- Up-to-date: /home/gy/changshu/B-ROS2-chapter1/colcon_ws/install/interfaces1/include/interfaces1/interfaces1
-- Up-to-date: /home/gy/changshu/B-ROS2-chapter1/colcon_ws/install/interfaces1/include/interfaces1/interfaces1/msg
-- Up-to-date: /home/gy/changshu/B-ROS2-chapter1/colcon_ws/install/interfaces1/include/interfaces1/interfaces1/msg/rosidl_typesupport_fastrtps_cpp__visibility_control.h
-- Up-to-date: /home/gy/changshu/B-ROS2-chapter1/colcon_ws/install/interfaces1/include/interfaces1/interfaces1/srv
-- Up-to-date: /home/gy/changshu/B-ROS2-chapter1/colcon_ws/install/interfaces1/include/interfaces1/interfaces1/srv/detail
-- Up-to-date: /home/gy/changshu/B-ROS2-chapter1/colcon_ws/install/interfaces1/include/interfaces1/interfaces1/srv/detail/sermsg__rosidl_typesupport_fastrtps_cpp.hpp
-- Up-to-date: /home/gy/changshu/B-ROS2-chapter1/colcon_ws/install/interfaces1/include/interfaces1/interfaces1/srv/detail/dds_fastrtps
-- Up-to-date: /home/gy/changshu/B-ROS2-chapter1/colcon_ws/install/interfaces1/lib/libinterfaces1__rosidl_typesupport_fastrtps_cpp.so
-- Up-to-date: /home/gy/changshu/B-ROS2-chapter1/colcon_ws/install/interfaces1/include/interfaces1/interfaces1
-- Up-to-date: /home/gy/changshu/B-ROS2-chapter1/colcon_ws/install/interfaces1/include/interfaces1/interfaces1/msg
-- Up-to-date: /home/gy/changshu/B-ROS2-chapter1/colcon_ws/install/interfaces1/include/interfaces1/interfaces1/msg/rosidl_typesupport_introspection_c__visibility_control.h
-- Up-to-date: /home/gy/changshu/B-ROS2-chapter1/colcon_ws/install/interfaces1/include/interfaces1/interfaces1/srv
-- Up-to-date: /home/gy/changshu/B-ROS2-chapter1/colcon_ws/install/interfaces1/include/interfaces1/interfaces1/srv/detail
-- Up-to-date: /home/gy/changshu/B-ROS2-chapter1/colcon_ws/install/interfaces1/include/interfaces1/interfaces1/srv/detail/sermsg__rosidl_typesupport_introspection_c.h
-- Up-to-date: /home/gy/changshu/B-ROS2-chapter1/colcon_ws/install/interfaces1/include/interfaces1/interfaces1/srv/detail/sermsg__type_support.c
-- Up-to-date: /home/gy/changshu/B-ROS2-chapter1/colcon_ws/install/interfaces1/lib/libinterfaces1__rosidl_typesupport_introspection_c.so
-- Up-to-date: /home/gy/changshu/B-ROS2-chapter1/colcon_ws/install/interfaces1/lib/libinterfaces1__rosidl_typesupport_c.so
-- Up-to-date: /home/gy/changshu/B-ROS2-chapter1/colcon_ws/install/interfaces1/include/interfaces1/interfaces1
-- Up-to-date: /home/gy/changshu/B-ROS2-chapter1/colcon_ws/install/interfaces1/include/interfaces1/interfaces1/srv
-- Up-to-date: /home/gy/changshu/B-ROS2-chapter1/colcon_ws/install/interfaces1/include/interfaces1/interfaces1/srv/detail
-- Up-to-date: /home/gy/changshu/B-ROS2-chapter1/colcon_ws/install/interfaces1/include/interfaces1/interfaces1/srv/detail/sermsg__type_support.cpp
-- Up-to-date: /home/gy/changshu/B-ROS2-chapter1/colcon_ws/install/interfaces1/include/interfaces1/interfaces1/srv/detail/sermsg__rosidl_typesupport_introspection_cpp.hpp
-- Up-to-date: /home/gy/changshu/B-ROS2-chapter1/colcon_ws/install/interfaces1/lib/libinterfaces1__rosidl_typesupport_introspection_cpp.so
-- Up-to-date: /home/gy/changshu/B-ROS2-chapter1/colcon_ws/install/interfaces1/lib/libinterfaces1__rosidl_typesupport_cpp.so
-- Up-to-date: /home/gy/changshu/B-ROS2-chapter1/colcon_ws/install/interfaces1/share/interfaces1/environment/pythonpath.sh
-- Installing: /home/gy/changshu/B-ROS2-chapter1/colcon_ws/install/interfaces1/share/interfaces1/environment/pythonpath.dsv
-- Up-to-date: /home/gy/changshu/B-ROS2-chapter1/colcon_ws/install/interfaces1/local/lib/python3.10/dist-packages/interfaces1-0.0.0-py3.10.egg-info
-- Installing: /home/gy/changshu/B-ROS2-chapter1/colcon_ws/install/interfaces1/local/lib/python3.10/dist-packages/interfaces1-0.0.0-py3.10.egg-info/PKG-INFO
-- Installing: /home/gy/changshu/B-ROS2-chapter1/colcon_ws/install/interfaces1/local/lib/python3.10/dist-packages/interfaces1-0.0.0-py3.10.egg-info/SOURCES.txt
-- Installing: /home/gy/changshu/B-ROS2-chapter1/colcon_ws/install/interfaces1/local/lib/python3.10/dist-packages/interfaces1-0.0.0-py3.10.egg-info/top_level.txt
-- Installing: /home/gy/changshu/B-ROS2-chapter1/colcon_ws/install/interfaces1/local/lib/python3.10/dist-packages/interfaces1-0.0.0-py3.10.egg-info/dependency_links.txt
-- Up-to-date: /home/gy/changshu/B-ROS2-chapter1/colcon_ws/install/interfaces1/local/lib/python3.10/dist-packages/interfaces1
-- Up-to-date: /home/gy/changshu/B-ROS2-chapter1/colcon_ws/install/interfaces1/local/lib/python3.10/dist-packages/interfaces1/_interfaces1_s.ep.rosidl_typesupport_introspection_c.c
-- Up-to-date: /home/gy/changshu/B-ROS2-chapter1/colcon_ws/install/interfaces1/local/lib/python3.10/dist-packages/interfaces1/interfaces1_s__rosidl_typesupport_fastrtps_c.cpython-310-x86_64-linux-gnu.so
-- Up-to-date: /home/gy/changshu/B-ROS2-chapter1/colcon_ws/install/interfaces1/local/lib/python3.10/dist-packages/interfaces1/interfaces1_s__rosidl_typesupport_c.cpython-310-x86_64-linux-gnu.so
-- Up-to-date: /home/gy/changshu/B-ROS2-chapter1/colcon_ws/install/interfaces1/local/lib/python3.10/dist-packages/interfaces1/_interfaces1_s.ep.rosidl_typesupport_fastrtps_c.c
-- Installing: /home/gy/changshu/B-ROS2-chapter1/colcon_ws/install/interfaces1/local/lib/python3.10/dist-packages/interfaces1/__init__.py
-- Up-to-date: /home/gy/changshu/B-ROS2-chapter1/colcon_ws/install/interfaces1/local/lib/python3.10/dist-packages/interfaces1/libinterfaces1__rosidl_generator_py.so
-- Up-to-date: /home/gy/changshu/B-ROS2-chapter1/colcon_ws/install/interfaces1/local/lib/python3.10/dist-packages/interfaces1/_interfaces1_s.ep.rosidl_typesupport_c.c
-- Up-to-date: /home/gy/changshu/B-ROS2-chapter1/colcon_ws/install/interfaces1/local/lib/python3.10/dist-packages/interfaces1/interfaces1_s__rosidl_typesupport_introspection_c.cpython-310-x86_64-linux-gnu.so
-- Up-to-date: /home/gy/changshu/B-ROS2-chapter1/colcon_ws/install/interfaces1/local/lib/python3.10/dist-packages/interfaces1/srv
-- Up-to-date: /home/gy/changshu/B-ROS2-chapter1/colcon_ws/install/interfaces1/local/lib/python3.10/dist-packages/interfaces1/srv/_sermsg.py
-- Up-to-date: /home/gy/changshu/B-ROS2-chapter1/colcon_ws/install/interfaces1/local/lib/python3.10/dist-packages/interfaces1/srv/__init__.py
-- Up-to-date: /home/gy/changshu/B-ROS2-chapter1/colcon_ws/install/interfaces1/local/lib/python3.10/dist-packages/interfaces1/srv/_sermsg_s.c
Listing '/home/gy/changshu/B-ROS2-chapter1/colcon_ws/install/interfaces1/local/lib/python3.10/dist-packages/interfaces1'...
Compiling '/home/gy/changshu/B-ROS2-chapter1/colcon_ws/install/interfaces1/local/lib/python3.10/dist-packages/interfaces1/__init__.py'...
Listing '/home/gy/changshu/B-ROS2-chapter1/colcon_ws/install/interfaces1/local/lib/python3.10/dist-packages/interfaces1/srv'...
-- Up-to-date: /home/gy/changshu/B-ROS2-chapter1/colcon_ws/install/interfaces1/local/lib/python3.10/dist-packages/interfaces1/interfaces1_s__rosidl_typesupport_fastrtps_c.cpython-310-x86_64-linux-gnu.so
-- Up-to-date: /home/gy/changshu/B-ROS2-chapter1/colcon_ws/install/interfaces1/local/lib/python3.10/dist-packages/interfaces1/interfaces1_s__rosidl_typesupport_introspection_c.cpython-310-x86_64-linux-gnu.so
-- Up-to-date: /home/gy/changshu/B-ROS2-chapter1/colcon_ws/install/interfaces1/local/lib/python3.10/dist-packages/interfaces1/interfaces1_s__rosidl_typesupport_c.cpython-310-x86_64-linux-gnu.so
-- Up-to-date: /home/gy/changshu/B-ROS2-chapter1/colcon_ws/install/interfaces1/lib/libinterfaces1__rosidl_generator_py.so
-- Up-to-date: /home/gy/changshu/B-ROS2-chapter1/colcon_ws/install/interfaces1/share/interfaces1/srv/Sermsg.idl
-- Installing: /home/gy/changshu/B-ROS2-chapter1/colcon_ws/install/interfaces1/share/interfaces1/srv/Sermsg.srv
-- Up-to-date: /home/gy/changshu/B-ROS2-chapter1/colcon_ws/install/interfaces1/share/interfaces1/srv/Sermsg_Request.msg
-- Up-to-date: /home/gy/changshu/B-ROS2-chapter1/colcon_ws/install/interfaces1/share/interfaces1/srv/Sermsg_Response.msg
-- Up-to-date: /home/gy/changshu/B-ROS2-chapter1/colcon_ws/install/interfaces1/share/ament_index/resource_index/package_run_dependencies/interfaces1
-- Up-to-date: /home/gy/changshu/B-ROS2-chapter1/colcon_ws/install/interfaces1/share/ament_index/resource_index/parent_prefix_path/interfaces1
-- Up-to-date: /home/gy/changshu/B-ROS2-chapter1/colcon_ws/install/interfaces1/share/interfaces1/environment/ament_prefix_path.sh
-- Installing: /home/gy/changshu/B-ROS2-chapter1/colcon_ws/install/interfaces1/share/interfaces1/environment/ament_prefix_path.dsv
-- Up-to-date: /home/gy/changshu/B-ROS2-chapter1/colcon_ws/install/interfaces1/share/interfaces1/environment/path.sh
-- Installing: /home/gy/changshu/B-ROS2-chapter1/colcon_ws/install/interfaces1/share/interfaces1/environment/path.dsv
-- Up-to-date: /home/gy/changshu/B-ROS2-chapter1/colcon_ws/install/interfaces1/share/interfaces1/local_setup.bash
-- Up-to-date: /home/gy/changshu/B-ROS2-chapter1/colcon_ws/install/interfaces1/share/interfaces1/local_setup.sh
-- Up-to-date: /home/gy/changshu/B-ROS2-chapter1/colcon_ws/install/interfaces1/share/interfaces1/local_setup.zsh
-- Installing: /home/gy/changshu/B-ROS2-chapter1/colcon_ws/install/interfaces1/share/interfaces1/local_setup.dsv
-- Installing: /home/gy/changshu/B-ROS2-chapter1/colcon_ws/install/interfaces1/share/interfaces1/package.dsv
-- Up-to-date: /home/gy/changshu/B-ROS2-chapter1/colcon_ws/install/interfaces1/share/ament_index/resource_index/packages/interfaces1
-- Up-to-date: /home/gy/changshu/B-ROS2-chapter1/colcon_ws/install/interfaces1/share/interfaces1/cmake/export_interfaces1__rosidl_generator_cExport.cmake
-- Up-to-date: /home/gy/changshu/B-ROS2-chapter1/colcon_ws/install/interfaces1/share/interfaces1/cmake/export_interfaces1__rosidl_generator_cExport-noconfig.cmake
-- Up-to-date: /home/gy/changshu/B-ROS2-chapter1/colcon_ws/install/interfaces1/share/interfaces1/cmake/export_interfaces1__rosidl_typesupport_fastrtps_cExport.cmake
-- Up-to-date: /home/gy/changshu/B-ROS2-chapter1/colcon_ws/install/interfaces1/share/interfaces1/cmake/export_interfaces1__rosidl_typesupport_fastrtps_cExport-noconfig.cmake
-- Up-to-date: /home/gy/changshu/B-ROS2-chapter1/colcon_ws/install/interfaces1/share/interfaces1/cmake/export_interfaces1__rosidl_generator_cppExport.cmake
-- Up-to-date: /home/gy/changshu/B-ROS2-chapter1/colcon_ws/install/interfaces1/share/interfaces1/cmake/export_interfaces1__rosidl_typesupport_fastrtps_cppExport.cmake
-- Up-to-date: /home/gy/changshu/B-ROS2-chapter1/colcon_ws/install/interfaces1/share/interfaces1/cmake/export_interfaces1__rosidl_typesupport_fastrtps_cppExport-noconfig.cmake
-- Up-to-date: /home/gy/changshu/B-ROS2-chapter1/colcon_ws/install/interfaces1/share/interfaces1/cmake/interfaces1__rosidl_typesupport_introspection_cExport.cmake
-- Up-to-date: /home/gy/changshu/B-ROS2-chapter1/colcon_ws/install/interfaces1/share/interfaces1/cmake/interfaces1__rosidl_typesupport_introspection_cExport-noconfig.cmake
-- Up-to-date: /home/gy/changshu/B-ROS2-chapter1/colcon_ws/install/interfaces1/share/interfaces1/cmake/interfaces1__rosidl_typesupport_cExport.cmake
-- Up-to-date: /home/gy/changshu/B-ROS2-chapter1/colcon_ws/install/interfaces1/share/interfaces1/cmake/interfaces1__rosidl_typesupport_cExport-noconfig.cmake
-- Up-to-date: /home/gy/changshu/B-ROS2-chapter1/colcon_ws/install/interfaces1/share/interfaces1/cmake/interfaces1__rosidl_typesupport_introspection_cppExport.cmake
-- Up-to-date: /home/gy/changshu/B-ROS2-chapter1/colcon_ws/install/interfaces1/share/interfaces1/cmake/interfaces1__rosidl_typesupport_introspection_cppExport-noconfig.cmake
-- Up-to-date: /home/gy/changshu/B-ROS2-chapter1/colcon_ws/install/interfaces1/share/interfaces1/cmake/interfaces1__rosidl_typesupport_cppExport.cmake
-- Up-to-date: /home/gy/changshu/B-ROS2-chapter1/colcon_ws/install/interfaces1/share/interfaces1/cmake/interfaces1__rosidl_typesupport_cppExport-noconfig.cmake
-- Up-to-date: /home/gy/changshu/B-ROS2-chapter1/colcon_ws/install/interfaces1/share/interfaces1/cmake/export_interfaces1__rosidl_generator_pyExport.cmake
-- Up-to-date: /home/gy/changshu/B-ROS2-chapter1/colcon_ws/install/interfaces1/share/interfaces1/cmake/export_interfaces1__rosidl_generator_pyExport-noconfig.cmake
-- Up-to-date: /home/gy/changshu/B-ROS2-chapter1/colcon_ws/install/interfaces1/share/interfaces1/cmake/rosidl_cmake-extras.cmake
-- Up-to-date: /home/gy/changshu/B-ROS2-chapter1/colcon_ws/install/interfaces1/share/interfaces1/cmake/ament_cmake_export_dependencies-extras.cmake
-- Up-to-date: /home/gy/changshu/B-ROS2-chapter1/colcon_ws/install/interfaces1/share/interfaces1/cmake/ament_cmake_export_include_directories-extras.cmake
-- Up-to-date: /home/gy/changshu/B-ROS2-chapter1/colcon_ws/install/interfaces1/share/interfaces1/cmake/ament_cmake_export_libraries-extras.cmake
-- Up-to-date: /home/gy/changshu/B-ROS2-chapter1/colcon_ws/install/interfaces1/share/interfaces1/cmake/ament_cmake_export_targets-extras.cmake
-- Up-to-date: /home/gy/changshu/B-ROS2-chapter1/colcon_ws/install/interfaces1/share/interfaces1/cmake/rosidl_cmake_export_typesupport_targets-extras.cmake
-- Up-to-date: /home/gy/changshu/B-ROS2-chapter1/colcon_ws/install/interfaces1/share/interfaces1/cmake/rosidl_cmake_export_typesupport_libraries-extras.cmake
-- Up-to-date: /home/gy/changshu/B-ROS2-chapter1/colcon_ws/install/interfaces1/share/interfaces1/cmake/interfaces1Config.cmake
-- Up-to-date: /home/gy/changshu/B-ROS2-chapter1/colcon_ws/install/interfaces1/share/interfaces1/cmake/interfaces1Config-version.cmake
-- Installing: /home/gy/changshu/B-ROS2-chapter1/colcon_ws/install/interfaces1/share/interfaces1/package.xml
