[0.016s] Invoking command in '/home/gy/changshu/B-ROS2-chapter1/colcon_ws/build/interfaces1': CMAKE_PREFIX_PATH=/opt/ros/humble /usr/bin/cmake --build /home/gy/changshu/B-ROS2-chapter1/colcon_ws/build/interfaces1 -- -j20 -l20
[0.057s] -- Found ament_cmake: 1.3.8 (/opt/ros/humble/share/ament_cmake/cmake)
[0.258s] -- Found rclcpp: 16.0.8 (/opt/ros/humble/share/rclcpp/cmake)
[0.305s] -- Found rosidl_generator_c: 3.1.5 (/opt/ros/humble/share/rosidl_generator_c/cmake)
[0.308s] -- Found rosidl_adapter: 3.1.5 (/opt/ros/humble/share/rosidl_adapter/cmake)
[0.318s] -- Found rosidl_generator_cpp: 3.1.5 (/opt/ros/humble/share/rosidl_generator_cpp/cmake)
[0.335s] -- Using all available rosidl_typesupport_c: rosidl_typesupport_fastrtps_c;rosidl_typesupport_introspection_c
[0.359s] -- Using all available rosidl_typesupport_cpp: rosidl_typesupport_fastrtps_cpp;rosidl_typesupport_introspection_cpp
[0.449s] -- Found rmw_implementation_cmake: 6.1.1 (/opt/ros/humble/share/rmw_implementation_cmake/cmake)
[0.451s] -- Found rmw_fastrtps_cpp: 6.2.6 (/opt/ros/humble/share/rmw_fastrtps_cpp/cmake)
[0.643s] -- Using RMW implementation 'rmw_fastrtps_cpp' as default
[0.896s] -- Found rosidl_default_generators: 1.2.0 (/opt/ros/humble/share/rosidl_default_generators/cmake)
[1.286s] -- Found ament_cmake_ros: 0.10.0 (/opt/ros/humble/share/ament_cmake_ros/cmake)
[2.092s] -- Using all available rosidl_typesupport_c: rosidl_typesupport_fastrtps_c;rosidl_typesupport_introspection_c
[2.540s] -- Using all available rosidl_typesupport_cpp: rosidl_typesupport_fastrtps_cpp;rosidl_typesupport_introspection_cpp
[2.596s] -- Found python_cmake_module: 0.10.0 (/opt/ros/humble/share/python_cmake_module/cmake)
[2.636s] -- Using PYTHON_EXECUTABLE: /usr/bin/python3
[2.636s] -- Using PYTHON_INCLUDE_DIRS: /usr/include/python3.10
[2.637s] -- Using PYTHON_LIBRARIES: /usr/lib/x86_64-linux-gnu/libpython3.10.so
[2.677s] -- Found ament_lint_auto: 0.12.10 (/opt/ros/humble/share/ament_lint_auto/cmake)
[2.690s] -- Added test 'lint_cmake' to check CMake code style
[2.691s] -- Added test 'xmllint' to check XML markup files
[2.694s] -- Configuring done
[2.744s] -- Generating done
[2.749s] -- Build files have been written to: /home/gy/changshu/B-ROS2-chapter1/colcon_ws/build/interfaces1
[2.793s] [35m[1mConsolidate compiler generated dependencies of target interfaces1__rosidl_generator_c[0m
[2.809s] [  3%] Built target interfaces1__cpp
[2.811s] [ 12%] Built target interfaces1__rosidl_generator_c
[2.824s] [ 12%] Built target ament_cmake_python_copy_interfaces1
[2.826s] [35m[1mConsolidate compiler generated dependencies of target interfaces1__rosidl_typesupport_cpp[0m
[2.828s] [35m[1mConsolidate compiler generated dependencies of target interfaces1__rosidl_typesupport_fastrtps_cpp[0m
[2.828s] [35m[1mConsolidate compiler generated dependencies of target interfaces1__rosidl_typesupport_introspection_cpp[0m
[2.829s] [35m[1mConsolidate compiler generated dependencies of target interfaces1__rosidl_typesupport_introspection_c[0m
[2.831s] [35m[1mConsolidate compiler generated dependencies of target interfaces1__rosidl_typesupport_c[0m
[2.833s] [35m[1mConsolidate compiler generated dependencies of target interfaces1__rosidl_typesupport_fastrtps_c[0m
[2.849s] [ 22%] Built target interfaces1__rosidl_typesupport_cpp
[2.850s] [ 32%] Built target interfaces1__rosidl_typesupport_introspection_c
[2.854s] [ 41%] Built target interfaces1__rosidl_typesupport_introspection_cpp
[2.854s] [ 51%] Built target interfaces1__rosidl_typesupport_c
[2.857s] [ 61%] Built target interfaces1__rosidl_typesupport_fastrtps_cpp
[2.858s] [ 70%] Built target interfaces1__rosidl_typesupport_fastrtps_c
[2.892s] [ 70%] Built target interfaces1
[2.925s] [ 74%] Built target interfaces1__py
[2.943s] [35m[1mConsolidate compiler generated dependencies of target interfaces1__rosidl_generator_py[0m
[2.967s] [ 80%] Built target interfaces1__rosidl_generator_py
[2.986s] [35m[1mConsolidate compiler generated dependencies of target interfaces1__rosidl_typesupport_fastrtps_c__pyext[0m
[2.987s] [35m[1mConsolidate compiler generated dependencies of target interfaces1__rosidl_typesupport_introspection_c__pyext[0m
[2.987s] [35m[1mConsolidate compiler generated dependencies of target interfaces1__rosidl_typesupport_c__pyext[0m
[3.009s] [ 90%] Built target interfaces1__rosidl_typesupport_introspection_c__pyext
[3.009s] [100%] Built target interfaces1__rosidl_typesupport_c__pyext
[3.010s] [100%] Built target interfaces1__rosidl_typesupport_fastrtps_c__pyext
[3.190s] running egg_info
[3.192s] writing interfaces1.egg-info/PKG-INFO
[3.192s] writing dependency_links to interfaces1.egg-info/dependency_links.txt
[3.193s] writing top-level names to interfaces1.egg-info/top_level.txt
[3.196s] reading manifest file 'interfaces1.egg-info/SOURCES.txt'
[3.196s] writing manifest file 'interfaces1.egg-info/SOURCES.txt'
[3.237s] [100%] Built target ament_cmake_python_build_interfaces1_egg
[3.256s] Invoked command in '/home/gy/changshu/B-ROS2-chapter1/colcon_ws/build/interfaces1' returned '0': CMAKE_PREFIX_PATH=/opt/ros/humble /usr/bin/cmake --build /home/gy/changshu/B-ROS2-chapter1/colcon_ws/build/interfaces1 -- -j20 -l20
[3.373s] Invoking command in '/home/gy/changshu/B-ROS2-chapter1/colcon_ws/build/interfaces1': CMAKE_PREFIX_PATH=/opt/ros/humble /usr/bin/cmake --install /home/gy/changshu/B-ROS2-chapter1/colcon_ws/build/interfaces1
[3.387s] -- Install configuration: ""
[3.387s] -- Up-to-date: /home/gy/changshu/B-ROS2-chapter1/colcon_ws/install/interfaces1/share/ament_index/resource_index/rosidl_interfaces/interfaces1
[3.388s] -- Up-to-date: /home/gy/changshu/B-ROS2-chapter1/colcon_ws/install/interfaces1/include/interfaces1/interfaces1
[3.388s] -- Up-to-date: /home/gy/changshu/B-ROS2-chapter1/colcon_ws/install/interfaces1/include/interfaces1/interfaces1/msg
[3.388s] -- Up-to-date: /home/gy/changshu/B-ROS2-chapter1/colcon_ws/install/interfaces1/include/interfaces1/interfaces1/msg/rosidl_generator_c__visibility_control.h
[3.388s] -- Up-to-date: /home/gy/changshu/B-ROS2-chapter1/colcon_ws/install/interfaces1/include/interfaces1/interfaces1/srv
[3.389s] -- Up-to-date: /home/gy/changshu/B-ROS2-chapter1/colcon_ws/install/interfaces1/include/interfaces1/interfaces1/srv/detail
[3.389s] -- Up-to-date: /home/gy/changshu/B-ROS2-chapter1/colcon_ws/install/interfaces1/include/interfaces1/interfaces1/srv/detail/sermsg__struct.h
[3.389s] -- Up-to-date: /home/gy/changshu/B-ROS2-chapter1/colcon_ws/install/interfaces1/include/interfaces1/interfaces1/srv/detail/sermsg__functions.h
[3.390s] -- Up-to-date: /home/gy/changshu/B-ROS2-chapter1/colcon_ws/install/interfaces1/include/interfaces1/interfaces1/srv/detail/sermsg__type_support.h
[3.390s] -- Up-to-date: /home/gy/changshu/B-ROS2-chapter1/colcon_ws/install/interfaces1/include/interfaces1/interfaces1/srv/detail/sermsg__functions.c
[3.390s] -- Up-to-date: /home/gy/changshu/B-ROS2-chapter1/colcon_ws/install/interfaces1/include/interfaces1/interfaces1/srv/sermsg.h
[3.390s] -- Up-to-date: /home/gy/changshu/B-ROS2-chapter1/colcon_ws/install/interfaces1/share/interfaces1/environment/library_path.sh
[3.390s] -- Installing: /home/gy/changshu/B-ROS2-chapter1/colcon_ws/install/interfaces1/share/interfaces1/environment/library_path.dsv
[3.390s] -- Up-to-date: /home/gy/changshu/B-ROS2-chapter1/colcon_ws/install/interfaces1/lib/libinterfaces1__rosidl_generator_c.so
[3.391s] -- Up-to-date: /home/gy/changshu/B-ROS2-chapter1/colcon_ws/install/interfaces1/include/interfaces1/interfaces1
[3.391s] -- Up-to-date: /home/gy/changshu/B-ROS2-chapter1/colcon_ws/install/interfaces1/include/interfaces1/interfaces1/msg
[3.391s] -- Up-to-date: /home/gy/changshu/B-ROS2-chapter1/colcon_ws/install/interfaces1/include/interfaces1/interfaces1/msg/rosidl_typesupport_fastrtps_c__visibility_control.h
[3.391s] -- Up-to-date: /home/gy/changshu/B-ROS2-chapter1/colcon_ws/install/interfaces1/include/interfaces1/interfaces1/srv
[3.391s] -- Up-to-date: /home/gy/changshu/B-ROS2-chapter1/colcon_ws/install/interfaces1/include/interfaces1/interfaces1/srv/detail
[3.391s] -- Up-to-date: /home/gy/changshu/B-ROS2-chapter1/colcon_ws/install/interfaces1/include/interfaces1/interfaces1/srv/detail/sermsg__rosidl_typesupport_fastrtps_c.h
[3.391s] -- Up-to-date: /home/gy/changshu/B-ROS2-chapter1/colcon_ws/install/interfaces1/lib/libinterfaces1__rosidl_typesupport_fastrtps_c.so
[3.392s] -- Up-to-date: /home/gy/changshu/B-ROS2-chapter1/colcon_ws/install/interfaces1/include/interfaces1/interfaces1
[3.392s] -- Up-to-date: /home/gy/changshu/B-ROS2-chapter1/colcon_ws/install/interfaces1/include/interfaces1/interfaces1/srv
[3.392s] -- Up-to-date: /home/gy/changshu/B-ROS2-chapter1/colcon_ws/install/interfaces1/include/interfaces1/interfaces1/srv/detail
[3.392s] -- Up-to-date: /home/gy/changshu/B-ROS2-chapter1/colcon_ws/install/interfaces1/include/interfaces1/interfaces1/srv/detail/sermsg__builder.hpp
[3.392s] -- Up-to-date: /home/gy/changshu/B-ROS2-chapter1/colcon_ws/install/interfaces1/include/interfaces1/interfaces1/srv/detail/sermsg__traits.hpp
[3.392s] -- Up-to-date: /home/gy/changshu/B-ROS2-chapter1/colcon_ws/install/interfaces1/include/interfaces1/interfaces1/srv/detail/sermsg__struct.hpp
[3.392s] -- Up-to-date: /home/gy/changshu/B-ROS2-chapter1/colcon_ws/install/interfaces1/include/interfaces1/interfaces1/srv/sermsg.hpp
[3.392s] -- Up-to-date: /home/gy/changshu/B-ROS2-chapter1/colcon_ws/install/interfaces1/include/interfaces1/interfaces1
[3.392s] -- Up-to-date: /home/gy/changshu/B-ROS2-chapter1/colcon_ws/install/interfaces1/include/interfaces1/interfaces1/msg
[3.393s] -- Up-to-date: /home/gy/changshu/B-ROS2-chapter1/colcon_ws/install/interfaces1/include/interfaces1/interfaces1/msg/rosidl_typesupport_fastrtps_cpp__visibility_control.h
[3.393s] -- Up-to-date: /home/gy/changshu/B-ROS2-chapter1/colcon_ws/install/interfaces1/include/interfaces1/interfaces1/srv
[3.393s] -- Up-to-date: /home/gy/changshu/B-ROS2-chapter1/colcon_ws/install/interfaces1/include/interfaces1/interfaces1/srv/detail
[3.393s] -- Up-to-date: /home/gy/changshu/B-ROS2-chapter1/colcon_ws/install/interfaces1/include/interfaces1/interfaces1/srv/detail/sermsg__rosidl_typesupport_fastrtps_cpp.hpp
[3.393s] -- Up-to-date: /home/gy/changshu/B-ROS2-chapter1/colcon_ws/install/interfaces1/include/interfaces1/interfaces1/srv/detail/dds_fastrtps
[3.393s] -- Up-to-date: /home/gy/changshu/B-ROS2-chapter1/colcon_ws/install/interfaces1/lib/libinterfaces1__rosidl_typesupport_fastrtps_cpp.so
[3.393s] -- Up-to-date: /home/gy/changshu/B-ROS2-chapter1/colcon_ws/install/interfaces1/include/interfaces1/interfaces1
[3.393s] -- Up-to-date: /home/gy/changshu/B-ROS2-chapter1/colcon_ws/install/interfaces1/include/interfaces1/interfaces1/msg
[3.393s] -- Up-to-date: /home/gy/changshu/B-ROS2-chapter1/colcon_ws/install/interfaces1/include/interfaces1/interfaces1/msg/rosidl_typesupport_introspection_c__visibility_control.h
[3.393s] -- Up-to-date: /home/gy/changshu/B-ROS2-chapter1/colcon_ws/install/interfaces1/include/interfaces1/interfaces1/srv
[3.393s] -- Up-to-date: /home/gy/changshu/B-ROS2-chapter1/colcon_ws/install/interfaces1/include/interfaces1/interfaces1/srv/detail
[3.393s] -- Up-to-date: /home/gy/changshu/B-ROS2-chapter1/colcon_ws/install/interfaces1/include/interfaces1/interfaces1/srv/detail/sermsg__rosidl_typesupport_introspection_c.h
[3.393s] -- Up-to-date: /home/gy/changshu/B-ROS2-chapter1/colcon_ws/install/interfaces1/include/interfaces1/interfaces1/srv/detail/sermsg__type_support.c
[3.394s] -- Up-to-date: /home/gy/changshu/B-ROS2-chapter1/colcon_ws/install/interfaces1/lib/libinterfaces1__rosidl_typesupport_introspection_c.so
[3.394s] -- Up-to-date: /home/gy/changshu/B-ROS2-chapter1/colcon_ws/install/interfaces1/lib/libinterfaces1__rosidl_typesupport_c.so
[3.394s] -- Up-to-date: /home/gy/changshu/B-ROS2-chapter1/colcon_ws/install/interfaces1/include/interfaces1/interfaces1
[3.394s] -- Up-to-date: /home/gy/changshu/B-ROS2-chapter1/colcon_ws/install/interfaces1/include/interfaces1/interfaces1/srv
[3.394s] -- Up-to-date: /home/gy/changshu/B-ROS2-chapter1/colcon_ws/install/interfaces1/include/interfaces1/interfaces1/srv/detail
[3.394s] -- Up-to-date: /home/gy/changshu/B-ROS2-chapter1/colcon_ws/install/interfaces1/include/interfaces1/interfaces1/srv/detail/sermsg__type_support.cpp
[3.394s] -- Up-to-date: /home/gy/changshu/B-ROS2-chapter1/colcon_ws/install/interfaces1/include/interfaces1/interfaces1/srv/detail/sermsg__rosidl_typesupport_introspection_cpp.hpp
[3.394s] -- Up-to-date: /home/gy/changshu/B-ROS2-chapter1/colcon_ws/install/interfaces1/lib/libinterfaces1__rosidl_typesupport_introspection_cpp.so
[3.394s] -- Up-to-date: /home/gy/changshu/B-ROS2-chapter1/colcon_ws/install/interfaces1/lib/libinterfaces1__rosidl_typesupport_cpp.so
[3.394s] -- Up-to-date: /home/gy/changshu/B-ROS2-chapter1/colcon_ws/install/interfaces1/share/interfaces1/environment/pythonpath.sh
[3.394s] -- Installing: /home/gy/changshu/B-ROS2-chapter1/colcon_ws/install/interfaces1/share/interfaces1/environment/pythonpath.dsv
[3.394s] -- Up-to-date: /home/gy/changshu/B-ROS2-chapter1/colcon_ws/install/interfaces1/local/lib/python3.10/dist-packages/interfaces1-0.0.0-py3.10.egg-info
[3.394s] -- Installing: /home/gy/changshu/B-ROS2-chapter1/colcon_ws/install/interfaces1/local/lib/python3.10/dist-packages/interfaces1-0.0.0-py3.10.egg-info/PKG-INFO
[3.395s] -- Installing: /home/gy/changshu/B-ROS2-chapter1/colcon_ws/install/interfaces1/local/lib/python3.10/dist-packages/interfaces1-0.0.0-py3.10.egg-info/SOURCES.txt
[3.395s] -- Installing: /home/gy/changshu/B-ROS2-chapter1/colcon_ws/install/interfaces1/local/lib/python3.10/dist-packages/interfaces1-0.0.0-py3.10.egg-info/top_level.txt
[3.395s] -- Installing: /home/gy/changshu/B-ROS2-chapter1/colcon_ws/install/interfaces1/local/lib/python3.10/dist-packages/interfaces1-0.0.0-py3.10.egg-info/dependency_links.txt
[3.395s] -- Up-to-date: /home/gy/changshu/B-ROS2-chapter1/colcon_ws/install/interfaces1/local/lib/python3.10/dist-packages/interfaces1
[3.395s] -- Up-to-date: /home/gy/changshu/B-ROS2-chapter1/colcon_ws/install/interfaces1/local/lib/python3.10/dist-packages/interfaces1/_interfaces1_s.ep.rosidl_typesupport_introspection_c.c
[3.395s] -- Up-to-date: /home/gy/changshu/B-ROS2-chapter1/colcon_ws/install/interfaces1/local/lib/python3.10/dist-packages/interfaces1/interfaces1_s__rosidl_typesupport_fastrtps_c.cpython-310-x86_64-linux-gnu.so
[3.395s] -- Up-to-date: /home/gy/changshu/B-ROS2-chapter1/colcon_ws/install/interfaces1/local/lib/python3.10/dist-packages/interfaces1/interfaces1_s__rosidl_typesupport_c.cpython-310-x86_64-linux-gnu.so
[3.395s] -- Up-to-date: /home/gy/changshu/B-ROS2-chapter1/colcon_ws/install/interfaces1/local/lib/python3.10/dist-packages/interfaces1/_interfaces1_s.ep.rosidl_typesupport_fastrtps_c.c
[3.395s] -- Installing: /home/gy/changshu/B-ROS2-chapter1/colcon_ws/install/interfaces1/local/lib/python3.10/dist-packages/interfaces1/__init__.py
[3.395s] -- Up-to-date: /home/gy/changshu/B-ROS2-chapter1/colcon_ws/install/interfaces1/local/lib/python3.10/dist-packages/interfaces1/libinterfaces1__rosidl_generator_py.so
[3.395s] -- Up-to-date: /home/gy/changshu/B-ROS2-chapter1/colcon_ws/install/interfaces1/local/lib/python3.10/dist-packages/interfaces1/_interfaces1_s.ep.rosidl_typesupport_c.c
[3.395s] -- Up-to-date: /home/gy/changshu/B-ROS2-chapter1/colcon_ws/install/interfaces1/local/lib/python3.10/dist-packages/interfaces1/interfaces1_s__rosidl_typesupport_introspection_c.cpython-310-x86_64-linux-gnu.so
[3.396s] -- Up-to-date: /home/gy/changshu/B-ROS2-chapter1/colcon_ws/install/interfaces1/local/lib/python3.10/dist-packages/interfaces1/srv
[3.396s] -- Up-to-date: /home/gy/changshu/B-ROS2-chapter1/colcon_ws/install/interfaces1/local/lib/python3.10/dist-packages/interfaces1/srv/_sermsg.py
[3.396s] -- Up-to-date: /home/gy/changshu/B-ROS2-chapter1/colcon_ws/install/interfaces1/local/lib/python3.10/dist-packages/interfaces1/srv/__init__.py
[3.396s] -- Up-to-date: /home/gy/changshu/B-ROS2-chapter1/colcon_ws/install/interfaces1/local/lib/python3.10/dist-packages/interfaces1/srv/_sermsg_s.c
[3.446s] Listing '/home/gy/changshu/B-ROS2-chapter1/colcon_ws/install/interfaces1/local/lib/python3.10/dist-packages/interfaces1'...
[3.446s] Compiling '/home/gy/changshu/B-ROS2-chapter1/colcon_ws/install/interfaces1/local/lib/python3.10/dist-packages/interfaces1/__init__.py'...
[3.446s] Listing '/home/gy/changshu/B-ROS2-chapter1/colcon_ws/install/interfaces1/local/lib/python3.10/dist-packages/interfaces1/srv'...
[3.454s] -- Up-to-date: /home/gy/changshu/B-ROS2-chapter1/colcon_ws/install/interfaces1/local/lib/python3.10/dist-packages/interfaces1/interfaces1_s__rosidl_typesupport_fastrtps_c.cpython-310-x86_64-linux-gnu.so
[3.454s] -- Up-to-date: /home/gy/changshu/B-ROS2-chapter1/colcon_ws/install/interfaces1/local/lib/python3.10/dist-packages/interfaces1/interfaces1_s__rosidl_typesupport_introspection_c.cpython-310-x86_64-linux-gnu.so
[3.454s] -- Up-to-date: /home/gy/changshu/B-ROS2-chapter1/colcon_ws/install/interfaces1/local/lib/python3.10/dist-packages/interfaces1/interfaces1_s__rosidl_typesupport_c.cpython-310-x86_64-linux-gnu.so
[3.454s] -- Up-to-date: /home/gy/changshu/B-ROS2-chapter1/colcon_ws/install/interfaces1/lib/libinterfaces1__rosidl_generator_py.so
[3.455s] -- Up-to-date: /home/gy/changshu/B-ROS2-chapter1/colcon_ws/install/interfaces1/share/interfaces1/srv/Sermsg.idl
[3.455s] -- Installing: /home/gy/changshu/B-ROS2-chapter1/colcon_ws/install/interfaces1/share/interfaces1/srv/Sermsg.srv
[3.455s] -- Up-to-date: /home/gy/changshu/B-ROS2-chapter1/colcon_ws/install/interfaces1/share/interfaces1/srv/Sermsg_Request.msg
[3.456s] -- Up-to-date: /home/gy/changshu/B-ROS2-chapter1/colcon_ws/install/interfaces1/share/interfaces1/srv/Sermsg_Response.msg
[3.456s] -- Up-to-date: /home/gy/changshu/B-ROS2-chapter1/colcon_ws/install/interfaces1/share/ament_index/resource_index/package_run_dependencies/interfaces1
[3.456s] -- Up-to-date: /home/gy/changshu/B-ROS2-chapter1/colcon_ws/install/interfaces1/share/ament_index/resource_index/parent_prefix_path/interfaces1
[3.456s] -- Up-to-date: /home/gy/changshu/B-ROS2-chapter1/colcon_ws/install/interfaces1/share/interfaces1/environment/ament_prefix_path.sh
[3.456s] -- Installing: /home/gy/changshu/B-ROS2-chapter1/colcon_ws/install/interfaces1/share/interfaces1/environment/ament_prefix_path.dsv
[3.456s] -- Up-to-date: /home/gy/changshu/B-ROS2-chapter1/colcon_ws/install/interfaces1/share/interfaces1/environment/path.sh
[3.456s] -- Installing: /home/gy/changshu/B-ROS2-chapter1/colcon_ws/install/interfaces1/share/interfaces1/environment/path.dsv
[3.456s] -- Up-to-date: /home/gy/changshu/B-ROS2-chapter1/colcon_ws/install/interfaces1/share/interfaces1/local_setup.bash
[3.457s] -- Up-to-date: /home/gy/changshu/B-ROS2-chapter1/colcon_ws/install/interfaces1/share/interfaces1/local_setup.sh
[3.457s] -- Up-to-date: /home/gy/changshu/B-ROS2-chapter1/colcon_ws/install/interfaces1/share/interfaces1/local_setup.zsh
[3.457s] -- Installing: /home/gy/changshu/B-ROS2-chapter1/colcon_ws/install/interfaces1/share/interfaces1/local_setup.dsv
[3.457s] -- Installing: /home/gy/changshu/B-ROS2-chapter1/colcon_ws/install/interfaces1/share/interfaces1/package.dsv
[3.457s] -- Up-to-date: /home/gy/changshu/B-ROS2-chapter1/colcon_ws/install/interfaces1/share/ament_index/resource_index/packages/interfaces1
[3.457s] -- Up-to-date: /home/gy/changshu/B-ROS2-chapter1/colcon_ws/install/interfaces1/share/interfaces1/cmake/export_interfaces1__rosidl_generator_cExport.cmake
[3.457s] -- Up-to-date: /home/gy/changshu/B-ROS2-chapter1/colcon_ws/install/interfaces1/share/interfaces1/cmake/export_interfaces1__rosidl_generator_cExport-noconfig.cmake
[3.457s] -- Up-to-date: /home/gy/changshu/B-ROS2-chapter1/colcon_ws/install/interfaces1/share/interfaces1/cmake/export_interfaces1__rosidl_typesupport_fastrtps_cExport.cmake
[3.457s] -- Up-to-date: /home/gy/changshu/B-ROS2-chapter1/colcon_ws/install/interfaces1/share/interfaces1/cmake/export_interfaces1__rosidl_typesupport_fastrtps_cExport-noconfig.cmake
[3.457s] -- Up-to-date: /home/gy/changshu/B-ROS2-chapter1/colcon_ws/install/interfaces1/share/interfaces1/cmake/export_interfaces1__rosidl_generator_cppExport.cmake
[3.458s] -- Up-to-date: /home/gy/changshu/B-ROS2-chapter1/colcon_ws/install/interfaces1/share/interfaces1/cmake/export_interfaces1__rosidl_typesupport_fastrtps_cppExport.cmake
[3.458s] -- Up-to-date: /home/gy/changshu/B-ROS2-chapter1/colcon_ws/install/interfaces1/share/interfaces1/cmake/export_interfaces1__rosidl_typesupport_fastrtps_cppExport-noconfig.cmake
[3.458s] -- Up-to-date: /home/gy/changshu/B-ROS2-chapter1/colcon_ws/install/interfaces1/share/interfaces1/cmake/interfaces1__rosidl_typesupport_introspection_cExport.cmake
[3.458s] -- Up-to-date: /home/gy/changshu/B-ROS2-chapter1/colcon_ws/install/interfaces1/share/interfaces1/cmake/interfaces1__rosidl_typesupport_introspection_cExport-noconfig.cmake
[3.458s] -- Up-to-date: /home/gy/changshu/B-ROS2-chapter1/colcon_ws/install/interfaces1/share/interfaces1/cmake/interfaces1__rosidl_typesupport_cExport.cmake
[3.458s] -- Up-to-date: /home/gy/changshu/B-ROS2-chapter1/colcon_ws/install/interfaces1/share/interfaces1/cmake/interfaces1__rosidl_typesupport_cExport-noconfig.cmake
[3.458s] -- Up-to-date: /home/gy/changshu/B-ROS2-chapter1/colcon_ws/install/interfaces1/share/interfaces1/cmake/interfaces1__rosidl_typesupport_introspection_cppExport.cmake
[3.458s] -- Up-to-date: /home/gy/changshu/B-ROS2-chapter1/colcon_ws/install/interfaces1/share/interfaces1/cmake/interfaces1__rosidl_typesupport_introspection_cppExport-noconfig.cmake
[3.458s] -- Up-to-date: /home/gy/changshu/B-ROS2-chapter1/colcon_ws/install/interfaces1/share/interfaces1/cmake/interfaces1__rosidl_typesupport_cppExport.cmake
[3.458s] -- Up-to-date: /home/gy/changshu/B-ROS2-chapter1/colcon_ws/install/interfaces1/share/interfaces1/cmake/interfaces1__rosidl_typesupport_cppExport-noconfig.cmake
[3.459s] -- Up-to-date: /home/gy/changshu/B-ROS2-chapter1/colcon_ws/install/interfaces1/share/interfaces1/cmake/export_interfaces1__rosidl_generator_pyExport.cmake
[3.459s] -- Up-to-date: /home/gy/changshu/B-ROS2-chapter1/colcon_ws/install/interfaces1/share/interfaces1/cmake/export_interfaces1__rosidl_generator_pyExport-noconfig.cmake
[3.459s] -- Up-to-date: /home/gy/changshu/B-ROS2-chapter1/colcon_ws/install/interfaces1/share/interfaces1/cmake/rosidl_cmake-extras.cmake
[3.459s] -- Up-to-date: /home/gy/changshu/B-ROS2-chapter1/colcon_ws/install/interfaces1/share/interfaces1/cmake/ament_cmake_export_dependencies-extras.cmake
[3.459s] -- Up-to-date: /home/gy/changshu/B-ROS2-chapter1/colcon_ws/install/interfaces1/share/interfaces1/cmake/ament_cmake_export_include_directories-extras.cmake
[3.459s] -- Up-to-date: /home/gy/changshu/B-ROS2-chapter1/colcon_ws/install/interfaces1/share/interfaces1/cmake/ament_cmake_export_libraries-extras.cmake
[3.459s] -- Up-to-date: /home/gy/changshu/B-ROS2-chapter1/colcon_ws/install/interfaces1/share/interfaces1/cmake/ament_cmake_export_targets-extras.cmake
[3.460s] -- Up-to-date: /home/gy/changshu/B-ROS2-chapter1/colcon_ws/install/interfaces1/share/interfaces1/cmake/rosidl_cmake_export_typesupport_targets-extras.cmake
[3.460s] -- Up-to-date: /home/gy/changshu/B-ROS2-chapter1/colcon_ws/install/interfaces1/share/interfaces1/cmake/rosidl_cmake_export_typesupport_libraries-extras.cmake
[3.460s] -- Up-to-date: /home/gy/changshu/B-ROS2-chapter1/colcon_ws/install/interfaces1/share/interfaces1/cmake/interfaces1Config.cmake
[3.460s] -- Up-to-date: /home/gy/changshu/B-ROS2-chapter1/colcon_ws/install/interfaces1/share/interfaces1/cmake/interfaces1Config-version.cmake
[3.460s] -- Installing: /home/gy/changshu/B-ROS2-chapter1/colcon_ws/install/interfaces1/share/interfaces1/package.xml
[3.463s] Invoked command in '/home/gy/changshu/B-ROS2-chapter1/colcon_ws/build/interfaces1' returned '0': CMAKE_PREFIX_PATH=/opt/ros/humble /usr/bin/cmake --install /home/gy/changshu/B-ROS2-chapter1/colcon_ws/build/interfaces1
