[  1%] Built target communication_interfaces_topic__cpp
[ 12%] Built target communication_interfaces_topic__rosidl_generator_c
[ 36%] Built target communication_interfaces_topic__rosidl_typesupport_cpp
[ 36%] Built target communication_interfaces_topic__rosidl_typesupport_introspection_cpp
[ 56%] Built target communication_interfaces_topic__rosidl_typesupport_introspection_c
[ 58%] Built target communication_interfaces_topic__rosidl_typesupport_c
[ 69%] Built target communication_interfaces_topic__rosidl_typesupport_fastrtps_cpp
[ 81%] Built target communication_interfaces_topic__rosidl_typesupport_fastrtps_c
[ 81%] Built target communication_interfaces_topic
[ 82%] Built target communication_interfaces_topic__py
[ 92%] Built target communication_interfaces_topic__python
[ 98%] Built target communication_interfaces_topic__rosidl_typesupport_fastrtps_c__pyext
[ 98%] Built target communication_interfaces_topic__rosidl_typesupport_introspection_c__pyext
[100%] Built target communication_interfaces_topic__rosidl_typesupport_c__pyext
-- Install configuration: ""
-- Up-to-date: /home/u20/ros2_ws/install/communication_interfaces_topic/share/ament_index/resource_index/rosidl_interfaces/communication_interfaces_topic
-- Up-to-date: /home/u20/ros2_ws/install/communication_interfaces_topic/include/communication_interfaces_topic
-- Up-to-date: /home/u20/ros2_ws/install/communication_interfaces_topic/include/communication_interfaces_topic/srv
-- Up-to-date: /home/u20/ros2_ws/install/communication_interfaces_topic/include/communication_interfaces_topic/srv/detail
-- Up-to-date: /home/u20/ros2_ws/install/communication_interfaces_topic/include/communication_interfaces_topic/srv/detail/get_ahrs__functions.h
-- Up-to-date: /home/u20/ros2_ws/install/communication_interfaces_topic/include/communication_interfaces_topic/srv/detail/get_ahrs__functions.c
-- Up-to-date: /home/u20/ros2_ws/install/communication_interfaces_topic/include/communication_interfaces_topic/srv/detail/get_ahrs__type_support.h
-- Up-to-date: /home/u20/ros2_ws/install/communication_interfaces_topic/include/communication_interfaces_topic/srv/detail/get_ahrs__struct.h
-- Up-to-date: /home/u20/ros2_ws/install/communication_interfaces_topic/include/communication_interfaces_topic/srv/get_ahrs.h
-- Up-to-date: /home/u20/ros2_ws/install/communication_interfaces_topic/include/communication_interfaces_topic/msg
-- Up-to-date: /home/u20/ros2_ws/install/communication_interfaces_topic/include/communication_interfaces_topic/msg/pose.h
-- Up-to-date: /home/u20/ros2_ws/install/communication_interfaces_topic/include/communication_interfaces_topic/msg/detail
-- Up-to-date: /home/u20/ros2_ws/install/communication_interfaces_topic/include/communication_interfaces_topic/msg/detail/altitude__functions.h
-- Up-to-date: /home/u20/ros2_ws/install/communication_interfaces_topic/include/communication_interfaces_topic/msg/detail/pose__functions.c
-- Up-to-date: /home/u20/ros2_ws/install/communication_interfaces_topic/include/communication_interfaces_topic/msg/detail/dvl__functions.c
-- Up-to-date: /home/u20/ros2_ws/install/communication_interfaces_topic/include/communication_interfaces_topic/msg/detail/ahrs__functions.h
-- Up-to-date: /home/u20/ros2_ws/install/communication_interfaces_topic/include/communication_interfaces_topic/msg/detail/altitude__functions.c
-- Up-to-date: /home/u20/ros2_ws/install/communication_interfaces_topic/include/communication_interfaces_topic/msg/detail/altitude__struct.h
-- Up-to-date: /home/u20/ros2_ws/install/communication_interfaces_topic/include/communication_interfaces_topic/msg/detail/altitude__type_support.h
-- Up-to-date: /home/u20/ros2_ws/install/communication_interfaces_topic/include/communication_interfaces_topic/msg/detail/depth__functions.h
-- Up-to-date: /home/u20/ros2_ws/install/communication_interfaces_topic/include/communication_interfaces_topic/msg/detail/thrust__functions.c
-- Up-to-date: /home/u20/ros2_ws/install/communication_interfaces_topic/include/communication_interfaces_topic/msg/detail/pose__struct.h
-- Up-to-date: /home/u20/ros2_ws/install/communication_interfaces_topic/include/communication_interfaces_topic/msg/detail/depth__functions.c
-- Up-to-date: /home/u20/ros2_ws/install/communication_interfaces_topic/include/communication_interfaces_topic/msg/detail/pose__functions.h
-- Up-to-date: /home/u20/ros2_ws/install/communication_interfaces_topic/include/communication_interfaces_topic/msg/detail/ahrs__functions.c
-- Up-to-date: /home/u20/ros2_ws/install/communication_interfaces_topic/include/communication_interfaces_topic/msg/detail/ahrs__struct.h
-- Up-to-date: /home/u20/ros2_ws/install/communication_interfaces_topic/include/communication_interfaces_topic/msg/detail/thrust__type_support.h
-- Up-to-date: /home/u20/ros2_ws/install/communication_interfaces_topic/include/communication_interfaces_topic/msg/detail/dvl__functions.h
-- Up-to-date: /home/u20/ros2_ws/install/communication_interfaces_topic/include/communication_interfaces_topic/msg/detail/dvl__type_support.h
-- Up-to-date: /home/u20/ros2_ws/install/communication_interfaces_topic/include/communication_interfaces_topic/msg/detail/pose__type_support.h
-- Up-to-date: /home/u20/ros2_ws/install/communication_interfaces_topic/include/communication_interfaces_topic/msg/detail/thrust__struct.h
-- Up-to-date: /home/u20/ros2_ws/install/communication_interfaces_topic/include/communication_interfaces_topic/msg/detail/depth__type_support.h
-- Up-to-date: /home/u20/ros2_ws/install/communication_interfaces_topic/include/communication_interfaces_topic/msg/detail/depth__struct.h
-- Up-to-date: /home/u20/ros2_ws/install/communication_interfaces_topic/include/communication_interfaces_topic/msg/detail/thrust__functions.h
-- Up-to-date: /home/u20/ros2_ws/install/communication_interfaces_topic/include/communication_interfaces_topic/msg/detail/ahrs__type_support.h
-- Up-to-date: /home/u20/ros2_ws/install/communication_interfaces_topic/include/communication_interfaces_topic/msg/detail/dvl__struct.h
-- Up-to-date: /home/u20/ros2_ws/install/communication_interfaces_topic/include/communication_interfaces_topic/msg/ahrs.h
-- Up-to-date: /home/u20/ros2_ws/install/communication_interfaces_topic/include/communication_interfaces_topic/msg/dvl.h
-- Up-to-date: /home/u20/ros2_ws/install/communication_interfaces_topic/include/communication_interfaces_topic/msg/rosidl_generator_c__visibility_control.h
-- Up-to-date: /home/u20/ros2_ws/install/communication_interfaces_topic/include/communication_interfaces_topic/msg/thrust.h
-- Up-to-date: /home/u20/ros2_ws/install/communication_interfaces_topic/include/communication_interfaces_topic/msg/depth.h
-- Up-to-date: /home/u20/ros2_ws/install/communication_interfaces_topic/include/communication_interfaces_topic/msg/altitude.h
-- Up-to-date: /home/u20/ros2_ws/install/communication_interfaces_topic/share/communication_interfaces_topic/environment/library_path.sh
-- Up-to-date: /home/u20/ros2_ws/install/communication_interfaces_topic/share/communication_interfaces_topic/environment/library_path.dsv
-- Up-to-date: /home/u20/ros2_ws/install/communication_interfaces_topic/lib/libcommunication_interfaces_topic__rosidl_generator_c.so
-- Up-to-date: /home/u20/ros2_ws/install/communication_interfaces_topic/include/communication_interfaces_topic
-- Up-to-date: /home/u20/ros2_ws/install/communication_interfaces_topic/include/communication_interfaces_topic/srv
-- Up-to-date: /home/u20/ros2_ws/install/communication_interfaces_topic/include/communication_interfaces_topic/srv/detail
-- Up-to-date: /home/u20/ros2_ws/install/communication_interfaces_topic/include/communication_interfaces_topic/srv/detail/get_ahrs__rosidl_typesupport_fastrtps_c.h
-- Up-to-date: /home/u20/ros2_ws/install/communication_interfaces_topic/include/communication_interfaces_topic/msg
-- Up-to-date: /home/u20/ros2_ws/install/communication_interfaces_topic/include/communication_interfaces_topic/msg/rosidl_typesupport_fastrtps_c__visibility_control.h
-- Up-to-date: /home/u20/ros2_ws/install/communication_interfaces_topic/include/communication_interfaces_topic/msg/detail
-- Up-to-date: /home/u20/ros2_ws/install/communication_interfaces_topic/include/communication_interfaces_topic/msg/detail/ahrs__rosidl_typesupport_fastrtps_c.h
-- Up-to-date: /home/u20/ros2_ws/install/communication_interfaces_topic/include/communication_interfaces_topic/msg/detail/dvl__rosidl_typesupport_fastrtps_c.h
-- Up-to-date: /home/u20/ros2_ws/install/communication_interfaces_topic/include/communication_interfaces_topic/msg/detail/thrust__rosidl_typesupport_fastrtps_c.h
-- Up-to-date: /home/u20/ros2_ws/install/communication_interfaces_topic/include/communication_interfaces_topic/msg/detail/pose__rosidl_typesupport_fastrtps_c.h
-- Up-to-date: /home/u20/ros2_ws/install/communication_interfaces_topic/include/communication_interfaces_topic/msg/detail/depth__rosidl_typesupport_fastrtps_c.h
-- Up-to-date: /home/u20/ros2_ws/install/communication_interfaces_topic/include/communication_interfaces_topic/msg/detail/altitude__rosidl_typesupport_fastrtps_c.h
-- Up-to-date: /home/u20/ros2_ws/install/communication_interfaces_topic/lib/libcommunication_interfaces_topic__rosidl_typesupport_fastrtps_c.so
-- Up-to-date: /home/u20/ros2_ws/install/communication_interfaces_topic/include/communication_interfaces_topic
-- Up-to-date: /home/u20/ros2_ws/install/communication_interfaces_topic/include/communication_interfaces_topic/srv
-- Up-to-date: /home/u20/ros2_ws/install/communication_interfaces_topic/include/communication_interfaces_topic/srv/detail
-- Up-to-date: /home/u20/ros2_ws/install/communication_interfaces_topic/include/communication_interfaces_topic/srv/detail/dds_fastrtps
-- Up-to-date: /home/u20/ros2_ws/install/communication_interfaces_topic/include/communication_interfaces_topic/srv/detail/get_ahrs__rosidl_typesupport_fastrtps_cpp.hpp
-- Up-to-date: /home/u20/ros2_ws/install/communication_interfaces_topic/include/communication_interfaces_topic/msg
-- Up-to-date: /home/u20/ros2_ws/install/communication_interfaces_topic/include/communication_interfaces_topic/msg/detail
-- Up-to-date: /home/u20/ros2_ws/install/communication_interfaces_topic/include/communication_interfaces_topic/msg/detail/depth__rosidl_typesupport_fastrtps_cpp.hpp
-- Up-to-date: /home/u20/ros2_ws/install/communication_interfaces_topic/include/communication_interfaces_topic/msg/detail/ahrs__rosidl_typesupport_fastrtps_cpp.hpp
-- Up-to-date: /home/u20/ros2_ws/install/communication_interfaces_topic/include/communication_interfaces_topic/msg/detail/dvl__rosidl_typesupport_fastrtps_cpp.hpp
-- Up-to-date: /home/u20/ros2_ws/install/communication_interfaces_topic/include/communication_interfaces_topic/msg/detail/pose__rosidl_typesupport_fastrtps_cpp.hpp
-- Up-to-date: /home/u20/ros2_ws/install/communication_interfaces_topic/include/communication_interfaces_topic/msg/detail/thrust__rosidl_typesupport_fastrtps_cpp.hpp
-- Up-to-date: /home/u20/ros2_ws/install/communication_interfaces_topic/include/communication_interfaces_topic/msg/detail/altitude__rosidl_typesupport_fastrtps_cpp.hpp
-- Up-to-date: /home/u20/ros2_ws/install/communication_interfaces_topic/include/communication_interfaces_topic/msg/detail/dds_fastrtps
-- Up-to-date: /home/u20/ros2_ws/install/communication_interfaces_topic/include/communication_interfaces_topic/msg/rosidl_typesupport_fastrtps_cpp__visibility_control.h
-- Up-to-date: /home/u20/ros2_ws/install/communication_interfaces_topic/lib/libcommunication_interfaces_topic__rosidl_typesupport_fastrtps_cpp.so
-- Up-to-date: /home/u20/ros2_ws/install/communication_interfaces_topic/include/communication_interfaces_topic
-- Up-to-date: /home/u20/ros2_ws/install/communication_interfaces_topic/include/communication_interfaces_topic/srv
-- Up-to-date: /home/u20/ros2_ws/install/communication_interfaces_topic/include/communication_interfaces_topic/srv/detail
-- Up-to-date: /home/u20/ros2_ws/install/communication_interfaces_topic/include/communication_interfaces_topic/srv/detail/get_ahrs__type_support.c
-- Up-to-date: /home/u20/ros2_ws/install/communication_interfaces_topic/include/communication_interfaces_topic/srv/detail/get_ahrs__rosidl_typesupport_introspection_c.h
-- Up-to-date: /home/u20/ros2_ws/install/communication_interfaces_topic/include/communication_interfaces_topic/msg
-- Up-to-date: /home/u20/ros2_ws/install/communication_interfaces_topic/include/communication_interfaces_topic/msg/rosidl_typesupport_introspection_c__visibility_control.h
-- Up-to-date: /home/u20/ros2_ws/install/communication_interfaces_topic/include/communication_interfaces_topic/msg/detail
-- Up-to-date: /home/u20/ros2_ws/install/communication_interfaces_topic/include/communication_interfaces_topic/msg/detail/depth__type_support.c
-- Up-to-date: /home/u20/ros2_ws/install/communication_interfaces_topic/include/communication_interfaces_topic/msg/detail/depth__rosidl_typesupport_introspection_c.h
-- Up-to-date: /home/u20/ros2_ws/install/communication_interfaces_topic/include/communication_interfaces_topic/msg/detail/pose__type_support.c
-- Up-to-date: /home/u20/ros2_ws/install/communication_interfaces_topic/include/communication_interfaces_topic/msg/detail/pose__rosidl_typesupport_introspection_c.h
-- Up-to-date: /home/u20/ros2_ws/install/communication_interfaces_topic/include/communication_interfaces_topic/msg/detail/thrust__rosidl_typesupport_introspection_c.h
-- Up-to-date: /home/u20/ros2_ws/install/communication_interfaces_topic/include/communication_interfaces_topic/msg/detail/altitude__rosidl_typesupport_introspection_c.h
-- Up-to-date: /home/u20/ros2_ws/install/communication_interfaces_topic/include/communication_interfaces_topic/msg/detail/altitude__type_support.c
-- Up-to-date: /home/u20/ros2_ws/install/communication_interfaces_topic/include/communication_interfaces_topic/msg/detail/dvl__rosidl_typesupport_introspection_c.h
-- Up-to-date: /home/u20/ros2_ws/install/communication_interfaces_topic/include/communication_interfaces_topic/msg/detail/thrust__type_support.c
-- Up-to-date: /home/u20/ros2_ws/install/communication_interfaces_topic/include/communication_interfaces_topic/msg/detail/dvl__type_support.c
-- Up-to-date: /home/u20/ros2_ws/install/communication_interfaces_topic/include/communication_interfaces_topic/msg/detail/ahrs__rosidl_typesupport_introspection_c.h
-- Up-to-date: /home/u20/ros2_ws/install/communication_interfaces_topic/include/communication_interfaces_topic/msg/detail/ahrs__type_support.c
-- Up-to-date: /home/u20/ros2_ws/install/communication_interfaces_topic/lib/libcommunication_interfaces_topic__rosidl_typesupport_introspection_c.so
-- Up-to-date: /home/u20/ros2_ws/install/communication_interfaces_topic/lib/libcommunication_interfaces_topic__rosidl_typesupport_c.so
-- Up-to-date: /home/u20/ros2_ws/install/communication_interfaces_topic/include/communication_interfaces_topic
-- Up-to-date: /home/u20/ros2_ws/install/communication_interfaces_topic/include/communication_interfaces_topic/srv
-- Up-to-date: /home/u20/ros2_ws/install/communication_interfaces_topic/include/communication_interfaces_topic/srv/get_ahrs.hpp
-- Up-to-date: /home/u20/ros2_ws/install/communication_interfaces_topic/include/communication_interfaces_topic/srv/detail
-- Up-to-date: /home/u20/ros2_ws/install/communication_interfaces_topic/include/communication_interfaces_topic/srv/detail/get_ahrs__struct.hpp
-- Up-to-date: /home/u20/ros2_ws/install/communication_interfaces_topic/include/communication_interfaces_topic/srv/detail/get_ahrs__type_support.hpp
-- Up-to-date: /home/u20/ros2_ws/install/communication_interfaces_topic/include/communication_interfaces_topic/srv/detail/get_ahrs__builder.hpp
-- Up-to-date: /home/u20/ros2_ws/install/communication_interfaces_topic/include/communication_interfaces_topic/srv/detail/get_ahrs__traits.hpp
-- Up-to-date: /home/u20/ros2_ws/install/communication_interfaces_topic/include/communication_interfaces_topic/msg
-- Up-to-date: /home/u20/ros2_ws/install/communication_interfaces_topic/include/communication_interfaces_topic/msg/depth.hpp
-- Up-to-date: /home/u20/ros2_ws/install/communication_interfaces_topic/include/communication_interfaces_topic/msg/dvl.hpp
-- Up-to-date: /home/u20/ros2_ws/install/communication_interfaces_topic/include/communication_interfaces_topic/msg/pose.hpp
-- Up-to-date: /home/u20/ros2_ws/install/communication_interfaces_topic/include/communication_interfaces_topic/msg/detail
-- Up-to-date: /home/u20/ros2_ws/install/communication_interfaces_topic/include/communication_interfaces_topic/msg/detail/depth__traits.hpp
-- Up-to-date: /home/u20/ros2_ws/install/communication_interfaces_topic/include/communication_interfaces_topic/msg/detail/thrust__traits.hpp
-- Up-to-date: /home/u20/ros2_ws/install/communication_interfaces_topic/include/communication_interfaces_topic/msg/detail/depth__struct.hpp
-- Up-to-date: /home/u20/ros2_ws/install/communication_interfaces_topic/include/communication_interfaces_topic/msg/detail/altitude__type_support.hpp
-- Up-to-date: /home/u20/ros2_ws/install/communication_interfaces_topic/include/communication_interfaces_topic/msg/detail/pose__traits.hpp
-- Up-to-date: /home/u20/ros2_ws/install/communication_interfaces_topic/include/communication_interfaces_topic/msg/detail/dvl__struct.hpp
-- Up-to-date: /home/u20/ros2_ws/install/communication_interfaces_topic/include/communication_interfaces_topic/msg/detail/dvl__builder.hpp
-- Up-to-date: /home/u20/ros2_ws/install/communication_interfaces_topic/include/communication_interfaces_topic/msg/detail/thrust__struct.hpp
-- Up-to-date: /home/u20/ros2_ws/install/communication_interfaces_topic/include/communication_interfaces_topic/msg/detail/pose__struct.hpp
-- Up-to-date: /home/u20/ros2_ws/install/communication_interfaces_topic/include/communication_interfaces_topic/msg/detail/ahrs__struct.hpp
-- Up-to-date: /home/u20/ros2_ws/install/communication_interfaces_topic/include/communication_interfaces_topic/msg/detail/thrust__builder.hpp
-- Up-to-date: /home/u20/ros2_ws/install/communication_interfaces_topic/include/communication_interfaces_topic/msg/detail/ahrs__type_support.hpp
-- Up-to-date: /home/u20/ros2_ws/install/communication_interfaces_topic/include/communication_interfaces_topic/msg/detail/depth__builder.hpp
-- Up-to-date: /home/u20/ros2_ws/install/communication_interfaces_topic/include/communication_interfaces_topic/msg/detail/altitude__builder.hpp
-- Up-to-date: /home/u20/ros2_ws/install/communication_interfaces_topic/include/communication_interfaces_topic/msg/detail/ahrs__traits.hpp
-- Up-to-date: /home/u20/ros2_ws/install/communication_interfaces_topic/include/communication_interfaces_topic/msg/detail/pose__type_support.hpp
-- Up-to-date: /home/u20/ros2_ws/install/communication_interfaces_topic/include/communication_interfaces_topic/msg/detail/depth__type_support.hpp
-- Up-to-date: /home/u20/ros2_ws/install/communication_interfaces_topic/include/communication_interfaces_topic/msg/detail/thrust__type_support.hpp
-- Up-to-date: /home/u20/ros2_ws/install/communication_interfaces_topic/include/communication_interfaces_topic/msg/detail/altitude__traits.hpp
-- Up-to-date: /home/u20/ros2_ws/install/communication_interfaces_topic/include/communication_interfaces_topic/msg/detail/dvl__type_support.hpp
-- Up-to-date: /home/u20/ros2_ws/install/communication_interfaces_topic/include/communication_interfaces_topic/msg/detail/ahrs__builder.hpp
-- Up-to-date: /home/u20/ros2_ws/install/communication_interfaces_topic/include/communication_interfaces_topic/msg/detail/pose__builder.hpp
-- Up-to-date: /home/u20/ros2_ws/install/communication_interfaces_topic/include/communication_interfaces_topic/msg/detail/dvl__traits.hpp
-- Up-to-date: /home/u20/ros2_ws/install/communication_interfaces_topic/include/communication_interfaces_topic/msg/detail/altitude__struct.hpp
-- Up-to-date: /home/u20/ros2_ws/install/communication_interfaces_topic/include/communication_interfaces_topic/msg/thrust.hpp
-- Up-to-date: /home/u20/ros2_ws/install/communication_interfaces_topic/include/communication_interfaces_topic/msg/rosidl_generator_cpp__visibility_control.hpp
-- Up-to-date: /home/u20/ros2_ws/install/communication_interfaces_topic/include/communication_interfaces_topic/msg/ahrs.hpp
-- Up-to-date: /home/u20/ros2_ws/install/communication_interfaces_topic/include/communication_interfaces_topic/msg/altitude.hpp
-- Up-to-date: /home/u20/ros2_ws/install/communication_interfaces_topic/include/communication_interfaces_topic
-- Up-to-date: /home/u20/ros2_ws/install/communication_interfaces_topic/include/communication_interfaces_topic/srv
-- Up-to-date: /home/u20/ros2_ws/install/communication_interfaces_topic/include/communication_interfaces_topic/srv/detail
-- Up-to-date: /home/u20/ros2_ws/install/communication_interfaces_topic/include/communication_interfaces_topic/srv/detail/get_ahrs__type_support.cpp
-- Up-to-date: /home/u20/ros2_ws/install/communication_interfaces_topic/include/communication_interfaces_topic/srv/detail/get_ahrs__rosidl_typesupport_introspection_cpp.hpp
-- Up-to-date: /home/u20/ros2_ws/install/communication_interfaces_topic/include/communication_interfaces_topic/msg
-- Up-to-date: /home/u20/ros2_ws/install/communication_interfaces_topic/include/communication_interfaces_topic/msg/detail
-- Up-to-date: /home/u20/ros2_ws/install/communication_interfaces_topic/include/communication_interfaces_topic/msg/detail/ahrs__type_support.cpp
-- Up-to-date: /home/u20/ros2_ws/install/communication_interfaces_topic/include/communication_interfaces_topic/msg/detail/altitude__rosidl_typesupport_introspection_cpp.hpp
-- Up-to-date: /home/u20/ros2_ws/install/communication_interfaces_topic/include/communication_interfaces_topic/msg/detail/depth__rosidl_typesupport_introspection_cpp.hpp
-- Up-to-date: /home/u20/ros2_ws/install/communication_interfaces_topic/include/communication_interfaces_topic/msg/detail/dvl__type_support.cpp
-- Up-to-date: /home/u20/ros2_ws/install/communication_interfaces_topic/include/communication_interfaces_topic/msg/detail/dvl__rosidl_typesupport_introspection_cpp.hpp
-- Up-to-date: /home/u20/ros2_ws/install/communication_interfaces_topic/include/communication_interfaces_topic/msg/detail/thrust__type_support.cpp
-- Up-to-date: /home/u20/ros2_ws/install/communication_interfaces_topic/include/communication_interfaces_topic/msg/detail/pose__rosidl_typesupport_introspection_cpp.hpp
-- Up-to-date: /home/u20/ros2_ws/install/communication_interfaces_topic/include/communication_interfaces_topic/msg/detail/thrust__rosidl_typesupport_introspection_cpp.hpp
-- Up-to-date: /home/u20/ros2_ws/install/communication_interfaces_topic/include/communication_interfaces_topic/msg/detail/altitude__type_support.cpp
-- Up-to-date: /home/u20/ros2_ws/install/communication_interfaces_topic/include/communication_interfaces_topic/msg/detail/depth__type_support.cpp
-- Up-to-date: /home/u20/ros2_ws/install/communication_interfaces_topic/include/communication_interfaces_topic/msg/detail/pose__type_support.cpp
-- Up-to-date: /home/u20/ros2_ws/install/communication_interfaces_topic/include/communication_interfaces_topic/msg/detail/ahrs__rosidl_typesupport_introspection_cpp.hpp
-- Up-to-date: /home/u20/ros2_ws/install/communication_interfaces_topic/lib/libcommunication_interfaces_topic__rosidl_typesupport_introspection_cpp.so
-- Up-to-date: /home/u20/ros2_ws/install/communication_interfaces_topic/lib/libcommunication_interfaces_topic__rosidl_typesupport_cpp.so
-- Up-to-date: /home/u20/ros2_ws/install/communication_interfaces_topic/share/communication_interfaces_topic/environment/pythonpath.sh
-- Up-to-date: /home/u20/ros2_ws/install/communication_interfaces_topic/share/communication_interfaces_topic/environment/pythonpath.dsv
-- Up-to-date: /home/u20/ros2_ws/install/communication_interfaces_topic/lib/python3.8/site-packages/communication_interfaces_topic/__init__.py
-- Up-to-date: /home/u20/ros2_ws/install/communication_interfaces_topic/lib/python3.8/site-packages/communication_interfaces_topic/msg
-- Up-to-date: /home/u20/ros2_ws/install/communication_interfaces_topic/lib/python3.8/site-packages/communication_interfaces_topic/msg/_thrust_s.c
-- Up-to-date: /home/u20/ros2_ws/install/communication_interfaces_topic/lib/python3.8/site-packages/communication_interfaces_topic/msg/_depth_s.c
-- Up-to-date: /home/u20/ros2_ws/install/communication_interfaces_topic/lib/python3.8/site-packages/communication_interfaces_topic/msg/_pose.py
-- Up-to-date: /home/u20/ros2_ws/install/communication_interfaces_topic/lib/python3.8/site-packages/communication_interfaces_topic/msg/_altitude.py
-- Up-to-date: /home/u20/ros2_ws/install/communication_interfaces_topic/lib/python3.8/site-packages/communication_interfaces_topic/msg/_pose_s.c
-- Up-to-date: /home/u20/ros2_ws/install/communication_interfaces_topic/lib/python3.8/site-packages/communication_interfaces_topic/msg/_ahrs.py
-- Up-to-date: /home/u20/ros2_ws/install/communication_interfaces_topic/lib/python3.8/site-packages/communication_interfaces_topic/msg/_dvl.py
-- Up-to-date: /home/u20/ros2_ws/install/communication_interfaces_topic/lib/python3.8/site-packages/communication_interfaces_topic/msg/_altitude_s.c
-- Up-to-date: /home/u20/ros2_ws/install/communication_interfaces_topic/lib/python3.8/site-packages/communication_interfaces_topic/msg/_ahrs_s.c
-- Up-to-date: /home/u20/ros2_ws/install/communication_interfaces_topic/lib/python3.8/site-packages/communication_interfaces_topic/msg/_thrust.py
-- Up-to-date: /home/u20/ros2_ws/install/communication_interfaces_topic/lib/python3.8/site-packages/communication_interfaces_topic/msg/_dvl_s.c
-- Up-to-date: /home/u20/ros2_ws/install/communication_interfaces_topic/lib/python3.8/site-packages/communication_interfaces_topic/msg/_depth.py
-- Up-to-date: /home/u20/ros2_ws/install/communication_interfaces_topic/lib/python3.8/site-packages/communication_interfaces_topic/msg/__init__.py
-- Up-to-date: /home/u20/ros2_ws/install/communication_interfaces_topic/lib/python3.8/site-packages/communication_interfaces_topic/srv
-- Up-to-date: /home/u20/ros2_ws/install/communication_interfaces_topic/lib/python3.8/site-packages/communication_interfaces_topic/srv/_get_ahrs.py
-- Up-to-date: /home/u20/ros2_ws/install/communication_interfaces_topic/lib/python3.8/site-packages/communication_interfaces_topic/srv/_get_ahrs_s.c
-- Up-to-date: /home/u20/ros2_ws/install/communication_interfaces_topic/lib/python3.8/site-packages/communication_interfaces_topic/srv/__init__.py
-- Up-to-date: /home/u20/ros2_ws/install/communication_interfaces_topic/lib/python3.8/site-packages/communication_interfaces_topic/communication_interfaces_topic_s__rosidl_typesupport_fastrtps_c.cpython-38-x86_64-linux-gnu.so
-- Up-to-date: /home/u20/ros2_ws/install/communication_interfaces_topic/lib/python3.8/site-packages/communication_interfaces_topic/communication_interfaces_topic_s__rosidl_typesupport_introspection_c.cpython-38-x86_64-linux-gnu.so
-- Up-to-date: /home/u20/ros2_ws/install/communication_interfaces_topic/lib/python3.8/site-packages/communication_interfaces_topic/communication_interfaces_topic_s__rosidl_typesupport_c.cpython-38-x86_64-linux-gnu.so
-- Up-to-date: /home/u20/ros2_ws/install/communication_interfaces_topic/lib/libcommunication_interfaces_topic__python.so
-- Up-to-date: /home/u20/ros2_ws/install/communication_interfaces_topic/share/communication_interfaces_topic/msg/AHRS.idl
-- Up-to-date: /home/u20/ros2_ws/install/communication_interfaces_topic/share/communication_interfaces_topic/msg/Altitude.idl
-- Up-to-date: /home/u20/ros2_ws/install/communication_interfaces_topic/share/communication_interfaces_topic/msg/Depth.idl
-- Up-to-date: /home/u20/ros2_ws/install/communication_interfaces_topic/share/communication_interfaces_topic/msg/DVL.idl
-- Up-to-date: /home/u20/ros2_ws/install/communication_interfaces_topic/share/communication_interfaces_topic/msg/Pose.idl
-- Up-to-date: /home/u20/ros2_ws/install/communication_interfaces_topic/share/communication_interfaces_topic/msg/Thrust.idl
-- Up-to-date: /home/u20/ros2_ws/install/communication_interfaces_topic/share/communication_interfaces_topic/srv/GetAHRS.idl
-- Up-to-date: /home/u20/ros2_ws/install/communication_interfaces_topic/share/communication_interfaces_topic/msg/AHRS.msg
-- Up-to-date: /home/u20/ros2_ws/install/communication_interfaces_topic/share/communication_interfaces_topic/msg/Altitude.msg
-- Up-to-date: /home/u20/ros2_ws/install/communication_interfaces_topic/share/communication_interfaces_topic/msg/Depth.msg
-- Up-to-date: /home/u20/ros2_ws/install/communication_interfaces_topic/share/communication_interfaces_topic/msg/DVL.msg
-- Up-to-date: /home/u20/ros2_ws/install/communication_interfaces_topic/share/communication_interfaces_topic/msg/Pose.msg
-- Up-to-date: /home/u20/ros2_ws/install/communication_interfaces_topic/share/communication_interfaces_topic/msg/Thrust.msg
-- Up-to-date: /home/u20/ros2_ws/install/communication_interfaces_topic/share/communication_interfaces_topic/srv/GetAHRS.srv
-- Up-to-date: /home/u20/ros2_ws/install/communication_interfaces_topic/share/communication_interfaces_topic/srv/GetAHRS_Request.msg
-- Up-to-date: /home/u20/ros2_ws/install/communication_interfaces_topic/share/communication_interfaces_topic/srv/GetAHRS_Response.msg
-- Up-to-date: /home/u20/ros2_ws/install/communication_interfaces_topic/share/ament_index/resource_index/package_run_dependencies/communication_interfaces_topic
-- Up-to-date: /home/u20/ros2_ws/install/communication_interfaces_topic/share/ament_index/resource_index/parent_prefix_path/communication_interfaces_topic
-- Up-to-date: /home/u20/ros2_ws/install/communication_interfaces_topic/share/communication_interfaces_topic/environment/ament_prefix_path.sh
-- Up-to-date: /home/u20/ros2_ws/install/communication_interfaces_topic/share/communication_interfaces_topic/environment/ament_prefix_path.dsv
-- Up-to-date: /home/u20/ros2_ws/install/communication_interfaces_topic/share/communication_interfaces_topic/environment/path.sh
-- Up-to-date: /home/u20/ros2_ws/install/communication_interfaces_topic/share/communication_interfaces_topic/environment/path.dsv
-- Up-to-date: /home/u20/ros2_ws/install/communication_interfaces_topic/share/communication_interfaces_topic/local_setup.bash
-- Up-to-date: /home/u20/ros2_ws/install/communication_interfaces_topic/share/communication_interfaces_topic/local_setup.sh
-- Up-to-date: /home/u20/ros2_ws/install/communication_interfaces_topic/share/communication_interfaces_topic/local_setup.zsh
-- Up-to-date: /home/u20/ros2_ws/install/communication_interfaces_topic/share/communication_interfaces_topic/local_setup.dsv
-- Installing: /home/u20/ros2_ws/install/communication_interfaces_topic/share/communication_interfaces_topic/package.dsv
-- Up-to-date: /home/u20/ros2_ws/install/communication_interfaces_topic/share/ament_index/resource_index/packages/communication_interfaces_topic
-- Up-to-date: /home/u20/ros2_ws/install/communication_interfaces_topic/share/communication_interfaces_topic/cmake/communication_interfaces_topic__rosidl_generator_cExport.cmake
-- Up-to-date: /home/u20/ros2_ws/install/communication_interfaces_topic/share/communication_interfaces_topic/cmake/communication_interfaces_topic__rosidl_generator_cExport-noconfig.cmake
-- Up-to-date: /home/u20/ros2_ws/install/communication_interfaces_topic/share/communication_interfaces_topic/cmake/communication_interfaces_topic__rosidl_typesupport_introspection_cExport.cmake
-- Up-to-date: /home/u20/ros2_ws/install/communication_interfaces_topic/share/communication_interfaces_topic/cmake/communication_interfaces_topic__rosidl_typesupport_introspection_cExport-noconfig.cmake
-- Up-to-date: /home/u20/ros2_ws/install/communication_interfaces_topic/share/communication_interfaces_topic/cmake/communication_interfaces_topic__rosidl_typesupport_cExport.cmake
-- Up-to-date: /home/u20/ros2_ws/install/communication_interfaces_topic/share/communication_interfaces_topic/cmake/communication_interfaces_topic__rosidl_typesupport_cExport-noconfig.cmake
-- Up-to-date: /home/u20/ros2_ws/install/communication_interfaces_topic/share/communication_interfaces_topic/cmake/communication_interfaces_topic__rosidl_generator_cppExport.cmake
-- Up-to-date: /home/u20/ros2_ws/install/communication_interfaces_topic/share/communication_interfaces_topic/cmake/communication_interfaces_topic__rosidl_typesupport_introspection_cppExport.cmake
-- Up-to-date: /home/u20/ros2_ws/install/communication_interfaces_topic/share/communication_interfaces_topic/cmake/communication_interfaces_topic__rosidl_typesupport_introspection_cppExport-noconfig.cmake
-- Up-to-date: /home/u20/ros2_ws/install/communication_interfaces_topic/share/communication_interfaces_topic/cmake/communication_interfaces_topic__rosidl_typesupport_cppExport.cmake
-- Up-to-date: /home/u20/ros2_ws/install/communication_interfaces_topic/share/communication_interfaces_topic/cmake/communication_interfaces_topic__rosidl_typesupport_cppExport-noconfig.cmake
-- Up-to-date: /home/u20/ros2_ws/install/communication_interfaces_topic/share/communication_interfaces_topic/cmake/rosidl_cmake-extras.cmake
-- Up-to-date: /home/u20/ros2_ws/install/communication_interfaces_topic/share/communication_interfaces_topic/cmake/ament_cmake_export_dependencies-extras.cmake
-- Up-to-date: /home/u20/ros2_ws/install/communication_interfaces_topic/share/communication_interfaces_topic/cmake/ament_cmake_export_libraries-extras.cmake
-- Up-to-date: /home/u20/ros2_ws/install/communication_interfaces_topic/share/communication_interfaces_topic/cmake/ament_cmake_export_targets-extras.cmake
-- Up-to-date: /home/u20/ros2_ws/install/communication_interfaces_topic/share/communication_interfaces_topic/cmake/ament_cmake_export_include_directories-extras.cmake
-- Up-to-date: /home/u20/ros2_ws/install/communication_interfaces_topic/share/communication_interfaces_topic/cmake/rosidl_cmake_export_typesupport_libraries-extras.cmake
-- Up-to-date: /home/u20/ros2_ws/install/communication_interfaces_topic/share/communication_interfaces_topic/cmake/rosidl_cmake_export_typesupport_targets-extras.cmake
-- Up-to-date: /home/u20/ros2_ws/install/communication_interfaces_topic/share/communication_interfaces_topic/cmake/communication_interfaces_topicConfig.cmake
-- Up-to-date: /home/u20/ros2_ws/install/communication_interfaces_topic/share/communication_interfaces_topic/cmake/communication_interfaces_topicConfig-version.cmake
-- Up-to-date: /home/u20/ros2_ws/install/communication_interfaces_topic/share/communication_interfaces_topic/package.xml
