/home/gy/ROS2_Coming/01gazebo/colcon_ws/install/fishbot_description/lib/python3.10/site-packages/fishbot_description/__init__.py
/home/gy/ROS2_Coming/01gazebo/colcon_ws/install/fishbot_description/lib/python3.10/site-packages/fishbot_description/__pycache__/__init__.cpython-310.pyc
/home/gy/ROS2_Coming/01gazebo/colcon_ws/install/fishbot_description/share/ament_index/resource_index/packages/fishbot_description
/home/gy/ROS2_Coming/01gazebo/colcon_ws/install/fishbot_description/share/fishbot_description/package.xml
/home/gy/ROS2_Coming/01gazebo/colcon_ws/install/fishbot_description/share/fishbot_description/world/fishbot.world
/home/gy/ROS2_Coming/01gazebo/colcon_ws/install/fishbot_description/share/fishbot_description/launch/diaplay_ultrasonic_sensor.launch.py
/home/gy/ROS2_Coming/01gazebo/colcon_ws/install/fishbot_description/share/fishbot_description/launch/display_rviz2.launch.py
/home/gy/ROS2_Coming/01gazebo/colcon_ws/install/fishbot_description/share/fishbot_description/launch/diaplay_gazebo.launch.py
/home/gy/ROS2_Coming/01gazebo/colcon_ws/install/fishbot_description/share/fishbot_description/launch/diaplay_Hr.launch.py
/home/gy/ROS2_Coming/01gazebo/colcon_ws/install/fishbot_description/share/fishbot_description/launch/diaplay.launch.py
/home/gy/ROS2_Coming/01gazebo/colcon_ws/install/fishbot_description/share/fishbot_description/urdf/fishbot_base.urdf
/home/gy/ROS2_Coming/01gazebo/colcon_ws/install/fishbot_description/share/fishbot_description/urdf/fishbot_gazebo.urdf
/home/gy/ROS2_Coming/01gazebo/colcon_ws/install/fishbot_description/share/fishbot_description/urdf/ultrasonic_sensor.urdf
/home/gy/ROS2_Coming/01gazebo/colcon_ws/install/fishbot_description/lib/python3.10/site-packages/fishbot_description-0.0.0-py3.10.egg-info/entry_points.txt
/home/gy/ROS2_Coming/01gazebo/colcon_ws/install/fishbot_description/lib/python3.10/site-packages/fishbot_description-0.0.0-py3.10.egg-info/PKG-INFO
/home/gy/ROS2_Coming/01gazebo/colcon_ws/install/fishbot_description/lib/python3.10/site-packages/fishbot_description-0.0.0-py3.10.egg-info/SOURCES.txt
/home/gy/ROS2_Coming/01gazebo/colcon_ws/install/fishbot_description/lib/python3.10/site-packages/fishbot_description-0.0.0-py3.10.egg-info/requires.txt
/home/gy/ROS2_Coming/01gazebo/colcon_ws/install/fishbot_description/lib/python3.10/site-packages/fishbot_description-0.0.0-py3.10.egg-info/top_level.txt
/home/gy/ROS2_Coming/01gazebo/colcon_ws/install/fishbot_description/lib/python3.10/site-packages/fishbot_description-0.0.0-py3.10.egg-info/dependency_links.txt
/home/gy/ROS2_Coming/01gazebo/colcon_ws/install/fishbot_description/lib/python3.10/site-packages/fishbot_description-0.0.0-py3.10.egg-info/zip-safe
