[35m[1mScanning dependencies of target status_ui[0m
[ 50%] [32mBuilding CXX object CMakeFiles/status_ui.dir/src/status_ui.cpp.o[0m
[100%] [32m[1mLinking CXX executable status_ui[0m
[100%] Built target status_ui
-- Install configuration: ""
-- Installing: /home/u20/u20/ros2_topic_ws/install/status_sub/lib/status_sub/status_ui
-- Set runtime path of "/home/u20/u20/ros2_topic_ws/install/status_sub/lib/status_sub/status_ui" to ""
-- Up-to-date: /home/u20/u20/ros2_topic_ws/install/status_sub/share/ament_index/resource_index/package_run_dependencies/status_sub
-- Up-to-date: /home/u20/u20/ros2_topic_ws/install/status_sub/share/ament_index/resource_index/parent_prefix_path/status_sub
-- Up-to-date: /home/u20/u20/ros2_topic_ws/install/status_sub/share/status_sub/environment/ament_prefix_path.sh
-- Up-to-date: /home/u20/u20/ros2_topic_ws/install/status_sub/share/status_sub/environment/ament_prefix_path.dsv
-- Up-to-date: /home/u20/u20/ros2_topic_ws/install/status_sub/share/status_sub/environment/path.sh
-- Up-to-date: /home/u20/u20/ros2_topic_ws/install/status_sub/share/status_sub/environment/path.dsv
-- Up-to-date: /home/u20/u20/ros2_topic_ws/install/status_sub/share/status_sub/local_setup.bash
-- Up-to-date: /home/u20/u20/ros2_topic_ws/install/status_sub/share/status_sub/local_setup.sh
-- Up-to-date: /home/u20/u20/ros2_topic_ws/install/status_sub/share/status_sub/local_setup.zsh
-- Up-to-date: /home/u20/u20/ros2_topic_ws/install/status_sub/share/status_sub/local_setup.dsv
-- Installing: /home/u20/u20/ros2_topic_ws/install/status_sub/share/status_sub/package.dsv
-- Up-to-date: /home/u20/u20/ros2_topic_ws/install/status_sub/share/ament_index/resource_index/packages/status_sub
-- Up-to-date: /home/u20/u20/ros2_topic_ws/install/status_sub/share/status_sub/cmake/status_subConfig.cmake
-- Up-to-date: /home/u20/u20/ros2_topic_ws/install/status_sub/share/status_sub/cmake/status_subConfig-version.cmake
-- Up-to-date: /home/u20/u20/ros2_topic_ws/install/status_sub/share/status_sub/package.xml
