[0.019s] Invoking command in '/home/gy/ROS2_Coming/02carto/colcon_ws/build/fishbot_navigation2': /usr/bin/cmake /home/gy/ROS2_Coming/02carto/colcon_ws/src/fishbot_navigation2 -DCMAKE_INSTALL_PREFIX=/home/gy/ROS2_Coming/02carto/colcon_ws/install/fishbot_navigation2
[0.034s] -- Found ament_cmake: 1.3.10 (/opt/ros/humble/share/ament_cmake/cmake)
[0.152s] -- Found nav2_bringup: 1.1.17 (/opt/ros/humble/share/nav2_bringup/cmake)
[0.152s] -- Found ament_lint_auto: 0.12.11 (/opt/ros/humble/share/ament_lint_auto/cmake)
[0.202s] Error parsing '/home/gy/ROS2_Coming/02carto/colcon_ws/src/fishbot_navigation2/package.xml':
[0.244s] Traceback (most recent call last):
[0.245s]   File "/opt/ros/humble/share/ament_cmake_core/cmake/core/package_xml_2_cmake.py", line 150, in <module>
[0.245s]     main()
[0.245s]   File "/opt/ros/humble/share/ament_cmake_core/cmake/core/package_xml_2_cmake.py", line 53, in main
[0.245s]     raise e
[0.245s]   File "/opt/ros/humble/share/ament_cmake_core/cmake/core/package_xml_2_cmake.py", line 49, in main
[0.245s]     package = parse_package_string(
[0.245s]   File "/usr/lib/python3/dist-packages/catkin_pkg/package.py", line 786, in parse_package_string
[0.245s]     raise InvalidPackage('Error(s):%s' % (''.join(['\n- %s' % e for e in errors])), filename)
[0.245s] catkin_pkg.package.InvalidPackage: Error(s) in package '/home/gy/ROS2_Coming/02carto/colcon_ws/src/fishbot_navigation2/package.xml':
[0.245s] Error(s):
[0.245s] - The generic dependency on 'nav2_bringup' is redundant with: exec_depend
[0.260s] [31mCMake Error at /opt/ros/humble/share/ament_cmake_core/cmake/core/ament_package_xml.cmake:95 (message):
[0.260s]   execute_process(/usr/bin/python3
[0.260s]   /opt/ros/humble/share/ament_cmake_core/cmake/core/package_xml_2_cmake.py
[0.260s]   /home/gy/ROS2_Coming/02carto/colcon_ws/src/fishbot_navigation2/package.xml
[0.260s]   /home/gy/ROS2_Coming/02carto/colcon_ws/build/fishbot_navigation2/ament_cmake_core/package.cmake)
[0.260s]   returned error code 1
[0.260s] Call Stack (most recent call first):
[0.261s]   /opt/ros/humble/share/ament_cmake_core/cmake/core/ament_package_xml.cmake:49 (_ament_package_xml)
[0.261s]   /opt/ros/humble/share/ament_lint_auto/cmake/ament_lint_auto_find_test_dependencies.cmake:31 (ament_package_xml)
[0.261s]   CMakeLists.txt:21 (ament_lint_auto_find_test_dependencies)
[0.261s] 
[0.261s] [0m
[0.261s] -- Configuring incomplete, errors occurred!
[0.261s] See also "/home/gy/ROS2_Coming/02carto/colcon_ws/build/fishbot_navigation2/CMakeFiles/CMakeOutput.log".
[0.263s] Invoked command in '/home/gy/ROS2_Coming/02carto/colcon_ws/build/fishbot_navigation2' returned '1': /usr/bin/cmake /home/gy/ROS2_Coming/02carto/colcon_ws/src/fishbot_navigation2 -DCMAKE_INSTALL_PREFIX=/home/gy/ROS2_Coming/02carto/colcon_ws/install/fishbot_navigation2
