[0.179s] DEBUG:colcon:Command line arguments: ['/usr/bin/colcon', 'build']
[0.179s] DEBUG:colcon:Parsed command line arguments: Namespace(allow_overriding=[], ament_cmake_args=None, base_paths=['.'], build_base='build', catkin_cmake_args=None, catkin_skip_building_tests=False, cmake_args=None, cmake_clean_cache=False, cmake_clean_first=False, cmake_force_configure=False, cmake_target=None, cmake_target_skip_unavailable=False, continue_on_error=False, event_handlers=None, executor='parallel', ignore_user_meta=False, install_base='install', log_base=None, log_level=None, main=<bound method BuildVerb.main of <colcon_core.verb.build.BuildVerb object at 0x7fc8a38732e0>>, merge_install=False, metas=['./colcon.meta'], packages_above=None, packages_above_and_dependencies=None, packages_above_depth=None, packages_end=None, packages_ignore=None, packages_ignore_regex=None, packages_select=None, packages_select_build_failed=False, packages_select_by_dep=None, packages_select_regex=None, packages_select_test_failures=False, packages_skip=None, packages_skip_build_finished=False, packages_skip_by_dep=None, packages_skip_regex=None, packages_skip_test_passed=False, packages_skip_up_to=None, packages_start=None, packages_up_to=None, packages_up_to_regex=None, parallel_workers=12, paths=None, symlink_install=False, test_result_base=None, verb_extension=<colcon_core.verb.build.BuildVerb object at 0x7fc8a38732e0>, verb_name='build', verb_parser=<colcon_defaults.argument_parser.defaults.DefaultArgumentsDecorator object at 0x7fc8a38737c0>)
[0.299s] Level 1:colcon.colcon_core.package_discovery:discover_packages(colcon_meta) check parameters
[0.300s] Level 1:colcon.colcon_core.package_discovery:discover_packages(recursive) check parameters
[0.300s] Level 1:colcon.colcon_core.package_discovery:discover_packages(ignore) check parameters
[0.300s] Level 1:colcon.colcon_core.package_discovery:discover_packages(path) check parameters
[0.300s] Level 1:colcon.colcon_core.package_discovery:discover_packages(colcon_meta) discover
[0.300s] Level 1:colcon.colcon_core.package_discovery:discover_packages(recursive) discover
[0.300s] INFO:colcon.colcon_core.package_discovery:Crawling recursively for packages in '/home/u20/u20/ros2_topic_ws'
[0.300s] Level 1:colcon.colcon_core.package_identification:_identify(.) by extensions ['ignore', 'ignore_ament_install']
[0.300s] Level 1:colcon.colcon_core.package_identification:_identify(.) by extension 'ignore'
[0.300s] Level 1:colcon.colcon_core.package_identification:_identify(.) by extension 'ignore_ament_install'
[0.300s] Level 1:colcon.colcon_core.package_identification:_identify(.) by extensions ['colcon_pkg']
[0.300s] Level 1:colcon.colcon_core.package_identification:_identify(.) by extension 'colcon_pkg'
[0.300s] Level 1:colcon.colcon_core.package_identification:_identify(.) by extensions ['colcon_meta']
[0.300s] Level 1:colcon.colcon_core.package_identification:_identify(.) by extension 'colcon_meta'
[0.300s] Level 1:colcon.colcon_core.package_identification:_identify(.) by extensions ['ros']
[0.300s] Level 1:colcon.colcon_core.package_identification:_identify(.) by extension 'ros'
[0.310s] Level 1:colcon.colcon_core.package_identification:_identify(.) by extensions ['cmake', 'python']
[0.310s] Level 1:colcon.colcon_core.package_identification:_identify(.) by extension 'cmake'
[0.310s] Level 1:colcon.colcon_core.package_identification:_identify(.) by extension 'python'
[0.311s] Level 1:colcon.colcon_core.package_identification:_identify(.) by extensions ['python_setup_py']
[0.311s] Level 1:colcon.colcon_core.package_identification:_identify(.) by extension 'python_setup_py'
[0.311s] Level 1:colcon.colcon_core.package_identification:_identify(build) by extensions ['ignore', 'ignore_ament_install']
[0.311s] Level 1:colcon.colcon_core.package_identification:_identify(build) by extension 'ignore'
[0.311s] Level 1:colcon.colcon_core.package_identification:_identify(build) ignored
[0.311s] Level 1:colcon.colcon_core.package_identification:_identify(install) by extensions ['ignore', 'ignore_ament_install']
[0.311s] Level 1:colcon.colcon_core.package_identification:_identify(install) by extension 'ignore'
[0.311s] Level 1:colcon.colcon_core.package_identification:_identify(install) ignored
[0.311s] Level 1:colcon.colcon_core.package_identification:_identify(log) by extensions ['ignore', 'ignore_ament_install']
[0.311s] Level 1:colcon.colcon_core.package_identification:_identify(log) by extension 'ignore'
[0.311s] Level 1:colcon.colcon_core.package_identification:_identify(log) ignored
[0.311s] Level 1:colcon.colcon_core.package_identification:_identify(src) by extensions ['ignore', 'ignore_ament_install']
[0.312s] Level 1:colcon.colcon_core.package_identification:_identify(src) by extension 'ignore'
[0.312s] Level 1:colcon.colcon_core.package_identification:_identify(src) by extension 'ignore_ament_install'
[0.312s] Level 1:colcon.colcon_core.package_identification:_identify(src) by extensions ['colcon_pkg']
[0.312s] Level 1:colcon.colcon_core.package_identification:_identify(src) by extension 'colcon_pkg'
[0.312s] Level 1:colcon.colcon_core.package_identification:_identify(src) by extensions ['colcon_meta']
[0.312s] Level 1:colcon.colcon_core.package_identification:_identify(src) by extension 'colcon_meta'
[0.312s] Level 1:colcon.colcon_core.package_identification:_identify(src) by extensions ['ros']
[0.312s] Level 1:colcon.colcon_core.package_identification:_identify(src) by extension 'ros'
[0.312s] Level 1:colcon.colcon_core.package_identification:_identify(src) by extensions ['cmake', 'python']
[0.312s] Level 1:colcon.colcon_core.package_identification:_identify(src) by extension 'cmake'
[0.312s] Level 1:colcon.colcon_core.package_identification:_identify(src) by extension 'python'
[0.312s] Level 1:colcon.colcon_core.package_identification:_identify(src) by extensions ['python_setup_py']
[0.312s] Level 1:colcon.colcon_core.package_identification:_identify(src) by extension 'python_setup_py'
[0.312s] Level 1:colcon.colcon_core.package_identification:_identify(src/communication_interfaces) by extensions ['ignore', 'ignore_ament_install']
[0.312s] Level 1:colcon.colcon_core.package_identification:_identify(src/communication_interfaces) by extension 'ignore'
[0.312s] Level 1:colcon.colcon_core.package_identification:_identify(src/communication_interfaces) by extension 'ignore_ament_install'
[0.312s] Level 1:colcon.colcon_core.package_identification:_identify(src/communication_interfaces) by extensions ['colcon_pkg']
[0.312s] Level 1:colcon.colcon_core.package_identification:_identify(src/communication_interfaces) by extension 'colcon_pkg'
[0.312s] Level 1:colcon.colcon_core.package_identification:_identify(src/communication_interfaces) by extensions ['colcon_meta']
[0.312s] Level 1:colcon.colcon_core.package_identification:_identify(src/communication_interfaces) by extension 'colcon_meta'
[0.313s] Level 1:colcon.colcon_core.package_identification:_identify(src/communication_interfaces) by extensions ['ros']
[0.313s] Level 1:colcon.colcon_core.package_identification:_identify(src/communication_interfaces) by extension 'ros'
[0.315s] DEBUG:colcon.colcon_core.package_identification:Package 'src/communication_interfaces' with type 'ros.ament_cmake' and name 'communication_interfaces'
[0.315s] Level 1:colcon.colcon_core.package_identification:_identify(src/pc_status) by extensions ['ignore', 'ignore_ament_install']
[0.315s] Level 1:colcon.colcon_core.package_identification:_identify(src/pc_status) by extension 'ignore'
[0.315s] Level 1:colcon.colcon_core.package_identification:_identify(src/pc_status) by extension 'ignore_ament_install'
[0.315s] Level 1:colcon.colcon_core.package_identification:_identify(src/pc_status) by extensions ['colcon_pkg']
[0.315s] Level 1:colcon.colcon_core.package_identification:_identify(src/pc_status) by extension 'colcon_pkg'
[0.315s] Level 1:colcon.colcon_core.package_identification:_identify(src/pc_status) by extensions ['colcon_meta']
[0.315s] Level 1:colcon.colcon_core.package_identification:_identify(src/pc_status) by extension 'colcon_meta'
[0.315s] Level 1:colcon.colcon_core.package_identification:_identify(src/pc_status) by extensions ['ros']
[0.315s] Level 1:colcon.colcon_core.package_identification:_identify(src/pc_status) by extension 'ros'
[0.316s] DEBUG:colcon.colcon_core.package_identification:Package 'src/pc_status' with type 'ros.ament_python' and name 'pc_status'
[0.316s] Level 1:colcon.colcon_core.package_discovery:discover_packages(recursive) using defaults
[0.316s] Level 1:colcon.colcon_core.package_discovery:discover_packages(ignore) discover
[0.316s] Level 1:colcon.colcon_core.package_discovery:discover_packages(ignore) using defaults
[0.316s] Level 1:colcon.colcon_core.package_discovery:discover_packages(path) discover
[0.316s] Level 1:colcon.colcon_core.package_discovery:discover_packages(path) using defaults
[0.328s] Level 1:colcon.colcon_core.package_discovery:discover_packages(prefix_path) check parameters
[0.328s] Level 1:colcon.colcon_core.package_discovery:discover_packages(prefix_path) discover
[0.331s] DEBUG:colcon.colcon_installed_package_information.package_discovery:Found 256 installed packages in /opt/ros/foxy
[0.332s] Level 1:colcon.colcon_core.package_discovery:discover_packages(prefix_path) using defaults
[0.387s] Level 5:colcon.colcon_core.verb:set package 'communication_interfaces' build argument 'cmake_args' from command line to 'None'
[0.387s] Level 5:colcon.colcon_core.verb:set package 'communication_interfaces' build argument 'cmake_target' from command line to 'None'
[0.387s] Level 5:colcon.colcon_core.verb:set package 'communication_interfaces' build argument 'cmake_target_skip_unavailable' from command line to 'False'
[0.387s] Level 5:colcon.colcon_core.verb:set package 'communication_interfaces' build argument 'cmake_clean_cache' from command line to 'False'
[0.387s] Level 5:colcon.colcon_core.verb:set package 'communication_interfaces' build argument 'cmake_clean_first' from command line to 'False'
[0.387s] Level 5:colcon.colcon_core.verb:set package 'communication_interfaces' build argument 'cmake_force_configure' from command line to 'False'
[0.387s] Level 5:colcon.colcon_core.verb:set package 'communication_interfaces' build argument 'ament_cmake_args' from command line to 'None'
[0.387s] Level 5:colcon.colcon_core.verb:set package 'communication_interfaces' build argument 'catkin_cmake_args' from command line to 'None'
[0.387s] Level 5:colcon.colcon_core.verb:set package 'communication_interfaces' build argument 'catkin_skip_building_tests' from command line to 'False'
[0.387s] DEBUG:colcon.colcon_core.verb:Building package 'communication_interfaces' with the following arguments: {'ament_cmake_args': None, 'build_base': '/home/u20/u20/ros2_topic_ws/build/communication_interfaces', 'catkin_cmake_args': None, 'catkin_skip_building_tests': False, 'cmake_args': None, 'cmake_clean_cache': False, 'cmake_clean_first': False, 'cmake_force_configure': False, 'cmake_target': None, 'cmake_target_skip_unavailable': False, 'install_base': '/home/u20/u20/ros2_topic_ws/install/communication_interfaces', 'merge_install': False, 'path': '/home/u20/u20/ros2_topic_ws/src/communication_interfaces', 'symlink_install': False, 'test_result_base': None}
[0.388s] Level 5:colcon.colcon_core.verb:set package 'pc_status' build argument 'cmake_args' from command line to 'None'
[0.388s] Level 5:colcon.colcon_core.verb:set package 'pc_status' build argument 'cmake_target' from command line to 'None'
[0.388s] Level 5:colcon.colcon_core.verb:set package 'pc_status' build argument 'cmake_target_skip_unavailable' from command line to 'False'
[0.388s] Level 5:colcon.colcon_core.verb:set package 'pc_status' build argument 'cmake_clean_cache' from command line to 'False'
[0.388s] Level 5:colcon.colcon_core.verb:set package 'pc_status' build argument 'cmake_clean_first' from command line to 'False'
[0.388s] Level 5:colcon.colcon_core.verb:set package 'pc_status' build argument 'cmake_force_configure' from command line to 'False'
[0.388s] Level 5:colcon.colcon_core.verb:set package 'pc_status' build argument 'ament_cmake_args' from command line to 'None'
[0.388s] Level 5:colcon.colcon_core.verb:set package 'pc_status' build argument 'catkin_cmake_args' from command line to 'None'
[0.388s] Level 5:colcon.colcon_core.verb:set package 'pc_status' build argument 'catkin_skip_building_tests' from command line to 'False'
[0.388s] DEBUG:colcon.colcon_core.verb:Building package 'pc_status' with the following arguments: {'ament_cmake_args': None, 'build_base': '/home/u20/u20/ros2_topic_ws/build/pc_status', 'catkin_cmake_args': None, 'catkin_skip_building_tests': False, 'cmake_args': None, 'cmake_clean_cache': False, 'cmake_clean_first': False, 'cmake_force_configure': False, 'cmake_target': None, 'cmake_target_skip_unavailable': False, 'install_base': '/home/u20/u20/ros2_topic_ws/install/pc_status', 'merge_install': False, 'path': '/home/u20/u20/ros2_topic_ws/src/pc_status', 'symlink_install': False, 'test_result_base': None}
[0.388s] INFO:colcon.colcon_core.executor:Executing jobs using 'parallel' executor
[0.389s] DEBUG:colcon.colcon_parallel_executor.executor.parallel:run_until_complete
[0.389s] INFO:colcon.colcon_ros.task.ament_cmake.build:Building ROS package in '/home/u20/u20/ros2_topic_ws/src/communication_interfaces' with build type 'ament_cmake'
[0.389s] INFO:colcon.colcon_cmake.task.cmake.build:Building CMake package in '/home/u20/u20/ros2_topic_ws/src/communication_interfaces'
[0.391s] INFO:colcon.colcon_core.plugin_system:Skipping extension 'colcon_core.shell.bat': Not used on non-Windows systems
[0.391s] INFO:colcon.colcon_core.shell:Skip shell extension 'powershell' for command environment: Not usable outside of PowerShell
[0.391s] DEBUG:colcon.colcon_core.shell:Skip shell extension 'dsv' for command environment
[0.404s] DEBUG:colcon.colcon_core.event_handler.log_command:Invoking command in '/home/u20/u20/ros2_topic_ws/build/communication_interfaces': CMAKE_PREFIX_PATH=/opt/ros/foxy /usr/bin/cmake --build /home/u20/u20/ros2_topic_ws/build/communication_interfaces -- -j12 -l12
[0.593s] DEBUG:colcon.colcon_core.event_handler.log_command:Invoked command in '/home/u20/u20/ros2_topic_ws/build/communication_interfaces' returned '0': CMAKE_PREFIX_PATH=/opt/ros/foxy /usr/bin/cmake --build /home/u20/u20/ros2_topic_ws/build/communication_interfaces -- -j12 -l12
[0.607s] DEBUG:colcon.colcon_core.event_handler.log_command:Invoking command in '/home/u20/u20/ros2_topic_ws/build/communication_interfaces': CMAKE_PREFIX_PATH=/opt/ros/foxy /usr/bin/cmake --install /home/u20/u20/ros2_topic_ws/build/communication_interfaces
[0.663s] Level 1:colcon.colcon_core.environment:create_environment_scripts_only(communication_interfaces)
[0.664s] DEBUG:colcon.colcon_core.event_handler.log_command:Invoked command in '/home/u20/u20/ros2_topic_ws/build/communication_interfaces' returned '0': CMAKE_PREFIX_PATH=/opt/ros/foxy /usr/bin/cmake --install /home/u20/u20/ros2_topic_ws/build/communication_interfaces
[0.666s] Level 1:colcon.colcon_core.environment:checking '/home/u20/u20/ros2_topic_ws/install/communication_interfaces' for CMake module files
[0.667s] Level 1:colcon.colcon_core.environment:checking '/home/u20/u20/ros2_topic_ws/install/communication_interfaces' for CMake config files
[0.667s] Level 1:colcon.colcon_core.shell:create_environment_hook('communication_interfaces', 'cmake_prefix_path')
[0.667s] INFO:colcon.colcon_core.shell:Creating environment hook '/home/u20/u20/ros2_topic_ws/install/communication_interfaces/share/communication_interfaces/hook/cmake_prefix_path.ps1'
[0.668s] INFO:colcon.colcon_core.shell:Creating environment descriptor '/home/u20/u20/ros2_topic_ws/install/communication_interfaces/share/communication_interfaces/hook/cmake_prefix_path.dsv'
[0.668s] INFO:colcon.colcon_core.shell:Creating environment hook '/home/u20/u20/ros2_topic_ws/install/communication_interfaces/share/communication_interfaces/hook/cmake_prefix_path.sh'
[0.669s] Level 1:colcon.colcon_core.environment:checking '/home/u20/u20/ros2_topic_ws/install/communication_interfaces/lib'
[0.669s] Level 1:colcon.colcon_core.shell:create_environment_hook('communication_interfaces', 'ld_library_path_lib')
[0.669s] INFO:colcon.colcon_core.shell:Creating environment hook '/home/u20/u20/ros2_topic_ws/install/communication_interfaces/share/communication_interfaces/hook/ld_library_path_lib.ps1'
[0.669s] INFO:colcon.colcon_core.shell:Creating environment descriptor '/home/u20/u20/ros2_topic_ws/install/communication_interfaces/share/communication_interfaces/hook/ld_library_path_lib.dsv'
[0.670s] INFO:colcon.colcon_core.shell:Creating environment hook '/home/u20/u20/ros2_topic_ws/install/communication_interfaces/share/communication_interfaces/hook/ld_library_path_lib.sh'
[0.670s] Level 1:colcon.colcon_core.environment:checking '/home/u20/u20/ros2_topic_ws/install/communication_interfaces/bin'
[0.670s] Level 1:colcon.colcon_core.environment:checking '/home/u20/u20/ros2_topic_ws/install/communication_interfaces/lib/pkgconfig/communication_interfaces.pc'
[0.670s] Level 1:colcon.colcon_core.environment:checking '/home/u20/u20/ros2_topic_ws/install/communication_interfaces/lib/python3.8/site-packages'
[0.670s] Level 1:colcon.colcon_core.shell:create_environment_hook('communication_interfaces', 'pythonpath')
[0.671s] INFO:colcon.colcon_core.shell:Creating environment hook '/home/u20/u20/ros2_topic_ws/install/communication_interfaces/share/communication_interfaces/hook/pythonpath.ps1'
[0.671s] INFO:colcon.colcon_core.shell:Creating environment descriptor '/home/u20/u20/ros2_topic_ws/install/communication_interfaces/share/communication_interfaces/hook/pythonpath.dsv'
[0.671s] INFO:colcon.colcon_core.shell:Creating environment hook '/home/u20/u20/ros2_topic_ws/install/communication_interfaces/share/communication_interfaces/hook/pythonpath.sh'
[0.672s] Level 1:colcon.colcon_core.environment:checking '/home/u20/u20/ros2_topic_ws/install/communication_interfaces/bin'
[0.672s] INFO:colcon.colcon_core.shell:Creating package script '/home/u20/u20/ros2_topic_ws/install/communication_interfaces/share/communication_interfaces/package.ps1'
[0.673s] INFO:colcon.colcon_core.shell:Creating package descriptor '/home/u20/u20/ros2_topic_ws/install/communication_interfaces/share/communication_interfaces/package.dsv'
[0.674s] INFO:colcon.colcon_core.shell:Creating package script '/home/u20/u20/ros2_topic_ws/install/communication_interfaces/share/communication_interfaces/package.sh'
[0.674s] INFO:colcon.colcon_core.shell:Creating package script '/home/u20/u20/ros2_topic_ws/install/communication_interfaces/share/communication_interfaces/package.bash'
[0.675s] INFO:colcon.colcon_core.shell:Creating package script '/home/u20/u20/ros2_topic_ws/install/communication_interfaces/share/communication_interfaces/package.zsh'
[0.675s] Level 1:colcon.colcon_core.environment:create_file_with_runtime_dependencies(/home/u20/u20/ros2_topic_ws/install/communication_interfaces/share/colcon-core/packages/communication_interfaces)
[0.676s] Level 1:colcon.colcon_core.environment:create_environment_scripts_only(communication_interfaces)
[0.676s] Level 1:colcon.colcon_core.environment:checking '/home/u20/u20/ros2_topic_ws/install/communication_interfaces' for CMake module files
[0.677s] Level 1:colcon.colcon_core.environment:checking '/home/u20/u20/ros2_topic_ws/install/communication_interfaces' for CMake config files
[0.677s] Level 1:colcon.colcon_core.shell:create_environment_hook('communication_interfaces', 'cmake_prefix_path')
[0.677s] INFO:colcon.colcon_core.shell:Creating environment hook '/home/u20/u20/ros2_topic_ws/install/communication_interfaces/share/communication_interfaces/hook/cmake_prefix_path.ps1'
[0.677s] INFO:colcon.colcon_core.shell:Creating environment descriptor '/home/u20/u20/ros2_topic_ws/install/communication_interfaces/share/communication_interfaces/hook/cmake_prefix_path.dsv'
[0.677s] INFO:colcon.colcon_core.shell:Creating environment hook '/home/u20/u20/ros2_topic_ws/install/communication_interfaces/share/communication_interfaces/hook/cmake_prefix_path.sh'
[0.678s] Level 1:colcon.colcon_core.environment:checking '/home/u20/u20/ros2_topic_ws/install/communication_interfaces/lib'
[0.678s] Level 1:colcon.colcon_core.shell:create_environment_hook('communication_interfaces', 'ld_library_path_lib')
[0.678s] INFO:colcon.colcon_core.shell:Creating environment hook '/home/u20/u20/ros2_topic_ws/install/communication_interfaces/share/communication_interfaces/hook/ld_library_path_lib.ps1'
[0.679s] INFO:colcon.colcon_core.shell:Creating environment descriptor '/home/u20/u20/ros2_topic_ws/install/communication_interfaces/share/communication_interfaces/hook/ld_library_path_lib.dsv'
[0.679s] INFO:colcon.colcon_core.shell:Creating environment hook '/home/u20/u20/ros2_topic_ws/install/communication_interfaces/share/communication_interfaces/hook/ld_library_path_lib.sh'
[0.679s] Level 1:colcon.colcon_core.environment:checking '/home/u20/u20/ros2_topic_ws/install/communication_interfaces/bin'
[0.679s] Level 1:colcon.colcon_core.environment:checking '/home/u20/u20/ros2_topic_ws/install/communication_interfaces/lib/pkgconfig/communication_interfaces.pc'
[0.679s] Level 1:colcon.colcon_core.environment:checking '/home/u20/u20/ros2_topic_ws/install/communication_interfaces/lib/python3.8/site-packages'
[0.679s] Level 1:colcon.colcon_core.shell:create_environment_hook('communication_interfaces', 'pythonpath')
[0.680s] INFO:colcon.colcon_core.shell:Creating environment hook '/home/u20/u20/ros2_topic_ws/install/communication_interfaces/share/communication_interfaces/hook/pythonpath.ps1'
[0.680s] INFO:colcon.colcon_core.shell:Creating environment descriptor '/home/u20/u20/ros2_topic_ws/install/communication_interfaces/share/communication_interfaces/hook/pythonpath.dsv'
[0.680s] INFO:colcon.colcon_core.shell:Creating environment hook '/home/u20/u20/ros2_topic_ws/install/communication_interfaces/share/communication_interfaces/hook/pythonpath.sh'
[0.681s] Level 1:colcon.colcon_core.environment:checking '/home/u20/u20/ros2_topic_ws/install/communication_interfaces/bin'
[0.681s] INFO:colcon.colcon_core.shell:Creating package script '/home/u20/u20/ros2_topic_ws/install/communication_interfaces/share/communication_interfaces/package.ps1'
[0.681s] INFO:colcon.colcon_core.shell:Creating package descriptor '/home/u20/u20/ros2_topic_ws/install/communication_interfaces/share/communication_interfaces/package.dsv'
[0.682s] INFO:colcon.colcon_core.shell:Creating package script '/home/u20/u20/ros2_topic_ws/install/communication_interfaces/share/communication_interfaces/package.sh'
[0.683s] INFO:colcon.colcon_core.shell:Creating package script '/home/u20/u20/ros2_topic_ws/install/communication_interfaces/share/communication_interfaces/package.bash'
[0.683s] INFO:colcon.colcon_core.shell:Creating package script '/home/u20/u20/ros2_topic_ws/install/communication_interfaces/share/communication_interfaces/package.zsh'
[0.683s] Level 1:colcon.colcon_core.environment:create_file_with_runtime_dependencies(/home/u20/u20/ros2_topic_ws/install/communication_interfaces/share/colcon-core/packages/communication_interfaces)
[0.683s] INFO:colcon.colcon_ros.task.ament_python.build:Building ROS package in '/home/u20/u20/ros2_topic_ws/src/pc_status' with build type 'ament_python'
[0.684s] Level 1:colcon.colcon_core.shell:create_environment_hook('pc_status', 'ament_prefix_path')
[0.684s] INFO:colcon.colcon_core.shell:Creating environment hook '/home/u20/u20/ros2_topic_ws/install/pc_status/share/pc_status/hook/ament_prefix_path.ps1'
[0.684s] INFO:colcon.colcon_core.shell:Creating environment descriptor '/home/u20/u20/ros2_topic_ws/install/pc_status/share/pc_status/hook/ament_prefix_path.dsv'
[0.685s] INFO:colcon.colcon_core.shell:Creating environment hook '/home/u20/u20/ros2_topic_ws/install/pc_status/share/pc_status/hook/ament_prefix_path.sh'
[0.685s] INFO:colcon.colcon_core.shell:Skip shell extension 'powershell' for command environment: Not usable outside of PowerShell
[0.685s] DEBUG:colcon.colcon_core.shell:Skip shell extension 'dsv' for command environment
[0.881s] INFO:colcon.colcon_core.task.python.build:Building Python package in '/home/u20/u20/ros2_topic_ws/src/pc_status'
[0.882s] INFO:colcon.colcon_core.shell:Skip shell extension 'powershell' for command environment: Not usable outside of PowerShell
[0.882s] DEBUG:colcon.colcon_core.shell:Skip shell extension 'dsv' for command environment
[1.205s] DEBUG:colcon.colcon_core.event_handler.log_command:Invoking command in '/home/u20/u20/ros2_topic_ws/src/pc_status': AMENT_PREFIX_PATH=/home/u20/u20/ros2_topic_ws/install/communication_interfaces:${AMENT_PREFIX_PATH} CMAKE_PREFIX_PATH=/home/u20/u20/ros2_topic_ws/install/communication_interfaces LD_LIBRARY_PATH=/home/u20/u20/ros2_topic_ws/install/communication_interfaces/lib:${LD_LIBRARY_PATH} PYTHONPATH=/home/u20/u20/ros2_topic_ws/build/pc_status/prefix_override:/usr/lib/python3/dist-packages/colcon_core/task/python/colcon_distutils_commands:/home/u20/u20/ros2_topic_ws/install/pc_status/lib/python3.8/site-packages:/home/u20/u20/ros2_topic_ws/install/communication_interfaces/lib/python3.8/site-packages:${PYTHONPATH} /usr/bin/python3 -W ignore:setup.py install is deprecated -W ignore:easy_install command is deprecated setup.py egg_info --egg-base ../../build/pc_status build --build-base /home/u20/u20/ros2_topic_ws/build/pc_status/build install --record /home/u20/u20/ros2_topic_ws/build/pc_status/install.log --install-scripts $base/lib/pc_status --single-version-externally-managed install_data
[1.456s] Level 1:colcon.colcon_core.environment:checking '/home/u20/u20/ros2_topic_ws/install/pc_status' for CMake module files
[1.457s] DEBUG:colcon.colcon_core.event_handler.log_command:Invoked command in '/home/u20/u20/ros2_topic_ws/src/pc_status' returned '0': AMENT_PREFIX_PATH=/home/u20/u20/ros2_topic_ws/install/communication_interfaces:${AMENT_PREFIX_PATH} CMAKE_PREFIX_PATH=/home/u20/u20/ros2_topic_ws/install/communication_interfaces LD_LIBRARY_PATH=/home/u20/u20/ros2_topic_ws/install/communication_interfaces/lib:${LD_LIBRARY_PATH} PYTHONPATH=/home/u20/u20/ros2_topic_ws/build/pc_status/prefix_override:/usr/lib/python3/dist-packages/colcon_core/task/python/colcon_distutils_commands:/home/u20/u20/ros2_topic_ws/install/pc_status/lib/python3.8/site-packages:/home/u20/u20/ros2_topic_ws/install/communication_interfaces/lib/python3.8/site-packages:${PYTHONPATH} /usr/bin/python3 -W ignore:setup.py install is deprecated -W ignore:easy_install command is deprecated setup.py egg_info --egg-base ../../build/pc_status build --build-base /home/u20/u20/ros2_topic_ws/build/pc_status/build install --record /home/u20/u20/ros2_topic_ws/build/pc_status/install.log --install-scripts $base/lib/pc_status --single-version-externally-managed install_data
[1.457s] Level 1:colcon.colcon_core.environment:checking '/home/u20/u20/ros2_topic_ws/install/pc_status' for CMake config files
[1.458s] Level 1:colcon.colcon_core.environment:checking '/home/u20/u20/ros2_topic_ws/install/pc_status/lib'
[1.458s] Level 1:colcon.colcon_core.environment:checking '/home/u20/u20/ros2_topic_ws/install/pc_status/bin'
[1.458s] Level 1:colcon.colcon_core.environment:checking '/home/u20/u20/ros2_topic_ws/install/pc_status/lib/pkgconfig/pc_status.pc'
[1.458s] Level 1:colcon.colcon_core.environment:checking '/home/u20/u20/ros2_topic_ws/install/pc_status/lib/python3.8/site-packages'
[1.458s] Level 1:colcon.colcon_core.shell:create_environment_hook('pc_status', 'pythonpath')
[1.459s] INFO:colcon.colcon_core.shell:Creating environment hook '/home/u20/u20/ros2_topic_ws/install/pc_status/share/pc_status/hook/pythonpath.ps1'
[1.459s] INFO:colcon.colcon_core.shell:Creating environment descriptor '/home/u20/u20/ros2_topic_ws/install/pc_status/share/pc_status/hook/pythonpath.dsv'
[1.459s] INFO:colcon.colcon_core.shell:Creating environment hook '/home/u20/u20/ros2_topic_ws/install/pc_status/share/pc_status/hook/pythonpath.sh'
[1.460s] Level 1:colcon.colcon_core.environment:checking '/home/u20/u20/ros2_topic_ws/install/pc_status/bin'
[1.460s] Level 1:colcon.colcon_core.environment:create_environment_scripts_only(pc_status)
[1.460s] INFO:colcon.colcon_core.shell:Creating package script '/home/u20/u20/ros2_topic_ws/install/pc_status/share/pc_status/package.ps1'
[1.461s] INFO:colcon.colcon_core.shell:Creating package descriptor '/home/u20/u20/ros2_topic_ws/install/pc_status/share/pc_status/package.dsv'
[1.461s] INFO:colcon.colcon_core.shell:Creating package script '/home/u20/u20/ros2_topic_ws/install/pc_status/share/pc_status/package.sh'
[1.461s] INFO:colcon.colcon_core.shell:Creating package script '/home/u20/u20/ros2_topic_ws/install/pc_status/share/pc_status/package.bash'
[1.462s] INFO:colcon.colcon_core.shell:Creating package script '/home/u20/u20/ros2_topic_ws/install/pc_status/share/pc_status/package.zsh'
[1.462s] Level 1:colcon.colcon_core.environment:create_file_with_runtime_dependencies(/home/u20/u20/ros2_topic_ws/install/pc_status/share/colcon-core/packages/pc_status)
[1.462s] DEBUG:colcon.colcon_parallel_executor.executor.parallel:closing loop
[1.462s] DEBUG:colcon.colcon_parallel_executor.executor.parallel:loop closed
[1.462s] DEBUG:colcon.colcon_parallel_executor.executor.parallel:run_until_complete finished with '0'
[1.463s] DEBUG:colcon.colcon_core.event_reactor:joining thread
[1.468s] INFO:colcon.colcon_core.plugin_system:Skipping extension 'colcon_notification.desktop_notification.terminal_notifier': Not used on non-Darwin systems
[1.468s] INFO:colcon.colcon_core.plugin_system:Skipping extension 'colcon_notification.desktop_notification.win32': Not used on non-Windows systems
[1.468s] INFO:colcon.colcon_notification.desktop_notification:Sending desktop notification using 'notify2'
[1.483s] DEBUG:colcon.colcon_core.event_reactor:joined thread
[1.483s] INFO:colcon.colcon_core.shell:Creating prefix script '/home/u20/u20/ros2_topic_ws/install/local_setup.ps1'
[1.484s] INFO:colcon.colcon_core.shell:Creating prefix util module '/home/u20/u20/ros2_topic_ws/install/_local_setup_util_ps1.py'
[1.486s] INFO:colcon.colcon_core.shell:Creating prefix chain script '/home/u20/u20/ros2_topic_ws/install/setup.ps1'
[1.488s] INFO:colcon.colcon_core.shell:Creating prefix script '/home/u20/u20/ros2_topic_ws/install/local_setup.sh'
[1.488s] INFO:colcon.colcon_core.shell:Creating prefix util module '/home/u20/u20/ros2_topic_ws/install/_local_setup_util_sh.py'
[1.489s] INFO:colcon.colcon_core.shell:Creating prefix chain script '/home/u20/u20/ros2_topic_ws/install/setup.sh'
[1.490s] INFO:colcon.colcon_core.shell:Creating prefix script '/home/u20/u20/ros2_topic_ws/install/local_setup.bash'
[1.490s] INFO:colcon.colcon_core.shell:Creating prefix chain script '/home/u20/u20/ros2_topic_ws/install/setup.bash'
[1.491s] INFO:colcon.colcon_core.shell:Creating prefix script '/home/u20/u20/ros2_topic_ws/install/local_setup.zsh'
[1.491s] INFO:colcon.colcon_core.shell:Creating prefix chain script '/home/u20/u20/ros2_topic_ws/install/setup.zsh'
