[0.161s] DEBUG:colcon:Command line arguments: ['/usr/bin/colcon', 'build']
[0.161s] DEBUG:colcon:Parsed command line arguments: Namespace(allow_overriding=[], ament_cmake_args=None, base_paths=['.'], build_base='build', catkin_cmake_args=None, catkin_skip_building_tests=False, cmake_args=None, cmake_clean_cache=False, cmake_clean_first=False, cmake_force_configure=False, cmake_target=None, cmake_target_skip_unavailable=False, continue_on_error=False, event_handlers=None, executor='parallel', ignore_user_meta=False, install_base='install', log_base=None, log_level=None, main=<bound method BuildVerb.main of <colcon_core.verb.build.BuildVerb object at 0x7f04d1c5b2e0>>, merge_install=False, metas=['./colcon.meta'], packages_above=None, packages_above_and_dependencies=None, packages_above_depth=None, packages_end=None, packages_ignore=None, packages_ignore_regex=None, packages_select=None, packages_select_build_failed=False, packages_select_by_dep=None, packages_select_regex=None, packages_select_test_failures=False, packages_skip=None, packages_skip_build_finished=False, packages_skip_by_dep=None, packages_skip_regex=None, packages_skip_test_passed=False, packages_skip_up_to=None, packages_start=None, packages_up_to=None, packages_up_to_regex=None, parallel_workers=12, paths=None, symlink_install=False, test_result_base=None, verb_extension=<colcon_core.verb.build.BuildVerb object at 0x7f04d1c5b2e0>, verb_name='build', verb_parser=<colcon_defaults.argument_parser.defaults.DefaultArgumentsDecorator object at 0x7f04d1c5b7c0>)
[0.284s] Level 1:colcon.colcon_core.package_discovery:discover_packages(colcon_meta) check parameters
[0.284s] Level 1:colcon.colcon_core.package_discovery:discover_packages(recursive) check parameters
[0.284s] Level 1:colcon.colcon_core.package_discovery:discover_packages(ignore) check parameters
[0.284s] Level 1:colcon.colcon_core.package_discovery:discover_packages(path) check parameters
[0.284s] Level 1:colcon.colcon_core.package_discovery:discover_packages(colcon_meta) discover
[0.284s] Level 1:colcon.colcon_core.package_discovery:discover_packages(recursive) discover
[0.284s] INFO:colcon.colcon_core.package_discovery:Crawling recursively for packages in '/home/u20/u20/ros2_topic_ws'
[0.284s] Level 1:colcon.colcon_core.package_identification:_identify(.) by extensions ['ignore', 'ignore_ament_install']
[0.285s] Level 1:colcon.colcon_core.package_identification:_identify(.) by extension 'ignore'
[0.285s] Level 1:colcon.colcon_core.package_identification:_identify(.) by extension 'ignore_ament_install'
[0.285s] Level 1:colcon.colcon_core.package_identification:_identify(.) by extensions ['colcon_pkg']
[0.285s] Level 1:colcon.colcon_core.package_identification:_identify(.) by extension 'colcon_pkg'
[0.285s] Level 1:colcon.colcon_core.package_identification:_identify(.) by extensions ['colcon_meta']
[0.285s] Level 1:colcon.colcon_core.package_identification:_identify(.) by extension 'colcon_meta'
[0.285s] Level 1:colcon.colcon_core.package_identification:_identify(.) by extensions ['ros']
[0.285s] Level 1:colcon.colcon_core.package_identification:_identify(.) by extension 'ros'
[0.294s] Level 1:colcon.colcon_core.package_identification:_identify(.) by extensions ['cmake', 'python']
[0.294s] Level 1:colcon.colcon_core.package_identification:_identify(.) by extension 'cmake'
[0.294s] Level 1:colcon.colcon_core.package_identification:_identify(.) by extension 'python'
[0.294s] Level 1:colcon.colcon_core.package_identification:_identify(.) by extensions ['python_setup_py']
[0.294s] Level 1:colcon.colcon_core.package_identification:_identify(.) by extension 'python_setup_py'
[0.294s] Level 1:colcon.colcon_core.package_identification:_identify(build) by extensions ['ignore', 'ignore_ament_install']
[0.294s] Level 1:colcon.colcon_core.package_identification:_identify(build) by extension 'ignore'
[0.294s] Level 1:colcon.colcon_core.package_identification:_identify(build) ignored
[0.294s] Level 1:colcon.colcon_core.package_identification:_identify(install) by extensions ['ignore', 'ignore_ament_install']
[0.294s] Level 1:colcon.colcon_core.package_identification:_identify(install) by extension 'ignore'
[0.294s] Level 1:colcon.colcon_core.package_identification:_identify(install) ignored
[0.294s] Level 1:colcon.colcon_core.package_identification:_identify(log) by extensions ['ignore', 'ignore_ament_install']
[0.295s] Level 1:colcon.colcon_core.package_identification:_identify(log) by extension 'ignore'
[0.295s] Level 1:colcon.colcon_core.package_identification:_identify(log) ignored
[0.295s] Level 1:colcon.colcon_core.package_identification:_identify(src) by extensions ['ignore', 'ignore_ament_install']
[0.295s] Level 1:colcon.colcon_core.package_identification:_identify(src) by extension 'ignore'
[0.295s] Level 1:colcon.colcon_core.package_identification:_identify(src) by extension 'ignore_ament_install'
[0.295s] Level 1:colcon.colcon_core.package_identification:_identify(src) by extensions ['colcon_pkg']
[0.295s] Level 1:colcon.colcon_core.package_identification:_identify(src) by extension 'colcon_pkg'
[0.295s] Level 1:colcon.colcon_core.package_identification:_identify(src) by extensions ['colcon_meta']
[0.295s] Level 1:colcon.colcon_core.package_identification:_identify(src) by extension 'colcon_meta'
[0.295s] Level 1:colcon.colcon_core.package_identification:_identify(src) by extensions ['ros']
[0.295s] Level 1:colcon.colcon_core.package_identification:_identify(src) by extension 'ros'
[0.295s] Level 1:colcon.colcon_core.package_identification:_identify(src) by extensions ['cmake', 'python']
[0.295s] Level 1:colcon.colcon_core.package_identification:_identify(src) by extension 'cmake'
[0.295s] Level 1:colcon.colcon_core.package_identification:_identify(src) by extension 'python'
[0.295s] Level 1:colcon.colcon_core.package_identification:_identify(src) by extensions ['python_setup_py']
[0.295s] Level 1:colcon.colcon_core.package_identification:_identify(src) by extension 'python_setup_py'
[0.295s] Level 1:colcon.colcon_core.package_identification:_identify(src/communication_interfaces) by extensions ['ignore', 'ignore_ament_install']
[0.295s] Level 1:colcon.colcon_core.package_identification:_identify(src/communication_interfaces) by extension 'ignore'
[0.295s] Level 1:colcon.colcon_core.package_identification:_identify(src/communication_interfaces) by extension 'ignore_ament_install'
[0.295s] Level 1:colcon.colcon_core.package_identification:_identify(src/communication_interfaces) by extensions ['colcon_pkg']
[0.295s] Level 1:colcon.colcon_core.package_identification:_identify(src/communication_interfaces) by extension 'colcon_pkg'
[0.295s] Level 1:colcon.colcon_core.package_identification:_identify(src/communication_interfaces) by extensions ['colcon_meta']
[0.296s] Level 1:colcon.colcon_core.package_identification:_identify(src/communication_interfaces) by extension 'colcon_meta'
[0.296s] Level 1:colcon.colcon_core.package_identification:_identify(src/communication_interfaces) by extensions ['ros']
[0.296s] Level 1:colcon.colcon_core.package_identification:_identify(src/communication_interfaces) by extension 'ros'
[0.298s] DEBUG:colcon.colcon_core.package_identification:Package 'src/communication_interfaces' with type 'ros.ament_cmake' and name 'communication_interfaces'
[0.298s] Level 1:colcon.colcon_core.package_discovery:discover_packages(recursive) using defaults
[0.298s] Level 1:colcon.colcon_core.package_discovery:discover_packages(ignore) discover
[0.298s] Level 1:colcon.colcon_core.package_discovery:discover_packages(ignore) using defaults
[0.298s] Level 1:colcon.colcon_core.package_discovery:discover_packages(path) discover
[0.298s] Level 1:colcon.colcon_core.package_discovery:discover_packages(path) using defaults
[0.310s] Level 1:colcon.colcon_core.package_discovery:discover_packages(prefix_path) check parameters
[0.310s] Level 1:colcon.colcon_core.package_discovery:discover_packages(prefix_path) discover
[0.312s] DEBUG:colcon.colcon_installed_package_information.package_discovery:Found 256 installed packages in /opt/ros/foxy
[0.313s] Level 1:colcon.colcon_core.package_discovery:discover_packages(prefix_path) using defaults
[0.369s] Level 5:colcon.colcon_core.verb:set package 'communication_interfaces' build argument 'cmake_args' from command line to 'None'
[0.369s] Level 5:colcon.colcon_core.verb:set package 'communication_interfaces' build argument 'cmake_target' from command line to 'None'
[0.369s] Level 5:colcon.colcon_core.verb:set package 'communication_interfaces' build argument 'cmake_target_skip_unavailable' from command line to 'False'
[0.369s] Level 5:colcon.colcon_core.verb:set package 'communication_interfaces' build argument 'cmake_clean_cache' from command line to 'False'
[0.369s] Level 5:colcon.colcon_core.verb:set package 'communication_interfaces' build argument 'cmake_clean_first' from command line to 'False'
[0.369s] Level 5:colcon.colcon_core.verb:set package 'communication_interfaces' build argument 'cmake_force_configure' from command line to 'False'
[0.369s] Level 5:colcon.colcon_core.verb:set package 'communication_interfaces' build argument 'ament_cmake_args' from command line to 'None'
[0.369s] Level 5:colcon.colcon_core.verb:set package 'communication_interfaces' build argument 'catkin_cmake_args' from command line to 'None'
[0.369s] Level 5:colcon.colcon_core.verb:set package 'communication_interfaces' build argument 'catkin_skip_building_tests' from command line to 'False'
[0.369s] DEBUG:colcon.colcon_core.verb:Building package 'communication_interfaces' with the following arguments: {'ament_cmake_args': None, 'build_base': '/home/u20/u20/ros2_topic_ws/build/communication_interfaces', 'catkin_cmake_args': None, 'catkin_skip_building_tests': False, 'cmake_args': None, 'cmake_clean_cache': False, 'cmake_clean_first': False, 'cmake_force_configure': False, 'cmake_target': None, 'cmake_target_skip_unavailable': False, 'install_base': '/home/u20/u20/ros2_topic_ws/install/communication_interfaces', 'merge_install': False, 'path': '/home/u20/u20/ros2_topic_ws/src/communication_interfaces', 'symlink_install': False, 'test_result_base': None}
[0.369s] INFO:colcon.colcon_core.executor:Executing jobs using 'parallel' executor
[0.370s] DEBUG:colcon.colcon_parallel_executor.executor.parallel:run_until_complete
[0.370s] INFO:colcon.colcon_ros.task.ament_cmake.build:Building ROS package in '/home/u20/u20/ros2_topic_ws/src/communication_interfaces' with build type 'ament_cmake'
[0.370s] INFO:colcon.colcon_cmake.task.cmake.build:Building CMake package in '/home/u20/u20/ros2_topic_ws/src/communication_interfaces'
[0.372s] INFO:colcon.colcon_core.plugin_system:Skipping extension 'colcon_core.shell.bat': Not used on non-Windows systems
[0.372s] INFO:colcon.colcon_core.shell:Skip shell extension 'powershell' for command environment: Not usable outside of PowerShell
[0.372s] DEBUG:colcon.colcon_core.shell:Skip shell extension 'dsv' for command environment
[0.381s] DEBUG:colcon.colcon_core.event_handler.log_command:Invoking command in '/home/u20/u20/ros2_topic_ws/build/communication_interfaces': CMAKE_PREFIX_PATH=/opt/ros/foxy /usr/bin/cmake /home/u20/u20/ros2_topic_ws/src/communication_interfaces -DCMAKE_INSTALL_PREFIX=/home/u20/u20/ros2_topic_ws/install/communication_interfaces
[1.829s] DEBUG:colcon.colcon_core.event_handler.log_command:Invoked command in '/home/u20/u20/ros2_topic_ws/build/communication_interfaces' returned '0': CMAKE_PREFIX_PATH=/opt/ros/foxy /usr/bin/cmake /home/u20/u20/ros2_topic_ws/src/communication_interfaces -DCMAKE_INSTALL_PREFIX=/home/u20/u20/ros2_topic_ws/install/communication_interfaces
[1.829s] DEBUG:colcon.colcon_core.event_handler.log_command:Invoking command in '/home/u20/u20/ros2_topic_ws/build/communication_interfaces': CMAKE_PREFIX_PATH=/opt/ros/foxy /usr/bin/cmake --build /home/u20/u20/ros2_topic_ws/build/communication_interfaces -- -j12 -l12
[4.492s] DEBUG:colcon.colcon_core.event_handler.log_command:Invoked command in '/home/u20/u20/ros2_topic_ws/build/communication_interfaces' returned '0': CMAKE_PREFIX_PATH=/opt/ros/foxy /usr/bin/cmake --build /home/u20/u20/ros2_topic_ws/build/communication_interfaces -- -j12 -l12
[4.506s] DEBUG:colcon.colcon_core.event_handler.log_command:Invoking command in '/home/u20/u20/ros2_topic_ws/build/communication_interfaces': CMAKE_PREFIX_PATH=/opt/ros/foxy /usr/bin/cmake --install /home/u20/u20/ros2_topic_ws/build/communication_interfaces
[4.564s] Level 1:colcon.colcon_core.environment:create_environment_scripts_only(communication_interfaces)
[4.565s] DEBUG:colcon.colcon_core.event_handler.log_command:Invoked command in '/home/u20/u20/ros2_topic_ws/build/communication_interfaces' returned '0': CMAKE_PREFIX_PATH=/opt/ros/foxy /usr/bin/cmake --install /home/u20/u20/ros2_topic_ws/build/communication_interfaces
[4.567s] Level 1:colcon.colcon_core.environment:checking '/home/u20/u20/ros2_topic_ws/install/communication_interfaces' for CMake module files
[4.568s] Level 1:colcon.colcon_core.environment:checking '/home/u20/u20/ros2_topic_ws/install/communication_interfaces' for CMake config files
[4.568s] Level 1:colcon.colcon_core.shell:create_environment_hook('communication_interfaces', 'cmake_prefix_path')
[4.569s] INFO:colcon.colcon_core.shell:Creating environment hook '/home/u20/u20/ros2_topic_ws/install/communication_interfaces/share/communication_interfaces/hook/cmake_prefix_path.ps1'
[4.570s] INFO:colcon.colcon_core.shell:Creating environment descriptor '/home/u20/u20/ros2_topic_ws/install/communication_interfaces/share/communication_interfaces/hook/cmake_prefix_path.dsv'
[4.570s] INFO:colcon.colcon_core.shell:Creating environment hook '/home/u20/u20/ros2_topic_ws/install/communication_interfaces/share/communication_interfaces/hook/cmake_prefix_path.sh'
[4.571s] Level 1:colcon.colcon_core.environment:checking '/home/u20/u20/ros2_topic_ws/install/communication_interfaces/lib'
[4.571s] Level 1:colcon.colcon_core.shell:create_environment_hook('communication_interfaces', 'ld_library_path_lib')
[4.572s] INFO:colcon.colcon_core.shell:Creating environment hook '/home/u20/u20/ros2_topic_ws/install/communication_interfaces/share/communication_interfaces/hook/ld_library_path_lib.ps1'
[4.572s] INFO:colcon.colcon_core.shell:Creating environment descriptor '/home/u20/u20/ros2_topic_ws/install/communication_interfaces/share/communication_interfaces/hook/ld_library_path_lib.dsv'
[4.572s] INFO:colcon.colcon_core.shell:Creating environment hook '/home/u20/u20/ros2_topic_ws/install/communication_interfaces/share/communication_interfaces/hook/ld_library_path_lib.sh'
[4.573s] Level 1:colcon.colcon_core.environment:checking '/home/u20/u20/ros2_topic_ws/install/communication_interfaces/bin'
[4.573s] Level 1:colcon.colcon_core.environment:checking '/home/u20/u20/ros2_topic_ws/install/communication_interfaces/lib/pkgconfig/communication_interfaces.pc'
[4.573s] Level 1:colcon.colcon_core.environment:checking '/home/u20/u20/ros2_topic_ws/install/communication_interfaces/lib/python3.8/site-packages'
[4.573s] Level 1:colcon.colcon_core.shell:create_environment_hook('communication_interfaces', 'pythonpath')
[4.573s] INFO:colcon.colcon_core.shell:Creating environment hook '/home/u20/u20/ros2_topic_ws/install/communication_interfaces/share/communication_interfaces/hook/pythonpath.ps1'
[4.573s] INFO:colcon.colcon_core.shell:Creating environment descriptor '/home/u20/u20/ros2_topic_ws/install/communication_interfaces/share/communication_interfaces/hook/pythonpath.dsv'
[4.574s] INFO:colcon.colcon_core.shell:Creating environment hook '/home/u20/u20/ros2_topic_ws/install/communication_interfaces/share/communication_interfaces/hook/pythonpath.sh'
[4.574s] Level 1:colcon.colcon_core.environment:checking '/home/u20/u20/ros2_topic_ws/install/communication_interfaces/bin'
[4.574s] INFO:colcon.colcon_core.shell:Creating package script '/home/u20/u20/ros2_topic_ws/install/communication_interfaces/share/communication_interfaces/package.ps1'
[4.575s] INFO:colcon.colcon_core.shell:Creating package descriptor '/home/u20/u20/ros2_topic_ws/install/communication_interfaces/share/communication_interfaces/package.dsv'
[4.576s] INFO:colcon.colcon_core.shell:Creating package script '/home/u20/u20/ros2_topic_ws/install/communication_interfaces/share/communication_interfaces/package.sh'
[4.577s] INFO:colcon.colcon_core.shell:Creating package script '/home/u20/u20/ros2_topic_ws/install/communication_interfaces/share/communication_interfaces/package.bash'
[4.577s] INFO:colcon.colcon_core.shell:Creating package script '/home/u20/u20/ros2_topic_ws/install/communication_interfaces/share/communication_interfaces/package.zsh'
[4.578s] Level 1:colcon.colcon_core.environment:create_file_with_runtime_dependencies(/home/u20/u20/ros2_topic_ws/install/communication_interfaces/share/colcon-core/packages/communication_interfaces)
[4.578s] Level 1:colcon.colcon_core.environment:create_environment_scripts_only(communication_interfaces)
[4.579s] Level 1:colcon.colcon_core.environment:checking '/home/u20/u20/ros2_topic_ws/install/communication_interfaces' for CMake module files
[4.579s] Level 1:colcon.colcon_core.environment:checking '/home/u20/u20/ros2_topic_ws/install/communication_interfaces' for CMake config files
[4.579s] Level 1:colcon.colcon_core.shell:create_environment_hook('communication_interfaces', 'cmake_prefix_path')
[4.579s] INFO:colcon.colcon_core.shell:Creating environment hook '/home/u20/u20/ros2_topic_ws/install/communication_interfaces/share/communication_interfaces/hook/cmake_prefix_path.ps1'
[4.580s] INFO:colcon.colcon_core.shell:Creating environment descriptor '/home/u20/u20/ros2_topic_ws/install/communication_interfaces/share/communication_interfaces/hook/cmake_prefix_path.dsv'
[4.580s] INFO:colcon.colcon_core.shell:Creating environment hook '/home/u20/u20/ros2_topic_ws/install/communication_interfaces/share/communication_interfaces/hook/cmake_prefix_path.sh'
[4.581s] Level 1:colcon.colcon_core.environment:checking '/home/u20/u20/ros2_topic_ws/install/communication_interfaces/lib'
[4.581s] Level 1:colcon.colcon_core.shell:create_environment_hook('communication_interfaces', 'ld_library_path_lib')
[4.581s] INFO:colcon.colcon_core.shell:Creating environment hook '/home/u20/u20/ros2_topic_ws/install/communication_interfaces/share/communication_interfaces/hook/ld_library_path_lib.ps1'
[4.581s] INFO:colcon.colcon_core.shell:Creating environment descriptor '/home/u20/u20/ros2_topic_ws/install/communication_interfaces/share/communication_interfaces/hook/ld_library_path_lib.dsv'
[4.582s] INFO:colcon.colcon_core.shell:Creating environment hook '/home/u20/u20/ros2_topic_ws/install/communication_interfaces/share/communication_interfaces/hook/ld_library_path_lib.sh'
[4.582s] Level 1:colcon.colcon_core.environment:checking '/home/u20/u20/ros2_topic_ws/install/communication_interfaces/bin'
[4.582s] Level 1:colcon.colcon_core.environment:checking '/home/u20/u20/ros2_topic_ws/install/communication_interfaces/lib/pkgconfig/communication_interfaces.pc'
[4.582s] Level 1:colcon.colcon_core.environment:checking '/home/u20/u20/ros2_topic_ws/install/communication_interfaces/lib/python3.8/site-packages'
[4.582s] Level 1:colcon.colcon_core.shell:create_environment_hook('communication_interfaces', 'pythonpath')
[4.583s] INFO:colcon.colcon_core.shell:Creating environment hook '/home/u20/u20/ros2_topic_ws/install/communication_interfaces/share/communication_interfaces/hook/pythonpath.ps1'
[4.583s] INFO:colcon.colcon_core.shell:Creating environment descriptor '/home/u20/u20/ros2_topic_ws/install/communication_interfaces/share/communication_interfaces/hook/pythonpath.dsv'
[4.583s] INFO:colcon.colcon_core.shell:Creating environment hook '/home/u20/u20/ros2_topic_ws/install/communication_interfaces/share/communication_interfaces/hook/pythonpath.sh'
[4.584s] Level 1:colcon.colcon_core.environment:checking '/home/u20/u20/ros2_topic_ws/install/communication_interfaces/bin'
[4.584s] INFO:colcon.colcon_core.shell:Creating package script '/home/u20/u20/ros2_topic_ws/install/communication_interfaces/share/communication_interfaces/package.ps1'
[4.585s] INFO:colcon.colcon_core.shell:Creating package descriptor '/home/u20/u20/ros2_topic_ws/install/communication_interfaces/share/communication_interfaces/package.dsv'
[4.585s] INFO:colcon.colcon_core.shell:Creating package script '/home/u20/u20/ros2_topic_ws/install/communication_interfaces/share/communication_interfaces/package.sh'
[4.586s] INFO:colcon.colcon_core.shell:Creating package script '/home/u20/u20/ros2_topic_ws/install/communication_interfaces/share/communication_interfaces/package.bash'
[4.587s] INFO:colcon.colcon_core.shell:Creating package script '/home/u20/u20/ros2_topic_ws/install/communication_interfaces/share/communication_interfaces/package.zsh'
[4.588s] Level 1:colcon.colcon_core.environment:create_file_with_runtime_dependencies(/home/u20/u20/ros2_topic_ws/install/communication_interfaces/share/colcon-core/packages/communication_interfaces)
[4.588s] DEBUG:colcon.colcon_parallel_executor.executor.parallel:closing loop
[4.588s] DEBUG:colcon.colcon_parallel_executor.executor.parallel:loop closed
[4.588s] DEBUG:colcon.colcon_parallel_executor.executor.parallel:run_until_complete finished with '0'
[4.589s] DEBUG:colcon.colcon_core.event_reactor:joining thread
[4.595s] INFO:colcon.colcon_core.plugin_system:Skipping extension 'colcon_notification.desktop_notification.terminal_notifier': Not used on non-Darwin systems
[4.595s] INFO:colcon.colcon_core.plugin_system:Skipping extension 'colcon_notification.desktop_notification.win32': Not used on non-Windows systems
[4.595s] INFO:colcon.colcon_notification.desktop_notification:Sending desktop notification using 'notify2'
[4.612s] DEBUG:colcon.colcon_core.event_reactor:joined thread
[4.613s] INFO:colcon.colcon_core.shell:Creating prefix script '/home/u20/u20/ros2_topic_ws/install/local_setup.ps1'
[4.615s] INFO:colcon.colcon_core.shell:Creating prefix util module '/home/u20/u20/ros2_topic_ws/install/_local_setup_util_ps1.py'
[4.616s] INFO:colcon.colcon_core.shell:Creating prefix chain script '/home/u20/u20/ros2_topic_ws/install/setup.ps1'
[4.617s] INFO:colcon.colcon_core.shell:Creating prefix script '/home/u20/u20/ros2_topic_ws/install/local_setup.sh'
[4.617s] INFO:colcon.colcon_core.shell:Creating prefix util module '/home/u20/u20/ros2_topic_ws/install/_local_setup_util_sh.py'
[4.618s] INFO:colcon.colcon_core.shell:Creating prefix chain script '/home/u20/u20/ros2_topic_ws/install/setup.sh'
[4.618s] INFO:colcon.colcon_core.shell:Creating prefix script '/home/u20/u20/ros2_topic_ws/install/local_setup.bash'
[4.619s] INFO:colcon.colcon_core.shell:Creating prefix chain script '/home/u20/u20/ros2_topic_ws/install/setup.bash'
[4.620s] INFO:colcon.colcon_core.shell:Creating prefix script '/home/u20/u20/ros2_topic_ws/install/local_setup.zsh'
[4.620s] INFO:colcon.colcon_core.shell:Creating prefix chain script '/home/u20/u20/ros2_topic_ws/install/setup.zsh'
