[0.157s] DEBUG:colcon:Command line arguments: ['/usr/bin/colcon', 'build']
[0.157s] DEBUG:colcon:Parsed command line arguments: Namespace(allow_overriding=[], ament_cmake_args=None, base_paths=['.'], build_base='build', catkin_cmake_args=None, catkin_skip_building_tests=False, cmake_args=None, cmake_clean_cache=False, cmake_clean_first=False, cmake_force_configure=False, cmake_target=None, cmake_target_skip_unavailable=False, continue_on_error=False, event_handlers=None, executor='parallel', ignore_user_meta=False, install_base='install', log_base=None, log_level=None, main=<bound method BuildVerb.main of <colcon_core.verb.build.BuildVerb object at 0x7f3d05ba2400>>, merge_install=False, metas=['./colcon.meta'], packages_above=None, packages_above_and_dependencies=None, packages_above_depth=None, packages_end=None, packages_ignore=None, packages_ignore_regex=None, packages_select=None, packages_select_build_failed=False, packages_select_by_dep=None, packages_select_regex=None, packages_select_test_failures=False, packages_skip=None, packages_skip_build_finished=False, packages_skip_by_dep=None, packages_skip_regex=None, packages_skip_test_passed=False, packages_skip_up_to=None, packages_start=None, packages_up_to=None, packages_up_to_regex=None, parallel_workers=12, paths=None, symlink_install=False, test_result_base=None, verb_extension=<colcon_core.verb.build.BuildVerb object at 0x7f3d05ba2400>, verb_name='build', verb_parser=<colcon_defaults.argument_parser.defaults.DefaultArgumentsDecorator object at 0x7f3d05ba28e0>)
[0.308s] Level 1:colcon.colcon_core.package_discovery:discover_packages(colcon_meta) check parameters
[0.308s] Level 1:colcon.colcon_core.package_discovery:discover_packages(recursive) check parameters
[0.308s] Level 1:colcon.colcon_core.package_discovery:discover_packages(ignore) check parameters
[0.308s] Level 1:colcon.colcon_core.package_discovery:discover_packages(path) check parameters
[0.308s] Level 1:colcon.colcon_core.package_discovery:discover_packages(colcon_meta) discover
[0.308s] Level 1:colcon.colcon_core.package_discovery:discover_packages(recursive) discover
[0.308s] INFO:colcon.colcon_core.package_discovery:Crawling recursively for packages in '/home/u20/u20/ros2_topic_ws'
[0.309s] Level 1:colcon.colcon_core.package_identification:_identify(.) by extensions ['ignore', 'ignore_ament_install']
[0.309s] Level 1:colcon.colcon_core.package_identification:_identify(.) by extension 'ignore'
[0.309s] Level 1:colcon.colcon_core.package_identification:_identify(.) by extension 'ignore_ament_install'
[0.309s] Level 1:colcon.colcon_core.package_identification:_identify(.) by extensions ['colcon_pkg']
[0.309s] Level 1:colcon.colcon_core.package_identification:_identify(.) by extension 'colcon_pkg'
[0.309s] Level 1:colcon.colcon_core.package_identification:_identify(.) by extensions ['colcon_meta']
[0.309s] Level 1:colcon.colcon_core.package_identification:_identify(.) by extension 'colcon_meta'
[0.309s] Level 1:colcon.colcon_core.package_identification:_identify(.) by extensions ['ros']
[0.309s] Level 1:colcon.colcon_core.package_identification:_identify(.) by extension 'ros'
[0.323s] Level 1:colcon.colcon_core.package_identification:_identify(.) by extensions ['cmake', 'python']
[0.323s] Level 1:colcon.colcon_core.package_identification:_identify(.) by extension 'cmake'
[0.323s] Level 1:colcon.colcon_core.package_identification:_identify(.) by extension 'python'
[0.323s] Level 1:colcon.colcon_core.package_identification:_identify(.) by extensions ['python_setup_py']
[0.323s] Level 1:colcon.colcon_core.package_identification:_identify(.) by extension 'python_setup_py'
[0.323s] Level 1:colcon.colcon_core.package_identification:_identify(build) by extensions ['ignore', 'ignore_ament_install']
[0.324s] Level 1:colcon.colcon_core.package_identification:_identify(build) by extension 'ignore'
[0.324s] Level 1:colcon.colcon_core.package_identification:_identify(build) ignored
[0.324s] Level 1:colcon.colcon_core.package_identification:_identify(install) by extensions ['ignore', 'ignore_ament_install']
[0.324s] Level 1:colcon.colcon_core.package_identification:_identify(install) by extension 'ignore'
[0.324s] Level 1:colcon.colcon_core.package_identification:_identify(install) ignored
[0.324s] Level 1:colcon.colcon_core.package_identification:_identify(log) by extensions ['ignore', 'ignore_ament_install']
[0.324s] Level 1:colcon.colcon_core.package_identification:_identify(log) by extension 'ignore'
[0.324s] Level 1:colcon.colcon_core.package_identification:_identify(log) ignored
[0.324s] Level 1:colcon.colcon_core.package_identification:_identify(src) by extensions ['ignore', 'ignore_ament_install']
[0.324s] Level 1:colcon.colcon_core.package_identification:_identify(src) by extension 'ignore'
[0.324s] Level 1:colcon.colcon_core.package_identification:_identify(src) by extension 'ignore_ament_install'
[0.324s] Level 1:colcon.colcon_core.package_identification:_identify(src) by extensions ['colcon_pkg']
[0.324s] Level 1:colcon.colcon_core.package_identification:_identify(src) by extension 'colcon_pkg'
[0.324s] Level 1:colcon.colcon_core.package_identification:_identify(src) by extensions ['colcon_meta']
[0.324s] Level 1:colcon.colcon_core.package_identification:_identify(src) by extension 'colcon_meta'
[0.324s] Level 1:colcon.colcon_core.package_identification:_identify(src) by extensions ['ros']
[0.324s] Level 1:colcon.colcon_core.package_identification:_identify(src) by extension 'ros'
[0.325s] Level 1:colcon.colcon_core.package_identification:_identify(src) by extensions ['cmake', 'python']
[0.325s] Level 1:colcon.colcon_core.package_identification:_identify(src) by extension 'cmake'
[0.325s] Level 1:colcon.colcon_core.package_identification:_identify(src) by extension 'python'
[0.325s] Level 1:colcon.colcon_core.package_identification:_identify(src) by extensions ['python_setup_py']
[0.325s] Level 1:colcon.colcon_core.package_identification:_identify(src) by extension 'python_setup_py'
[0.325s] Level 1:colcon.colcon_core.package_identification:_identify(src/communication_interfaces) by extensions ['ignore', 'ignore_ament_install']
[0.325s] Level 1:colcon.colcon_core.package_identification:_identify(src/communication_interfaces) by extension 'ignore'
[0.325s] Level 1:colcon.colcon_core.package_identification:_identify(src/communication_interfaces) by extension 'ignore_ament_install'
[0.325s] Level 1:colcon.colcon_core.package_identification:_identify(src/communication_interfaces) by extensions ['colcon_pkg']
[0.325s] Level 1:colcon.colcon_core.package_identification:_identify(src/communication_interfaces) by extension 'colcon_pkg'
[0.325s] Level 1:colcon.colcon_core.package_identification:_identify(src/communication_interfaces) by extensions ['colcon_meta']
[0.325s] Level 1:colcon.colcon_core.package_identification:_identify(src/communication_interfaces) by extension 'colcon_meta'
[0.325s] Level 1:colcon.colcon_core.package_identification:_identify(src/communication_interfaces) by extensions ['ros']
[0.325s] Level 1:colcon.colcon_core.package_identification:_identify(src/communication_interfaces) by extension 'ros'
[0.329s] DEBUG:colcon.colcon_core.package_identification:Package 'src/communication_interfaces' with type 'ros.ament_cmake' and name 'communication_interfaces'
[0.329s] Level 1:colcon.colcon_core.package_identification:_identify(src/pc_status) by extensions ['ignore', 'ignore_ament_install']
[0.329s] Level 1:colcon.colcon_core.package_identification:_identify(src/pc_status) by extension 'ignore'
[0.330s] Level 1:colcon.colcon_core.package_identification:_identify(src/pc_status) by extension 'ignore_ament_install'
[0.330s] Level 1:colcon.colcon_core.package_identification:_identify(src/pc_status) by extensions ['colcon_pkg']
[0.330s] Level 1:colcon.colcon_core.package_identification:_identify(src/pc_status) by extension 'colcon_pkg'
[0.330s] Level 1:colcon.colcon_core.package_identification:_identify(src/pc_status) by extensions ['colcon_meta']
[0.330s] Level 1:colcon.colcon_core.package_identification:_identify(src/pc_status) by extension 'colcon_meta'
[0.330s] Level 1:colcon.colcon_core.package_identification:_identify(src/pc_status) by extensions ['ros']
[0.330s] Level 1:colcon.colcon_core.package_identification:_identify(src/pc_status) by extension 'ros'
[0.331s] DEBUG:colcon.colcon_core.package_identification:Package 'src/pc_status' with type 'ros.ament_python' and name 'pc_status'
[0.331s] Level 1:colcon.colcon_core.package_identification:_identify(src/status_sub) by extensions ['ignore', 'ignore_ament_install']
[0.331s] Level 1:colcon.colcon_core.package_identification:_identify(src/status_sub) by extension 'ignore'
[0.331s] Level 1:colcon.colcon_core.package_identification:_identify(src/status_sub) by extension 'ignore_ament_install'
[0.331s] Level 1:colcon.colcon_core.package_identification:_identify(src/status_sub) by extensions ['colcon_pkg']
[0.331s] Level 1:colcon.colcon_core.package_identification:_identify(src/status_sub) by extension 'colcon_pkg'
[0.331s] Level 1:colcon.colcon_core.package_identification:_identify(src/status_sub) by extensions ['colcon_meta']
[0.331s] Level 1:colcon.colcon_core.package_identification:_identify(src/status_sub) by extension 'colcon_meta'
[0.331s] Level 1:colcon.colcon_core.package_identification:_identify(src/status_sub) by extensions ['ros']
[0.331s] Level 1:colcon.colcon_core.package_identification:_identify(src/status_sub) by extension 'ros'
[0.332s] DEBUG:colcon.colcon_core.package_identification:Package 'src/status_sub' with type 'ros.ament_cmake' and name 'status_sub'
[0.332s] Level 1:colcon.colcon_core.package_discovery:discover_packages(recursive) using defaults
[0.332s] Level 1:colcon.colcon_core.package_discovery:discover_packages(ignore) discover
[0.332s] Level 1:colcon.colcon_core.package_discovery:discover_packages(ignore) using defaults
[0.332s] Level 1:colcon.colcon_core.package_discovery:discover_packages(path) discover
[0.332s] Level 1:colcon.colcon_core.package_discovery:discover_packages(path) using defaults
[0.352s] Level 1:colcon.colcon_core.package_discovery:discover_packages(prefix_path) check parameters
[0.352s] Level 1:colcon.colcon_core.package_discovery:discover_packages(prefix_path) discover
[0.355s] DEBUG:colcon.colcon_installed_package_information.package_discovery:Found 3 installed packages in /home/u20/u20/ros2_topic_ws/install
[0.356s] DEBUG:colcon.colcon_installed_package_information.package_discovery:Found 256 installed packages in /opt/ros/foxy
[0.358s] Level 1:colcon.colcon_core.package_discovery:discover_packages(prefix_path) using defaults
[0.474s] Level 5:colcon.colcon_core.verb:set package 'communication_interfaces' build argument 'cmake_args' from command line to 'None'
[0.474s] Level 5:colcon.colcon_core.verb:set package 'communication_interfaces' build argument 'cmake_target' from command line to 'None'
[0.474s] Level 5:colcon.colcon_core.verb:set package 'communication_interfaces' build argument 'cmake_target_skip_unavailable' from command line to 'False'
[0.474s] Level 5:colcon.colcon_core.verb:set package 'communication_interfaces' build argument 'cmake_clean_cache' from command line to 'False'
[0.474s] Level 5:colcon.colcon_core.verb:set package 'communication_interfaces' build argument 'cmake_clean_first' from command line to 'False'
[0.474s] Level 5:colcon.colcon_core.verb:set package 'communication_interfaces' build argument 'cmake_force_configure' from command line to 'False'
[0.474s] Level 5:colcon.colcon_core.verb:set package 'communication_interfaces' build argument 'ament_cmake_args' from command line to 'None'
[0.474s] Level 5:colcon.colcon_core.verb:set package 'communication_interfaces' build argument 'catkin_cmake_args' from command line to 'None'
[0.474s] Level 5:colcon.colcon_core.verb:set package 'communication_interfaces' build argument 'catkin_skip_building_tests' from command line to 'False'
[0.474s] DEBUG:colcon.colcon_core.verb:Building package 'communication_interfaces' with the following arguments: {'ament_cmake_args': None, 'build_base': '/home/u20/u20/ros2_topic_ws/build/communication_interfaces', 'catkin_cmake_args': None, 'catkin_skip_building_tests': False, 'cmake_args': None, 'cmake_clean_cache': False, 'cmake_clean_first': False, 'cmake_force_configure': False, 'cmake_target': None, 'cmake_target_skip_unavailable': False, 'install_base': '/home/u20/u20/ros2_topic_ws/install/communication_interfaces', 'merge_install': False, 'path': '/home/u20/u20/ros2_topic_ws/src/communication_interfaces', 'symlink_install': False, 'test_result_base': None}
[0.475s] Level 5:colcon.colcon_core.verb:set package 'pc_status' build argument 'cmake_args' from command line to 'None'
[0.475s] Level 5:colcon.colcon_core.verb:set package 'pc_status' build argument 'cmake_target' from command line to 'None'
[0.475s] Level 5:colcon.colcon_core.verb:set package 'pc_status' build argument 'cmake_target_skip_unavailable' from command line to 'False'
[0.475s] Level 5:colcon.colcon_core.verb:set package 'pc_status' build argument 'cmake_clean_cache' from command line to 'False'
[0.475s] Level 5:colcon.colcon_core.verb:set package 'pc_status' build argument 'cmake_clean_first' from command line to 'False'
[0.476s] Level 5:colcon.colcon_core.verb:set package 'pc_status' build argument 'cmake_force_configure' from command line to 'False'
[0.476s] Level 5:colcon.colcon_core.verb:set package 'pc_status' build argument 'ament_cmake_args' from command line to 'None'
[0.476s] Level 5:colcon.colcon_core.verb:set package 'pc_status' build argument 'catkin_cmake_args' from command line to 'None'
[0.476s] Level 5:colcon.colcon_core.verb:set package 'pc_status' build argument 'catkin_skip_building_tests' from command line to 'False'
[0.476s] DEBUG:colcon.colcon_core.verb:Building package 'pc_status' with the following arguments: {'ament_cmake_args': None, 'build_base': '/home/u20/u20/ros2_topic_ws/build/pc_status', 'catkin_cmake_args': None, 'catkin_skip_building_tests': False, 'cmake_args': None, 'cmake_clean_cache': False, 'cmake_clean_first': False, 'cmake_force_configure': False, 'cmake_target': None, 'cmake_target_skip_unavailable': False, 'install_base': '/home/u20/u20/ros2_topic_ws/install/pc_status', 'merge_install': False, 'path': '/home/u20/u20/ros2_topic_ws/src/pc_status', 'symlink_install': False, 'test_result_base': None}
[0.477s] Level 5:colcon.colcon_core.verb:set package 'status_sub' build argument 'cmake_args' from command line to 'None'
[0.477s] Level 5:colcon.colcon_core.verb:set package 'status_sub' build argument 'cmake_target' from command line to 'None'
[0.477s] Level 5:colcon.colcon_core.verb:set package 'status_sub' build argument 'cmake_target_skip_unavailable' from command line to 'False'
[0.477s] Level 5:colcon.colcon_core.verb:set package 'status_sub' build argument 'cmake_clean_cache' from command line to 'False'
[0.477s] Level 5:colcon.colcon_core.verb:set package 'status_sub' build argument 'cmake_clean_first' from command line to 'False'
[0.477s] Level 5:colcon.colcon_core.verb:set package 'status_sub' build argument 'cmake_force_configure' from command line to 'False'
[0.477s] Level 5:colcon.colcon_core.verb:set package 'status_sub' build argument 'ament_cmake_args' from command line to 'None'
[0.477s] Level 5:colcon.colcon_core.verb:set package 'status_sub' build argument 'catkin_cmake_args' from command line to 'None'
[0.477s] Level 5:colcon.colcon_core.verb:set package 'status_sub' build argument 'catkin_skip_building_tests' from command line to 'False'
[0.477s] DEBUG:colcon.colcon_core.verb:Building package 'status_sub' with the following arguments: {'ament_cmake_args': None, 'build_base': '/home/u20/u20/ros2_topic_ws/build/status_sub', 'catkin_cmake_args': None, 'catkin_skip_building_tests': False, 'cmake_args': None, 'cmake_clean_cache': False, 'cmake_clean_first': False, 'cmake_force_configure': False, 'cmake_target': None, 'cmake_target_skip_unavailable': False, 'install_base': '/home/u20/u20/ros2_topic_ws/install/status_sub', 'merge_install': False, 'path': '/home/u20/u20/ros2_topic_ws/src/status_sub', 'symlink_install': False, 'test_result_base': None}
[0.478s] INFO:colcon.colcon_core.executor:Executing jobs using 'parallel' executor
[0.479s] DEBUG:colcon.colcon_parallel_executor.executor.parallel:run_until_complete
[0.479s] INFO:colcon.colcon_ros.task.ament_cmake.build:Building ROS package in '/home/u20/u20/ros2_topic_ws/src/communication_interfaces' with build type 'ament_cmake'
[0.479s] INFO:colcon.colcon_cmake.task.cmake.build:Building CMake package in '/home/u20/u20/ros2_topic_ws/src/communication_interfaces'
[0.482s] INFO:colcon.colcon_core.plugin_system:Skipping extension 'colcon_core.shell.bat': Not used on non-Windows systems
[0.483s] INFO:colcon.colcon_core.shell:Skip shell extension 'powershell' for command environment: Not usable outside of PowerShell
[0.483s] DEBUG:colcon.colcon_core.shell:Skip shell extension 'dsv' for command environment
[0.507s] DEBUG:colcon.colcon_core.event_handler.log_command:Invoking command in '/home/u20/u20/ros2_topic_ws/build/communication_interfaces': CMAKE_PREFIX_PATH=${CMAKE_PREFIX_PATH}:/home/u20/u20/ros2_topic_ws/install/pc_status:/opt/ros/foxy /usr/bin/cmake --build /home/u20/u20/ros2_topic_ws/build/communication_interfaces -- -j12 -l12
[0.841s] DEBUG:colcon.colcon_core.event_handler.log_command:Invoked command in '/home/u20/u20/ros2_topic_ws/build/communication_interfaces' returned '0': CMAKE_PREFIX_PATH=${CMAKE_PREFIX_PATH}:/home/u20/u20/ros2_topic_ws/install/pc_status:/opt/ros/foxy /usr/bin/cmake --build /home/u20/u20/ros2_topic_ws/build/communication_interfaces -- -j12 -l12
[0.860s] DEBUG:colcon.colcon_core.event_handler.log_command:Invoking command in '/home/u20/u20/ros2_topic_ws/build/communication_interfaces': CMAKE_PREFIX_PATH=${CMAKE_PREFIX_PATH}:/home/u20/u20/ros2_topic_ws/install/pc_status:/opt/ros/foxy /usr/bin/cmake --install /home/u20/u20/ros2_topic_ws/build/communication_interfaces
[0.940s] Level 1:colcon.colcon_core.environment:create_environment_scripts_only(communication_interfaces)
[0.942s] DEBUG:colcon.colcon_core.event_handler.log_command:Invoked command in '/home/u20/u20/ros2_topic_ws/build/communication_interfaces' returned '0': CMAKE_PREFIX_PATH=${CMAKE_PREFIX_PATH}:/home/u20/u20/ros2_topic_ws/install/pc_status:/opt/ros/foxy /usr/bin/cmake --install /home/u20/u20/ros2_topic_ws/build/communication_interfaces
[0.945s] Level 1:colcon.colcon_core.environment:checking '/home/u20/u20/ros2_topic_ws/install/communication_interfaces' for CMake module files
[0.947s] Level 1:colcon.colcon_core.environment:checking '/home/u20/u20/ros2_topic_ws/install/communication_interfaces' for CMake config files
[0.947s] Level 1:colcon.colcon_core.shell:create_environment_hook('communication_interfaces', 'cmake_prefix_path')
[0.947s] INFO:colcon.colcon_core.shell:Creating environment hook '/home/u20/u20/ros2_topic_ws/install/communication_interfaces/share/communication_interfaces/hook/cmake_prefix_path.ps1'
[0.948s] INFO:colcon.colcon_core.shell:Creating environment descriptor '/home/u20/u20/ros2_topic_ws/install/communication_interfaces/share/communication_interfaces/hook/cmake_prefix_path.dsv'
[0.949s] INFO:colcon.colcon_core.shell:Creating environment hook '/home/u20/u20/ros2_topic_ws/install/communication_interfaces/share/communication_interfaces/hook/cmake_prefix_path.sh'
[0.952s] Level 1:colcon.colcon_core.environment:checking '/home/u20/u20/ros2_topic_ws/install/communication_interfaces/lib'
[0.953s] Level 1:colcon.colcon_core.shell:create_environment_hook('communication_interfaces', 'ld_library_path_lib')
[0.953s] INFO:colcon.colcon_core.shell:Creating environment hook '/home/u20/u20/ros2_topic_ws/install/communication_interfaces/share/communication_interfaces/hook/ld_library_path_lib.ps1'
[0.955s] INFO:colcon.colcon_core.shell:Creating environment descriptor '/home/u20/u20/ros2_topic_ws/install/communication_interfaces/share/communication_interfaces/hook/ld_library_path_lib.dsv'
[0.955s] INFO:colcon.colcon_core.shell:Creating environment hook '/home/u20/u20/ros2_topic_ws/install/communication_interfaces/share/communication_interfaces/hook/ld_library_path_lib.sh'
[0.956s] Level 1:colcon.colcon_core.environment:checking '/home/u20/u20/ros2_topic_ws/install/communication_interfaces/bin'
[0.956s] Level 1:colcon.colcon_core.environment:checking '/home/u20/u20/ros2_topic_ws/install/communication_interfaces/lib/pkgconfig/communication_interfaces.pc'
[0.956s] Level 1:colcon.colcon_core.environment:checking '/home/u20/u20/ros2_topic_ws/install/communication_interfaces/lib/python3.8/site-packages'
[0.957s] Level 1:colcon.colcon_core.shell:create_environment_hook('communication_interfaces', 'pythonpath')
[0.957s] INFO:colcon.colcon_core.shell:Creating environment hook '/home/u20/u20/ros2_topic_ws/install/communication_interfaces/share/communication_interfaces/hook/pythonpath.ps1'
[0.958s] INFO:colcon.colcon_core.shell:Creating environment descriptor '/home/u20/u20/ros2_topic_ws/install/communication_interfaces/share/communication_interfaces/hook/pythonpath.dsv'
[0.959s] INFO:colcon.colcon_core.shell:Creating environment hook '/home/u20/u20/ros2_topic_ws/install/communication_interfaces/share/communication_interfaces/hook/pythonpath.sh'
[0.959s] Level 1:colcon.colcon_core.environment:checking '/home/u20/u20/ros2_topic_ws/install/communication_interfaces/bin'
[0.960s] INFO:colcon.colcon_core.shell:Creating package script '/home/u20/u20/ros2_topic_ws/install/communication_interfaces/share/communication_interfaces/package.ps1'
[0.962s] INFO:colcon.colcon_core.shell:Creating package descriptor '/home/u20/u20/ros2_topic_ws/install/communication_interfaces/share/communication_interfaces/package.dsv'
[0.963s] INFO:colcon.colcon_core.shell:Creating package script '/home/u20/u20/ros2_topic_ws/install/communication_interfaces/share/communication_interfaces/package.sh'
[0.963s] INFO:colcon.colcon_core.shell:Creating package script '/home/u20/u20/ros2_topic_ws/install/communication_interfaces/share/communication_interfaces/package.bash'
[0.965s] INFO:colcon.colcon_core.shell:Creating package script '/home/u20/u20/ros2_topic_ws/install/communication_interfaces/share/communication_interfaces/package.zsh'
[0.965s] Level 1:colcon.colcon_core.environment:create_file_with_runtime_dependencies(/home/u20/u20/ros2_topic_ws/install/communication_interfaces/share/colcon-core/packages/communication_interfaces)
[0.967s] Level 1:colcon.colcon_core.environment:create_environment_scripts_only(communication_interfaces)
[0.967s] Level 1:colcon.colcon_core.environment:checking '/home/u20/u20/ros2_topic_ws/install/communication_interfaces' for CMake module files
[0.968s] Level 1:colcon.colcon_core.environment:checking '/home/u20/u20/ros2_topic_ws/install/communication_interfaces' for CMake config files
[0.968s] Level 1:colcon.colcon_core.shell:create_environment_hook('communication_interfaces', 'cmake_prefix_path')
[0.969s] INFO:colcon.colcon_core.shell:Creating environment hook '/home/u20/u20/ros2_topic_ws/install/communication_interfaces/share/communication_interfaces/hook/cmake_prefix_path.ps1'
[0.970s] INFO:colcon.colcon_core.shell:Creating environment descriptor '/home/u20/u20/ros2_topic_ws/install/communication_interfaces/share/communication_interfaces/hook/cmake_prefix_path.dsv'
[0.971s] INFO:colcon.colcon_core.shell:Creating environment hook '/home/u20/u20/ros2_topic_ws/install/communication_interfaces/share/communication_interfaces/hook/cmake_prefix_path.sh'
[0.971s] Level 1:colcon.colcon_core.environment:checking '/home/u20/u20/ros2_topic_ws/install/communication_interfaces/lib'
[0.971s] Level 1:colcon.colcon_core.shell:create_environment_hook('communication_interfaces', 'ld_library_path_lib')
[0.972s] INFO:colcon.colcon_core.shell:Creating environment hook '/home/u20/u20/ros2_topic_ws/install/communication_interfaces/share/communication_interfaces/hook/ld_library_path_lib.ps1'
[0.972s] INFO:colcon.colcon_core.shell:Creating environment descriptor '/home/u20/u20/ros2_topic_ws/install/communication_interfaces/share/communication_interfaces/hook/ld_library_path_lib.dsv'
[0.972s] INFO:colcon.colcon_core.shell:Creating environment hook '/home/u20/u20/ros2_topic_ws/install/communication_interfaces/share/communication_interfaces/hook/ld_library_path_lib.sh'
[0.973s] Level 1:colcon.colcon_core.environment:checking '/home/u20/u20/ros2_topic_ws/install/communication_interfaces/bin'
[0.973s] Level 1:colcon.colcon_core.environment:checking '/home/u20/u20/ros2_topic_ws/install/communication_interfaces/lib/pkgconfig/communication_interfaces.pc'
[0.973s] Level 1:colcon.colcon_core.environment:checking '/home/u20/u20/ros2_topic_ws/install/communication_interfaces/lib/python3.8/site-packages'
[0.973s] Level 1:colcon.colcon_core.shell:create_environment_hook('communication_interfaces', 'pythonpath')
[0.973s] INFO:colcon.colcon_core.shell:Creating environment hook '/home/u20/u20/ros2_topic_ws/install/communication_interfaces/share/communication_interfaces/hook/pythonpath.ps1'
[0.974s] INFO:colcon.colcon_core.shell:Creating environment descriptor '/home/u20/u20/ros2_topic_ws/install/communication_interfaces/share/communication_interfaces/hook/pythonpath.dsv'
[0.974s] INFO:colcon.colcon_core.shell:Creating environment hook '/home/u20/u20/ros2_topic_ws/install/communication_interfaces/share/communication_interfaces/hook/pythonpath.sh'
[0.975s] Level 1:colcon.colcon_core.environment:checking '/home/u20/u20/ros2_topic_ws/install/communication_interfaces/bin'
[0.975s] INFO:colcon.colcon_core.shell:Creating package script '/home/u20/u20/ros2_topic_ws/install/communication_interfaces/share/communication_interfaces/package.ps1'
[0.976s] INFO:colcon.colcon_core.shell:Creating package descriptor '/home/u20/u20/ros2_topic_ws/install/communication_interfaces/share/communication_interfaces/package.dsv'
[0.977s] INFO:colcon.colcon_core.shell:Creating package script '/home/u20/u20/ros2_topic_ws/install/communication_interfaces/share/communication_interfaces/package.sh'
[0.977s] INFO:colcon.colcon_core.shell:Creating package script '/home/u20/u20/ros2_topic_ws/install/communication_interfaces/share/communication_interfaces/package.bash'
[0.978s] INFO:colcon.colcon_core.shell:Creating package script '/home/u20/u20/ros2_topic_ws/install/communication_interfaces/share/communication_interfaces/package.zsh'
[0.979s] Level 1:colcon.colcon_core.environment:create_file_with_runtime_dependencies(/home/u20/u20/ros2_topic_ws/install/communication_interfaces/share/colcon-core/packages/communication_interfaces)
[0.979s] INFO:colcon.colcon_ros.task.ament_python.build:Building ROS package in '/home/u20/u20/ros2_topic_ws/src/pc_status' with build type 'ament_python'
[0.980s] Level 1:colcon.colcon_core.shell:create_environment_hook('pc_status', 'ament_prefix_path')
[0.980s] INFO:colcon.colcon_core.shell:Creating environment hook '/home/u20/u20/ros2_topic_ws/install/pc_status/share/pc_status/hook/ament_prefix_path.ps1'
[0.982s] INFO:colcon.colcon_core.shell:Creating environment descriptor '/home/u20/u20/ros2_topic_ws/install/pc_status/share/pc_status/hook/ament_prefix_path.dsv'
[0.982s] INFO:colcon.colcon_core.shell:Creating environment hook '/home/u20/u20/ros2_topic_ws/install/pc_status/share/pc_status/hook/ament_prefix_path.sh'
[0.984s] INFO:colcon.colcon_core.shell:Skip shell extension 'powershell' for command environment: Not usable outside of PowerShell
[0.984s] DEBUG:colcon.colcon_core.shell:Skip shell extension 'dsv' for command environment
[0.991s] INFO:colcon.colcon_ros.task.ament_cmake.build:Building ROS package in '/home/u20/u20/ros2_topic_ws/src/status_sub' with build type 'ament_cmake'
[0.992s] INFO:colcon.colcon_cmake.task.cmake.build:Building CMake package in '/home/u20/u20/ros2_topic_ws/src/status_sub'
[0.993s] INFO:colcon.colcon_core.shell:Skip shell extension 'powershell' for command environment: Not usable outside of PowerShell
[0.993s] DEBUG:colcon.colcon_core.shell:Skip shell extension 'dsv' for command environment
[1.358s] INFO:colcon.colcon_core.task.python.build:Building Python package in '/home/u20/u20/ros2_topic_ws/src/pc_status'
[1.359s] INFO:colcon.colcon_core.shell:Skip shell extension 'powershell' for command environment: Not usable outside of PowerShell
[1.360s] DEBUG:colcon.colcon_core.shell:Skip shell extension 'dsv' for command environment
[1.374s] DEBUG:colcon.colcon_core.event_handler.log_command:Invoking command in '/home/u20/u20/ros2_topic_ws/build/status_sub': CMAKE_PREFIX_PATH=/home/u20/u20/ros2_topic_ws/install/communication_interfaces:/home/u20/u20/ros2_topic_ws/install/status_sub:/home/u20/u20/ros2_topic_ws/install/pc_status:/opt/ros/foxy PYTHONPATH=/home/u20/u20/ros2_topic_ws/install/communication_interfaces/lib/python3.8/site-packages:/home/u20/u20/ros2_topic_ws/install/pc_status/lib/python3.8/site-packages:/opt/ros/foxy/lib/python3.8/site-packages /usr/bin/cmake --build /home/u20/u20/ros2_topic_ws/build/status_sub -- -j12 -l12
[1.503s] DEBUG:colcon.colcon_core.event_handler.log_command:Invoked command in '/home/u20/u20/ros2_topic_ws/build/status_sub' returned '0': CMAKE_PREFIX_PATH=/home/u20/u20/ros2_topic_ws/install/communication_interfaces:/home/u20/u20/ros2_topic_ws/install/status_sub:/home/u20/u20/ros2_topic_ws/install/pc_status:/opt/ros/foxy PYTHONPATH=/home/u20/u20/ros2_topic_ws/install/communication_interfaces/lib/python3.8/site-packages:/home/u20/u20/ros2_topic_ws/install/pc_status/lib/python3.8/site-packages:/opt/ros/foxy/lib/python3.8/site-packages /usr/bin/cmake --build /home/u20/u20/ros2_topic_ws/build/status_sub -- -j12 -l12
[1.511s] DEBUG:colcon.colcon_core.event_handler.log_command:Invoking command in '/home/u20/u20/ros2_topic_ws/build/status_sub': CMAKE_PREFIX_PATH=/home/u20/u20/ros2_topic_ws/install/communication_interfaces:/home/u20/u20/ros2_topic_ws/install/status_sub:/home/u20/u20/ros2_topic_ws/install/pc_status:/opt/ros/foxy PYTHONPATH=/home/u20/u20/ros2_topic_ws/install/communication_interfaces/lib/python3.8/site-packages:/home/u20/u20/ros2_topic_ws/install/pc_status/lib/python3.8/site-packages:/opt/ros/foxy/lib/python3.8/site-packages /usr/bin/cmake --install /home/u20/u20/ros2_topic_ws/build/status_sub
[1.530s] Level 1:colcon.colcon_core.environment:create_environment_scripts_only(status_sub)
[1.531s] Level 1:colcon.colcon_core.environment:checking '/home/u20/u20/ros2_topic_ws/install/status_sub' for CMake module files
[1.531s] DEBUG:colcon.colcon_core.event_handler.log_command:Invoked command in '/home/u20/u20/ros2_topic_ws/build/status_sub' returned '0': CMAKE_PREFIX_PATH=/home/u20/u20/ros2_topic_ws/install/communication_interfaces:/home/u20/u20/ros2_topic_ws/install/status_sub:/home/u20/u20/ros2_topic_ws/install/pc_status:/opt/ros/foxy PYTHONPATH=/home/u20/u20/ros2_topic_ws/install/communication_interfaces/lib/python3.8/site-packages:/home/u20/u20/ros2_topic_ws/install/pc_status/lib/python3.8/site-packages:/opt/ros/foxy/lib/python3.8/site-packages /usr/bin/cmake --install /home/u20/u20/ros2_topic_ws/build/status_sub
[1.532s] Level 1:colcon.colcon_core.environment:checking '/home/u20/u20/ros2_topic_ws/install/status_sub' for CMake config files
[1.532s] Level 1:colcon.colcon_core.shell:create_environment_hook('status_sub', 'cmake_prefix_path')
[1.532s] INFO:colcon.colcon_core.shell:Creating environment hook '/home/u20/u20/ros2_topic_ws/install/status_sub/share/status_sub/hook/cmake_prefix_path.ps1'
[1.533s] INFO:colcon.colcon_core.shell:Creating environment descriptor '/home/u20/u20/ros2_topic_ws/install/status_sub/share/status_sub/hook/cmake_prefix_path.dsv'
[1.534s] INFO:colcon.colcon_core.shell:Creating environment hook '/home/u20/u20/ros2_topic_ws/install/status_sub/share/status_sub/hook/cmake_prefix_path.sh'
[1.535s] Level 1:colcon.colcon_core.environment:checking '/home/u20/u20/ros2_topic_ws/install/status_sub/lib'
[1.535s] Level 1:colcon.colcon_core.environment:checking '/home/u20/u20/ros2_topic_ws/install/status_sub/bin'
[1.535s] Level 1:colcon.colcon_core.environment:checking '/home/u20/u20/ros2_topic_ws/install/status_sub/lib/pkgconfig/status_sub.pc'
[1.535s] Level 1:colcon.colcon_core.environment:checking '/home/u20/u20/ros2_topic_ws/install/status_sub/lib/python3.8/site-packages'
[1.536s] Level 1:colcon.colcon_core.environment:checking '/home/u20/u20/ros2_topic_ws/install/status_sub/bin'
[1.536s] INFO:colcon.colcon_core.shell:Creating package script '/home/u20/u20/ros2_topic_ws/install/status_sub/share/status_sub/package.ps1'
[1.537s] INFO:colcon.colcon_core.shell:Creating package descriptor '/home/u20/u20/ros2_topic_ws/install/status_sub/share/status_sub/package.dsv'
[1.537s] INFO:colcon.colcon_core.shell:Creating package script '/home/u20/u20/ros2_topic_ws/install/status_sub/share/status_sub/package.sh'
[1.538s] INFO:colcon.colcon_core.shell:Creating package script '/home/u20/u20/ros2_topic_ws/install/status_sub/share/status_sub/package.bash'
[1.538s] INFO:colcon.colcon_core.shell:Creating package script '/home/u20/u20/ros2_topic_ws/install/status_sub/share/status_sub/package.zsh'
[1.538s] Level 1:colcon.colcon_core.environment:create_file_with_runtime_dependencies(/home/u20/u20/ros2_topic_ws/install/status_sub/share/colcon-core/packages/status_sub)
[1.539s] Level 1:colcon.colcon_core.environment:create_environment_scripts_only(status_sub)
[1.539s] Level 1:colcon.colcon_core.environment:checking '/home/u20/u20/ros2_topic_ws/install/status_sub' for CMake module files
[1.539s] Level 1:colcon.colcon_core.environment:checking '/home/u20/u20/ros2_topic_ws/install/status_sub' for CMake config files
[1.540s] Level 1:colcon.colcon_core.shell:create_environment_hook('status_sub', 'cmake_prefix_path')
[1.540s] INFO:colcon.colcon_core.shell:Creating environment hook '/home/u20/u20/ros2_topic_ws/install/status_sub/share/status_sub/hook/cmake_prefix_path.ps1'
[1.540s] INFO:colcon.colcon_core.shell:Creating environment descriptor '/home/u20/u20/ros2_topic_ws/install/status_sub/share/status_sub/hook/cmake_prefix_path.dsv'
[1.541s] INFO:colcon.colcon_core.shell:Creating environment hook '/home/u20/u20/ros2_topic_ws/install/status_sub/share/status_sub/hook/cmake_prefix_path.sh'
[1.541s] Level 1:colcon.colcon_core.environment:checking '/home/u20/u20/ros2_topic_ws/install/status_sub/lib'
[1.541s] Level 1:colcon.colcon_core.environment:checking '/home/u20/u20/ros2_topic_ws/install/status_sub/bin'
[1.541s] Level 1:colcon.colcon_core.environment:checking '/home/u20/u20/ros2_topic_ws/install/status_sub/lib/pkgconfig/status_sub.pc'
[1.541s] Level 1:colcon.colcon_core.environment:checking '/home/u20/u20/ros2_topic_ws/install/status_sub/lib/python3.8/site-packages'
[1.541s] Level 1:colcon.colcon_core.environment:checking '/home/u20/u20/ros2_topic_ws/install/status_sub/bin'
[1.542s] INFO:colcon.colcon_core.shell:Creating package script '/home/u20/u20/ros2_topic_ws/install/status_sub/share/status_sub/package.ps1'
[1.543s] INFO:colcon.colcon_core.shell:Creating package descriptor '/home/u20/u20/ros2_topic_ws/install/status_sub/share/status_sub/package.dsv'
[1.544s] INFO:colcon.colcon_core.shell:Creating package script '/home/u20/u20/ros2_topic_ws/install/status_sub/share/status_sub/package.sh'
[1.544s] INFO:colcon.colcon_core.shell:Creating package script '/home/u20/u20/ros2_topic_ws/install/status_sub/share/status_sub/package.bash'
[1.544s] INFO:colcon.colcon_core.shell:Creating package script '/home/u20/u20/ros2_topic_ws/install/status_sub/share/status_sub/package.zsh'
[1.545s] Level 1:colcon.colcon_core.environment:create_file_with_runtime_dependencies(/home/u20/u20/ros2_topic_ws/install/status_sub/share/colcon-core/packages/status_sub)
[2.147s] DEBUG:colcon.colcon_core.event_handler.log_command:Invoking command in '/home/u20/u20/ros2_topic_ws/src/pc_status': CMAKE_PREFIX_PATH=/home/u20/u20/ros2_topic_ws/install/communication_interfaces:/home/u20/u20/ros2_topic_ws/install/status_sub PYTHONPATH=/home/u20/u20/ros2_topic_ws/build/pc_status/prefix_override:/usr/lib/python3/dist-packages/colcon_core/task/python/colcon_distutils_commands:/home/u20/u20/ros2_topic_ws/install/pc_status/lib/python3.8/site-packages:/home/u20/u20/ros2_topic_ws/install/communication_interfaces/lib/python3.8/site-packages:/home/u20/u20/ros2_topic_ws/install/pc_status/lib/python3.8/site-packages:/opt/ros/foxy/lib/python3.8/site-packages /usr/bin/python3 -W ignore:setup.py install is deprecated -W ignore:easy_install command is deprecated setup.py egg_info --egg-base ../../build/pc_status build --build-base /home/u20/u20/ros2_topic_ws/build/pc_status/build install --record /home/u20/u20/ros2_topic_ws/build/pc_status/install.log --install-scripts $base/lib/pc_status --single-version-externally-managed install_data
[2.573s] Level 1:colcon.colcon_core.environment:checking '/home/u20/u20/ros2_topic_ws/install/pc_status' for CMake module files
[2.574s] DEBUG:colcon.colcon_core.event_handler.log_command:Invoked command in '/home/u20/u20/ros2_topic_ws/src/pc_status' returned '0': CMAKE_PREFIX_PATH=/home/u20/u20/ros2_topic_ws/install/communication_interfaces:/home/u20/u20/ros2_topic_ws/install/status_sub PYTHONPATH=/home/u20/u20/ros2_topic_ws/build/pc_status/prefix_override:/usr/lib/python3/dist-packages/colcon_core/task/python/colcon_distutils_commands:/home/u20/u20/ros2_topic_ws/install/pc_status/lib/python3.8/site-packages:/home/u20/u20/ros2_topic_ws/install/communication_interfaces/lib/python3.8/site-packages:/home/u20/u20/ros2_topic_ws/install/pc_status/lib/python3.8/site-packages:/opt/ros/foxy/lib/python3.8/site-packages /usr/bin/python3 -W ignore:setup.py install is deprecated -W ignore:easy_install command is deprecated setup.py egg_info --egg-base ../../build/pc_status build --build-base /home/u20/u20/ros2_topic_ws/build/pc_status/build install --record /home/u20/u20/ros2_topic_ws/build/pc_status/install.log --install-scripts $base/lib/pc_status --single-version-externally-managed install_data
[2.575s] Level 1:colcon.colcon_core.environment:checking '/home/u20/u20/ros2_topic_ws/install/pc_status' for CMake config files
[2.576s] Level 1:colcon.colcon_core.environment:checking '/home/u20/u20/ros2_topic_ws/install/pc_status/lib'
[2.576s] Level 1:colcon.colcon_core.environment:checking '/home/u20/u20/ros2_topic_ws/install/pc_status/bin'
[2.576s] Level 1:colcon.colcon_core.environment:checking '/home/u20/u20/ros2_topic_ws/install/pc_status/lib/pkgconfig/pc_status.pc'
[2.576s] Level 1:colcon.colcon_core.environment:checking '/home/u20/u20/ros2_topic_ws/install/pc_status/lib/python3.8/site-packages'
[2.576s] Level 1:colcon.colcon_core.shell:create_environment_hook('pc_status', 'pythonpath')
[2.577s] INFO:colcon.colcon_core.shell:Creating environment hook '/home/u20/u20/ros2_topic_ws/install/pc_status/share/pc_status/hook/pythonpath.ps1'
[2.578s] INFO:colcon.colcon_core.shell:Creating environment descriptor '/home/u20/u20/ros2_topic_ws/install/pc_status/share/pc_status/hook/pythonpath.dsv'
[2.579s] INFO:colcon.colcon_core.shell:Creating environment hook '/home/u20/u20/ros2_topic_ws/install/pc_status/share/pc_status/hook/pythonpath.sh'
[2.579s] Level 1:colcon.colcon_core.environment:checking '/home/u20/u20/ros2_topic_ws/install/pc_status/bin'
[2.579s] Level 1:colcon.colcon_core.environment:create_environment_scripts_only(pc_status)
[2.580s] INFO:colcon.colcon_core.shell:Creating package script '/home/u20/u20/ros2_topic_ws/install/pc_status/share/pc_status/package.ps1'
[2.580s] INFO:colcon.colcon_core.shell:Creating package descriptor '/home/u20/u20/ros2_topic_ws/install/pc_status/share/pc_status/package.dsv'
[2.580s] INFO:colcon.colcon_core.shell:Creating package script '/home/u20/u20/ros2_topic_ws/install/pc_status/share/pc_status/package.sh'
[2.581s] INFO:colcon.colcon_core.shell:Creating package script '/home/u20/u20/ros2_topic_ws/install/pc_status/share/pc_status/package.bash'
[2.581s] INFO:colcon.colcon_core.shell:Creating package script '/home/u20/u20/ros2_topic_ws/install/pc_status/share/pc_status/package.zsh'
[2.582s] Level 1:colcon.colcon_core.environment:create_file_with_runtime_dependencies(/home/u20/u20/ros2_topic_ws/install/pc_status/share/colcon-core/packages/pc_status)
[2.582s] DEBUG:colcon.colcon_parallel_executor.executor.parallel:closing loop
[2.583s] DEBUG:colcon.colcon_parallel_executor.executor.parallel:loop closed
[2.583s] DEBUG:colcon.colcon_parallel_executor.executor.parallel:run_until_complete finished with '0'
[2.584s] DEBUG:colcon.colcon_core.event_reactor:joining thread
[2.596s] INFO:colcon.colcon_core.plugin_system:Skipping extension 'colcon_notification.desktop_notification.terminal_notifier': Not used on non-Darwin systems
[2.596s] INFO:colcon.colcon_core.plugin_system:Skipping extension 'colcon_notification.desktop_notification.win32': Not used on non-Windows systems
[2.596s] INFO:colcon.colcon_notification.desktop_notification:Sending desktop notification using 'notify2'
[2.626s] DEBUG:colcon.colcon_core.event_reactor:joined thread
[2.627s] INFO:colcon.colcon_core.shell:Creating prefix script '/home/u20/u20/ros2_topic_ws/install/local_setup.ps1'
[2.629s] INFO:colcon.colcon_core.shell:Creating prefix util module '/home/u20/u20/ros2_topic_ws/install/_local_setup_util_ps1.py'
[2.631s] INFO:colcon.colcon_core.shell:Creating prefix chain script '/home/u20/u20/ros2_topic_ws/install/setup.ps1'
[2.635s] INFO:colcon.colcon_core.shell:Creating prefix script '/home/u20/u20/ros2_topic_ws/install/local_setup.sh'
[2.636s] INFO:colcon.colcon_core.shell:Creating prefix util module '/home/u20/u20/ros2_topic_ws/install/_local_setup_util_sh.py'
[2.637s] INFO:colcon.colcon_core.shell:Creating prefix chain script '/home/u20/u20/ros2_topic_ws/install/setup.sh'
[2.638s] INFO:colcon.colcon_core.shell:Creating prefix script '/home/u20/u20/ros2_topic_ws/install/local_setup.bash'
[2.639s] INFO:colcon.colcon_core.shell:Creating prefix chain script '/home/u20/u20/ros2_topic_ws/install/setup.bash'
[2.642s] INFO:colcon.colcon_core.shell:Creating prefix script '/home/u20/u20/ros2_topic_ws/install/local_setup.zsh'
[2.644s] INFO:colcon.colcon_core.shell:Creating prefix chain script '/home/u20/u20/ros2_topic_ws/install/setup.zsh'
