-- Found ament_cmake: 0.9.12 (/opt/ros/foxy/share/ament_cmake/cmake)
-- Using PYTHON_EXECUTABLE: /usr/bin/python3
-- Found rclcpp: 2.4.3 (/opt/ros/foxy/share/rclcpp/cmake)
-- Using all available rosidl_typesupport_c: rosidl_typesupport_fastrtps_c;rosidl_typesupport_introspection_c
-- Found rosidl_adapter: 1.3.1 (/opt/ros/foxy/share/rosidl_adapter/cmake)
-- Using all available rosidl_typesupport_cpp: rosidl_typesupport_fastrtps_cpp;rosidl_typesupport_introspection_cpp
-- Found rmw_implementation_cmake: 1.0.4 (/opt/ros/foxy/share/rmw_implementation_cmake/cmake)
-- Using RMW implementation 'rmw_fastrtps_cpp' as default
-- Found sensor_msgs: 2.0.5 (/opt/ros/foxy/share/sensor_msgs/cmake)
-- Found communication_interfaces: 0.0.0 (/home/u20/u20/ros2_topic_ws/install/communication_interfaces/share/communication_interfaces/cmake)
-- Found ament_lint_auto: 0.9.8 (/opt/ros/foxy/share/ament_lint_auto/cmake)
-- Added test 'copyright' to check source files copyright and LICENSE
-- Added test 'cppcheck' to perform static code analysis on C / C++ code
-- Configured cppcheck include dirs: 
-- Configured cppcheck exclude dirs and/or files: 
-- Added test 'cpplint' to check C / C++ code against the Google style
-- Configured cpplint exclude dirs and/or files: 
-- Added test 'lint_cmake' to check CMake code style
-- Added test 'uncrustify' to check C / C++ code style
-- Configured uncrustify additional arguments: 
-- Added test 'xmllint' to check XML markup files
-- Configuring done
-- Generating done
-- Build files have been written to: /home/u20/u20/ros2_topic_ws/build/status_sub
[35m[1mScanning dependencies of target status_ui[0m
[ 50%] [32mBuilding CXX object CMakeFiles/status_ui.dir/src/status_ui.cpp.o[0m
[100%] [32m[1mLinking CXX executable status_ui[0m
[100%] Built target status_ui
-- Install configuration: ""
-- Installing: /home/u20/u20/ros2_topic_ws/install/status_sub/lib/status_sub/status_ui
-- Set runtime path of "/home/u20/u20/ros2_topic_ws/install/status_sub/lib/status_sub/status_ui" to ""
-- Up-to-date: /home/u20/u20/ros2_topic_ws/install/status_sub/share/ament_index/resource_index/package_run_dependencies/status_sub
-- Installing: /home/u20/u20/ros2_topic_ws/install/status_sub/share/ament_index/resource_index/parent_prefix_path/status_sub
-- Up-to-date: /home/u20/u20/ros2_topic_ws/install/status_sub/share/status_sub/environment/ament_prefix_path.sh
-- Installing: /home/u20/u20/ros2_topic_ws/install/status_sub/share/status_sub/environment/ament_prefix_path.dsv
-- Up-to-date: /home/u20/u20/ros2_topic_ws/install/status_sub/share/status_sub/environment/path.sh
-- Installing: /home/u20/u20/ros2_topic_ws/install/status_sub/share/status_sub/environment/path.dsv
-- Up-to-date: /home/u20/u20/ros2_topic_ws/install/status_sub/share/status_sub/local_setup.bash
-- Up-to-date: /home/u20/u20/ros2_topic_ws/install/status_sub/share/status_sub/local_setup.sh
-- Up-to-date: /home/u20/u20/ros2_topic_ws/install/status_sub/share/status_sub/local_setup.zsh
-- Installing: /home/u20/u20/ros2_topic_ws/install/status_sub/share/status_sub/local_setup.dsv
-- Installing: /home/u20/u20/ros2_topic_ws/install/status_sub/share/status_sub/package.dsv
-- Up-to-date: /home/u20/u20/ros2_topic_ws/install/status_sub/share/ament_index/resource_index/packages/status_sub
-- Up-to-date: /home/u20/u20/ros2_topic_ws/install/status_sub/share/status_sub/cmake/status_subConfig.cmake
-- Up-to-date: /home/u20/u20/ros2_topic_ws/install/status_sub/share/status_sub/cmake/status_subConfig-version.cmake
-- Up-to-date: /home/u20/u20/ros2_topic_ws/install/status_sub/share/status_sub/package.xml
