[0.020s] Invoking command in '/home/u20/rov-ros-2/ROS2_Coming/ros2_ws/build/communication_interfaces': CMAKE_PREFIX_PATH=/opt/ros/foxy /usr/bin/cmake /home/u20/rov-ros-2/ROS2_Coming/ros2_ws/src/communication_interfaces -DCMAKE_INSTALL_PREFIX=/home/u20/rov-ros-2/ROS2_Coming/ros2_ws/install/communication_interfaces
[0.155s] -- The C compiler identification is GNU 9.4.0
[0.321s] -- The CXX compiler identification is GNU 9.4.0
[0.328s] -- Check for working C compiler: /usr/bin/cc
[0.395s] -- Check for working C compiler: /usr/bin/cc -- works
[0.397s] -- Detecting C compiler ABI info
[0.464s] -- Detecting C compiler ABI info - done
[0.481s] -- Detecting C compile features
[0.481s] -- Detecting C compile features - done
[0.486s] -- Check for working CXX compiler: /usr/bin/c++
[0.566s] -- Check for working CXX compiler: /usr/bin/c++ -- works
[0.567s] -- Detecting CXX compiler ABI info
[0.639s] -- Detecting CXX compiler ABI info - done
[0.649s] -- Detecting CXX compile features
[0.650s] -- Detecting CXX compile features - done
[0.652s] -- Found ament_cmake: 0.9.12 (/opt/ros/foxy/share/ament_cmake/cmake)
[0.674s] -- Found PythonInterp: /usr/bin/python3 (found suitable version "3.8.10", minimum required is "3") 
[0.674s] -- Using PYTHON_EXECUTABLE: /usr/bin/python3
[0.866s] -- Found std_msgs: 2.0.5 (/opt/ros/foxy/share/std_msgs/cmake)
[0.896s] -- Using all available rosidl_typesupport_c: rosidl_typesupport_fastrtps_c;rosidl_typesupport_introspection_c
[0.903s] -- Found rosidl_adapter: 1.3.1 (/opt/ros/foxy/share/rosidl_adapter/cmake)
[0.999s] -- Found OpenSSL: /usr/lib/x86_64-linux-gnu/libcrypto.so (found version "1.1.1f")  
[1.043s] -- Found FastRTPS: /opt/ros/foxy/include  
[1.115s] -- Using all available rosidl_typesupport_cpp: rosidl_typesupport_fastrtps_cpp;rosidl_typesupport_introspection_cpp
[1.162s] -- Found sensor_msgs: 2.0.5 (/opt/ros/foxy/share/sensor_msgs/cmake)
[1.271s] -- Found rosidl_default_generators: 1.0.1 (/opt/ros/foxy/share/rosidl_default_generators/cmake)
[1.298s] -- Found PythonInterp: /usr/bin/python3 (found version "3.8.10") 
[1.439s] -- Found ament_cmake_ros: 0.9.2 (/opt/ros/foxy/share/ament_cmake_ros/cmake)
[1.609s] -- Using all available rosidl_typesupport_c: rosidl_typesupport_fastrtps_c;rosidl_typesupport_introspection_c
[1.667s] -- Using all available rosidl_typesupport_cpp: rosidl_typesupport_fastrtps_cpp;rosidl_typesupport_introspection_cpp
[1.691s] -- Found PythonInterp: /usr/bin/python3 (found suitable version "3.8.10", minimum required is "3.5") 
[1.692s] -- Found python_cmake_module: 0.8.1 (/opt/ros/foxy/share/python_cmake_module/cmake)
[1.721s] -- Found PythonLibs: /usr/lib/x86_64-linux-gnu/libpython3.8.so (found suitable version "3.8.10", minimum required is "3.5") 
[1.721s] -- Using PYTHON_EXECUTABLE: /usr/bin/python3
[1.721s] -- Using PYTHON_INCLUDE_DIRS: /usr/include/python3.8
[1.721s] -- Using PYTHON_LIBRARIES: /usr/lib/x86_64-linux-gnu/libpython3.8.so
[1.740s] -- Found PythonExtra: .so  
[1.791s] -- Found ament_lint_auto: 0.9.8 (/opt/ros/foxy/share/ament_lint_auto/cmake)
[1.815s] -- Added test 'copyright' to check source files copyright and LICENSE
[1.818s] -- Added test 'lint_cmake' to check CMake code style
[1.819s] -- Added test 'xmllint' to check XML markup files
[1.824s] -- Configuring done
[1.870s] -- Generating done
[1.888s] -- Build files have been written to: /home/u20/rov-ros-2/ROS2_Coming/ros2_ws/build/communication_interfaces
[1.895s] Invoked command in '/home/u20/rov-ros-2/ROS2_Coming/ros2_ws/build/communication_interfaces' returned '0': CMAKE_PREFIX_PATH=/opt/ros/foxy /usr/bin/cmake /home/u20/rov-ros-2/ROS2_Coming/ros2_ws/src/communication_interfaces -DCMAKE_INSTALL_PREFIX=/home/u20/rov-ros-2/ROS2_Coming/ros2_ws/install/communication_interfaces
[1.898s] Invoking command in '/home/u20/rov-ros-2/ROS2_Coming/ros2_ws/build/communication_interfaces': CMAKE_PREFIX_PATH=/opt/ros/foxy /usr/bin/cmake --build /home/u20/rov-ros-2/ROS2_Coming/ros2_ws/build/communication_interfaces -- -j12 -l12
[1.937s] [  2%] [34m[1mGenerating C code for ROS interfaces[0m
[1.937s] [35m[1mScanning dependencies of target communication_interfaces__cpp[0m
[1.946s] [  5%] [34m[1mGenerating C++ code for ROS interfaces[0m
[2.161s] [  5%] Built target communication_interfaces__cpp
[2.173s] [ 12%] [34m[1mGenerating C++ type support for eProsima Fast-RTPS[0m
[2.173s] [ 12%] [34m[1mGenerating C++ introspection for ROS interfaces[0m
[2.173s] [ 12%] [34m[1mGenerating C++ type support dispatch for ROS interfaces[0m
[2.175s] [35m[1mScanning dependencies of target communication_interfaces__rosidl_generator_c[0m
[2.189s] [ 15%] [32mBuilding C object CMakeFiles/communication_interfaces__rosidl_generator_c.dir/rosidl_generator_c/communication_interfaces/msg/detail/cabin_msg__functions.c.o[0m
[2.191s] [ 17%] [32mBuilding C object CMakeFiles/communication_interfaces__rosidl_generator_c.dir/rosidl_generator_c/communication_interfaces/msg/detail/thruster_msg__functions.c.o[0m
[2.245s] [ 20%] [32m[1mLinking C shared library libcommunication_interfaces__rosidl_generator_c.so[0m
[2.281s] [ 20%] Built target communication_interfaces__rosidl_generator_c
[2.291s] [ 25%] [34m[1mGenerating C introspection for ROS interfaces[0m
[2.291s] [ 25%] [34m[1mGenerating C type support dispatch for ROS interfaces[0m
[2.375s] [35m[1mScanning dependencies of target communication_interfaces__rosidl_typesupport_cpp[0m
[2.391s] [ 28%] [32mBuilding CXX object CMakeFiles/communication_interfaces__rosidl_typesupport_cpp.dir/rosidl_typesupport_cpp/communication_interfaces/msg/thruster_msg__type_support.cpp.o[0m
[2.391s] [ 30%] [32mBuilding CXX object CMakeFiles/communication_interfaces__rosidl_typesupport_cpp.dir/rosidl_typesupport_cpp/communication_interfaces/msg/cabin_msg__type_support.cpp.o[0m
[2.404s] [35m[1mScanning dependencies of target communication_interfaces__rosidl_typesupport_introspection_cpp[0m
[2.404s] [35m[1mScanning dependencies of target communication_interfaces__rosidl_typesupport_fastrtps_cpp[0m
[2.423s] [ 35%] [32mBuilding CXX object CMakeFiles/communication_interfaces__rosidl_typesupport_introspection_cpp.dir/rosidl_typesupport_introspection_cpp/communication_interfaces/msg/detail/cabin_msg__type_support.cpp.o[0m
[2.423s] [ 35%] [32mBuilding CXX object CMakeFiles/communication_interfaces__rosidl_typesupport_introspection_cpp.dir/rosidl_typesupport_introspection_cpp/communication_interfaces/msg/detail/thruster_msg__type_support.cpp.o[0m
[2.432s] [ 41%] [32mBuilding CXX object CMakeFiles/communication_interfaces__rosidl_typesupport_fastrtps_cpp.dir/rosidl_typesupport_fastrtps_cpp/communication_interfaces/msg/detail/dds_fastrtps/thruster_msg__type_support.cpp.o[0m
[2.433s] [ 41%] [32mBuilding CXX object CMakeFiles/communication_interfaces__rosidl_typesupport_fastrtps_cpp.dir/rosidl_typesupport_fastrtps_cpp/communication_interfaces/msg/detail/dds_fastrtps/cabin_msg__type_support.cpp.o[0m
[2.536s] [35m[1mScanning dependencies of target communication_interfaces__rosidl_typesupport_c[0m
[2.553s] [ 46%] [32mBuilding CXX object CMakeFiles/communication_interfaces__rosidl_typesupport_c.dir/rosidl_typesupport_c/communication_interfaces/msg/cabin_msg__type_support.cpp.o[0m
[2.553s] [ 46%] [32mBuilding CXX object CMakeFiles/communication_interfaces__rosidl_typesupport_c.dir/rosidl_typesupport_c/communication_interfaces/msg/thruster_msg__type_support.cpp.o[0m
[2.600s] [ 48%] [32m[1mLinking CXX shared library libcommunication_interfaces__rosidl_typesupport_c.so[0m
[2.628s] [35m[1mScanning dependencies of target communication_interfaces__rosidl_typesupport_introspection_c[0m
[2.642s] [ 51%] [32mBuilding C object CMakeFiles/communication_interfaces__rosidl_typesupport_introspection_c.dir/rosidl_typesupport_introspection_c/communication_interfaces/msg/detail/cabin_msg__type_support.c.o[0m
[2.646s] [ 53%] [32mBuilding C object CMakeFiles/communication_interfaces__rosidl_typesupport_introspection_c.dir/rosidl_typesupport_introspection_c/communication_interfaces/msg/detail/thruster_msg__type_support.c.o[0m
[2.659s] [ 53%] Built target communication_interfaces__rosidl_typesupport_c
[2.682s] [ 56%] [32m[1mLinking C shared library libcommunication_interfaces__rosidl_typesupport_introspection_c.so[0m
[2.717s] [ 56%] Built target communication_interfaces__rosidl_typesupport_introspection_c
[2.834s] [ 58%] [32m[1mLinking CXX shared library libcommunication_interfaces__rosidl_typesupport_cpp.so[0m
[2.845s] [ 61%] [32m[1mLinking CXX shared library libcommunication_interfaces__rosidl_typesupport_introspection_cpp.so[0m
[2.877s] [ 61%] Built target communication_interfaces__rosidl_typesupport_cpp
[2.904s] [ 61%] Built target communication_interfaces__rosidl_typesupport_introspection_cpp
[3.002s] [ 64%] [32m[1mLinking CXX shared library libcommunication_interfaces__rosidl_typesupport_fastrtps_cpp.so[0m
[3.075s] [ 64%] Built target communication_interfaces__rosidl_typesupport_fastrtps_cpp
[3.083s] [ 66%] [34m[1mGenerating C type support for eProsima Fast-RTPS[0m
[3.292s] [35m[1mScanning dependencies of target communication_interfaces__rosidl_typesupport_fastrtps_c[0m
[3.307s] [ 71%] [32mBuilding CXX object CMakeFiles/communication_interfaces__rosidl_typesupport_fastrtps_c.dir/rosidl_typesupport_fastrtps_c/communication_interfaces/msg/detail/cabin_msg__type_support_c.cpp.o[0m
[3.308s] [ 71%] [32mBuilding CXX object CMakeFiles/communication_interfaces__rosidl_typesupport_fastrtps_c.dir/rosidl_typesupport_fastrtps_c/communication_interfaces/msg/detail/thruster_msg__type_support_c.cpp.o[0m
[3.619s] [ 74%] [32m[1mLinking CXX shared library libcommunication_interfaces__rosidl_typesupport_fastrtps_c.so[0m
[3.693s] [ 74%] Built target communication_interfaces__rosidl_typesupport_fastrtps_c
[3.702s] [35m[1mScanning dependencies of target communication_interfaces[0m
[3.711s] [ 74%] Built target communication_interfaces
[3.722s] [35m[1mScanning dependencies of target communication_interfaces__py[0m
[3.734s] [ 76%] [34m[1mGenerating Python code for ROS interfaces[0m
[4.137s] [ 76%] Built target communication_interfaces__py
[4.146s] [35m[1mScanning dependencies of target communication_interfaces__python[0m
[4.174s] [ 82%] [32mBuilding C object CMakeFiles/communication_interfaces__python.dir/rosidl_generator_py/communication_interfaces/msg/_cabin_msg_s.c.o[0m
[4.175s] [ 82%] [32mBuilding C object CMakeFiles/communication_interfaces__python.dir/rosidl_generator_py/communication_interfaces/msg/_thruster_msg_s.c.o[0m
[4.259s] [ 84%] [32m[1mLinking C shared library rosidl_generator_py/communication_interfaces/libcommunication_interfaces__python.so[0m
[4.297s] [ 84%] Built target communication_interfaces__python
[4.305s] [35m[1mScanning dependencies of target communication_interfaces__rosidl_typesupport_c__pyext[0m
[4.306s] [35m[1mScanning dependencies of target communication_interfaces__rosidl_typesupport_introspection_c__pyext[0m
[4.306s] [35m[1mScanning dependencies of target communication_interfaces__rosidl_typesupport_fastrtps_c__pyext[0m
[4.326s] [ 87%] [32mBuilding C object CMakeFiles/communication_interfaces__rosidl_typesupport_c__pyext.dir/rosidl_generator_py/communication_interfaces/_communication_interfaces_s.ep.rosidl_typesupport_c.c.o[0m
[4.326s] [ 92%] [32mBuilding C object CMakeFiles/communication_interfaces__rosidl_typesupport_introspection_c__pyext.dir/rosidl_generator_py/communication_interfaces/_communication_interfaces_s.ep.rosidl_typesupport_introspection_c.c.o[0m
[4.326s] [ 92%] [32mBuilding C object CMakeFiles/communication_interfaces__rosidl_typesupport_fastrtps_c__pyext.dir/rosidl_generator_py/communication_interfaces/_communication_interfaces_s.ep.rosidl_typesupport_fastrtps_c.c.o[0m
[4.405s] [ 97%] [32m[1mLinking C shared library rosidl_generator_py/communication_interfaces/communication_interfaces_s__rosidl_typesupport_c.cpython-38-x86_64-linux-gnu.so[0m
[4.405s] [ 97%] [32m[1mLinking CXX shared library rosidl_generator_py/communication_interfaces/communication_interfaces_s__rosidl_typesupport_fastrtps_c.cpython-38-x86_64-linux-gnu.so[0m
[4.413s] [100%] [32m[1mLinking C shared library rosidl_generator_py/communication_interfaces/communication_interfaces_s__rosidl_typesupport_introspection_c.cpython-38-x86_64-linux-gnu.so[0m
[4.450s] [100%] Built target communication_interfaces__rosidl_typesupport_c__pyext
[4.460s] [100%] Built target communication_interfaces__rosidl_typesupport_introspection_c__pyext
[4.480s] [100%] Built target communication_interfaces__rosidl_typesupport_fastrtps_c__pyext
[4.491s] Invoked command in '/home/u20/rov-ros-2/ROS2_Coming/ros2_ws/build/communication_interfaces' returned '0': CMAKE_PREFIX_PATH=/opt/ros/foxy /usr/bin/cmake --build /home/u20/rov-ros-2/ROS2_Coming/ros2_ws/build/communication_interfaces -- -j12 -l12
[4.504s] Invoking command in '/home/u20/rov-ros-2/ROS2_Coming/ros2_ws/build/communication_interfaces': CMAKE_PREFIX_PATH=/opt/ros/foxy /usr/bin/cmake --install /home/u20/rov-ros-2/ROS2_Coming/ros2_ws/build/communication_interfaces
[4.513s] -- Install configuration: ""
[4.513s] -- Installing: /home/u20/rov-ros-2/ROS2_Coming/ros2_ws/install/communication_interfaces/share/ament_index/resource_index/rosidl_interfaces/communication_interfaces
[4.513s] -- Installing: /home/u20/rov-ros-2/ROS2_Coming/ros2_ws/install/communication_interfaces/include/communication_interfaces
[4.513s] -- Installing: /home/u20/rov-ros-2/ROS2_Coming/ros2_ws/install/communication_interfaces/include/communication_interfaces/msg
[4.514s] -- Installing: /home/u20/rov-ros-2/ROS2_Coming/ros2_ws/install/communication_interfaces/include/communication_interfaces/msg/cabin_msg.h
[4.514s] -- Installing: /home/u20/rov-ros-2/ROS2_Coming/ros2_ws/install/communication_interfaces/include/communication_interfaces/msg/detail
[4.514s] -- Installing: /home/u20/rov-ros-2/ROS2_Coming/ros2_ws/install/communication_interfaces/include/communication_interfaces/msg/detail/thruster_msg__struct.h
[4.514s] -- Installing: /home/u20/rov-ros-2/ROS2_Coming/ros2_ws/install/communication_interfaces/include/communication_interfaces/msg/detail/thruster_msg__functions.h
[4.514s] -- Installing: /home/u20/rov-ros-2/ROS2_Coming/ros2_ws/install/communication_interfaces/include/communication_interfaces/msg/detail/cabin_msg__functions.c
[4.514s] -- Installing: /home/u20/rov-ros-2/ROS2_Coming/ros2_ws/install/communication_interfaces/include/communication_interfaces/msg/detail/cabin_msg__struct.h
[4.514s] -- Installing: /home/u20/rov-ros-2/ROS2_Coming/ros2_ws/install/communication_interfaces/include/communication_interfaces/msg/detail/cabin_msg__functions.h
[4.514s] -- Installing: /home/u20/rov-ros-2/ROS2_Coming/ros2_ws/install/communication_interfaces/include/communication_interfaces/msg/detail/cabin_msg__type_support.h
[4.514s] -- Installing: /home/u20/rov-ros-2/ROS2_Coming/ros2_ws/install/communication_interfaces/include/communication_interfaces/msg/detail/thruster_msg__functions.c
[4.514s] -- Installing: /home/u20/rov-ros-2/ROS2_Coming/ros2_ws/install/communication_interfaces/include/communication_interfaces/msg/detail/thruster_msg__type_support.h
[4.514s] -- Installing: /home/u20/rov-ros-2/ROS2_Coming/ros2_ws/install/communication_interfaces/include/communication_interfaces/msg/rosidl_generator_c__visibility_control.h
[4.514s] -- Installing: /home/u20/rov-ros-2/ROS2_Coming/ros2_ws/install/communication_interfaces/include/communication_interfaces/msg/thruster_msg.h
[4.514s] -- Installing: /home/u20/rov-ros-2/ROS2_Coming/ros2_ws/install/communication_interfaces/share/communication_interfaces/environment/library_path.sh
[4.515s] -- Installing: /home/u20/rov-ros-2/ROS2_Coming/ros2_ws/install/communication_interfaces/share/communication_interfaces/environment/library_path.dsv
[4.515s] -- Installing: /home/u20/rov-ros-2/ROS2_Coming/ros2_ws/install/communication_interfaces/lib/libcommunication_interfaces__rosidl_generator_c.so
[4.515s] -- Set runtime path of "/home/u20/rov-ros-2/ROS2_Coming/ros2_ws/install/communication_interfaces/lib/libcommunication_interfaces__rosidl_generator_c.so" to ""
[4.515s] -- Up-to-date: /home/u20/rov-ros-2/ROS2_Coming/ros2_ws/install/communication_interfaces/include/communication_interfaces
[4.515s] -- Up-to-date: /home/u20/rov-ros-2/ROS2_Coming/ros2_ws/install/communication_interfaces/include/communication_interfaces/msg
[4.516s] -- Installing: /home/u20/rov-ros-2/ROS2_Coming/ros2_ws/install/communication_interfaces/include/communication_interfaces/msg/rosidl_typesupport_fastrtps_c__visibility_control.h
[4.516s] -- Up-to-date: /home/u20/rov-ros-2/ROS2_Coming/ros2_ws/install/communication_interfaces/include/communication_interfaces/msg/detail
[4.516s] -- Installing: /home/u20/rov-ros-2/ROS2_Coming/ros2_ws/install/communication_interfaces/include/communication_interfaces/msg/detail/cabin_msg__rosidl_typesupport_fastrtps_c.h
[4.516s] -- Installing: /home/u20/rov-ros-2/ROS2_Coming/ros2_ws/install/communication_interfaces/include/communication_interfaces/msg/detail/thruster_msg__rosidl_typesupport_fastrtps_c.h
[4.516s] -- Installing: /home/u20/rov-ros-2/ROS2_Coming/ros2_ws/install/communication_interfaces/lib/libcommunication_interfaces__rosidl_typesupport_fastrtps_c.so
[4.516s] -- Set runtime path of "/home/u20/rov-ros-2/ROS2_Coming/ros2_ws/install/communication_interfaces/lib/libcommunication_interfaces__rosidl_typesupport_fastrtps_c.so" to ""
[4.516s] -- Up-to-date: /home/u20/rov-ros-2/ROS2_Coming/ros2_ws/install/communication_interfaces/include/communication_interfaces
[4.517s] -- Up-to-date: /home/u20/rov-ros-2/ROS2_Coming/ros2_ws/install/communication_interfaces/include/communication_interfaces/msg
[4.517s] -- Up-to-date: /home/u20/rov-ros-2/ROS2_Coming/ros2_ws/install/communication_interfaces/include/communication_interfaces/msg/detail
[4.517s] -- Installing: /home/u20/rov-ros-2/ROS2_Coming/ros2_ws/install/communication_interfaces/include/communication_interfaces/msg/detail/dds_fastrtps
[4.517s] -- Installing: /home/u20/rov-ros-2/ROS2_Coming/ros2_ws/install/communication_interfaces/include/communication_interfaces/msg/detail/thruster_msg__rosidl_typesupport_fastrtps_cpp.hpp
[4.517s] -- Installing: /home/u20/rov-ros-2/ROS2_Coming/ros2_ws/install/communication_interfaces/include/communication_interfaces/msg/detail/cabin_msg__rosidl_typesupport_fastrtps_cpp.hpp
[4.517s] -- Installing: /home/u20/rov-ros-2/ROS2_Coming/ros2_ws/install/communication_interfaces/include/communication_interfaces/msg/rosidl_typesupport_fastrtps_cpp__visibility_control.h
[4.517s] -- Installing: /home/u20/rov-ros-2/ROS2_Coming/ros2_ws/install/communication_interfaces/lib/libcommunication_interfaces__rosidl_typesupport_fastrtps_cpp.so
[4.517s] -- Set runtime path of "/home/u20/rov-ros-2/ROS2_Coming/ros2_ws/install/communication_interfaces/lib/libcommunication_interfaces__rosidl_typesupport_fastrtps_cpp.so" to ""
[4.517s] -- Up-to-date: /home/u20/rov-ros-2/ROS2_Coming/ros2_ws/install/communication_interfaces/include/communication_interfaces
[4.518s] -- Up-to-date: /home/u20/rov-ros-2/ROS2_Coming/ros2_ws/install/communication_interfaces/include/communication_interfaces/msg
[4.518s] -- Installing: /home/u20/rov-ros-2/ROS2_Coming/ros2_ws/install/communication_interfaces/include/communication_interfaces/msg/rosidl_typesupport_introspection_c__visibility_control.h
[4.518s] -- Up-to-date: /home/u20/rov-ros-2/ROS2_Coming/ros2_ws/install/communication_interfaces/include/communication_interfaces/msg/detail
[4.518s] -- Installing: /home/u20/rov-ros-2/ROS2_Coming/ros2_ws/install/communication_interfaces/include/communication_interfaces/msg/detail/cabin_msg__type_support.c
[4.518s] -- Installing: /home/u20/rov-ros-2/ROS2_Coming/ros2_ws/install/communication_interfaces/include/communication_interfaces/msg/detail/thruster_msg__rosidl_typesupport_introspection_c.h
[4.518s] -- Installing: /home/u20/rov-ros-2/ROS2_Coming/ros2_ws/install/communication_interfaces/include/communication_interfaces/msg/detail/thruster_msg__type_support.c
[4.518s] -- Installing: /home/u20/rov-ros-2/ROS2_Coming/ros2_ws/install/communication_interfaces/include/communication_interfaces/msg/detail/cabin_msg__rosidl_typesupport_introspection_c.h
[4.518s] -- Installing: /home/u20/rov-ros-2/ROS2_Coming/ros2_ws/install/communication_interfaces/lib/libcommunication_interfaces__rosidl_typesupport_introspection_c.so
[4.519s] -- Set runtime path of "/home/u20/rov-ros-2/ROS2_Coming/ros2_ws/install/communication_interfaces/lib/libcommunication_interfaces__rosidl_typesupport_introspection_c.so" to ""
[4.519s] -- Installing: /home/u20/rov-ros-2/ROS2_Coming/ros2_ws/install/communication_interfaces/lib/libcommunication_interfaces__rosidl_typesupport_c.so
[4.519s] -- Set runtime path of "/home/u20/rov-ros-2/ROS2_Coming/ros2_ws/install/communication_interfaces/lib/libcommunication_interfaces__rosidl_typesupport_c.so" to ""
[4.519s] -- Up-to-date: /home/u20/rov-ros-2/ROS2_Coming/ros2_ws/install/communication_interfaces/include/communication_interfaces
[4.519s] -- Up-to-date: /home/u20/rov-ros-2/ROS2_Coming/ros2_ws/install/communication_interfaces/include/communication_interfaces/msg
[4.519s] -- Installing: /home/u20/rov-ros-2/ROS2_Coming/ros2_ws/install/communication_interfaces/include/communication_interfaces/msg/cabin_msg.hpp
[4.519s] -- Installing: /home/u20/rov-ros-2/ROS2_Coming/ros2_ws/install/communication_interfaces/include/communication_interfaces/msg/thruster_msg.hpp
[4.520s] -- Up-to-date: /home/u20/rov-ros-2/ROS2_Coming/ros2_ws/install/communication_interfaces/include/communication_interfaces/msg/detail
[4.520s] -- Installing: /home/u20/rov-ros-2/ROS2_Coming/ros2_ws/install/communication_interfaces/include/communication_interfaces/msg/detail/cabin_msg__struct.hpp
[4.520s] -- Installing: /home/u20/rov-ros-2/ROS2_Coming/ros2_ws/install/communication_interfaces/include/communication_interfaces/msg/detail/thruster_msg__builder.hpp
[4.520s] -- Installing: /home/u20/rov-ros-2/ROS2_Coming/ros2_ws/install/communication_interfaces/include/communication_interfaces/msg/detail/cabin_msg__type_support.hpp
[4.520s] -- Installing: /home/u20/rov-ros-2/ROS2_Coming/ros2_ws/install/communication_interfaces/include/communication_interfaces/msg/detail/thruster_msg__traits.hpp
[4.520s] -- Installing: /home/u20/rov-ros-2/ROS2_Coming/ros2_ws/install/communication_interfaces/include/communication_interfaces/msg/detail/thruster_msg__type_support.hpp
[4.520s] -- Installing: /home/u20/rov-ros-2/ROS2_Coming/ros2_ws/install/communication_interfaces/include/communication_interfaces/msg/detail/cabin_msg__builder.hpp
[4.520s] -- Installing: /home/u20/rov-ros-2/ROS2_Coming/ros2_ws/install/communication_interfaces/include/communication_interfaces/msg/detail/cabin_msg__traits.hpp
[4.520s] -- Installing: /home/u20/rov-ros-2/ROS2_Coming/ros2_ws/install/communication_interfaces/include/communication_interfaces/msg/detail/thruster_msg__struct.hpp
[4.520s] -- Installing: /home/u20/rov-ros-2/ROS2_Coming/ros2_ws/install/communication_interfaces/include/communication_interfaces/msg/rosidl_generator_cpp__visibility_control.hpp
[4.520s] -- Up-to-date: /home/u20/rov-ros-2/ROS2_Coming/ros2_ws/install/communication_interfaces/include/communication_interfaces
[4.520s] -- Up-to-date: /home/u20/rov-ros-2/ROS2_Coming/ros2_ws/install/communication_interfaces/include/communication_interfaces/msg
[4.521s] -- Up-to-date: /home/u20/rov-ros-2/ROS2_Coming/ros2_ws/install/communication_interfaces/include/communication_interfaces/msg/detail
[4.521s] -- Installing: /home/u20/rov-ros-2/ROS2_Coming/ros2_ws/install/communication_interfaces/include/communication_interfaces/msg/detail/cabin_msg__type_support.cpp
[4.521s] -- Installing: /home/u20/rov-ros-2/ROS2_Coming/ros2_ws/install/communication_interfaces/include/communication_interfaces/msg/detail/thruster_msg__type_support.cpp
[4.521s] -- Installing: /home/u20/rov-ros-2/ROS2_Coming/ros2_ws/install/communication_interfaces/include/communication_interfaces/msg/detail/thruster_msg__rosidl_typesupport_introspection_cpp.hpp
[4.521s] -- Installing: /home/u20/rov-ros-2/ROS2_Coming/ros2_ws/install/communication_interfaces/include/communication_interfaces/msg/detail/cabin_msg__rosidl_typesupport_introspection_cpp.hpp
[4.521s] -- Installing: /home/u20/rov-ros-2/ROS2_Coming/ros2_ws/install/communication_interfaces/lib/libcommunication_interfaces__rosidl_typesupport_introspection_cpp.so
[4.522s] -- Set runtime path of "/home/u20/rov-ros-2/ROS2_Coming/ros2_ws/install/communication_interfaces/lib/libcommunication_interfaces__rosidl_typesupport_introspection_cpp.so" to ""
[4.522s] -- Installing: /home/u20/rov-ros-2/ROS2_Coming/ros2_ws/install/communication_interfaces/lib/libcommunication_interfaces__rosidl_typesupport_cpp.so
[4.522s] -- Set runtime path of "/home/u20/rov-ros-2/ROS2_Coming/ros2_ws/install/communication_interfaces/lib/libcommunication_interfaces__rosidl_typesupport_cpp.so" to ""
[4.522s] -- Installing: /home/u20/rov-ros-2/ROS2_Coming/ros2_ws/install/communication_interfaces/share/communication_interfaces/environment/pythonpath.sh
[4.522s] -- Installing: /home/u20/rov-ros-2/ROS2_Coming/ros2_ws/install/communication_interfaces/share/communication_interfaces/environment/pythonpath.dsv
[4.523s] -- Installing: /home/u20/rov-ros-2/ROS2_Coming/ros2_ws/install/communication_interfaces/lib/python3.8/site-packages/communication_interfaces/__init__.py
[4.551s] Compiling '/home/u20/rov-ros-2/ROS2_Coming/ros2_ws/install/communication_interfaces/lib/python3.8/site-packages/communication_interfaces/__init__.py'...
[4.554s] -- Installing: /home/u20/rov-ros-2/ROS2_Coming/ros2_ws/install/communication_interfaces/lib/python3.8/site-packages/communication_interfaces/msg
[4.554s] -- Installing: /home/u20/rov-ros-2/ROS2_Coming/ros2_ws/install/communication_interfaces/lib/python3.8/site-packages/communication_interfaces/msg/_thruster_msg.py
[4.555s] -- Installing: /home/u20/rov-ros-2/ROS2_Coming/ros2_ws/install/communication_interfaces/lib/python3.8/site-packages/communication_interfaces/msg/_cabin_msg.py
[4.555s] -- Installing: /home/u20/rov-ros-2/ROS2_Coming/ros2_ws/install/communication_interfaces/lib/python3.8/site-packages/communication_interfaces/msg/_thruster_msg_s.c
[4.555s] -- Installing: /home/u20/rov-ros-2/ROS2_Coming/ros2_ws/install/communication_interfaces/lib/python3.8/site-packages/communication_interfaces/msg/_cabin_msg_s.c
[4.555s] -- Installing: /home/u20/rov-ros-2/ROS2_Coming/ros2_ws/install/communication_interfaces/lib/python3.8/site-packages/communication_interfaces/msg/__init__.py
[4.555s] -- Installing: /home/u20/rov-ros-2/ROS2_Coming/ros2_ws/install/communication_interfaces/lib/python3.8/site-packages/communication_interfaces/communication_interfaces_s__rosidl_typesupport_fastrtps_c.cpython-38-x86_64-linux-gnu.so
[4.556s] -- Set runtime path of "/home/u20/rov-ros-2/ROS2_Coming/ros2_ws/install/communication_interfaces/lib/python3.8/site-packages/communication_interfaces/communication_interfaces_s__rosidl_typesupport_fastrtps_c.cpython-38-x86_64-linux-gnu.so" to ""
[4.556s] -- Installing: /home/u20/rov-ros-2/ROS2_Coming/ros2_ws/install/communication_interfaces/lib/python3.8/site-packages/communication_interfaces/communication_interfaces_s__rosidl_typesupport_introspection_c.cpython-38-x86_64-linux-gnu.so
[4.557s] -- Set runtime path of "/home/u20/rov-ros-2/ROS2_Coming/ros2_ws/install/communication_interfaces/lib/python3.8/site-packages/communication_interfaces/communication_interfaces_s__rosidl_typesupport_introspection_c.cpython-38-x86_64-linux-gnu.so" to ""
[4.557s] -- Installing: /home/u20/rov-ros-2/ROS2_Coming/ros2_ws/install/communication_interfaces/lib/python3.8/site-packages/communication_interfaces/communication_interfaces_s__rosidl_typesupport_c.cpython-38-x86_64-linux-gnu.so
[4.558s] -- Set runtime path of "/home/u20/rov-ros-2/ROS2_Coming/ros2_ws/install/communication_interfaces/lib/python3.8/site-packages/communication_interfaces/communication_interfaces_s__rosidl_typesupport_c.cpython-38-x86_64-linux-gnu.so" to ""
[4.558s] -- Installing: /home/u20/rov-ros-2/ROS2_Coming/ros2_ws/install/communication_interfaces/lib/libcommunication_interfaces__python.so
[4.558s] -- Set runtime path of "/home/u20/rov-ros-2/ROS2_Coming/ros2_ws/install/communication_interfaces/lib/libcommunication_interfaces__python.so" to ""
[4.558s] -- Installing: /home/u20/rov-ros-2/ROS2_Coming/ros2_ws/install/communication_interfaces/share/communication_interfaces/msg/CabinMsg.idl
[4.558s] -- Installing: /home/u20/rov-ros-2/ROS2_Coming/ros2_ws/install/communication_interfaces/share/communication_interfaces/msg/ThrusterMsg.idl
[4.559s] -- Installing: /home/u20/rov-ros-2/ROS2_Coming/ros2_ws/install/communication_interfaces/share/communication_interfaces/msg/CabinMsg.msg
[4.559s] -- Installing: /home/u20/rov-ros-2/ROS2_Coming/ros2_ws/install/communication_interfaces/share/communication_interfaces/msg/ThrusterMsg.msg
[4.559s] -- Installing: /home/u20/rov-ros-2/ROS2_Coming/ros2_ws/install/communication_interfaces/share/ament_index/resource_index/package_run_dependencies/communication_interfaces
[4.559s] -- Installing: /home/u20/rov-ros-2/ROS2_Coming/ros2_ws/install/communication_interfaces/share/ament_index/resource_index/parent_prefix_path/communication_interfaces
[4.560s] -- Installing: /home/u20/rov-ros-2/ROS2_Coming/ros2_ws/install/communication_interfaces/share/communication_interfaces/environment/ament_prefix_path.sh
[4.560s] -- Installing: /home/u20/rov-ros-2/ROS2_Coming/ros2_ws/install/communication_interfaces/share/communication_interfaces/environment/ament_prefix_path.dsv
[4.560s] -- Installing: /home/u20/rov-ros-2/ROS2_Coming/ros2_ws/install/communication_interfaces/share/communication_interfaces/environment/path.sh
[4.560s] -- Installing: /home/u20/rov-ros-2/ROS2_Coming/ros2_ws/install/communication_interfaces/share/communication_interfaces/environment/path.dsv
[4.560s] -- Installing: /home/u20/rov-ros-2/ROS2_Coming/ros2_ws/install/communication_interfaces/share/communication_interfaces/local_setup.bash
[4.560s] -- Installing: /home/u20/rov-ros-2/ROS2_Coming/ros2_ws/install/communication_interfaces/share/communication_interfaces/local_setup.sh
[4.561s] -- Installing: /home/u20/rov-ros-2/ROS2_Coming/ros2_ws/install/communication_interfaces/share/communication_interfaces/local_setup.zsh
[4.561s] -- Installing: /home/u20/rov-ros-2/ROS2_Coming/ros2_ws/install/communication_interfaces/share/communication_interfaces/local_setup.dsv
[4.561s] -- Installing: /home/u20/rov-ros-2/ROS2_Coming/ros2_ws/install/communication_interfaces/share/communication_interfaces/package.dsv
[4.561s] -- Installing: /home/u20/rov-ros-2/ROS2_Coming/ros2_ws/install/communication_interfaces/share/ament_index/resource_index/packages/communication_interfaces
[4.562s] -- Installing: /home/u20/rov-ros-2/ROS2_Coming/ros2_ws/install/communication_interfaces/share/communication_interfaces/cmake/communication_interfaces__rosidl_generator_cExport.cmake
[4.562s] -- Installing: /home/u20/rov-ros-2/ROS2_Coming/ros2_ws/install/communication_interfaces/share/communication_interfaces/cmake/communication_interfaces__rosidl_generator_cExport-noconfig.cmake
[4.562s] -- Installing: /home/u20/rov-ros-2/ROS2_Coming/ros2_ws/install/communication_interfaces/share/communication_interfaces/cmake/communication_interfaces__rosidl_typesupport_introspection_cExport.cmake
[4.562s] -- Installing: /home/u20/rov-ros-2/ROS2_Coming/ros2_ws/install/communication_interfaces/share/communication_interfaces/cmake/communication_interfaces__rosidl_typesupport_introspection_cExport-noconfig.cmake
[4.562s] -- Installing: /home/u20/rov-ros-2/ROS2_Coming/ros2_ws/install/communication_interfaces/share/communication_interfaces/cmake/communication_interfaces__rosidl_typesupport_cExport.cmake
[4.563s] -- Installing: /home/u20/rov-ros-2/ROS2_Coming/ros2_ws/install/communication_interfaces/share/communication_interfaces/cmake/communication_interfaces__rosidl_typesupport_cExport-noconfig.cmake
[4.563s] -- Installing: /home/u20/rov-ros-2/ROS2_Coming/ros2_ws/install/communication_interfaces/share/communication_interfaces/cmake/communication_interfaces__rosidl_generator_cppExport.cmake
[4.563s] -- Installing: /home/u20/rov-ros-2/ROS2_Coming/ros2_ws/install/communication_interfaces/share/communication_interfaces/cmake/communication_interfaces__rosidl_typesupport_introspection_cppExport.cmake
[4.563s] -- Installing: /home/u20/rov-ros-2/ROS2_Coming/ros2_ws/install/communication_interfaces/share/communication_interfaces/cmake/communication_interfaces__rosidl_typesupport_introspection_cppExport-noconfig.cmake
[4.563s] -- Installing: /home/u20/rov-ros-2/ROS2_Coming/ros2_ws/install/communication_interfaces/share/communication_interfaces/cmake/communication_interfaces__rosidl_typesupport_cppExport.cmake
[4.563s] -- Installing: /home/u20/rov-ros-2/ROS2_Coming/ros2_ws/install/communication_interfaces/share/communication_interfaces/cmake/communication_interfaces__rosidl_typesupport_cppExport-noconfig.cmake
[4.564s] -- Installing: /home/u20/rov-ros-2/ROS2_Coming/ros2_ws/install/communication_interfaces/share/communication_interfaces/cmake/rosidl_cmake-extras.cmake
[4.564s] -- Installing: /home/u20/rov-ros-2/ROS2_Coming/ros2_ws/install/communication_interfaces/share/communication_interfaces/cmake/ament_cmake_export_dependencies-extras.cmake
[4.564s] -- Installing: /home/u20/rov-ros-2/ROS2_Coming/ros2_ws/install/communication_interfaces/share/communication_interfaces/cmake/ament_cmake_export_libraries-extras.cmake
[4.564s] -- Installing: /home/u20/rov-ros-2/ROS2_Coming/ros2_ws/install/communication_interfaces/share/communication_interfaces/cmake/ament_cmake_export_targets-extras.cmake
[4.564s] -- Installing: /home/u20/rov-ros-2/ROS2_Coming/ros2_ws/install/communication_interfaces/share/communication_interfaces/cmake/ament_cmake_export_include_directories-extras.cmake
[4.564s] -- Installing: /home/u20/rov-ros-2/ROS2_Coming/ros2_ws/install/communication_interfaces/share/communication_interfaces/cmake/rosidl_cmake_export_typesupport_libraries-extras.cmake
[4.564s] -- Installing: /home/u20/rov-ros-2/ROS2_Coming/ros2_ws/install/communication_interfaces/share/communication_interfaces/cmake/rosidl_cmake_export_typesupport_targets-extras.cmake
[4.565s] -- Installing: /home/u20/rov-ros-2/ROS2_Coming/ros2_ws/install/communication_interfaces/share/communication_interfaces/cmake/communication_interfacesConfig.cmake
[4.565s] -- Installing: /home/u20/rov-ros-2/ROS2_Coming/ros2_ws/install/communication_interfaces/share/communication_interfaces/cmake/communication_interfacesConfig-version.cmake
[4.565s] -- Installing: /home/u20/rov-ros-2/ROS2_Coming/ros2_ws/install/communication_interfaces/share/communication_interfaces/package.xml
[4.567s] Invoked command in '/home/u20/rov-ros-2/ROS2_Coming/ros2_ws/build/communication_interfaces' returned '0': CMAKE_PREFIX_PATH=/opt/ros/foxy /usr/bin/cmake --install /home/u20/rov-ros-2/ROS2_Coming/ros2_ws/build/communication_interfaces
