[0.010s] Invoking command in '/home/gy/ROS2_Coming/00ROS2/B-ROS2-lidar/colcon_ws/build/read_pcd': CMAKE_PREFIX_PATH=/opt/ros/humble /usr/bin/cmake /home/gy/ROS2_Coming/00ROS2/B-ROS2-lidar/colcon_ws/src/read_pcd -DCMAKE_INSTALL_PREFIX=/home/gy/ROS2_Coming/00ROS2/B-ROS2-lidar/colcon_ws/install/read_pcd
[0.023s] -- Found ament_cmake: 1.3.10 (/opt/ros/humble/share/ament_cmake/cmake)
[0.131s] -- Found pcl_conversions: 2.4.5 (/opt/ros/humble/share/pcl_conversions/cmake)
[0.160s] -- Found rosidl_generator_c: 3.1.5 (/opt/ros/humble/share/rosidl_generator_c/cmake)
[0.163s] -- Found rosidl_adapter: 3.1.5 (/opt/ros/humble/share/rosidl_adapter/cmake)
[0.168s] -- Found rosidl_generator_cpp: 3.1.5 (/opt/ros/humble/share/rosidl_generator_cpp/cmake)
[0.177s] -- Using all available rosidl_typesupport_c: rosidl_typesupport_fastrtps_c;rosidl_typesupport_introspection_c
[0.189s] -- Using all available rosidl_typesupport_cpp: rosidl_typesupport_fastrtps_cpp;rosidl_typesupport_introspection_cpp
[0.219s] -- Found rmw_implementation_cmake: 6.1.2 (/opt/ros/humble/share/rmw_implementation_cmake/cmake)
[0.220s] -- Found rmw_fastrtps_cpp: 6.2.7 (/opt/ros/humble/share/rmw_fastrtps_cpp/cmake)
[0.305s] -- Using RMW implementation 'rmw_fastrtps_cpp' as default
[0.414s] -- Eigen found (include: /usr/include/eigen3, version: 3.4.0)
[0.442s] -- FLANN found (include: /usr/include, lib: /usr/lib/x86_64-linux-gnu/libflann_cpp.so)
[0.707s] -- OpenNI found (version: 1.5.4.0, include: /usr/include/ni, lib: /usr/lib/libOpenNI.so;libusb::libusb)
[0.712s] -- OpenNI2 found (version: 2.2.0.33, include: /usr/include/openni2, lib: /usr/lib/x86_64-linux-gnu/libOpenNI2.so;libusb::libusb)
[0.845s] -- Eigen found (include: /usr/include/eigen3, version: 3.4.0)
[0.850s] -- OpenNI found (version: 1.5.4.0, include: /usr/include/ni, lib: /usr/lib/libOpenNI.so;libusb::libusb)
[0.855s] -- OpenNI2 found (version: 2.2.0.33, include: /usr/include/openni2, lib: /usr/lib/x86_64-linux-gnu/libOpenNI2.so;libusb::libusb)
[0.979s] -- Found Qhull version 8.0.2
[1.110s] -- OpenNI found (version: 1.5.4.0, include: /usr/include/ni, lib: /usr/lib/libOpenNI.so;libusb::libusb)
[1.248s] -- Found pcl_ros: 2.4.5 (/opt/ros/humble/share/pcl_ros/cmake)
[1.262s] -- Found eigen3_cmake_module: 0.1.1 (/opt/ros/humble/share/eigen3_cmake_module/cmake)
[1.263s] -- Ensuring Eigen3 include directory is part of orocos-kdl CMake target
[1.380s] -- Found ament_lint_auto: 0.12.11 (/opt/ros/humble/share/ament_lint_auto/cmake)
[1.462s] -- Added test 'cppcheck' to perform static code analysis on C / C++ code
[1.462s] -- Configured cppcheck include dirs: 
[1.462s] -- Configured cppcheck exclude dirs and/or files: 
[1.464s] -- Added test 'lint_cmake' to check CMake code style
[1.465s] -- Added test 'uncrustify' to check C / C++ code style
[1.465s] -- Configured uncrustify additional arguments: 
[1.466s] -- Added test 'xmllint' to check XML markup files
[1.467s] -- Configuring done
[1.563s] -- Generating done
[1.567s] -- Build files have been written to: /home/gy/ROS2_Coming/00ROS2/B-ROS2-lidar/colcon_ws/build/read_pcd
[1.589s] Invoked command in '/home/gy/ROS2_Coming/00ROS2/B-ROS2-lidar/colcon_ws/build/read_pcd' returned '0': CMAKE_PREFIX_PATH=/opt/ros/humble /usr/bin/cmake /home/gy/ROS2_Coming/00ROS2/B-ROS2-lidar/colcon_ws/src/read_pcd -DCMAKE_INSTALL_PREFIX=/home/gy/ROS2_Coming/00ROS2/B-ROS2-lidar/colcon_ws/install/read_pcd
[1.590s] Invoking command in '/home/gy/ROS2_Coming/00ROS2/B-ROS2-lidar/colcon_ws/build/read_pcd': CMAKE_PREFIX_PATH=/opt/ros/humble /usr/bin/cmake --build /home/gy/ROS2_Coming/00ROS2/B-ROS2-lidar/colcon_ws/build/read_pcd -- -j12 -l12
[1.637s] [ 50%] [32mBuilding CXX object CMakeFiles/read_pcd.dir/src/read_pcd.cpp.o[0m
[9.489s] [100%] [32m[1mLinking CXX executable read_pcd[0m
[10.525s] [100%] Built target read_pcd
[10.539s] Invoked command in '/home/gy/ROS2_Coming/00ROS2/B-ROS2-lidar/colcon_ws/build/read_pcd' returned '0': CMAKE_PREFIX_PATH=/opt/ros/humble /usr/bin/cmake --build /home/gy/ROS2_Coming/00ROS2/B-ROS2-lidar/colcon_ws/build/read_pcd -- -j12 -l12
[10.578s] Invoking command in '/home/gy/ROS2_Coming/00ROS2/B-ROS2-lidar/colcon_ws/build/read_pcd': CMAKE_PREFIX_PATH=/opt/ros/humble /usr/bin/cmake --install /home/gy/ROS2_Coming/00ROS2/B-ROS2-lidar/colcon_ws/build/read_pcd
[10.594s] -- Install configuration: ""
[10.595s] -- Installing: /home/gy/ROS2_Coming/00ROS2/B-ROS2-lidar/colcon_ws/install/read_pcd/lib/read_pcd/read_pcd
[10.596s] -- Set runtime path of "/home/gy/ROS2_Coming/00ROS2/B-ROS2-lidar/colcon_ws/install/read_pcd/lib/read_pcd/read_pcd" to ""
[10.596s] -- Installing: /home/gy/ROS2_Coming/00ROS2/B-ROS2-lidar/colcon_ws/install/read_pcd/share/ament_index/resource_index/package_run_dependencies/read_pcd
[10.596s] -- Installing: /home/gy/ROS2_Coming/00ROS2/B-ROS2-lidar/colcon_ws/install/read_pcd/share/ament_index/resource_index/parent_prefix_path/read_pcd
[10.597s] -- Installing: /home/gy/ROS2_Coming/00ROS2/B-ROS2-lidar/colcon_ws/install/read_pcd/share/read_pcd/environment/ament_prefix_path.sh
[10.597s] -- Installing: /home/gy/ROS2_Coming/00ROS2/B-ROS2-lidar/colcon_ws/install/read_pcd/share/read_pcd/environment/ament_prefix_path.dsv
[10.597s] -- Installing: /home/gy/ROS2_Coming/00ROS2/B-ROS2-lidar/colcon_ws/install/read_pcd/share/read_pcd/environment/path.sh
[10.597s] -- Installing: /home/gy/ROS2_Coming/00ROS2/B-ROS2-lidar/colcon_ws/install/read_pcd/share/read_pcd/environment/path.dsv
[10.597s] -- Installing: /home/gy/ROS2_Coming/00ROS2/B-ROS2-lidar/colcon_ws/install/read_pcd/share/read_pcd/local_setup.bash
[10.597s] -- Installing: /home/gy/ROS2_Coming/00ROS2/B-ROS2-lidar/colcon_ws/install/read_pcd/share/read_pcd/local_setup.sh
[10.597s] -- Installing: /home/gy/ROS2_Coming/00ROS2/B-ROS2-lidar/colcon_ws/install/read_pcd/share/read_pcd/local_setup.zsh
[10.597s] -- Installing: /home/gy/ROS2_Coming/00ROS2/B-ROS2-lidar/colcon_ws/install/read_pcd/share/read_pcd/local_setup.dsv
[10.597s] -- Installing: /home/gy/ROS2_Coming/00ROS2/B-ROS2-lidar/colcon_ws/install/read_pcd/share/read_pcd/package.dsv
[10.598s] -- Installing: /home/gy/ROS2_Coming/00ROS2/B-ROS2-lidar/colcon_ws/install/read_pcd/share/ament_index/resource_index/packages/read_pcd
[10.598s] -- Installing: /home/gy/ROS2_Coming/00ROS2/B-ROS2-lidar/colcon_ws/install/read_pcd/share/read_pcd/cmake/read_pcdConfig.cmake
[10.598s] -- Installing: /home/gy/ROS2_Coming/00ROS2/B-ROS2-lidar/colcon_ws/install/read_pcd/share/read_pcd/cmake/read_pcdConfig-version.cmake
[10.598s] -- Installing: /home/gy/ROS2_Coming/00ROS2/B-ROS2-lidar/colcon_ws/install/read_pcd/share/read_pcd/package.xml
[10.602s] Invoked command in '/home/gy/ROS2_Coming/00ROS2/B-ROS2-lidar/colcon_ws/build/read_pcd' returned '0': CMAKE_PREFIX_PATH=/opt/ros/humble /usr/bin/cmake --install /home/gy/ROS2_Coming/00ROS2/B-ROS2-lidar/colcon_ws/build/read_pcd
