[0.089s] DEBUG:colcon:Command line arguments: ['/usr/bin/colcon', 'build']
[0.089s] DEBUG:colcon:Parsed command line arguments: Namespace(log_base=None, log_level=None, verb_name='build', build_base='build', install_base='install', merge_install=False, symlink_install=False, test_result_base=None, continue_on_error=False, executor='parallel', parallel_workers=12, event_handlers=None, ignore_user_meta=False, metas=['./colcon.meta'], base_paths=['.'], packages_ignore=None, packages_ignore_regex=None, paths=None, packages_up_to=None, packages_up_to_regex=None, packages_above=None, packages_above_and_dependencies=None, packages_above_depth=None, packages_select_by_dep=None, packages_skip_by_dep=None, packages_skip_up_to=None, packages_select_build_failed=False, packages_skip_build_finished=False, packages_select_test_failures=False, packages_skip_test_passed=False, packages_select=None, packages_skip=None, packages_select_regex=None, packages_skip_regex=None, packages_start=None, packages_end=None, allow_overriding=[], cmake_args=None, cmake_target=None, cmake_target_skip_unavailable=False, cmake_clean_cache=False, cmake_clean_first=False, cmake_force_configure=False, ament_cmake_args=None, catkin_cmake_args=None, catkin_skip_building_tests=False, verb_parser=<colcon_defaults.argument_parser.defaults.DefaultArgumentsDecorator object at 0x721a3ae4cb80>, verb_extension=<colcon_core.verb.build.BuildVerb object at 0x721a3af4d750>, main=<bound method BuildVerb.main of <colcon_core.verb.build.BuildVerb object at 0x721a3af4d750>>)
[0.256s] Level 1:colcon.colcon_core.package_discovery:discover_packages(colcon_meta) check parameters
[0.256s] Level 1:colcon.colcon_core.package_discovery:discover_packages(recursive) check parameters
[0.256s] Level 1:colcon.colcon_core.package_discovery:discover_packages(ignore) check parameters
[0.256s] Level 1:colcon.colcon_core.package_discovery:discover_packages(path) check parameters
[0.256s] Level 1:colcon.colcon_core.package_discovery:discover_packages(colcon_meta) discover
[0.256s] Level 1:colcon.colcon_core.package_discovery:discover_packages(recursive) discover
[0.256s] INFO:colcon.colcon_core.package_discovery:Crawling recursively for packages in '/home/gy/ROS2_Coming/ESP32CalcWifi/CalcWifi/extra_packages'
[0.256s] Level 1:colcon.colcon_core.package_identification:_identify(.) by extensions ['ignore', 'ignore_ament_install']
[0.256s] Level 1:colcon.colcon_core.package_identification:_identify(.) by extension 'ignore'
[0.256s] Level 1:colcon.colcon_core.package_identification:_identify(.) by extension 'ignore_ament_install'
[0.256s] Level 1:colcon.colcon_core.package_identification:_identify(.) by extensions ['colcon_pkg']
[0.256s] Level 1:colcon.colcon_core.package_identification:_identify(.) by extension 'colcon_pkg'
[0.256s] Level 1:colcon.colcon_core.package_identification:_identify(.) by extensions ['colcon_meta']
[0.256s] Level 1:colcon.colcon_core.package_identification:_identify(.) by extension 'colcon_meta'
[0.256s] Level 1:colcon.colcon_core.package_identification:_identify(.) by extensions ['ros']
[0.256s] Level 1:colcon.colcon_core.package_identification:_identify(.) by extension 'ros'
[0.266s] Level 1:colcon.colcon_core.package_identification:_identify(.) by extensions ['cmake', 'python']
[0.266s] Level 1:colcon.colcon_core.package_identification:_identify(.) by extension 'cmake'
[0.266s] Level 1:colcon.colcon_core.package_identification:_identify(.) by extension 'python'
[0.266s] Level 1:colcon.colcon_core.package_identification:_identify(.) by extensions ['python_setup_py']
[0.266s] Level 1:colcon.colcon_core.package_identification:_identify(.) by extension 'python_setup_py'
[0.266s] Level 1:colcon.colcon_core.package_identification:_identify(build) by extensions ['ignore', 'ignore_ament_install']
[0.266s] Level 1:colcon.colcon_core.package_identification:_identify(build) by extension 'ignore'
[0.266s] Level 1:colcon.colcon_core.package_identification:_identify(build) ignored
[0.266s] Level 1:colcon.colcon_core.package_identification:_identify(install) by extensions ['ignore', 'ignore_ament_install']
[0.266s] Level 1:colcon.colcon_core.package_identification:_identify(install) by extension 'ignore'
[0.267s] Level 1:colcon.colcon_core.package_identification:_identify(install) ignored
[0.267s] Level 1:colcon.colcon_core.package_identification:_identify(log) by extensions ['ignore', 'ignore_ament_install']
[0.267s] Level 1:colcon.colcon_core.package_identification:_identify(log) by extension 'ignore'
[0.267s] Level 1:colcon.colcon_core.package_identification:_identify(log) ignored
[0.267s] Level 1:colcon.colcon_core.package_identification:_identify(src) by extensions ['ignore', 'ignore_ament_install']
[0.267s] Level 1:colcon.colcon_core.package_identification:_identify(src) by extension 'ignore'
[0.267s] Level 1:colcon.colcon_core.package_identification:_identify(src) by extension 'ignore_ament_install'
[0.267s] Level 1:colcon.colcon_core.package_identification:_identify(src) by extensions ['colcon_pkg']
[0.267s] Level 1:colcon.colcon_core.package_identification:_identify(src) by extension 'colcon_pkg'
[0.267s] Level 1:colcon.colcon_core.package_identification:_identify(src) by extensions ['colcon_meta']
[0.267s] Level 1:colcon.colcon_core.package_identification:_identify(src) by extension 'colcon_meta'
[0.267s] Level 1:colcon.colcon_core.package_identification:_identify(src) by extensions ['ros']
[0.267s] Level 1:colcon.colcon_core.package_identification:_identify(src) by extension 'ros'
[0.267s] Level 1:colcon.colcon_core.package_identification:_identify(src) by extensions ['cmake', 'python']
[0.267s] Level 1:colcon.colcon_core.package_identification:_identify(src) by extension 'cmake'
[0.267s] Level 1:colcon.colcon_core.package_identification:_identify(src) by extension 'python'
[0.267s] Level 1:colcon.colcon_core.package_identification:_identify(src) by extensions ['python_setup_py']
[0.267s] Level 1:colcon.colcon_core.package_identification:_identify(src) by extension 'python_setup_py'
[0.267s] Level 1:colcon.colcon_core.package_identification:_identify(src/calc_interfaces) by extensions ['ignore', 'ignore_ament_install']
[0.267s] Level 1:colcon.colcon_core.package_identification:_identify(src/calc_interfaces) by extension 'ignore'
[0.267s] Level 1:colcon.colcon_core.package_identification:_identify(src/calc_interfaces) by extension 'ignore_ament_install'
[0.268s] Level 1:colcon.colcon_core.package_identification:_identify(src/calc_interfaces) by extensions ['colcon_pkg']
[0.268s] Level 1:colcon.colcon_core.package_identification:_identify(src/calc_interfaces) by extension 'colcon_pkg'
[0.268s] Level 1:colcon.colcon_core.package_identification:_identify(src/calc_interfaces) by extensions ['colcon_meta']
[0.268s] Level 1:colcon.colcon_core.package_identification:_identify(src/calc_interfaces) by extension 'colcon_meta'
[0.268s] Level 1:colcon.colcon_core.package_identification:_identify(src/calc_interfaces) by extensions ['ros']
[0.268s] Level 1:colcon.colcon_core.package_identification:_identify(src/calc_interfaces) by extension 'ros'
[0.270s] DEBUG:colcon.colcon_core.package_identification:Package 'src/calc_interfaces' with type 'ros.ament_cmake' and name 'calc_interfaces'
[0.270s] Level 1:colcon.colcon_core.package_discovery:discover_packages(recursive) using defaults
[0.270s] Level 1:colcon.colcon_core.package_discovery:discover_packages(ignore) discover
[0.270s] Level 1:colcon.colcon_core.package_discovery:discover_packages(ignore) using defaults
[0.270s] Level 1:colcon.colcon_core.package_discovery:discover_packages(path) discover
[0.270s] Level 1:colcon.colcon_core.package_discovery:discover_packages(path) using defaults
[0.290s] Level 1:colcon.colcon_core.package_discovery:discover_packages(prefix_path) check parameters
[0.290s] Level 1:colcon.colcon_core.package_discovery:discover_packages(prefix_path) discover
[0.300s] DEBUG:colcon.colcon_installed_package_information.package_discovery:Found 371 installed packages in /opt/ros/humble
[0.301s] Level 1:colcon.colcon_core.package_discovery:discover_packages(prefix_path) using defaults
[0.351s] Level 5:colcon.colcon_core.verb:set package 'calc_interfaces' build argument 'cmake_args' from command line to 'None'
[0.351s] Level 5:colcon.colcon_core.verb:set package 'calc_interfaces' build argument 'cmake_target' from command line to 'None'
[0.351s] Level 5:colcon.colcon_core.verb:set package 'calc_interfaces' build argument 'cmake_target_skip_unavailable' from command line to 'False'
[0.351s] Level 5:colcon.colcon_core.verb:set package 'calc_interfaces' build argument 'cmake_clean_cache' from command line to 'False'
[0.351s] Level 5:colcon.colcon_core.verb:set package 'calc_interfaces' build argument 'cmake_clean_first' from command line to 'False'
[0.352s] Level 5:colcon.colcon_core.verb:set package 'calc_interfaces' build argument 'cmake_force_configure' from command line to 'False'
[0.352s] Level 5:colcon.colcon_core.verb:set package 'calc_interfaces' build argument 'ament_cmake_args' from command line to 'None'
[0.352s] Level 5:colcon.colcon_core.verb:set package 'calc_interfaces' build argument 'catkin_cmake_args' from command line to 'None'
[0.352s] Level 5:colcon.colcon_core.verb:set package 'calc_interfaces' build argument 'catkin_skip_building_tests' from command line to 'False'
[0.352s] DEBUG:colcon.colcon_core.verb:Building package 'calc_interfaces' with the following arguments: {'ament_cmake_args': None, 'build_base': '/home/gy/ROS2_Coming/ESP32CalcWifi/CalcWifi/extra_packages/build/calc_interfaces', 'catkin_cmake_args': None, 'catkin_skip_building_tests': False, 'cmake_args': None, 'cmake_clean_cache': False, 'cmake_clean_first': False, 'cmake_force_configure': False, 'cmake_target': None, 'cmake_target_skip_unavailable': False, 'install_base': '/home/gy/ROS2_Coming/ESP32CalcWifi/CalcWifi/extra_packages/install/calc_interfaces', 'merge_install': False, 'path': '/home/gy/ROS2_Coming/ESP32CalcWifi/CalcWifi/extra_packages/src/calc_interfaces', 'symlink_install': False, 'test_result_base': None}
[0.352s] INFO:colcon.colcon_core.executor:Executing jobs using 'parallel' executor
[0.353s] DEBUG:colcon.colcon_parallel_executor.executor.parallel:run_until_complete
[0.353s] INFO:colcon.colcon_ros.task.ament_cmake.build:Building ROS package in '/home/gy/ROS2_Coming/ESP32CalcWifi/CalcWifi/extra_packages/src/calc_interfaces' with build type 'ament_cmake'
[0.353s] INFO:colcon.colcon_cmake.task.cmake.build:Building CMake package in '/home/gy/ROS2_Coming/ESP32CalcWifi/CalcWifi/extra_packages/src/calc_interfaces'
[0.355s] INFO:colcon.colcon_core.plugin_system:Skipping extension 'colcon_core.shell.bat': Not used on non-Windows systems
[0.355s] INFO:colcon.colcon_core.shell:Skip shell extension 'powershell' for command environment: Not usable outside of PowerShell
[0.355s] DEBUG:colcon.colcon_core.shell:Skip shell extension 'dsv' for command environment
[0.361s] DEBUG:colcon.colcon_core.event_handler.log_command:Invoking command in '/home/gy/ROS2_Coming/ESP32CalcWifi/CalcWifi/extra_packages/build/calc_interfaces': CMAKE_PREFIX_PATH=/opt/ros/humble /usr/bin/cmake /home/gy/ROS2_Coming/ESP32CalcWifi/CalcWifi/extra_packages/src/calc_interfaces -DCMAKE_INSTALL_PREFIX=/home/gy/ROS2_Coming/ESP32CalcWifi/CalcWifi/extra_packages/install/calc_interfaces
[2.382s] DEBUG:colcon.colcon_core.event_handler.log_command:Invoked command in '/home/gy/ROS2_Coming/ESP32CalcWifi/CalcWifi/extra_packages/build/calc_interfaces' returned '0': CMAKE_PREFIX_PATH=/opt/ros/humble /usr/bin/cmake /home/gy/ROS2_Coming/ESP32CalcWifi/CalcWifi/extra_packages/src/calc_interfaces -DCMAKE_INSTALL_PREFIX=/home/gy/ROS2_Coming/ESP32CalcWifi/CalcWifi/extra_packages/install/calc_interfaces
[2.385s] DEBUG:colcon.colcon_core.event_handler.log_command:Invoking command in '/home/gy/ROS2_Coming/ESP32CalcWifi/CalcWifi/extra_packages/build/calc_interfaces': CMAKE_PREFIX_PATH=/opt/ros/humble /usr/bin/cmake --build /home/gy/ROS2_Coming/ESP32CalcWifi/CalcWifi/extra_packages/build/calc_interfaces -- -j12 -l12
[3.934s] DEBUG:colcon.colcon_core.event_handler.log_command:Invoked command in '/home/gy/ROS2_Coming/ESP32CalcWifi/CalcWifi/extra_packages/build/calc_interfaces' returned '0': CMAKE_PREFIX_PATH=/opt/ros/humble /usr/bin/cmake --build /home/gy/ROS2_Coming/ESP32CalcWifi/CalcWifi/extra_packages/build/calc_interfaces -- -j12 -l12
[3.992s] DEBUG:colcon.colcon_core.event_handler.log_command:Invoking command in '/home/gy/ROS2_Coming/ESP32CalcWifi/CalcWifi/extra_packages/build/calc_interfaces': CMAKE_PREFIX_PATH=/opt/ros/humble /usr/bin/cmake --install /home/gy/ROS2_Coming/ESP32CalcWifi/CalcWifi/extra_packages/build/calc_interfaces
[4.014s] Level 1:colcon.colcon_core.environment:create_environment_scripts_only(calc_interfaces)
[4.014s] DEBUG:colcon.colcon_core.event_handler.log_command:Invoked command in '/home/gy/ROS2_Coming/ESP32CalcWifi/CalcWifi/extra_packages/build/calc_interfaces' returned '0': CMAKE_PREFIX_PATH=/opt/ros/humble /usr/bin/cmake --install /home/gy/ROS2_Coming/ESP32CalcWifi/CalcWifi/extra_packages/build/calc_interfaces
[4.016s] Level 1:colcon.colcon_core.environment:checking '/home/gy/ROS2_Coming/ESP32CalcWifi/CalcWifi/extra_packages/install/calc_interfaces' for CMake module files
[4.017s] Level 1:colcon.colcon_core.environment:checking '/home/gy/ROS2_Coming/ESP32CalcWifi/CalcWifi/extra_packages/install/calc_interfaces' for CMake config files
[4.017s] Level 1:colcon.colcon_core.shell:create_environment_hook('calc_interfaces', 'cmake_prefix_path')
[4.017s] INFO:colcon.colcon_core.shell:Creating environment hook '/home/gy/ROS2_Coming/ESP32CalcWifi/CalcWifi/extra_packages/install/calc_interfaces/share/calc_interfaces/hook/cmake_prefix_path.ps1'
[4.018s] INFO:colcon.colcon_core.shell:Creating environment descriptor '/home/gy/ROS2_Coming/ESP32CalcWifi/CalcWifi/extra_packages/install/calc_interfaces/share/calc_interfaces/hook/cmake_prefix_path.dsv'
[4.018s] INFO:colcon.colcon_core.shell:Creating environment hook '/home/gy/ROS2_Coming/ESP32CalcWifi/CalcWifi/extra_packages/install/calc_interfaces/share/calc_interfaces/hook/cmake_prefix_path.sh'
[4.019s] Level 1:colcon.colcon_core.environment:checking '/home/gy/ROS2_Coming/ESP32CalcWifi/CalcWifi/extra_packages/install/calc_interfaces/lib'
[4.019s] Level 1:colcon.colcon_core.shell:create_environment_hook('calc_interfaces', 'ld_library_path_lib')
[4.019s] INFO:colcon.colcon_core.shell:Creating environment hook '/home/gy/ROS2_Coming/ESP32CalcWifi/CalcWifi/extra_packages/install/calc_interfaces/share/calc_interfaces/hook/ld_library_path_lib.ps1'
[4.019s] INFO:colcon.colcon_core.shell:Creating environment descriptor '/home/gy/ROS2_Coming/ESP32CalcWifi/CalcWifi/extra_packages/install/calc_interfaces/share/calc_interfaces/hook/ld_library_path_lib.dsv'
[4.020s] INFO:colcon.colcon_core.shell:Creating environment hook '/home/gy/ROS2_Coming/ESP32CalcWifi/CalcWifi/extra_packages/install/calc_interfaces/share/calc_interfaces/hook/ld_library_path_lib.sh'
[4.020s] Level 1:colcon.colcon_core.environment:checking '/home/gy/ROS2_Coming/ESP32CalcWifi/CalcWifi/extra_packages/install/calc_interfaces/bin'
[4.020s] Level 1:colcon.colcon_core.environment:checking '/home/gy/ROS2_Coming/ESP32CalcWifi/CalcWifi/extra_packages/install/calc_interfaces/lib/pkgconfig/calc_interfaces.pc'
[4.020s] Level 1:colcon.colcon_core.environment:checking '/home/gy/ROS2_Coming/ESP32CalcWifi/CalcWifi/extra_packages/install/calc_interfaces/lib/python3.10/site-packages'
[4.020s] Level 1:colcon.colcon_core.environment:checking '/home/gy/ROS2_Coming/ESP32CalcWifi/CalcWifi/extra_packages/install/calc_interfaces/bin'
[4.021s] INFO:colcon.colcon_core.shell:Creating package script '/home/gy/ROS2_Coming/ESP32CalcWifi/CalcWifi/extra_packages/install/calc_interfaces/share/calc_interfaces/package.ps1'
[4.021s] INFO:colcon.colcon_core.shell:Creating package descriptor '/home/gy/ROS2_Coming/ESP32CalcWifi/CalcWifi/extra_packages/install/calc_interfaces/share/calc_interfaces/package.dsv'
[4.022s] INFO:colcon.colcon_core.shell:Creating package script '/home/gy/ROS2_Coming/ESP32CalcWifi/CalcWifi/extra_packages/install/calc_interfaces/share/calc_interfaces/package.sh'
[4.022s] INFO:colcon.colcon_core.shell:Creating package script '/home/gy/ROS2_Coming/ESP32CalcWifi/CalcWifi/extra_packages/install/calc_interfaces/share/calc_interfaces/package.bash'
[4.023s] INFO:colcon.colcon_core.shell:Creating package script '/home/gy/ROS2_Coming/ESP32CalcWifi/CalcWifi/extra_packages/install/calc_interfaces/share/calc_interfaces/package.zsh'
[4.024s] Level 1:colcon.colcon_core.environment:create_file_with_runtime_dependencies(/home/gy/ROS2_Coming/ESP32CalcWifi/CalcWifi/extra_packages/install/calc_interfaces/share/colcon-core/packages/calc_interfaces)
[4.069s] Level 1:colcon.colcon_core.environment:create_environment_scripts_only(calc_interfaces)
[4.069s] Level 1:colcon.colcon_core.environment:checking '/home/gy/ROS2_Coming/ESP32CalcWifi/CalcWifi/extra_packages/install/calc_interfaces' for CMake module files
[4.069s] Level 1:colcon.colcon_core.environment:checking '/home/gy/ROS2_Coming/ESP32CalcWifi/CalcWifi/extra_packages/install/calc_interfaces' for CMake config files
[4.070s] Level 1:colcon.colcon_core.shell:create_environment_hook('calc_interfaces', 'cmake_prefix_path')
[4.070s] INFO:colcon.colcon_core.shell:Creating environment hook '/home/gy/ROS2_Coming/ESP32CalcWifi/CalcWifi/extra_packages/install/calc_interfaces/share/calc_interfaces/hook/cmake_prefix_path.ps1'
[4.070s] INFO:colcon.colcon_core.shell:Creating environment descriptor '/home/gy/ROS2_Coming/ESP32CalcWifi/CalcWifi/extra_packages/install/calc_interfaces/share/calc_interfaces/hook/cmake_prefix_path.dsv'
[4.071s] INFO:colcon.colcon_core.shell:Creating environment hook '/home/gy/ROS2_Coming/ESP32CalcWifi/CalcWifi/extra_packages/install/calc_interfaces/share/calc_interfaces/hook/cmake_prefix_path.sh'
[4.071s] Level 1:colcon.colcon_core.environment:checking '/home/gy/ROS2_Coming/ESP32CalcWifi/CalcWifi/extra_packages/install/calc_interfaces/lib'
[4.071s] Level 1:colcon.colcon_core.shell:create_environment_hook('calc_interfaces', 'ld_library_path_lib')
[4.071s] INFO:colcon.colcon_core.shell:Creating environment hook '/home/gy/ROS2_Coming/ESP32CalcWifi/CalcWifi/extra_packages/install/calc_interfaces/share/calc_interfaces/hook/ld_library_path_lib.ps1'
[4.072s] INFO:colcon.colcon_core.shell:Creating environment descriptor '/home/gy/ROS2_Coming/ESP32CalcWifi/CalcWifi/extra_packages/install/calc_interfaces/share/calc_interfaces/hook/ld_library_path_lib.dsv'
[4.072s] INFO:colcon.colcon_core.shell:Creating environment hook '/home/gy/ROS2_Coming/ESP32CalcWifi/CalcWifi/extra_packages/install/calc_interfaces/share/calc_interfaces/hook/ld_library_path_lib.sh'
[4.072s] Level 1:colcon.colcon_core.environment:checking '/home/gy/ROS2_Coming/ESP32CalcWifi/CalcWifi/extra_packages/install/calc_interfaces/bin'
[4.072s] Level 1:colcon.colcon_core.environment:checking '/home/gy/ROS2_Coming/ESP32CalcWifi/CalcWifi/extra_packages/install/calc_interfaces/lib/pkgconfig/calc_interfaces.pc'
[4.073s] Level 1:colcon.colcon_core.environment:checking '/home/gy/ROS2_Coming/ESP32CalcWifi/CalcWifi/extra_packages/install/calc_interfaces/lib/python3.10/site-packages'
[4.073s] Level 1:colcon.colcon_core.environment:checking '/home/gy/ROS2_Coming/ESP32CalcWifi/CalcWifi/extra_packages/install/calc_interfaces/bin'
[4.073s] INFO:colcon.colcon_core.shell:Creating package script '/home/gy/ROS2_Coming/ESP32CalcWifi/CalcWifi/extra_packages/install/calc_interfaces/share/calc_interfaces/package.ps1'
[4.074s] INFO:colcon.colcon_core.shell:Creating package descriptor '/home/gy/ROS2_Coming/ESP32CalcWifi/CalcWifi/extra_packages/install/calc_interfaces/share/calc_interfaces/package.dsv'
[4.074s] INFO:colcon.colcon_core.shell:Creating package script '/home/gy/ROS2_Coming/ESP32CalcWifi/CalcWifi/extra_packages/install/calc_interfaces/share/calc_interfaces/package.sh'
[4.074s] INFO:colcon.colcon_core.shell:Creating package script '/home/gy/ROS2_Coming/ESP32CalcWifi/CalcWifi/extra_packages/install/calc_interfaces/share/calc_interfaces/package.bash'
[4.075s] INFO:colcon.colcon_core.shell:Creating package script '/home/gy/ROS2_Coming/ESP32CalcWifi/CalcWifi/extra_packages/install/calc_interfaces/share/calc_interfaces/package.zsh'
[4.075s] Level 1:colcon.colcon_core.environment:create_file_with_runtime_dependencies(/home/gy/ROS2_Coming/ESP32CalcWifi/CalcWifi/extra_packages/install/calc_interfaces/share/colcon-core/packages/calc_interfaces)
[4.075s] DEBUG:colcon.colcon_parallel_executor.executor.parallel:closing loop
[4.075s] DEBUG:colcon.colcon_parallel_executor.executor.parallel:loop closed
[4.075s] DEBUG:colcon.colcon_parallel_executor.executor.parallel:run_until_complete finished with '0'
[4.075s] DEBUG:colcon.colcon_core.event_reactor:joining thread
[4.081s] INFO:colcon.colcon_core.plugin_system:Skipping extension 'colcon_notification.desktop_notification.terminal_notifier': Not used on non-Darwin systems
[4.081s] INFO:colcon.colcon_core.plugin_system:Skipping extension 'colcon_notification.desktop_notification.win32': Not used on non-Windows systems
[4.081s] INFO:colcon.colcon_notification.desktop_notification:Sending desktop notification using 'notify2'
[4.091s] DEBUG:colcon.colcon_core.event_reactor:joined thread
[4.091s] INFO:colcon.colcon_core.shell:Creating prefix script '/home/gy/ROS2_Coming/ESP32CalcWifi/CalcWifi/extra_packages/install/local_setup.ps1'
[4.092s] INFO:colcon.colcon_core.shell:Creating prefix util module '/home/gy/ROS2_Coming/ESP32CalcWifi/CalcWifi/extra_packages/install/_local_setup_util_ps1.py'
[4.095s] INFO:colcon.colcon_core.shell:Creating prefix chain script '/home/gy/ROS2_Coming/ESP32CalcWifi/CalcWifi/extra_packages/install/setup.ps1'
[4.096s] INFO:colcon.colcon_core.shell:Creating prefix script '/home/gy/ROS2_Coming/ESP32CalcWifi/CalcWifi/extra_packages/install/local_setup.sh'
[4.097s] INFO:colcon.colcon_core.shell:Creating prefix util module '/home/gy/ROS2_Coming/ESP32CalcWifi/CalcWifi/extra_packages/install/_local_setup_util_sh.py'
[4.097s] INFO:colcon.colcon_core.shell:Creating prefix chain script '/home/gy/ROS2_Coming/ESP32CalcWifi/CalcWifi/extra_packages/install/setup.sh'
[4.098s] INFO:colcon.colcon_core.shell:Creating prefix script '/home/gy/ROS2_Coming/ESP32CalcWifi/CalcWifi/extra_packages/install/local_setup.bash'
[4.099s] INFO:colcon.colcon_core.shell:Creating prefix chain script '/home/gy/ROS2_Coming/ESP32CalcWifi/CalcWifi/extra_packages/install/setup.bash'
[4.100s] INFO:colcon.colcon_core.shell:Creating prefix script '/home/gy/ROS2_Coming/ESP32CalcWifi/CalcWifi/extra_packages/install/local_setup.zsh'
[4.100s] INFO:colcon.colcon_core.shell:Creating prefix chain script '/home/gy/ROS2_Coming/ESP32CalcWifi/CalcWifi/extra_packages/install/setup.zsh'
