[0.009s] Invoking command in '/home/gy/ROS2_Coming/02carto/colcon_ws/build/fishbot_cartographer': CMAKE_PREFIX_PATH=/opt/ros/humble /usr/bin/cmake /home/gy/ROS2_Coming/02carto/colcon_ws/src/fishbot_cartographer -DCMAKE_INSTALL_PREFIX=/home/gy/ROS2_Coming/02carto/colcon_ws/install/fishbot_cartographer
[0.118s] -- The C compiler identification is GNU 11.4.0
[0.219s] -- The CXX compiler identification is GNU 11.4.0
[0.228s] -- Detecting C compiler ABI info
[0.304s] -- Detecting C compiler ABI info - done
[0.314s] -- Check for working C compiler: /usr/bin/cc - skipped
[0.314s] -- Detecting C compile features
[0.315s] -- Detecting C compile features - done
[0.319s] -- Detecting CXX compiler ABI info
[0.401s] -- Detecting CXX compiler ABI info - done
[0.410s] -- Check for working CXX compiler: /usr/bin/c++ - skipped
[0.410s] -- Detecting CXX compile features
[0.411s] -- Detecting CXX compile features - done
[0.417s] -- Found ament_cmake: 1.3.10 (/opt/ros/humble/share/ament_cmake/cmake)
[0.559s] -- Found Python3: /usr/bin/python3 (found version "3.10.12") found components: Interpreter 
[0.651s] -- Found ament_lint_auto: 0.12.11 (/opt/ros/humble/share/ament_lint_auto/cmake)
[0.729s] -- Added test 'flake8' to check Python code syntax and style conventions
[0.730s] -- Added test 'lint_cmake' to check CMake code style
[0.730s] -- Added test 'pep257' to check Python code against some of the docstring style conventions in PEP 257
[0.732s] -- Added test 'xmllint' to check XML markup files
[0.734s] -- Configuring done
[0.737s] -- Generating done
[0.738s] -- Build files have been written to: /home/gy/ROS2_Coming/02carto/colcon_ws/build/fishbot_cartographer
[0.742s] Invoked command in '/home/gy/ROS2_Coming/02carto/colcon_ws/build/fishbot_cartographer' returned '0': CMAKE_PREFIX_PATH=/opt/ros/humble /usr/bin/cmake /home/gy/ROS2_Coming/02carto/colcon_ws/src/fishbot_cartographer -DCMAKE_INSTALL_PREFIX=/home/gy/ROS2_Coming/02carto/colcon_ws/install/fishbot_cartographer
[0.745s] Invoking command in '/home/gy/ROS2_Coming/02carto/colcon_ws/build/fishbot_cartographer': CMAKE_PREFIX_PATH=/opt/ros/humble /usr/bin/cmake --build /home/gy/ROS2_Coming/02carto/colcon_ws/build/fishbot_cartographer -- -j12 -l12
[0.780s] Invoked command in '/home/gy/ROS2_Coming/02carto/colcon_ws/build/fishbot_cartographer' returned '0': CMAKE_PREFIX_PATH=/opt/ros/humble /usr/bin/cmake --build /home/gy/ROS2_Coming/02carto/colcon_ws/build/fishbot_cartographer -- -j12 -l12
[0.810s] Invoking command in '/home/gy/ROS2_Coming/02carto/colcon_ws/build/fishbot_cartographer': CMAKE_PREFIX_PATH=/opt/ros/humble /usr/bin/cmake --install /home/gy/ROS2_Coming/02carto/colcon_ws/build/fishbot_cartographer
[0.817s] -- Install configuration: ""
[0.817s] -- Installing: /home/gy/ROS2_Coming/02carto/colcon_ws/install/fishbot_cartographer/share/fishbot_cartographer/config
[0.817s] -- Installing: /home/gy/ROS2_Coming/02carto/colcon_ws/install/fishbot_cartographer/share/fishbot_cartographer/config/fishbot_2d.lua
[0.817s] -- Installing: /home/gy/ROS2_Coming/02carto/colcon_ws/install/fishbot_cartographer/share/fishbot_cartographer/launch
[0.817s] -- Installing: /home/gy/ROS2_Coming/02carto/colcon_ws/install/fishbot_cartographer/share/fishbot_cartographer/launch/cartographer.launch.py
[0.817s] -- Installing: /home/gy/ROS2_Coming/02carto/colcon_ws/install/fishbot_cartographer/share/fishbot_cartographer/rviz
[0.817s] -- Installing: /home/gy/ROS2_Coming/02carto/colcon_ws/install/fishbot_cartographer/share/ament_index/resource_index/package_run_dependencies/fishbot_cartographer
[0.817s] -- Installing: /home/gy/ROS2_Coming/02carto/colcon_ws/install/fishbot_cartographer/share/ament_index/resource_index/parent_prefix_path/fishbot_cartographer
[0.818s] -- Installing: /home/gy/ROS2_Coming/02carto/colcon_ws/install/fishbot_cartographer/share/fishbot_cartographer/environment/ament_prefix_path.sh
[0.818s] -- Installing: /home/gy/ROS2_Coming/02carto/colcon_ws/install/fishbot_cartographer/share/fishbot_cartographer/environment/ament_prefix_path.dsv
[0.818s] -- Installing: /home/gy/ROS2_Coming/02carto/colcon_ws/install/fishbot_cartographer/share/fishbot_cartographer/environment/path.sh
[0.818s] -- Installing: /home/gy/ROS2_Coming/02carto/colcon_ws/install/fishbot_cartographer/share/fishbot_cartographer/environment/path.dsv
[0.818s] -- Installing: /home/gy/ROS2_Coming/02carto/colcon_ws/install/fishbot_cartographer/share/fishbot_cartographer/local_setup.bash
[0.818s] -- Installing: /home/gy/ROS2_Coming/02carto/colcon_ws/install/fishbot_cartographer/share/fishbot_cartographer/local_setup.sh
[0.819s] -- Installing: /home/gy/ROS2_Coming/02carto/colcon_ws/install/fishbot_cartographer/share/fishbot_cartographer/local_setup.zsh
[0.819s] -- Installing: /home/gy/ROS2_Coming/02carto/colcon_ws/install/fishbot_cartographer/share/fishbot_cartographer/local_setup.dsv
[0.819s] -- Installing: /home/gy/ROS2_Coming/02carto/colcon_ws/install/fishbot_cartographer/share/fishbot_cartographer/package.dsv
[0.819s] -- Installing: /home/gy/ROS2_Coming/02carto/colcon_ws/install/fishbot_cartographer/share/ament_index/resource_index/packages/fishbot_cartographer
[0.819s] -- Installing: /home/gy/ROS2_Coming/02carto/colcon_ws/install/fishbot_cartographer/share/fishbot_cartographer/cmake/fishbot_cartographerConfig.cmake
[0.819s] -- Installing: /home/gy/ROS2_Coming/02carto/colcon_ws/install/fishbot_cartographer/share/fishbot_cartographer/cmake/fishbot_cartographerConfig-version.cmake
[0.819s] -- Installing: /home/gy/ROS2_Coming/02carto/colcon_ws/install/fishbot_cartographer/share/fishbot_cartographer/package.xml
[0.822s] Invoked command in '/home/gy/ROS2_Coming/02carto/colcon_ws/build/fishbot_cartographer' returned '0': CMAKE_PREFIX_PATH=/opt/ros/humble /usr/bin/cmake --install /home/gy/ROS2_Coming/02carto/colcon_ws/build/fishbot_cartographer
