[0.671s] Invoking command in '/home/gy/ROS2_Coming/01gazebo/colcon_ws/src/fishbot_description': PYTHONPATH=/home/gy/ROS2_Coming/01gazebo/colcon_ws/build/fishbot_description/prefix_override:/usr/lib/python3/dist-packages/colcon_core/task/python/colcon_distutils_commands:/home/gy/ROS2_Coming/01gazebo/colcon_ws/install/fishbot_description/lib/python3.10/site-packages:${PYTHONPATH} /usr/bin/python3 -W ignore:setup.py install is deprecated setup.py egg_info --egg-base ../../build/fishbot_description build --build-base /home/gy/ROS2_Coming/01gazebo/colcon_ws/build/fishbot_description/build install --record /home/gy/ROS2_Coming/01gazebo/colcon_ws/build/fishbot_description/install.log --single-version-externally-managed install_data
[0.885s] running egg_info
[0.886s] writing ../../build/fishbot_description/fishbot_description.egg-info/PKG-INFO
[0.886s] writing dependency_links to ../../build/fishbot_description/fishbot_description.egg-info/dependency_links.txt
[0.886s] writing entry points to ../../build/fishbot_description/fishbot_description.egg-info/entry_points.txt
[0.886s] writing requirements to ../../build/fishbot_description/fishbot_description.egg-info/requires.txt
[0.886s] writing top-level names to ../../build/fishbot_description/fishbot_description.egg-info/top_level.txt
[0.887s] reading manifest file '../../build/fishbot_description/fishbot_description.egg-info/SOURCES.txt'
[0.888s] writing manifest file '../../build/fishbot_description/fishbot_description.egg-info/SOURCES.txt'
[0.888s] running build
[0.888s] running build_py
[0.889s] running install
[0.889s] running install_lib
[0.890s] running install_data
[0.890s] copying launch/diaplay_gazebo.launch.py -> /home/gy/ROS2_Coming/01gazebo/colcon_ws/install/fishbot_description/share/fishbot_description/launch
[0.890s] running install_egg_info
[0.891s] removing '/home/gy/ROS2_Coming/01gazebo/colcon_ws/install/fishbot_description/lib/python3.10/site-packages/fishbot_description-0.0.0-py3.10.egg-info' (and everything under it)
[0.892s] Copying ../../build/fishbot_description/fishbot_description.egg-info to /home/gy/ROS2_Coming/01gazebo/colcon_ws/install/fishbot_description/lib/python3.10/site-packages/fishbot_description-0.0.0-py3.10.egg-info
[0.892s] running install_scripts
[0.911s] writing list of installed files to '/home/gy/ROS2_Coming/01gazebo/colcon_ws/build/fishbot_description/install.log'
[0.944s] Invoked command in '/home/gy/ROS2_Coming/01gazebo/colcon_ws/src/fishbot_description' returned '0': PYTHONPATH=/home/gy/ROS2_Coming/01gazebo/colcon_ws/build/fishbot_description/prefix_override:/usr/lib/python3/dist-packages/colcon_core/task/python/colcon_distutils_commands:/home/gy/ROS2_Coming/01gazebo/colcon_ws/install/fishbot_description/lib/python3.10/site-packages:${PYTHONPATH} /usr/bin/python3 -W ignore:setup.py install is deprecated setup.py egg_info --egg-base ../../build/fishbot_description build --build-base /home/gy/ROS2_Coming/01gazebo/colcon_ws/build/fishbot_description/build install --record /home/gy/ROS2_Coming/01gazebo/colcon_ws/build/fishbot_description/install.log --single-version-externally-managed install_data
