[0.016s] Invoking command in '/home/gy/changshu/B-ROS2-chapter1/colcon_ws/build/services1': CMAKE_PREFIX_PATH=/home/gy/changshu/B-ROS2-chapter1/colcon_ws/install/interfaces1:/home/gy/changshu/B-ROS2-chapter1/colcon_ws/install/topic1:/opt/ros/humble LD_LIBRARY_PATH=/home/gy/changshu/B-ROS2-chapter1/colcon_ws/install/interfaces1/lib:/opt/ros/humble/opt/rviz_ogre_vendor/lib:/opt/ros/humble/lib/x86_64-linux-gnu:/opt/ros/humble/lib:/usr/local/cuda-11.7/lib64:/usr/local/cuda-11.7/lib64 /usr/bin/cmake /home/gy/changshu/B-ROS2-chapter1/colcon_ws/src/services1 -DCMAKE_INSTALL_PREFIX=/home/gy/changshu/B-ROS2-chapter1/colcon_ws/install/services1
[0.036s] -- Found ament_cmake: 1.3.8 (/opt/ros/humble/share/ament_cmake/cmake)
[0.221s] -- Found rclcpp: 16.0.8 (/opt/ros/humble/share/rclcpp/cmake)
[0.267s] -- Found rosidl_generator_c: 3.1.5 (/opt/ros/humble/share/rosidl_generator_c/cmake)
[0.270s] -- Found rosidl_adapter: 3.1.5 (/opt/ros/humble/share/rosidl_adapter/cmake)
[0.278s] -- Found rosidl_generator_cpp: 3.1.5 (/opt/ros/humble/share/rosidl_generator_cpp/cmake)
[0.295s] -- Using all available rosidl_typesupport_c: rosidl_typesupport_fastrtps_c;rosidl_typesupport_introspection_c
[0.320s] -- Using all available rosidl_typesupport_cpp: rosidl_typesupport_fastrtps_cpp;rosidl_typesupport_introspection_cpp
[0.417s] -- Found rmw_implementation_cmake: 6.1.1 (/opt/ros/humble/share/rmw_implementation_cmake/cmake)
[0.419s] -- Found rmw_fastrtps_cpp: 6.2.6 (/opt/ros/humble/share/rmw_fastrtps_cpp/cmake)
[0.603s] -- Using RMW implementation 'rmw_fastrtps_cpp' as default
[0.849s] [31mCMake Error at CMakeLists.txt:12 (find_package):
[0.850s]   By not providing "Findexample_ros2_interfaces.cmake" in CMAKE_MODULE_PATH
[0.850s]   this project has asked CMake to find a package configuration file provided
[0.850s]   by "example_ros2_interfaces", but CMake did not find one.
[0.850s] 
[0.850s]   Could not find a package configuration file provided by
[0.850s]   "example_ros2_interfaces" with any of the following names:
[0.850s] 
[0.850s]     example_ros2_interfacesConfig.cmake
[0.850s]     example_ros2_interfaces-config.cmake
[0.850s] 
[0.850s]   Add the installation prefix of "example_ros2_interfaces" to
[0.850s]   CMAKE_PREFIX_PATH or set "example_ros2_interfaces_DIR" to a directory
[0.851s]   containing one of the above files.  If "example_ros2_interfaces" provides a
[0.851s]   separate development package or SDK, be sure it has been installed.
[0.851s] 
[0.851s] [0m
[0.851s] -- Configuring incomplete, errors occurred!
[0.851s] See also "/home/gy/changshu/B-ROS2-chapter1/colcon_ws/build/services1/CMakeFiles/CMakeOutput.log".
[0.862s] Invoked command in '/home/gy/changshu/B-ROS2-chapter1/colcon_ws/build/services1' returned '1': CMAKE_PREFIX_PATH=/home/gy/changshu/B-ROS2-chapter1/colcon_ws/install/interfaces1:/home/gy/changshu/B-ROS2-chapter1/colcon_ws/install/topic1:/opt/ros/humble LD_LIBRARY_PATH=/home/gy/changshu/B-ROS2-chapter1/colcon_ws/install/interfaces1/lib:/opt/ros/humble/opt/rviz_ogre_vendor/lib:/opt/ros/humble/lib/x86_64-linux-gnu:/opt/ros/humble/lib:/usr/local/cuda-11.7/lib64:/usr/local/cuda-11.7/lib64 /usr/bin/cmake /home/gy/changshu/B-ROS2-chapter1/colcon_ws/src/services1 -DCMAKE_INSTALL_PREFIX=/home/gy/changshu/B-ROS2-chapter1/colcon_ws/install/services1
