[0.010s] Invoking command in '/home/gy/ROS2_Coming/00ROS2/B-ROS2-lidar/colcon_ws/build/read_pcd': CMAKE_PREFIX_PATH=/opt/ros/humble /usr/bin/cmake /home/gy/ROS2_Coming/00ROS2/B-ROS2-lidar/colcon_ws/src/read_pcd -DCMAKE_INSTALL_PREFIX=/home/gy/ROS2_Coming/00ROS2/B-ROS2-lidar/colcon_ws/install/read_pcd
[0.114s] -- The C compiler identification is GNU 11.4.0
[0.211s] -- The CXX compiler identification is GNU 11.4.0
[0.224s] -- Detecting C compiler ABI info
[0.298s] -- Detecting C compiler ABI info - done
[0.305s] -- Check for working C compiler: /usr/bin/cc - skipped
[0.306s] -- Detecting C compile features
[0.306s] -- Detecting C compile features - done
[0.310s] -- Detecting CXX compiler ABI info
[0.392s] -- Detecting CXX compiler ABI info - done
[0.399s] -- Check for working CXX compiler: /usr/bin/c++ - skipped
[0.399s] -- Detecting CXX compile features
[0.399s] -- Detecting CXX compile features - done
[0.402s] -- Found ament_cmake: 1.3.10 (/opt/ros/humble/share/ament_cmake/cmake)
[0.542s] -- Found Python3: /usr/bin/python3 (found version "3.10.12") found components: Interpreter 
[0.635s] -- Found pcl_conversions: 2.4.5 (/opt/ros/humble/share/pcl_conversions/cmake)
[0.691s] -- Found rosidl_generator_c: 3.1.5 (/opt/ros/humble/share/rosidl_generator_c/cmake)
[0.697s] -- Found rosidl_adapter: 3.1.5 (/opt/ros/humble/share/rosidl_adapter/cmake)
[0.708s] -- Found rosidl_generator_cpp: 3.1.5 (/opt/ros/humble/share/rosidl_generator_cpp/cmake)
[0.723s] -- Using all available rosidl_typesupport_c: rosidl_typesupport_fastrtps_c;rosidl_typesupport_introspection_c
[0.742s] -- Using all available rosidl_typesupport_cpp: rosidl_typesupport_fastrtps_cpp;rosidl_typesupport_introspection_cpp
[0.802s] -- Found rmw_implementation_cmake: 6.1.2 (/opt/ros/humble/share/rmw_implementation_cmake/cmake)
[0.805s] -- Found rmw_fastrtps_cpp: 6.2.7 (/opt/ros/humble/share/rmw_fastrtps_cpp/cmake)
[0.889s] -- Found OpenSSL: /usr/lib/x86_64-linux-gnu/libcrypto.so (found version "3.0.2")  
[0.913s] -- Found FastRTPS: /opt/ros/humble/include  
[0.949s] -- Using RMW implementation 'rmw_fastrtps_cpp' as default
[0.958s] -- Looking for pthread.h
[1.030s] -- Looking for pthread.h - found
[1.030s] -- Performing Test CMAKE_HAVE_LIBC_PTHREAD
[1.099s] -- Performing Test CMAKE_HAVE_LIBC_PTHREAD - Success
[1.100s] -- Found Threads: TRUE  
[1.234s] -- Checking for module 'eigen3'
[1.247s] --   Found eigen3, version 3.4.0
[1.276s] -- Found Eigen: /usr/include/eigen3 (Required is at least version "3.1") 
[1.276s] -- Eigen found (include: /usr/include/eigen3, version: 3.4.0)
[1.312s] -- Checking for module 'flann'
[1.324s] --   Found flann, version 1.9.1
[1.365s] -- Found FLANN: /usr/lib/x86_64-linux-gnu/libflann_cpp.so  
[1.365s] -- FLANN found (include: /usr/include, lib: /usr/lib/x86_64-linux-gnu/libflann_cpp.so)
[2.352s] -- Checking for module 'libusb-1.0'
[2.366s] --   Found libusb-1.0, version 1.0.25
[2.397s] -- Found libusb: /usr/lib/x86_64-linux-gnu/libusb-1.0.so  
[2.399s] -- OpenNI found (version: 1.5.4.0, include: /usr/include/ni, lib: /usr/lib/libOpenNI.so;libusb::libusb)
[2.453s] -- OpenNI2 found (version: 2.2.0.33, include: /usr/include/openni2, lib: /usr/lib/x86_64-linux-gnu/libOpenNI2.so;libusb::libusb)
[2.596s] -- Eigen found (include: /usr/include/eigen3, version: 3.4.0)
[2.602s] -- OpenNI found (version: 1.5.4.0, include: /usr/include/ni, lib: /usr/lib/libOpenNI.so;libusb::libusb)
[2.608s] -- OpenNI2 found (version: 2.2.0.33, include: /usr/include/openni2, lib: /usr/lib/x86_64-linux-gnu/libOpenNI2.so;libusb::libusb)
[2.752s] -- Found Qhull version 8.0.2
[2.890s] -- OpenNI found (version: 1.5.4.0, include: /usr/include/ni, lib: /usr/lib/libOpenNI.so;libusb::libusb)
[3.022s] -- Found PCL_COMMON: /usr/lib/x86_64-linux-gnu/libpcl_common.so  
[3.023s] -- Found PCL_KDTREE: /usr/lib/x86_64-linux-gnu/libpcl_kdtree.so  
[3.024s] -- Found PCL_OCTREE: /usr/lib/x86_64-linux-gnu/libpcl_octree.so  
[3.024s] -- Found PCL_SEARCH: /usr/lib/x86_64-linux-gnu/libpcl_search.so  
[3.025s] -- Found PCL_SAMPLE_CONSENSUS: /usr/lib/x86_64-linux-gnu/libpcl_sample_consensus.so  
[3.026s] -- Found PCL_FILTERS: /usr/lib/x86_64-linux-gnu/libpcl_filters.so  
[3.026s] -- Found PCL_2D: /usr/include/pcl-1.12  
[3.027s] -- Found PCL_GEOMETRY: /usr/include/pcl-1.12  
[3.028s] -- Found PCL_IO: /usr/lib/x86_64-linux-gnu/libpcl_io.so  
[3.028s] -- Found PCL_FEATURES: /usr/lib/x86_64-linux-gnu/libpcl_features.so  
[3.029s] -- Found PCL_ML: /usr/lib/x86_64-linux-gnu/libpcl_ml.so  
[3.030s] -- Found PCL_SEGMENTATION: /usr/lib/x86_64-linux-gnu/libpcl_segmentation.so  
[3.031s] -- Found PCL_VISUALIZATION: /usr/lib/x86_64-linux-gnu/libpcl_visualization.so  
[3.032s] -- Found PCL_SURFACE: /usr/lib/x86_64-linux-gnu/libpcl_surface.so  
[3.033s] -- Found PCL_REGISTRATION: /usr/lib/x86_64-linux-gnu/libpcl_registration.so  
[3.034s] -- Found PCL_KEYPOINTS: /usr/lib/x86_64-linux-gnu/libpcl_keypoints.so  
[3.035s] -- Found PCL_TRACKING: /usr/lib/x86_64-linux-gnu/libpcl_tracking.so  
[3.036s] -- Found PCL_RECOGNITION: /usr/lib/x86_64-linux-gnu/libpcl_recognition.so  
[3.037s] -- Found PCL_STEREO: /usr/lib/x86_64-linux-gnu/libpcl_stereo.so  
[3.038s] -- Found PCL_APPS: /usr/lib/x86_64-linux-gnu/libpcl_apps.so  
[3.039s] -- Found PCL_IN_HAND_SCANNER: /usr/include/pcl-1.12  
[3.039s] -- Found PCL_MODELER: /usr/include/pcl-1.12  
[3.040s] -- Found PCL_POINT_CLOUD_EDITOR: /usr/include/pcl-1.12  
[3.040s] -- Found PCL_OUTOFCORE: /usr/lib/x86_64-linux-gnu/libpcl_outofcore.so  
[3.041s] -- Found PCL_PEOPLE: /usr/lib/x86_64-linux-gnu/libpcl_people.so  
[3.051s] [31mCMake Error at CMakeLists.txt:11 (find_package):
[3.051s]   By not providing "Findpcl_ros.cmake" in CMAKE_MODULE_PATH this project has
[3.051s]   asked CMake to find a package configuration file provided by "pcl_ros", but
[3.051s]   CMake did not find one.
[3.051s] 
[3.051s]   Could not find a package configuration file provided by "pcl_ros" with any
[3.052s]   of the following names:
[3.052s] 
[3.052s]     pcl_rosConfig.cmake
[3.052s]     pcl_ros-config.cmake
[3.052s] 
[3.052s]   Add the installation prefix of "pcl_ros" to CMAKE_PREFIX_PATH or set
[3.052s]   "pcl_ros_DIR" to a directory containing one of the above files.  If
[3.052s]   "pcl_ros" provides a separate development package or SDK, be sure it has
[3.052s]   been installed.
[3.052s] 
[3.052s] [0m
[3.053s] -- Configuring incomplete, errors occurred!
[3.053s] See also "/home/gy/ROS2_Coming/00ROS2/B-ROS2-lidar/colcon_ws/build/read_pcd/CMakeFiles/CMakeOutput.log".
[3.068s] Invoked command in '/home/gy/ROS2_Coming/00ROS2/B-ROS2-lidar/colcon_ws/build/read_pcd' returned '1': CMAKE_PREFIX_PATH=/opt/ros/humble /usr/bin/cmake /home/gy/ROS2_Coming/00ROS2/B-ROS2-lidar/colcon_ws/src/read_pcd -DCMAKE_INSTALL_PREFIX=/home/gy/ROS2_Coming/00ROS2/B-ROS2-lidar/colcon_ws/install/read_pcd
